<?xml version="1.0" encoding="UTF-8"?>
<coverage generated="1754393993854" clover="3.2.0">
  <project timestamp="1754393993854" name="All files">
    <metrics statements="230" coveredstatements="220" conditionals="80" coveredconditionals="74" methods="40" coveredmethods="40" elements="350" coveredelements="334" complexity="0" loc="230" ncloc="230" packages="1" files="1" classes="1"/>
    <file name="PythonDecoderAnalyzer.ts" path="/home/share/samba/vscode-extension/pico-logicanalyzer/src/tools/PythonDecoderAnalyzer.ts">
      <metrics statements="230" coveredstatements="220" conditionals="80" coveredconditionals="74" methods="40" coveredmethods="40"/>
      <line num="94" count="1" type="stmt"/>
      <line num="95" count="36" type="stmt"/>
      <line num="96" count="36" type="stmt"/>
      <line num="99" count="36" type="stmt"/>
      <line num="106" count="36" type="stmt"/>
      <line num="107" count="36" type="stmt"/>
      <line num="108" count="36" type="stmt"/>
      <line num="109" count="36" type="stmt"/>
      <line num="110" count="36" type="stmt"/>
      <line num="111" count="36" type="stmt"/>
      <line num="112" count="36" type="stmt"/>
      <line num="113" count="36" type="stmt"/>
      <line num="120" count="42" type="stmt"/>
      <line num="123" count="42" type="stmt"/>
      <line num="126" count="41" type="stmt"/>
      <line num="129" count="41" type="stmt"/>
      <line num="132" count="41" type="stmt"/>
      <line num="134" count="41" type="stmt"/>
      <line num="143" count="41" type="stmt"/>
      <line num="144" count="41" type="stmt"/>
      <line num="151" count="42" type="stmt"/>
      <line num="152" count="41" type="stmt"/>
      <line num="159" count="41" type="stmt"/>
      <line num="160" count="41" type="stmt"/>
      <line num="161" count="41" type="stmt"/>
      <line num="162" count="41" type="stmt"/>
      <line num="163" count="41" type="stmt"/>
      <line num="165" count="41" type="stmt"/>
      <line num="166" count="1138" type="stmt"/>
      <line num="167" count="1138" type="stmt"/>
      <line num="170" count="1138" type="stmt"/>
      <line num="171" count="1138" type="cond" truecount="3" falsecount="0"/>
      <line num="172" count="14" type="stmt"/>
      <line num="173" count="14" type="stmt"/>
      <line num="177" count="1124" type="stmt"/>
      <line num="178" count="1124" type="cond" truecount="1" falsecount="0"/>
      <line num="179" count="115" type="stmt"/>
      <line num="180" count="115" type="stmt"/>
      <line num="181" count="115" type="stmt"/>
      <line num="184" count="115" type="cond" truecount="1" falsecount="0"/>
      <line num="185" count="113" type="stmt"/>
      <line num="186" count="113" type="cond" truecount="1" falsecount="0"/>
      <line num="187" count="6" type="stmt"/>
      <line num="190" count="115" type="stmt"/>
      <line num="193" count="1009" type="cond" truecount="1" falsecount="0"/>
      <line num="196" count="961" type="stmt"/>
      <line num="197" count="961" type="cond" truecount="1" falsecount="0"/>
      <line num="199" count="136" type="cond" truecount="1" falsecount="0"/>
      <line num="200" count="104" type="stmt"/>
      <line num="204" count="136" type="stmt"/>
      <line num="206" count="175" type="cond" truecount="1" falsecount="1"/>
      <line num="213" count="136" type="stmt"/>
      <line num="214" count="136" type="stmt"/>
      <line num="215" count="136" type="stmt"/>
      <line num="216" count="136" type="stmt"/>
      <line num="220" count="825" type="cond" truecount="3" falsecount="0"/>
      <line num="221" count="583" type="stmt"/>
      <line num="222" count="583" type="cond" truecount="3" falsecount="1"/>
      <line num="223" count="583" type="stmt"/>
      <line num="226" count="0" type="stmt"/>
      <line num="227" count="0" type="stmt"/>
      <line num="228" count="0" type="stmt"/>
      <line num="229" count="0" type="stmt"/>
      <line num="234" count="825" type="cond" truecount="3" falsecount="0"/>
      <line num="235" count="242" type="stmt"/>
      <line num="236" count="242" type="cond" truecount="0" falsecount="1"/>
      <line num="237" count="0" type="stmt"/>
      <line num="243" count="41" type="cond" truecount="1" falsecount="0"/>
      <line num="244" count="32" type="stmt"/>
      <line num="247" count="41" type="stmt"/>
      <line num="258" count="136" type="stmt"/>
      <line num="259" count="136" type="cond" truecount="2" falsecount="0"/>
      <line num="260" count="136" type="cond" truecount="2" falsecount="0"/>
      <line num="262" count="136" type="stmt"/>
      <line num="275" count="136" type="stmt"/>
      <line num="282" count="136" type="stmt"/>
      <line num="283" count="136" type="stmt"/>
      <line num="288" count="136" type="stmt"/>
      <line num="290" count="272" type="stmt"/>
      <line num="291" count="410" type="stmt"/>
      <line num="292" count="410" type="cond" truecount="3" falsecount="0"/>
      <line num="294" count="16" type="stmt"/>
      <line num="299" count="136" type="stmt"/>
      <line num="307" count="41" type="stmt"/>
      <line num="310" count="41" type="cond" truecount="2" falsecount="0"/>
      <line num="314" count="41" type="stmt"/>
      <line num="317" count="41" type="stmt"/>
      <line num="320" count="41" type="stmt"/>
      <line num="322" count="41" type="stmt"/>
      <line num="336" count="41" type="stmt"/>
      <line num="339" count="127" type="stmt"/>
      <line num="340" count="41" type="cond" truecount="1" falsecount="0"/>
      <line num="342" count="25" type="stmt"/>
      <line num="343" count="35" type="cond" truecount="3" falsecount="0"/>
      <line num="344" count="10" type="stmt"/>
      <line num="354" count="41" type="cond" truecount="1" falsecount="0"/>
      <line num="355" count="38" type="stmt"/>
      <line num="361" count="41" type="stmt"/>
      <line num="368" count="41" type="stmt"/>
      <line num="371" count="95" type="stmt"/>
      <line num="372" count="41" type="cond" truecount="1" falsecount="0"/>
      <line num="374" count="12" type="stmt"/>
      <line num="375" count="35" type="stmt"/>
      <line num="376" count="24" type="cond" truecount="3" falsecount="0"/>
      <line num="377" count="11" type="stmt"/>
      <line num="378" count="11" type="stmt"/>
      <line num="380" count="11" type="cond" truecount="4" falsecount="0"/>
      <line num="381" count="1" type="stmt"/>
      <line num="382" count="1" type="stmt"/>
      <line num="383" count="10" type="cond" truecount="2" falsecount="0"/>
      <line num="384" count="7" type="stmt"/>
      <line num="385" count="7" type="stmt"/>
      <line num="386" count="3" type="cond" truecount="0" falsecount="1"/>
      <line num="387" count="0" type="stmt"/>
      <line num="388" count="0" type="stmt"/>
      <line num="391" count="11" type="stmt"/>
      <line num="393" count="14" type="stmt"/>
      <line num="402" count="41" type="stmt"/>
      <line num="409" count="41" type="stmt"/>
      <line num="410" count="41" type="stmt"/>
      <line num="413" count="41" type="stmt"/>
      <line num="414" count="31" type="stmt"/>
      <line num="415" count="31" type="cond" truecount="6" falsecount="0"/>
      <line num="416" count="1" type="stmt"/>
      <line num="417" count="25" type="stmt"/>
      <line num="418" count="2" type="stmt"/>
      <line num="419" count="1" type="stmt"/>
      <line num="420" count="1" type="stmt"/>
      <line num="421" count="1" type="stmt"/>
      <line num="425" count="41" type="stmt"/>
      <line num="432" count="41" type="stmt"/>
      <line num="433" count="41" type="stmt"/>
      <line num="436" count="41" type="stmt"/>
      <line num="437" count="41" type="cond" truecount="2" falsecount="0"/>
      <line num="438" count="6" type="stmt"/>
      <line num="439" count="6" type="stmt"/>
      <line num="440" count="35" type="cond" truecount="2" falsecount="0"/>
      <line num="441" count="2" type="stmt"/>
      <line num="442" count="2" type="stmt"/>
      <line num="444" count="33" type="stmt"/>
      <line num="445" count="33" type="stmt"/>
      <line num="449" count="136" type="stmt"/>
      <line num="450" count="136" type="stmt"/>
      <line num="452" count="41" type="cond" truecount="4" falsecount="0"/>
      <line num="453" count="6" type="stmt"/>
      <line num="454" count="6" type="stmt"/>
      <line num="455" count="35" type="cond" truecount="3" falsecount="1"/>
      <line num="456" count="0" type="stmt"/>
      <line num="457" count="0" type="stmt"/>
      <line num="459" count="35" type="stmt"/>
      <line num="460" count="35" type="stmt"/>
      <line num="464" count="41" type="stmt"/>
      <line num="465" count="41" type="cond" truecount="2" falsecount="0"/>
      <line num="466" count="1" type="stmt"/>
      <line num="467" count="1" type="stmt"/>
      <line num="468" count="40" type="cond" truecount="1" falsecount="0"/>
      <line num="469" count="1" type="stmt"/>
      <line num="470" count="1" type="stmt"/>
      <line num="474" count="41" type="stmt"/>
      <line num="475" count="14" type="cond" truecount="2" falsecount="0"/>
      <line num="477" count="41" type="cond" truecount="1" falsecount="0"/>
      <line num="478" count="9" type="stmt"/>
      <line num="479" count="9" type="stmt"/>
      <line num="484" count="41" type="cond" truecount="2" falsecount="0"/>
      <line num="485" count="34" type="stmt"/>
      <line num="486" count="7" type="cond" truecount="1" falsecount="1"/>
      <line num="487" count="7" type="stmt"/>
      <line num="489" count="0" type="stmt"/>
      <line num="492" count="41" type="stmt"/>
      <line num="502" count="41" type="stmt"/>
      <line num="503" count="41" type="stmt"/>
      <line num="506" count="41" type="stmt"/>
      <line num="513" count="41" type="stmt"/>
      <line num="521" count="41" type="stmt"/>
      <line num="529" count="136" type="stmt"/>
      <line num="530" count="39" type="stmt"/>
      <line num="539" count="136" type="stmt"/>
      <line num="540" count="41" type="cond" truecount="1" falsecount="0"/>
      <line num="541" count="15" type="stmt"/>
      <line num="550" count="41" type="stmt"/>
      <line num="557" count="41" type="stmt"/>
      <line num="564" count="41" type="stmt"/>
      <line num="571" count="41" type="stmt"/>
      <line num="572" count="41" type="stmt"/>
      <line num="579" count="5" type="stmt"/>
      <line num="582" count="5" type="stmt"/>
      <line num="583" count="5" type="stmt"/>
      <line num="584" count="8" type="stmt"/>
      <line num="585" count="8" type="stmt"/>
      <line num="586" count="8" type="stmt"/>
      <line num="589" count="5" type="stmt"/>
      <line num="590" count="8" type="stmt"/>
      <line num="591" count="8" type="stmt"/>
      <line num="592" count="8" type="stmt"/>
      <line num="595" count="5" type="stmt"/>
      <line num="596" count="15" type="cond" truecount="1" falsecount="0"/>
      <line num="598" count="8" type="stmt"/>
      <line num="599" count="8" type="stmt"/>
      <line num="600" count="8" type="stmt"/>
      <line num="601" count="8" type="stmt"/>
      <line num="602" count="8" type="stmt"/>
      <line num="603" count="8" type="stmt"/>
      <line num="604" count="8" type="stmt"/>
      <line num="605" count="8" type="stmt"/>
      <line num="606" count="8" type="stmt"/>
      <line num="607" count="8" type="stmt"/>
      <line num="608" count="8" type="stmt"/>
      <line num="609" count="52" type="stmt"/>
      <line num="614" count="5" type="stmt"/>
      <line num="615" count="5" type="stmt"/>
      <line num="616" count="5" type="stmt"/>
      <line num="617" count="5" type="stmt"/>
      <line num="618" count="5" type="stmt"/>
      <line num="621" count="52" type="stmt"/>
      <line num="622" count="8" type="stmt"/>
      <line num="623" count="5" type="stmt"/>
      <line num="625" count="5" type="stmt"/>
      <line num="626" count="5" type="stmt"/>
      <line num="627" count="5" type="stmt"/>
      <line num="628" count="5" type="stmt"/>
      <line num="630" count="5" type="stmt"/>
      <line num="637" count="4" type="stmt"/>
      <line num="639" count="4" type="stmt"/>
      <line num="641" count="4" type="stmt"/>
      <line num="642" count="6" type="stmt"/>
      <line num="643" count="6" type="stmt"/>
      <line num="644" count="5" type="stmt"/>
      <line num="646" count="1" type="stmt"/>
      <line num="650" count="4" type="stmt"/>
      <line num="651" count="4" type="stmt"/>
    </file>
  </project>
</coverage>
