TN:
SF:src/webview/engines/InteractionEngine.ts
FN:51,(anonymous_0)
FN:82,(anonymous_1)
FN:100,(anonymous_2)
FN:106,(anonymous_3)
FN:138,(anonymous_4)
FN:164,(anonymous_5)
FN:178,(anonymous_6)
FN:200,(anonymous_7)
FN:208,(anonymous_8)
FN:243,(anonymous_9)
FN:261,(anonymous_10)
FN:280,(anonymous_11)
FN:287,(anonymous_12)
FN:302,(anonymous_13)
FN:317,(anonymous_14)
FN:334,(anonymous_15)
FN:352,(anonymous_16)
FN:366,(anonymous_17)
FN:396,(anonymous_18)
FN:414,(anonymous_19)
FN:425,(anonymous_20)
FN:432,(anonymous_21)
FN:439,(anonymous_22)
FN:450,(anonymous_23)
FN:460,(anonymous_24)
FN:473,(anonymous_25)
FN:482,(anonymous_26)
FN:489,(anonymous_27)
FN:496,(anonymous_28)
FN:504,(anonymous_29)
FN:511,(anonymous_30)
FN:524,(anonymous_31)
FN:537,(anonymous_32)
FNF:33
FNH:33
FNDA:59,(anonymous_0)
FNDA:59,(anonymous_1)
FNDA:1,(anonymous_2)
FNDA:12,(anonymous_3)
FNDA:4,(anonymous_4)
FNDA:3,(anonymous_5)
FNDA:6,(anonymous_6)
FNDA:1,(anonymous_7)
FNDA:9,(anonymous_8)
FNDA:3,(anonymous_9)
FNDA:1,(anonymous_10)
FNDA:2,(anonymous_11)
FNDA:8,(anonymous_12)
FNDA:1,(anonymous_13)
FNDA:2,(anonymous_14)
FNDA:9,(anonymous_15)
FNDA:18,(anonymous_16)
FNDA:22,(anonymous_17)
FNDA:4,(anonymous_18)
FNDA:37,(anonymous_19)
FNDA:14,(anonymous_20)
FNDA:4,(anonymous_21)
FNDA:2,(anonymous_22)
FNDA:1009,(anonymous_23)
FNDA:4,(anonymous_24)
FNDA:45,(anonymous_25)
FNDA:1006,(anonymous_26)
FNDA:36,(anonymous_27)
FNDA:3,(anonymous_28)
FNDA:1,(anonymous_29)
FNDA:7,(anonymous_30)
FNDA:1,(anonymous_31)
FNDA:56,(anonymous_32)
DA:31,1
DA:37,59
DA:38,59
DA:39,59
DA:40,59
DA:41,59
DA:42,59
DA:45,59
DA:48,59
DA:49,59
DA:52,59
DA:55,59
DA:67,59
DA:76,59
DA:84,59
DA:85,59
DA:86,59
DA:87,59
DA:88,59
DA:91,59
DA:92,59
DA:95,59
DA:96,59
DA:97,59
DA:100,59
DA:107,12
DA:108,12
DA:109,12
DA:111,12
DA:112,12
DA:113,12
DA:114,12
DA:116,12
DA:117,12
DA:119,8
DA:120,8
DA:124,4
DA:125,4
DA:126,4
DA:132,12
DA:139,4
DA:140,4
DA:141,4
DA:143,4
DA:144,4
DA:146,4
DA:148,1
DA:149,3
DA:151,1
DA:154,2
DA:157,4
DA:158,4
DA:165,3
DA:166,1
DA:167,1
DA:170,3
DA:171,2
DA:179,6
DA:181,5
DA:183,5
DA:184,5
DA:187,5
DA:190,5
DA:194,5
DA:202,1
DA:209,9
DA:211,1
DA:212,1
DA:214,1
DA:215,1
DA:218,3
DA:219,2
DA:220,2
DA:222,3
DA:225,2
DA:226,2
DA:227,2
DA:229,2
DA:232,2
DA:233,2
DA:234,2
DA:236,2
DA:244,3
DA:246,3
DA:248,2
DA:249,2
DA:250,2
DA:252,2
DA:253,2
DA:254,2
DA:262,1
DA:264,1
DA:266,1
DA:267,1
DA:268,1
DA:270,1
DA:271,1
DA:273,1
DA:281,2
DA:288,8
DA:289,8
DA:290,8
DA:292,8
DA:303,1
DA:305,1
DA:307,1
DA:318,2
DA:320,2
DA:322,2
DA:323,2
DA:335,9
DA:337,9
DA:338,9
DA:339,9
DA:341,9
DA:343,9
DA:353,18
DA:356,18
DA:357,4
DA:360,14
DA:367,22
DA:370,22
DA:371,2
DA:374,20
DA:375,20
DA:376,20
DA:379,20
DA:380,20
DA:381,20
DA:382,20
DA:384,20
DA:386,20
DA:397,4
DA:398,4
DA:399,4
DA:400,4
DA:402,4
DA:404,4
DA:415,37
DA:416,37
DA:418,37
DA:419,37
DA:426,14
DA:433,4
DA:440,2
DA:441,1
DA:443,1
DA:451,1009
DA:452,9
DA:454,1009
DA:461,4
DA:462,4
DA:463,3
DA:464,3
DA:465,2
DA:474,45
DA:475,45
DA:476,7
DA:482,1006
DA:490,36
DA:497,3
DA:498,3
DA:505,1
DA:512,7
DA:513,3
DA:518,4
DA:525,1
DA:526,1
DA:527,1
DA:529,1
DA:539,56
DA:540,56
DA:541,56
DA:542,56
DA:543,56
DA:544,56
DA:545,56
DA:546,56
DA:547,56
DA:550,56
DA:553,56
DA:554,56
DA:555,56
DA:556,56
LF:184
LH:184
BRDA:116,0,0,12
BRDA:117,1,0,8
BRDA:117,1,1,4
BRDA:117,2,0,12
BRDA:117,2,1,4
BRDA:119,3,0,8
BRDA:124,4,0,4
BRDA:146,5,0,1
BRDA:146,5,1,3
BRDA:149,6,0,1
BRDA:149,6,1,2
BRDA:165,7,0,1
BRDA:170,8,0,2
BRDA:179,9,0,1
BRDA:190,10,0,4
BRDA:190,10,1,1
BRDA:209,11,0,1
BRDA:209,11,1,1
BRDA:209,11,2,2
BRDA:209,11,3,3
BRDA:209,11,4,1
BRDA:209,11,5,2
BRDA:209,11,6,1
BRDA:209,11,7,2
BRDA:218,12,0,2
BRDA:218,13,0,3
BRDA:218,13,1,1
BRDA:225,14,0,2
BRDA:225,15,0,2
BRDA:225,15,1,0
BRDA:232,16,0,2
BRDA:232,17,0,2
BRDA:232,17,1,0
BRDA:246,18,0,2
BRDA:264,19,0,1
BRDA:264,20,0,1
BRDA:264,20,1,1
BRDA:303,21,0,0
BRDA:303,22,0,1
BRDA:303,22,1,1
BRDA:318,23,0,0
BRDA:322,24,0,2
BRDA:322,25,0,2
BRDA:322,25,1,2
BRDA:356,26,0,4
BRDA:356,27,0,18
BRDA:356,27,1,16
BRDA:370,28,0,2
BRDA:370,29,0,22
BRDA:370,29,1,21
BRDA:440,30,0,1
BRDA:440,30,1,1
BRDA:440,31,0,2
BRDA:440,31,1,1
BRDA:451,32,0,9
BRDA:462,33,0,3
BRDA:464,34,0,2
BRDA:475,35,0,7
BRDA:512,36,0,3
BRDA:512,37,0,7
BRDA:512,37,1,3
BRF:61
BRH:57
end_of_record
