<?xml version="1.0" encoding="UTF-8"?>
<coverage generated="1754220731470" clover="3.2.0">
  <project timestamp="1754220731470" name="All files">
    <metrics statements="209" coveredstatements="208" conditionals="97" coveredconditionals="85" methods="45" coveredmethods="44" elements="351" coveredelements="337" complexity="0" loc="209" ncloc="209" packages="1" files="1" classes="1"/>
    <file name="SessionManager.ts" path="/home/share/samba/vscode-extension/pico-logicanalyzer/src/services/SessionManager.ts">
      <metrics statements="209" coveredstatements="208" conditionals="97" coveredconditionals="85" methods="45" coveredmethods="44"/>
      <line num="11" count="3" type="stmt"/>
      <line num="12" count="3" type="stmt"/>
      <line num="13" count="3" type="stmt"/>
      <line num="14" count="3" type="stmt"/>
      <line num="109" count="3" type="stmt"/>
      <line num="110" count="97" type="stmt"/>
      <line num="111" count="97" type="stmt"/>
      <line num="112" count="97" type="stmt"/>
      <line num="117" count="97" type="stmt"/>
      <line num="120" count="97" type="stmt"/>
      <line num="122" count="97" type="stmt"/>
      <line num="131" count="97" type="cond" truecount="1" falsecount="0"/>
      <line num="132" count="6" type="stmt"/>
      <line num="142" count="1" type="stmt"/>
      <line num="154" count="4" type="cond" truecount="1" falsecount="0"/>
      <line num="155" count="1" type="stmt"/>
      <line num="156" count="1" type="stmt"/>
      <line num="160" count="4" type="cond" truecount="3" falsecount="0"/>
      <line num="161" count="2" type="stmt"/>
      <line num="162" count="2" type="stmt"/>
      <line num="164" count="1" type="cond" truecount="0" falsecount="1"/>
      <line num="165" count="0" type="stmt"/>
      <line num="171" count="4" type="stmt"/>
      <line num="172" count="4" type="stmt"/>
      <line num="183" count="5" type="stmt"/>
      <line num="185" count="5" type="stmt"/>
      <line num="204" count="5" type="stmt"/>
      <line num="205" count="5" type="stmt"/>
      <line num="207" count="5" type="stmt"/>
      <line num="216" count="2" type="cond" truecount="1" falsecount="0"/>
      <line num="217" count="1" type="stmt"/>
      <line num="221" count="1" type="cond" truecount="3" falsecount="0"/>
      <line num="222" count="1" type="stmt"/>
      <line num="226" count="1" type="stmt"/>
      <line num="243" count="1" type="stmt"/>
      <line num="250" count="2" type="stmt"/>
      <line num="260" count="1" type="stmt"/>
      <line num="274" count="1" type="stmt"/>
      <line num="277" count="1" type="stmt"/>
      <line num="279" count="1" type="stmt"/>
      <line num="289" count="2" type="cond" truecount="1" falsecount="0"/>
      <line num="291" count="1" type="stmt"/>
      <line num="296" count="1" type="stmt"/>
      <line num="306" count="2" type="cond" truecount="2" falsecount="0"/>
      <line num="317" count="18" type="stmt"/>
      <line num="319" count="18" type="cond" truecount="1" falsecount="0"/>
      <line num="320" count="2" type="stmt"/>
      <line num="328" count="2" type="cond" truecount="1" falsecount="0"/>
      <line num="329" count="1" type="stmt"/>
      <line num="332" count="1" type="stmt"/>
      <line num="336" count="17" type="stmt"/>
      <line num="358" count="17" type="stmt"/>
      <line num="359" count="17" type="stmt"/>
      <line num="362" count="17" type="cond" truecount="3" falsecount="0"/>
      <line num="363" count="13" type="stmt"/>
      <line num="367" count="17" type="stmt"/>
      <line num="370" count="17" type="stmt"/>
      <line num="373" count="14" type="stmt"/>
      <line num="374" count="14" type="stmt"/>
      <line num="377" count="14" type="stmt"/>
      <line num="379" count="14" type="stmt"/>
      <line num="386" count="3" type="stmt"/>
      <line num="398" count="19" type="stmt"/>
      <line num="400" count="19" type="cond" truecount="1" falsecount="0"/>
      <line num="401" count="2" type="stmt"/>
      <line num="409" count="2" type="cond" truecount="3" falsecount="0"/>
      <line num="410" count="1" type="stmt"/>
      <line num="413" count="1" type="stmt"/>
      <line num="417" count="18" type="cond" truecount="1" falsecount="0"/>
      <line num="418" count="1" type="stmt"/>
      <line num="422" count="17" type="stmt"/>
      <line num="425" count="16" type="stmt"/>
      <line num="428" count="14" type="stmt"/>
      <line num="429" count="14" type="cond" truecount="1" falsecount="0"/>
      <line num="430" count="2" type="stmt"/>
      <line num="434" count="12" type="stmt"/>
      <line num="435" count="12" type="stmt"/>
      <line num="438" count="12" type="stmt"/>
      <line num="440" count="12" type="stmt"/>
      <line num="447" count="3" type="stmt"/>
      <line num="458" count="5" type="cond" truecount="3" falsecount="0"/>
      <line num="459" count="1" type="stmt"/>
      <line num="462" count="4" type="stmt"/>
      <line num="463" count="4" type="stmt"/>
      <line num="464" count="4" type="cond" truecount="1" falsecount="0"/>
      <line num="465" count="1" type="stmt"/>
      <line num="468" count="3" type="stmt"/>
      <line num="469" count="3" type="stmt"/>
      <line num="471" count="2" type="stmt"/>
      <line num="474" count="2" type="stmt"/>
      <line num="477" count="1" type="stmt"/>
      <line num="488" count="3" type="stmt"/>
      <line num="489" count="3" type="stmt"/>
      <line num="490" count="3" type="cond" truecount="1" falsecount="1"/>
      <line num="492" count="2" type="stmt"/>
      <line num="493" count="2" type="stmt"/>
      <line num="494" count="2" type="cond" truecount="1" falsecount="0"/>
      <line num="495" count="2" type="stmt"/>
      <line num="496" count="2" type="stmt"/>
      <line num="497" count="2" type="stmt"/>
      <line num="508" count="2" type="stmt"/>
      <line num="511" count="1" type="stmt"/>
      <line num="512" count="1" type="stmt"/>
      <line num="523" count="1" type="stmt"/>
      <line num="525" count="1" type="stmt"/>
      <line num="538" count="2" type="stmt"/>
      <line num="543" count="2" type="stmt"/>
      <line num="558" count="1" type="stmt"/>
      <line num="559" count="1" type="stmt"/>
      <line num="561" count="1" type="stmt"/>
      <line num="568" count="2" type="cond" truecount="1" falsecount="0"/>
      <line num="569" count="1" type="stmt"/>
      <line num="572" count="1" type="stmt"/>
      <line num="578" count="1" type="stmt"/>
      <line num="585" count="12" type="stmt"/>
      <line num="592" count="12" type="stmt"/>
      <line num="599" count="6" type="stmt"/>
      <line num="606" count="1" type="stmt"/>
      <line num="613" count="6" type="stmt"/>
      <line num="614" count="6" type="stmt"/>
      <line num="615" count="6" type="cond" truecount="1" falsecount="0"/>
      <line num="617" count="5" type="stmt"/>
      <line num="619" count="5" type="cond" truecount="1" falsecount="0"/>
      <line num="620" count="1" type="stmt"/>
      <line num="623" count="4" type="stmt"/>
      <line num="624" count="3" type="stmt"/>
      <line num="625" count="8" type="stmt"/>
      <line num="626" count="4" type="stmt"/>
      <line num="628" count="3" type="stmt"/>
      <line num="629" count="3" type="cond" truecount="1" falsecount="1"/>
      <line num="630" count="4" type="stmt"/>
      <line num="631" count="4" type="stmt"/>
      <line num="632" count="4" type="stmt"/>
      <line num="633" count="3" type="stmt"/>
      <line num="634" count="3" type="stmt"/>
      <line num="636" count="1" type="stmt"/>
      <line num="640" count="3" type="stmt"/>
      <line num="643" count="1" type="stmt"/>
      <line num="644" count="1" type="stmt"/>
      <line num="652" count="96" type="cond" truecount="1" falsecount="0"/>
      <line num="653" count="4" type="stmt"/>
      <line num="654" count="4" type="stmt"/>
      <line num="665" count="17" type="stmt"/>
      <line num="676" count="17" type="stmt"/>
      <line num="679" count="17" type="cond" truecount="1" falsecount="0"/>
      <line num="681" count="16" type="stmt"/>
      <line num="684" count="1" type="stmt"/>
      <line num="691" count="19" type="stmt"/>
      <line num="693" count="19" type="stmt"/>
      <line num="696" count="16" type="cond" truecount="3" falsecount="0"/>
      <line num="697" count="1" type="stmt"/>
      <line num="700" count="16" type="cond" truecount="1" falsecount="0"/>
      <line num="701" count="11" type="cond" truecount="2" falsecount="0"/>
      <line num="702" count="2" type="stmt"/>
      <line num="703" count="9" type="cond" truecount="1" falsecount="0"/>
      <line num="705" count="9" type="stmt"/>
      <line num="709" count="16" type="stmt"/>
      <line num="713" count="3" type="cond" truecount="1" falsecount="0"/>
      <line num="714" count="2" type="stmt"/>
      <line num="717" count="1" type="stmt"/>
      <line num="726" count="5" type="stmt"/>
      <line num="728" count="4" type="cond" truecount="1" falsecount="0"/>
      <line num="729" count="2" type="stmt"/>
      <line num="733" count="2" type="stmt"/>
      <line num="754" count="2" type="stmt"/>
      <line num="761" count="14" type="stmt"/>
      <line num="764" count="14" type="cond" truecount="1" falsecount="0"/>
      <line num="765" count="1" type="stmt"/>
      <line num="768" count="13" type="cond" truecount="1" falsecount="0"/>
      <line num="769" count="1" type="stmt"/>
      <line num="773" count="12" type="cond" truecount="1" falsecount="0"/>
      <line num="774" count="1" type="stmt"/>
      <line num="778" count="12" type="cond" truecount="3" falsecount="0"/>
      <line num="780" count="11" type="stmt"/>
      <line num="783" count="12" type="stmt"/>
      <line num="793" count="3" type="stmt"/>
      <line num="800" count="18" type="stmt"/>
      <line num="801" count="18" type="stmt"/>
      <line num="803" count="18" type="stmt"/>
      <line num="828" count="2" type="stmt"/>
      <line num="837" count="2" type="stmt"/>
      <line num="844" count="7" type="cond" truecount="1" falsecount="0"/>
      <line num="845" count="1" type="stmt"/>
      <line num="848" count="7" type="stmt"/>
      <line num="849" count="1" type="stmt"/>
      <line num="857" count="42" type="stmt"/>
      <line num="858" count="42" type="stmt"/>
      <line num="859" count="36" type="stmt"/>
      <line num="861" count="6" type="stmt"/>
      <line num="869" count="13" type="stmt"/>
      <line num="870" count="13" type="stmt"/>
      <line num="877" count="26" type="stmt"/>
      <line num="878" count="26" type="stmt"/>
      <line num="879" count="26" type="cond" truecount="2" falsecount="0"/>
      <line num="882" count="24" type="stmt"/>
      <line num="885" count="24" type="stmt"/>
      <line num="888" count="24" type="stmt"/>
      <line num="889" count="24" type="stmt"/>
      <line num="891" count="24" type="stmt"/>
      <line num="894" count="2" type="stmt"/>
      <line num="902" count="18" type="stmt"/>
      <line num="904" count="898" type="cond" truecount="1" falsecount="0"/>
      <line num="905" count="1" type="stmt"/>
      <line num="910" count="897" type="stmt"/>
      <line num="918" count="20" type="stmt"/>
      <line num="920" count="462" type="cond" truecount="3" falsecount="0"/>
      <line num="921" count="1" type="stmt"/>
      <line num="923" count="461" type="stmt"/>
      <line num="929" count="3" type="stmt"/>
    </file>
  </project>
</coverage>
