<?xml version="1.0" encoding="UTF-8"?>
<coverage generated="1754355219465" clover="3.2.0">
  <project timestamp="1754355219465" name="All files">
    <metrics statements="212" coveredstatements="201" conditionals="139" coveredconditionals="130" methods="13" coveredmethods="11" elements="364" coveredelements="342" complexity="0" loc="212" ncloc="212" packages="1" files="1" classes="1"/>
    <file name="SPIDecoder.ts" path="/home/share/samba/vscode-extension/pico-logicanalyzer/src/decoders/protocols/SPIDecoder.ts">
      <metrics statements="212" coveredstatements="201" conditionals="139" coveredconditionals="130" methods="13" coveredmethods="11"/>
      <line num="7" count="1" type="stmt"/>
      <line num="8" count="1" type="stmt"/>
      <line num="21" count="1" type="stmt"/>
      <line num="52" count="1" type="stmt"/>
      <line num="54" count="40" type="stmt"/>
      <line num="55" count="40" type="stmt"/>
      <line num="56" count="40" type="stmt"/>
      <line num="57" count="40" type="stmt"/>
      <line num="58" count="40" type="stmt"/>
      <line num="59" count="40" type="stmt"/>
      <line num="60" count="40" type="stmt"/>
      <line num="61" count="40" type="stmt"/>
      <line num="64" count="40" type="stmt"/>
      <line num="72" count="40" type="stmt"/>
      <line num="110" count="40" type="stmt"/>
      <line num="121" count="40" type="stmt"/>
      <line num="132" count="40" type="stmt"/>
      <line num="133" count="40" type="stmt"/>
      <line num="134" count="40" type="stmt"/>
      <line num="136" count="40" type="stmt"/>
      <line num="137" count="40" type="stmt"/>
      <line num="138" count="40" type="stmt"/>
      <line num="139" count="40" type="stmt"/>
      <line num="141" count="40" type="stmt"/>
      <line num="142" count="40" type="stmt"/>
      <line num="143" count="40" type="stmt"/>
      <line num="144" count="40" type="stmt"/>
      <line num="147" count="40" type="stmt"/>
      <line num="148" count="40" type="stmt"/>
      <line num="149" count="40" type="stmt"/>
      <line num="152" count="40" type="stmt"/>
      <line num="153" count="40" type="stmt"/>
      <line num="154" count="40" type="stmt"/>
      <line num="155" count="40" type="stmt"/>
      <line num="156" count="40" type="stmt"/>
      <line num="157" count="40" type="stmt"/>
      <line num="169" count="37" type="stmt"/>
      <line num="172" count="37" type="cond" truecount="4" falsecount="0"/>
      <line num="173" count="1" type="stmt"/>
      <line num="177" count="36" type="cond" truecount="3" falsecount="0"/>
      <line num="178" count="36" type="cond" truecount="3" falsecount="0"/>
      <line num="179" count="36" type="cond" truecount="3" falsecount="0"/>
      <line num="182" count="36" type="cond" truecount="3" falsecount="0"/>
      <line num="183" count="2" type="stmt"/>
      <line num="187" count="34" type="stmt"/>
      <line num="191" count="34" type="cond" truecount="1" falsecount="0"/>
      <line num="192" count="32" type="stmt"/>
      <line num="194" count="34" type="cond" truecount="1" falsecount="0"/>
      <line num="195" count="21" type="stmt"/>
      <line num="197" count="34" type="cond" truecount="1" falsecount="0"/>
      <line num="198" count="8" type="stmt"/>
      <line num="201" count="34" type="stmt"/>
      <line num="204" count="34" type="stmt"/>
      <line num="207" count="34" type="stmt"/>
      <line num="208" count="34" type="stmt"/>
      <line num="211" count="34" type="cond" truecount="1" falsecount="0"/>
      <line num="212" count="26" type="stmt"/>
      <line num="217" count="34" type="stmt"/>
      <line num="221" count="34" type="stmt"/>
      <line num="222" count="34" type="cond" truecount="1" falsecount="0"/>
      <line num="223" count="8" type="stmt"/>
      <line num="224" count="8" type="stmt"/>
      <line num="228" count="34" type="cond" truecount="1" falsecount="0"/>
      <line num="229" count="34" type="stmt"/>
      <line num="230" count="34" type="cond" truecount="2" falsecount="0"/>
      <line num="231" count="34" type="cond" truecount="2" falsecount="0"/>
      <line num="232" count="34" type="cond" truecount="2" falsecount="0"/>
      <line num="233" count="34" type="cond" truecount="2" falsecount="0"/>
      <line num="235" count="34" type="stmt"/>
      <line num="239" count="34" type="stmt"/>
      <line num="240" count="454" type="stmt"/>
      <line num="241" count="454" type="stmt"/>
      <line num="242" count="420" type="stmt"/>
      <line num="244" count="420" type="cond" truecount="2" falsecount="0"/>
      <line num="245" count="420" type="cond" truecount="2" falsecount="0"/>
      <line num="246" count="420" type="cond" truecount="2" falsecount="0"/>
      <line num="247" count="420" type="cond" truecount="2" falsecount="0"/>
      <line num="249" count="420" type="stmt"/>
      <line num="251" count="34" type="cond" truecount="1" falsecount="0"/>
      <line num="252" count="34" type="stmt"/>
      <line num="254" count="0" type="stmt"/>
      <line num="258" count="34" type="stmt"/>
      <line num="265" count="34" type="stmt"/>
      <line num="266" count="26" type="cond" truecount="5" falsecount="0"/>
      <line num="268" count="8" type="stmt"/>
      <line num="269" count="8" type="stmt"/>
      <line num="271" count="5" type="stmt"/>
      <line num="272" count="5" type="stmt"/>
      <line num="274" count="5" type="stmt"/>
      <line num="275" count="5" type="stmt"/>
      <line num="277" count="4" type="stmt"/>
      <line num="278" count="4" type="stmt"/>
      <line num="280" count="4" type="stmt"/>
      <line num="281" count="4" type="stmt"/>
      <line num="282" count="4" type="stmt"/>
      <line num="292" count="181" type="stmt"/>
      <line num="293" count="181" type="cond" truecount="2" falsecount="0"/>
      <line num="302" count="220" type="cond" truecount="1" falsecount="0"/>
      <line num="303" count="37" type="stmt"/>
      <line num="304" count="37" type="cond" truecount="2" falsecount="0"/>
      <line num="308" count="220" type="cond" truecount="1" falsecount="0"/>
      <line num="309" count="208" type="cond" truecount="2" falsecount="0"/>
      <line num="310" count="196" type="stmt"/>
      <line num="312" count="12" type="stmt"/>
      <line num="317" count="220" type="cond" truecount="1" falsecount="0"/>
      <line num="318" count="163" type="cond" truecount="2" falsecount="0"/>
      <line num="319" count="159" type="stmt"/>
      <line num="321" count="4" type="stmt"/>
      <line num="326" count="220" type="stmt"/>
      <line num="327" count="220" type="cond" truecount="1" falsecount="0"/>
      <line num="328" count="183" type="cond" truecount="4" falsecount="0"/>
      <line num="329" count="173" type="stmt"/>
      <line num="330" count="10" type="cond" truecount="3" falsecount="0"/>
      <line num="331" count="10" type="stmt"/>
      <line num="336" count="220" type="cond" truecount="1" falsecount="0"/>
      <line num="337" count="208" type="stmt"/>
      <line num="339" count="220" type="cond" truecount="1" falsecount="0"/>
      <line num="340" count="163" type="stmt"/>
      <line num="344" count="220" type="cond" truecount="1" falsecount="0"/>
      <line num="345" count="183" type="cond" truecount="3" falsecount="0"/>
      <line num="346" count="173" type="stmt"/>
      <line num="348" count="183" type="cond" truecount="3" falsecount="0"/>
      <line num="349" count="139" type="stmt"/>
      <line num="353" count="220" type="stmt"/>
      <line num="356" count="220" type="cond" truecount="1" falsecount="0"/>
      <line num="357" count="198" type="stmt"/>
      <line num="361" count="22" type="stmt"/>
      <line num="364" count="22" type="cond" truecount="1" falsecount="0"/>
      <line num="365" count="22" type="stmt"/>
      <line num="366" count="22" type="stmt"/>
      <line num="371" count="22" type="cond" truecount="2" falsecount="1"/>
      <line num="372" count="0" type="stmt"/>
      <line num="380" count="22" type="stmt"/>
      <line num="389" count="22" type="cond" truecount="2" falsecount="0"/>
      <line num="390" count="22" type="cond" truecount="2" falsecount="0"/>
      <line num="391" count="22" type="cond" truecount="2" falsecount="0"/>
      <line num="392" count="22" type="cond" truecount="2" falsecount="0"/>
      <line num="397" count="22" type="cond" truecount="4" falsecount="0"/>
      <line num="398" count="21" type="stmt"/>
      <line num="399" count="21" type="stmt"/>
      <line num="400" count="1" type="cond" truecount="3" falsecount="1"/>
      <line num="401" count="1" type="stmt"/>
      <line num="402" count="1" type="stmt"/>
      <line num="404" count="0" type="stmt"/>
      <line num="408" count="22" type="cond" truecount="1" falsecount="0"/>
      <line num="409" count="21" type="stmt"/>
      <line num="411" count="22" type="cond" truecount="1" falsecount="0"/>
      <line num="412" count="17" type="stmt"/>
      <line num="416" count="22" type="cond" truecount="3" falsecount="0"/>
      <line num="417" count="21" type="stmt"/>
      <line num="418" count="172" type="stmt"/>
      <line num="426" count="22" type="cond" truecount="3" falsecount="0"/>
      <line num="427" count="17" type="stmt"/>
      <line num="428" count="140" type="stmt"/>
      <line num="437" count="22" type="cond" truecount="1" falsecount="0"/>
      <line num="438" count="21" type="stmt"/>
      <line num="446" count="22" type="cond" truecount="1" falsecount="0"/>
      <line num="447" count="17" type="stmt"/>
      <line num="461" count="33" type="cond" truecount="2" falsecount="0"/>
      <line num="462" count="33" type="cond" truecount="2" falsecount="0"/>
      <line num="463" count="33" type="stmt"/>
      <line num="464" count="33" type="stmt"/>
      <line num="465" count="33" type="stmt"/>
      <line num="474" count="454" type="cond" truecount="6" falsecount="0"/>
      <line num="476" count="11" type="cond" truecount="2" falsecount="0"/>
      <line num="477" count="11" type="stmt"/>
      <line num="479" count="11" type="cond" truecount="2" falsecount="0"/>
      <line num="481" count="9" type="stmt"/>
      <line num="482" count="9" type="stmt"/>
      <line num="483" count="9" type="stmt"/>
      <line num="484" count="2" type="cond" truecount="0" falsecount="1"/>
      <line num="486" count="0" type="cond" truecount="0" falsecount="3"/>
      <line num="487" count="0" type="stmt"/>
      <line num="488" count="0" type="stmt"/>
      <line num="490" count="0" type="stmt"/>
      <line num="497" count="0" type="cond" truecount="0" falsecount="3"/>
      <line num="498" count="0" type="stmt"/>
      <line num="499" count="0" type="stmt"/>
      <line num="501" count="0" type="stmt"/>
      <line num="513" count="11" type="stmt"/>
      <line num="517" count="454" type="cond" truecount="3" falsecount="0"/>
      <line num="518" count="8" type="stmt"/>
      <line num="522" count="446" type="cond" truecount="5" falsecount="0"/>
      <line num="523" count="35" type="stmt"/>
      <line num="527" count="411" type="stmt"/>
      <line num="532" count="411" type="stmt"/>
      <line num="533" count="411" type="cond" truecount="4" falsecount="0"/>
      <line num="535" count="354" type="stmt"/>
      <line num="536" count="354" type="stmt"/>
      <line num="538" count="17" type="stmt"/>
      <line num="539" count="17" type="stmt"/>
      <line num="541" count="16" type="stmt"/>
      <line num="542" count="16" type="stmt"/>
      <line num="544" count="24" type="stmt"/>
      <line num="545" count="24" type="stmt"/>
      <line num="548" count="411" type="cond" truecount="1" falsecount="0"/>
      <line num="549" count="191" type="stmt"/>
      <line num="553" count="220" type="stmt"/>
      <line num="564" count="411" type="stmt"/>
      <line num="565" count="411" type="cond" truecount="2" falsecount="0"/>
      <line num="582" count="68" type="stmt"/>
      <line num="583" count="68" type="stmt"/>
      <line num="584" count="68" type="stmt"/>
      <line num="585" count="68" type="stmt"/>
      <line num="586" count="68" type="stmt"/>
      <line num="587" count="68" type="stmt"/>
      <line num="588" count="68" type="stmt"/>
      <line num="589" count="68" type="stmt"/>
      <line num="590" count="68" type="stmt"/>
      <line num="591" count="68" type="stmt"/>
      <line num="592" count="68" type="stmt"/>
      <line num="593" count="68" type="stmt"/>
    </file>
  </project>
</coverage>
