TN:
SF:src/decoders/protocols/SPIDecoder.ts
FN:52,(anonymous_0)
FN:163,(anonymous_1)
FN:264,(anonymous_2)
FN:291,(anonymous_3)
FN:300,(anonymous_4)
FN:387,(anonymous_5)
FN:460,(anonymous_6)
FN:472,(anonymous_7)
FN:487,(anonymous_8)
FN:498,(anonymous_9)
FN:560,(anonymous_10)
FN:572,(anonymous_11)
FN:581,(anonymous_12)
FNF:13
FNH:11
FNDA:40,(anonymous_0)
FNDA:37,(anonymous_1)
FNDA:34,(anonymous_2)
FNDA:181,(anonymous_3)
FNDA:220,(anonymous_4)
FNDA:22,(anonymous_5)
FNDA:33,(anonymous_6)
FNDA:454,(anonymous_7)
FNDA:0,(anonymous_8)
FNDA:0,(anonymous_9)
FNDA:411,(anonymous_10)
FNDA:37,(anonymous_11)
FNDA:68,(anonymous_12)
DA:7,1
DA:8,1
DA:21,1
DA:52,1
DA:54,40
DA:55,40
DA:56,40
DA:57,40
DA:58,40
DA:59,40
DA:60,40
DA:61,40
DA:64,40
DA:72,40
DA:110,40
DA:121,40
DA:132,40
DA:133,40
DA:134,40
DA:136,40
DA:137,40
DA:138,40
DA:139,40
DA:141,40
DA:142,40
DA:143,40
DA:144,40
DA:147,40
DA:148,40
DA:149,40
DA:152,40
DA:153,40
DA:154,40
DA:155,40
DA:156,40
DA:157,40
DA:169,37
DA:172,37
DA:173,1
DA:177,36
DA:178,36
DA:179,36
DA:182,36
DA:183,2
DA:187,34
DA:191,34
DA:192,32
DA:194,34
DA:195,21
DA:197,34
DA:198,8
DA:201,34
DA:204,34
DA:207,34
DA:208,34
DA:211,34
DA:212,26
DA:217,34
DA:221,34
DA:222,34
DA:223,8
DA:224,8
DA:228,34
DA:229,34
DA:230,34
DA:231,34
DA:232,34
DA:233,34
DA:235,34
DA:239,34
DA:240,454
DA:241,454
DA:242,420
DA:244,420
DA:245,420
DA:246,420
DA:247,420
DA:249,420
DA:251,34
DA:252,34
DA:254,0
DA:258,34
DA:265,34
DA:266,26
DA:268,8
DA:269,8
DA:271,5
DA:272,5
DA:274,5
DA:275,5
DA:277,4
DA:278,4
DA:280,4
DA:281,4
DA:282,4
DA:292,181
DA:293,181
DA:302,220
DA:303,37
DA:304,37
DA:308,220
DA:309,208
DA:310,196
DA:312,12
DA:317,220
DA:318,163
DA:319,159
DA:321,4
DA:326,220
DA:327,220
DA:328,183
DA:329,173
DA:330,10
DA:331,10
DA:336,220
DA:337,208
DA:339,220
DA:340,163
DA:344,220
DA:345,183
DA:346,173
DA:348,183
DA:349,139
DA:353,220
DA:356,220
DA:357,198
DA:361,22
DA:364,22
DA:365,22
DA:366,22
DA:371,22
DA:372,0
DA:380,22
DA:389,22
DA:390,22
DA:391,22
DA:392,22
DA:397,22
DA:398,21
DA:399,21
DA:400,1
DA:401,1
DA:402,1
DA:404,0
DA:408,22
DA:409,21
DA:411,22
DA:412,17
DA:416,22
DA:417,21
DA:418,172
DA:426,22
DA:427,17
DA:428,140
DA:437,22
DA:438,21
DA:446,22
DA:447,17
DA:461,33
DA:462,33
DA:463,33
DA:464,33
DA:465,33
DA:474,454
DA:476,11
DA:477,11
DA:479,11
DA:481,9
DA:482,9
DA:483,9
DA:484,2
DA:486,0
DA:487,0
DA:488,0
DA:490,0
DA:497,0
DA:498,0
DA:499,0
DA:501,0
DA:513,11
DA:517,454
DA:518,8
DA:522,446
DA:523,35
DA:527,411
DA:532,411
DA:533,411
DA:535,354
DA:536,354
DA:538,17
DA:539,17
DA:541,16
DA:542,16
DA:544,24
DA:545,24
DA:548,411
DA:549,191
DA:553,220
DA:564,411
DA:565,411
DA:582,68
DA:583,68
DA:584,68
DA:585,68
DA:586,68
DA:587,68
DA:588,68
DA:589,68
DA:590,68
DA:591,68
DA:592,68
DA:593,68
LF:212
LH:201
BRDA:172,0,0,1
BRDA:172,1,0,37
BRDA:172,1,1,37
BRDA:172,1,2,37
BRDA:177,2,0,36
BRDA:177,2,1,36
BRDA:177,2,2,36
BRDA:178,3,0,36
BRDA:178,3,1,25
BRDA:178,3,2,25
BRDA:179,4,0,36
BRDA:179,4,1,8
BRDA:179,4,2,8
BRDA:182,5,0,2
BRDA:182,6,0,36
BRDA:182,6,1,4
BRDA:191,7,0,32
BRDA:194,8,0,21
BRDA:197,9,0,8
BRDA:211,10,0,26
BRDA:222,11,0,8
BRDA:228,12,0,34
BRDA:230,13,0,34
BRDA:230,13,1,31
BRDA:231,14,0,34
BRDA:231,14,1,3
BRDA:232,15,0,34
BRDA:232,15,1,33
BRDA:233,16,0,34
BRDA:233,16,1,31
BRDA:244,17,0,420
BRDA:244,17,1,196
BRDA:245,18,0,420
BRDA:245,18,1,230
BRDA:246,19,0,420
BRDA:246,19,1,257
BRDA:247,20,0,420
BRDA:247,20,1,393
BRDA:251,21,0,34
BRDA:266,22,0,8
BRDA:266,22,1,5
BRDA:266,22,2,5
BRDA:266,22,3,4
BRDA:266,22,4,4
BRDA:293,23,0,153
BRDA:293,23,1,28
BRDA:302,24,0,37
BRDA:304,25,0,11
BRDA:304,25,1,26
BRDA:308,26,0,208
BRDA:309,27,0,196
BRDA:309,27,1,12
BRDA:317,28,0,163
BRDA:318,29,0,159
BRDA:318,29,1,4
BRDA:327,30,0,183
BRDA:328,31,0,173
BRDA:328,31,1,10
BRDA:328,32,0,183
BRDA:328,32,1,173
BRDA:330,33,0,10
BRDA:330,34,0,10
BRDA:330,34,1,10
BRDA:336,35,0,208
BRDA:339,36,0,163
BRDA:344,37,0,183
BRDA:345,38,0,173
BRDA:345,39,0,183
BRDA:345,39,1,173
BRDA:348,40,0,139
BRDA:348,41,0,183
BRDA:348,41,1,139
BRDA:356,42,0,198
BRDA:364,43,0,22
BRDA:371,44,0,0
BRDA:371,45,0,22
BRDA:371,45,1,9
BRDA:389,46,0,21
BRDA:389,46,1,1
BRDA:390,47,0,17
BRDA:390,47,1,5
BRDA:391,48,0,21
BRDA:391,48,1,1
BRDA:392,49,0,17
BRDA:392,49,1,5
BRDA:397,50,0,21
BRDA:397,50,1,1
BRDA:397,51,0,22
BRDA:397,51,1,21
BRDA:400,52,0,1
BRDA:400,52,1,0
BRDA:400,53,0,1
BRDA:400,53,1,1
BRDA:408,54,0,21
BRDA:411,55,0,17
BRDA:416,56,0,21
BRDA:416,57,0,22
BRDA:416,57,1,21
BRDA:426,58,0,17
BRDA:426,59,0,22
BRDA:426,59,1,17
BRDA:437,60,0,21
BRDA:446,61,0,17
BRDA:461,62,0,32
BRDA:461,62,1,1
BRDA:462,63,0,28
BRDA:462,63,1,5
BRDA:474,64,0,11
BRDA:474,65,0,454
BRDA:474,65,1,159
BRDA:474,65,2,151
BRDA:474,65,3,151
BRDA:474,65,4,151
BRDA:476,66,0,8
BRDA:476,66,1,3
BRDA:479,67,0,9
BRDA:479,67,1,2
BRDA:484,68,0,0
BRDA:486,69,0,0
BRDA:486,70,0,0
BRDA:486,70,1,0
BRDA:497,71,0,0
BRDA:497,72,0,0
BRDA:497,72,1,0
BRDA:517,73,0,8
BRDA:517,74,0,454
BRDA:517,74,1,159
BRDA:522,75,0,35
BRDA:522,76,0,446
BRDA:522,76,1,413
BRDA:522,77,0,413
BRDA:522,77,1,413
BRDA:533,78,0,354
BRDA:533,78,1,17
BRDA:533,78,2,16
BRDA:533,78,3,24
BRDA:548,79,0,191
BRDA:565,80,0,411
BRDA:565,80,1,354
BRF:139
BRH:130
end_of_record
