TN:
SF:src/tools/PythonDecoderAnalyzer.ts
FN:98,(anonymous_0)
FN:105,(anonymous_1)
FN:119,(anonymous_2)
FN:150,(anonymous_3)
FN:206,(anonymous_4)
FN:253,(anonymous_5)
FN:281,(anonymous_6)
FN:288,(anonymous_7)
FN:305,(anonymous_8)
FN:335,(anonymous_9)
FN:339,(anonymous_10)
FN:342,(anonymous_11)
FN:367,(anonymous_12)
FN:371,(anonymous_13)
FN:374,(anonymous_14)
FN:375,(anonymous_15)
FN:393,(anonymous_16)
FN:408,(anonymous_17)
FN:431,(anonymous_18)
FN:449,(anonymous_19)
FN:450,(anonymous_20)
FN:474,(anonymous_21)
FN:498,(anonymous_22)
FN:529,(anonymous_23)
FN:539,(anonymous_24)
FN:570,(anonymous_25)
FN:578,(anonymous_26)
FN:584,(anonymous_27)
FN:585,(anonymous_28)
FN:586,(anonymous_29)
FN:590,(anonymous_30)
FN:591,(anonymous_31)
FN:592,(anonymous_32)
FN:595,(anonymous_33)
FN:599,(anonymous_34)
FN:609,(anonymous_35)
FN:621,(anonymous_36)
FN:621,(anonymous_37)
FN:622,(anonymous_38)
FN:636,(anonymous_39)
FNF:40
FNH:0
FNDA:0,(anonymous_0)
FNDA:0,(anonymous_1)
FNDA:0,(anonymous_2)
FNDA:0,(anonymous_3)
FNDA:0,(anonymous_4)
FNDA:0,(anonymous_5)
FNDA:0,(anonymous_6)
FNDA:0,(anonymous_7)
FNDA:0,(anonymous_8)
FNDA:0,(anonymous_9)
FNDA:0,(anonymous_10)
FNDA:0,(anonymous_11)
FNDA:0,(anonymous_12)
FNDA:0,(anonymous_13)
FNDA:0,(anonymous_14)
FNDA:0,(anonymous_15)
FNDA:0,(anonymous_16)
FNDA:0,(anonymous_17)
FNDA:0,(anonymous_18)
FNDA:0,(anonymous_19)
FNDA:0,(anonymous_20)
FNDA:0,(anonymous_21)
FNDA:0,(anonymous_22)
FNDA:0,(anonymous_23)
FNDA:0,(anonymous_24)
FNDA:0,(anonymous_25)
FNDA:0,(anonymous_26)
FNDA:0,(anonymous_27)
FNDA:0,(anonymous_28)
FNDA:0,(anonymous_29)
FNDA:0,(anonymous_30)
FNDA:0,(anonymous_31)
FNDA:0,(anonymous_32)
FNDA:0,(anonymous_33)
FNDA:0,(anonymous_34)
FNDA:0,(anonymous_35)
FNDA:0,(anonymous_36)
FNDA:0,(anonymous_37)
FNDA:0,(anonymous_38)
FNDA:0,(anonymous_39)
DA:94,0
DA:95,0
DA:96,0
DA:99,0
DA:106,0
DA:107,0
DA:108,0
DA:109,0
DA:110,0
DA:111,0
DA:112,0
DA:113,0
DA:120,0
DA:123,0
DA:126,0
DA:129,0
DA:132,0
DA:134,0
DA:143,0
DA:144,0
DA:151,0
DA:152,0
DA:159,0
DA:160,0
DA:161,0
DA:162,0
DA:163,0
DA:165,0
DA:166,0
DA:167,0
DA:170,0
DA:171,0
DA:172,0
DA:173,0
DA:177,0
DA:178,0
DA:179,0
DA:180,0
DA:181,0
DA:184,0
DA:185,0
DA:186,0
DA:187,0
DA:190,0
DA:193,0
DA:196,0
DA:197,0
DA:199,0
DA:200,0
DA:204,0
DA:206,0
DA:213,0
DA:214,0
DA:215,0
DA:216,0
DA:220,0
DA:221,0
DA:222,0
DA:223,0
DA:226,0
DA:227,0
DA:228,0
DA:229,0
DA:234,0
DA:235,0
DA:236,0
DA:237,0
DA:243,0
DA:244,0
DA:247,0
DA:258,0
DA:259,0
DA:260,0
DA:262,0
DA:275,0
DA:282,0
DA:283,0
DA:288,0
DA:290,0
DA:291,0
DA:292,0
DA:294,0
DA:299,0
DA:307,0
DA:310,0
DA:314,0
DA:317,0
DA:320,0
DA:322,0
DA:336,0
DA:339,0
DA:340,0
DA:342,0
DA:343,0
DA:344,0
DA:354,0
DA:355,0
DA:361,0
DA:368,0
DA:371,0
DA:372,0
DA:374,0
DA:375,0
DA:376,0
DA:377,0
DA:378,0
DA:380,0
DA:381,0
DA:382,0
DA:383,0
DA:384,0
DA:385,0
DA:386,0
DA:387,0
DA:388,0
DA:391,0
DA:393,0
DA:402,0
DA:409,0
DA:410,0
DA:413,0
DA:414,0
DA:415,0
DA:416,0
DA:417,0
DA:418,0
DA:419,0
DA:420,0
DA:421,0
DA:425,0
DA:432,0
DA:433,0
DA:436,0
DA:437,0
DA:438,0
DA:439,0
DA:440,0
DA:441,0
DA:442,0
DA:444,0
DA:445,0
DA:449,0
DA:450,0
DA:452,0
DA:453,0
DA:454,0
DA:455,0
DA:456,0
DA:457,0
DA:459,0
DA:460,0
DA:464,0
DA:465,0
DA:466,0
DA:467,0
DA:468,0
DA:469,0
DA:470,0
DA:474,0
DA:475,0
DA:477,0
DA:478,0
DA:479,0
DA:484,0
DA:485,0
DA:486,0
DA:487,0
DA:489,0
DA:492,0
DA:502,0
DA:503,0
DA:506,0
DA:513,0
DA:521,0
DA:529,0
DA:530,0
DA:539,0
DA:540,0
DA:541,0
DA:550,0
DA:557,0
DA:564,0
DA:571,0
DA:572,0
DA:579,0
DA:582,0
DA:583,0
DA:584,0
DA:585,0
DA:586,0
DA:589,0
DA:590,0
DA:591,0
DA:592,0
DA:595,0
DA:596,0
DA:598,0
DA:599,0
DA:600,0
DA:601,0
DA:602,0
DA:603,0
DA:604,0
DA:605,0
DA:606,0
DA:607,0
DA:608,0
DA:609,0
DA:614,0
DA:615,0
DA:616,0
DA:617,0
DA:618,0
DA:621,0
DA:622,0
DA:623,0
DA:625,0
DA:626,0
DA:627,0
DA:628,0
DA:630,0
DA:637,0
DA:639,0
DA:641,0
DA:642,0
DA:643,0
DA:644,0
DA:646,0
DA:650,0
DA:651,0
LF:230
LH:0
BRDA:171,0,0,0
BRDA:171,1,0,0
BRDA:171,1,1,0
BRDA:178,2,0,0
BRDA:184,3,0,0
BRDA:186,4,0,0
BRDA:193,5,0,0
BRDA:197,6,0,0
BRDA:199,7,0,0
BRDA:206,8,0,0
BRDA:206,8,1,0
BRDA:220,9,0,0
BRDA:220,10,0,0
BRDA:220,10,1,0
BRDA:222,11,0,0
BRDA:222,11,1,0
BRDA:222,12,0,0
BRDA:222,12,1,0
BRDA:234,13,0,0
BRDA:234,14,0,0
BRDA:234,14,1,0
BRDA:236,15,0,0
BRDA:243,16,0,0
BRDA:259,17,0,0
BRDA:259,17,1,0
BRDA:260,18,0,0
BRDA:260,18,1,0
BRDA:292,19,0,0
BRDA:292,20,0,0
BRDA:292,20,1,0
BRDA:310,21,0,0
BRDA:310,21,1,0
BRDA:325,22,0,0
BRDA:325,22,1,0
BRDA:340,23,0,0
BRDA:343,24,0,0
BRDA:343,25,0,0
BRDA:343,25,1,0
BRDA:354,26,0,0
BRDA:372,27,0,0
BRDA:376,28,0,0
BRDA:376,29,0,0
BRDA:376,29,1,0
BRDA:380,30,0,0
BRDA:380,30,1,0
BRDA:380,31,0,0
BRDA:380,31,1,0
BRDA:383,32,0,0
BRDA:383,32,1,0
BRDA:386,33,0,0
BRDA:415,34,0,0
BRDA:415,34,1,0
BRDA:415,34,2,0
BRDA:415,34,3,0
BRDA:415,34,4,0
BRDA:415,34,5,0
BRDA:437,35,0,0
BRDA:437,35,1,0
BRDA:440,36,0,0
BRDA:440,36,1,0
BRDA:452,37,0,0
BRDA:452,37,1,0
BRDA:452,38,0,0
BRDA:452,38,1,0
BRDA:455,39,0,0
BRDA:455,39,1,0
BRDA:455,40,0,0
BRDA:455,40,1,0
BRDA:465,41,0,0
BRDA:465,41,1,0
BRDA:468,42,0,0
BRDA:475,43,0,0
BRDA:475,43,1,0
BRDA:477,44,0,0
BRDA:484,45,0,0
BRDA:484,45,1,0
BRDA:486,46,0,0
BRDA:486,46,1,0
BRDA:540,47,0,0
BRDA:596,48,0,0
BRF:80
BRH:0
end_of_record
TN:
SF:src/tools/TypeScriptCodeGenerator.ts
FN:45,(anonymous_0)
FN:59,(anonymous_1)
FN:86,(anonymous_2)
FN:132,(anonymous_3)
FN:139,(anonymous_4)
FN:149,(anonymous_5)
FN:166,(anonymous_6)
FN:187,(anonymous_7)
FN:207,(anonymous_8)
FN:229,(anonymous_9)
FN:255,(anonymous_10)
FN:283,(anonymous_11)
FN:294,(anonymous_12)
FN:304,(anonymous_13)
FN:305,(anonymous_14)
FN:306,(anonymous_15)
FN:317,(anonymous_16)
FN:332,(anonymous_17)
FN:382,(anonymous_18)
FN:401,(anonymous_19)
FN:427,(anonymous_20)
FN:434,(anonymous_21)
FN:445,(anonymous_22)
FN:478,(anonymous_23)
FN:512,(anonymous_24)
FN:522,(anonymous_25)
FN:537,(anonymous_26)
FNF:27
FNH:0
FNDA:0,(anonymous_0)
FNDA:0,(anonymous_1)
FNDA:0,(anonymous_2)
FNDA:0,(anonymous_3)
FNDA:0,(anonymous_4)
FNDA:0,(anonymous_5)
FNDA:0,(anonymous_6)
FNDA:0,(anonymous_7)
FNDA:0,(anonymous_8)
FNDA:0,(anonymous_9)
FNDA:0,(anonymous_10)
FNDA:0,(anonymous_11)
FNDA:0,(anonymous_12)
FNDA:0,(anonymous_13)
FNDA:0,(anonymous_14)
FNDA:0,(anonymous_15)
FNDA:0,(anonymous_16)
FNDA:0,(anonymous_17)
FNDA:0,(anonymous_18)
FNDA:0,(anonymous_19)
FNDA:0,(anonymous_20)
FNDA:0,(anonymous_21)
FNDA:0,(anonymous_22)
FNDA:0,(anonymous_23)
FNDA:0,(anonymous_24)
FNDA:0,(anonymous_25)
FNDA:0,(anonymous_26)
DA:41,0
DA:43,0
DA:46,0
DA:60,0
DA:62,0
DA:63,0
DA:64,0
DA:66,0
DA:73,0
DA:75,0
DA:87,0
DA:88,0
DA:91,0
DA:92,0
DA:96,0
DA:97,0
DA:100,0
DA:101,0
DA:102,0
DA:106,0
DA:107,0
DA:110,0
DA:111,0
DA:114,0
DA:115,0
DA:118,0
DA:119,0
DA:120,0
DA:124,0
DA:126,0
DA:133,0
DA:139,0
DA:143,0
DA:150,0
DA:156,0
DA:157,0
DA:160,0
DA:167,0
DA:169,0
DA:171,0
DA:172,0
DA:173,0
DA:176,0
DA:177,0
DA:180,0
DA:181,0
DA:188,0
DA:189,0
DA:191,0
DA:192,0
DA:193,0
DA:194,0
DA:195,0
DA:198,0
DA:199,0
DA:201,0
DA:208,0
DA:209,0
DA:212,0
DA:213,0
DA:214,0
DA:215,0
DA:216,0
DA:219,0
DA:220,0
DA:223,0
DA:230,0
DA:231,0
DA:233,0
DA:234,0
DA:235,0
DA:236,0
DA:239,0
DA:240,0
DA:243,0
DA:244,0
DA:247,0
DA:249,0
DA:256,0
DA:257,0
DA:260,0
DA:262,0
DA:263,0
DA:264,0
DA:265,0
DA:266,0
DA:268,0
DA:272,0
DA:273,0
DA:274,0
DA:276,0
DA:277,0
DA:279,0
DA:282,0
DA:283,0
DA:284,0
DA:286,0
DA:288,0
DA:295,0
DA:296,0
DA:303,0
DA:304,0
DA:306,0
DA:307,0
DA:308,0
DA:309,0
DA:318,0
DA:319,0
DA:322,0
DA:323,0
DA:326,0
DA:333,0
DA:334,0
DA:338,0
DA:341,0
DA:342,0
DA:345,0
DA:346,0
DA:347,0
DA:348,0
DA:351,0
DA:352,0
DA:353,0
DA:354,0
DA:355,0
DA:356,0
DA:359,0
DA:360,0
DA:361,0
DA:364,0
DA:365,0
DA:366,0
DA:369,0
DA:370,0
DA:373,0
DA:374,0
DA:376,0
DA:383,0
DA:395,0
DA:402,0
DA:404,0
DA:406,0
DA:409,0
DA:410,0
DA:413,0
DA:414,0
DA:417,0
DA:418,0
DA:421,0
DA:428,0
DA:429,0
DA:430,0
DA:431,0
DA:433,0
DA:434,0
DA:435,0
DA:437,0
DA:438,0
DA:446,0
DA:448,0
DA:449,0
DA:452,0
DA:453,0
DA:455,0
DA:456,0
DA:457,0
DA:458,0
DA:461,0
DA:465,0
DA:466,0
DA:467,0
DA:468,0
DA:470,0
DA:472,0
DA:479,0
DA:481,0
DA:482,0
DA:483,0
DA:484,0
DA:486,0
DA:487,0
DA:489,0
DA:490,0
DA:491,0
DA:493,0
DA:494,0
DA:495,0
DA:496,0
DA:498,0
DA:499,0
DA:500,0
DA:501,0
DA:502,0
DA:504,0
DA:506,0
DA:513,0
DA:514,0
DA:515,0
DA:516,0
DA:523,0
DA:525,0
DA:531,0
DA:538,0
DA:540,0
DA:542,0
DA:543,0
DA:544,0
DA:545,0
DA:547,0
DA:548,0
DA:552,0
DA:553,0
LF:212
LH:0
BRDA:45,0,0,0
BRDA:63,1,0,0
BRDA:63,1,1,0
BRDA:64,2,0,0
BRDA:64,2,1,0
BRDA:91,3,0,0
BRDA:100,4,0,0
BRDA:156,5,0,0
BRDA:167,6,0,0
BRDA:172,7,0,0
BRDA:191,8,0,0
BRDA:233,9,0,0
BRDA:260,10,0,0
BRDA:262,11,0,0
BRDA:265,12,0,0
BRDA:265,13,0,0
BRDA:265,13,1,0
BRDA:272,14,0,0
BRDA:272,14,1,0
BRDA:276,15,0,0
BRDA:276,15,1,0
BRDA:277,16,0,0
BRDA:277,16,1,0
BRDA:283,17,0,0
BRDA:283,17,1,0
BRDA:295,18,0,0
BRDA:308,19,0,0
BRDA:308,19,1,0
BRDA:318,20,0,0
BRDA:322,21,0,0
BRDA:326,22,0,0
BRDA:326,22,1,0
BRDA:333,23,0,0
BRDA:376,24,0,0
BRDA:376,24,1,0
BRDA:402,25,0,0
BRDA:404,26,0,0
BRDA:404,27,0,0
BRDA:404,27,1,0
BRDA:404,27,2,0
BRDA:404,27,3,0
BRDA:409,28,0,0
BRDA:413,29,0,0
BRDA:413,30,0,0
BRDA:413,30,1,0
BRDA:417,31,0,0
BRDA:428,32,0,0
BRDA:428,32,1,0
BRDA:428,32,2,0
BRDA:428,32,3,0
BRDA:428,32,4,0
BRDA:433,33,0,0
BRDA:433,34,0,0
BRDA:433,34,1,0
BRDA:434,35,0,0
BRDA:434,35,1,0
BRDA:452,36,0,0
BRDA:468,37,0,0
BRDA:468,37,1,0
BRDA:514,38,0,0
BRDA:523,39,0,0
BRDA:547,40,0,0
BRDA:547,40,1,0
BRF:63
BRH:0
end_of_record
