TN:
SF:src/decoders/StreamingDecoder.ts
FN:104,(anonymous_0)
FN:117,(anonymous_1)
FN:133,(anonymous_2)
FN:162,(anonymous_3)
FN:233,(anonymous_4)
FN:241,(anonymous_5)
FN:248,(anonymous_6)
FN:250,(anonymous_7)
FN:260,(anonymous_8)
FN:280,(anonymous_9)
FN:335,(anonymous_10)
FN:343,(anonymous_11)
FN:350,(anonymous_12)
FN:351,(anonymous_13)
FN:368,(anonymous_14)
FN:395,(anonymous_15)
FN:402,(anonymous_16)
FN:411,(anonymous_17)
FN:421,(anonymous_18)
FN:432,(anonymous_19)
FN:442,(anonymous_20)
FN:443,(anonymous_21)
FNF:22
FNH:20
FNDA:35,(anonymous_0)
FNDA:13,(anonymous_1)
FNDA:12,(anonymous_2)
FNDA:28,(anonymous_3)
FNDA:1,(anonymous_4)
FNDA:4,(anonymous_5)
FNDA:11,(anonymous_6)
FNDA:11,(anonymous_7)
FNDA:28,(anonymous_8)
FNDA:2,(anonymous_9)
FNDA:11,(anonymous_10)
FNDA:11,(anonymous_11)
FNDA:11,(anonymous_12)
FNDA:47,(anonymous_13)
FNDA:28,(anonymous_14)
FNDA:6,(anonymous_15)
FNDA:6,(anonymous_16)
FNDA:17,(anonymous_17)
FNDA:6,(anonymous_18)
FNDA:15,(anonymous_19)
FNDA:0,(anonymous_20)
FNDA:0,(anonymous_21)
DA:90,1
DA:92,35
DA:93,35
DA:94,35
DA:95,35
DA:96,35
DA:105,35
DA:123,13
DA:124,1
DA:127,12
DA:128,12
DA:129,12
DA:130,12
DA:133,12
DA:135,12
DA:136,12
DA:145,12
DA:147,12
DA:150,11
DA:152,11
DA:155,11
DA:160,11
DA:163,28
DA:164,10
DA:168,18
DA:176,17
DA:177,2
DA:180,17
DA:181,17
DA:182,17
DA:185,17
DA:186,2
DA:187,2
DA:191,17
DA:192,0
DA:198,17
DA:203,8
DA:204,8
DA:205,8
DA:206,8
DA:208,8
DA:210,8
DA:217,3
DA:218,3
DA:225,11
DA:226,11
DA:234,1
DA:235,1
DA:242,4
DA:249,11
DA:250,11
DA:253,11
DA:255,11
DA:256,28
DA:257,28
DA:260,28
DA:265,28
DA:274,11
DA:281,2
DA:282,2
DA:283,2
DA:284,2
DA:285,2
DA:286,2
DA:288,2
DA:333,11
DA:336,11
DA:337,11
DA:347,11
DA:348,11
DA:350,11
DA:351,11
DA:352,47
DA:353,19
DA:354,16
DA:356,19
DA:359,28
DA:360,0
DA:363,28
DA:364,28
DA:366,28
DA:368,28
DA:370,28
DA:371,17
DA:374,11
DA:375,11
DA:377,28
DA:380,28
DA:385,11
DA:386,19
DA:395,1
DA:396,6
DA:397,6
DA:403,6
DA:404,6
DA:405,6
DA:412,17
DA:413,17
DA:415,17
DA:430,6
DA:432,15
DA:440,6
DA:441,0
DA:442,0
DA:443,0
DA:445,0
DA:446,0
DA:454,6
LF:108
LH:101
BRDA:104,0,0,31
BRDA:123,1,0,1
BRDA:133,2,0,12
BRDA:133,2,1,1
BRDA:163,3,0,10
BRDA:176,4,0,2
BRDA:176,5,0,17
BRDA:176,5,1,2
BRDA:185,6,0,2
BRDA:185,7,0,17
BRDA:185,7,1,16
BRDA:191,8,0,0
BRDA:220,9,0,3
BRDA:220,9,1,0
BRDA:250,10,0,11
BRDA:250,10,1,1
BRDA:262,11,0,28
BRDA:262,11,1,0
BRDA:270,12,0,18
BRDA:270,12,1,10
BRDA:296,13,0,2
BRDA:296,13,1,0
BRDA:352,14,0,19
BRDA:353,15,0,16
BRDA:359,16,0,0
BRDA:435,17,0,10
BRDA:435,17,1,5
BRDA:440,18,0,0
BRDA:445,19,0,0
BRF:29
BRH:22
end_of_record
