TN:
SF:src/utils/MemoryManager.ts
FN:70,(anonymous_0)
FN:78,(anonymous_1)
FN:109,(anonymous_2)
FN:128,(anonymous_3)
FN:180,(anonymous_4)
FN:197,(anonymous_5)
FN:224,(anonymous_6)
FN:241,(anonymous_7)
FN:246,(anonymous_8)
FN:273,(anonymous_9)
FN:276,(anonymous_10)
FN:280,(anonymous_11)
FN:284,(anonymous_12)
FN:289,(anonymous_13)
FN:301,(anonymous_14)
FN:326,(anonymous_15)
FN:346,(anonymous_16)
FN:369,(anonymous_17)
FN:377,(anonymous_18)
FN:397,(anonymous_19)
FN:433,(anonymous_20)
FN:444,(anonymous_21)
FN:445,(anonymous_22)
FN:461,(anonymous_23)
FN:474,(anonymous_24)
FN:477,(anonymous_25)
FN:489,(anonymous_26)
FN:516,(anonymous_27)
FN:525,(anonymous_28)
FN:539,(anonymous_29)
FN:541,(anonymous_30)
FN:544,(anonymous_31)
FN:589,(anonymous_32)
FN:591,(anonymous_33)
FN:597,(anonymous_34)
FN:604,(anonymous_35)
FN:611,(anonymous_36)
FN:619,(anonymous_37)
FNF:38
FNH:34
FNDA:56,(anonymous_0)
FNDA:56,(anonymous_1)
FNDA:250,(anonymous_2)
FNDA:1816,(anonymous_3)
FNDA:30,(anonymous_4)
FNDA:17,(anonymous_5)
FNDA:3,(anonymous_6)
FNDA:6,(anonymous_7)
FNDA:14,(anonymous_8)
FNDA:5,(anonymous_9)
FNDA:3,(anonymous_10)
FNDA:3,(anonymous_11)
FNDA:2,(anonymous_12)
FNDA:2,(anonymous_13)
FNDA:248,(anonymous_14)
FNDA:10,(anonymous_15)
FNDA:4,(anonymous_16)
FNDA:4,(anonymous_17)
FNDA:2,(anonymous_18)
FNDA:4,(anonymous_19)
FNDA:203,(anonymous_20)
FNDA:56,(anonymous_21)
FNDA:0,(anonymous_22)
FNDA:0,(anonymous_23)
FNDA:0,(anonymous_24)
FNDA:0,(anonymous_25)
FNDA:1001849,(anonymous_26)
FNDA:1000008,(anonymous_27)
FNDA:13,(anonymous_28)
FNDA:117,(anonymous_29)
FNDA:464,(anonymous_30)
FNDA:464,(anonymous_31)
FNDA:117,(anonymous_32)
FNDA:464,(anonymous_33)
FNDA:21,(anonymous_34)
FNDA:2,(anonymous_35)
FNDA:8,(anonymous_36)
FNDA:59,(anonymous_37)
DA:61,1
DA:62,56
DA:63,56
DA:64,56
DA:65,56
DA:66,56
DA:67,56
DA:68,56
DA:71,56
DA:72,56
DA:80,56
DA:86,56
DA:92,56
DA:98,56
DA:103,56
DA:113,250
DA:121,250
DA:122,250
DA:137,1816
DA:138,1816
DA:139,1
DA:140,1
DA:144,1815
DA:147,1815
DA:148,6
DA:149,6
DA:153,1815
DA:154,1
DA:155,1
DA:158,1814
DA:159,1814
DA:170,1814
DA:171,1814
DA:173,1814
DA:174,1814
DA:181,30
DA:182,30
DA:184,29
DA:185,29
DA:188,25
DA:189,25
DA:191,25
DA:198,17
DA:199,17
DA:201,16
DA:202,16
DA:204,15
DA:205,15
DA:208,15
DA:209,15
DA:210,1
DA:211,14
DA:221,13
DA:223,1
DA:224,1
DA:225,3
DA:229,0
DA:234,15
DA:235,15
DA:242,6
DA:243,6
DA:245,6
DA:246,14
DA:248,6
DA:249,1
DA:250,1
DA:254,5
DA:256,5
DA:257,5
DA:259,5
DA:260,9
DA:262,5
DA:263,5
DA:264,5
DA:267,5
DA:274,5
DA:276,3
DA:277,2
DA:280,3
DA:281,1
DA:284,2
DA:285,1
DA:288,1
DA:289,1
DA:290,2
DA:291,2
DA:292,0
DA:294,1
DA:302,248
DA:303,248
DA:305,247
DA:306,247
DA:309,247
DA:310,1798
DA:311,1779
DA:312,2
DA:313,1777
DA:323,1768
DA:325,9
DA:326,9
DA:327,10
DA:331,0
DA:337,247
DA:338,247
DA:340,247
DA:347,4
DA:349,4
DA:352,4
DA:355,4
DA:356,3
DA:357,3
DA:360,4
DA:361,4
DA:363,4
DA:370,4
DA:371,4
DA:373,4
DA:375,4
DA:376,16
DA:378,2
DA:383,16
DA:384,1
DA:385,1
DA:389,4
DA:390,1
DA:404,4
DA:405,4
DA:412,4
DA:414,4
DA:415,16
DA:416,205
DA:419,205
DA:420,203
DA:431,4
DA:432,3
DA:433,3
DA:434,203
DA:438,4
DA:445,56
DA:446,0
DA:448,0
DA:449,0
DA:451,0
DA:452,0
DA:453,0
DA:457,0
DA:458,0
DA:459,0
DA:460,0
DA:461,0
DA:462,0
DA:468,56
DA:475,0
DA:476,0
DA:477,0
DA:479,0
DA:481,0
DA:482,0
DA:490,1001849
DA:492,1001845
DA:493,1783
DA:496,1000062
DA:497,35
DA:500,1000027
DA:501,1000012
DA:504,15
DA:505,1
DA:509,14
DA:510,1
DA:513,13
DA:514,3
DA:515,3
DA:516,1000008
DA:518,3
DA:522,10
DA:523,10
DA:524,10
DA:525,10
DA:526,13
DA:529,10
DA:533,0
DA:540,117
DA:541,464
DA:543,117
DA:544,464
DA:547,117
DA:548,117
DA:549,0
DA:550,0
DA:551,0
DA:552,0
DA:553,0
DA:557,117
DA:558,117
DA:559,117
DA:561,117
DA:562,464
DA:563,50026
DA:564,50026
DA:566,50026
DA:567,8
DA:572,117
DA:590,117
DA:591,464
DA:598,21
DA:605,2
DA:612,8
DA:613,8
DA:620,59
DA:621,55
DA:622,55
DA:626,59
DA:627,246
DA:630,59
DA:631,59
DA:633,59
DA:638,1
LF:217
LH:190
BRDA:109,0,0,3
BRDA:115,1,0,250
BRDA:115,1,1,3
BRDA:118,2,0,250
BRDA:118,2,1,5
BRDA:132,3,0,1808
BRDA:138,4,0,1
BRDA:147,5,0,6
BRDA:153,6,0,1
BRDA:166,7,0,1814
BRDA:166,7,1,1808
BRDA:182,8,0,1
BRDA:185,9,0,4
BRDA:199,10,0,1
BRDA:202,11,0,1
BRDA:208,12,0,15
BRDA:208,13,0,15
BRDA:208,13,1,15
BRDA:209,14,0,1
BRDA:209,14,1,14
BRDA:211,15,0,13
BRDA:211,15,1,1
BRDA:211,16,0,14
BRDA:211,16,1,1
BRDA:211,16,2,1
BRDA:211,16,3,1
BRDA:211,16,4,1
BRDA:211,16,5,1
BRDA:211,16,6,1
BRDA:211,16,7,1
BRDA:211,16,8,1
BRDA:243,17,0,0
BRDA:248,18,0,1
BRDA:260,19,0,4
BRDA:274,20,0,2
BRDA:274,20,1,1
BRDA:274,20,2,1
BRDA:274,20,3,1
BRDA:291,21,0,2
BRDA:303,22,0,1
BRDA:310,23,0,1779
BRDA:310,24,0,1798
BRDA:310,24,1,1794
BRDA:311,25,0,2
BRDA:311,25,1,1777
BRDA:313,26,0,1768
BRDA:313,26,1,9
BRDA:313,27,0,1777
BRDA:313,27,1,9
BRDA:313,27,2,9
BRDA:313,27,3,9
BRDA:313,27,4,9
BRDA:313,27,5,9
BRDA:313,27,6,9
BRDA:313,27,7,9
BRDA:313,27,8,9
BRDA:355,28,0,3
BRDA:378,29,0,2
BRDA:378,29,1,2
BRDA:378,29,2,2
BRDA:389,30,0,1
BRDA:419,31,0,203
BRDA:419,32,0,205
BRDA:419,32,1,204
BRDA:431,33,0,3
BRDA:451,34,0,0
BRDA:457,35,0,0
BRDA:459,36,0,0
BRDA:481,37,0,0
BRDA:489,38,0,1815
BRDA:490,39,0,4
BRDA:490,40,0,1001849
BRDA:490,40,1,1001847
BRDA:492,41,0,1783
BRDA:492,42,0,1001845
BRDA:492,42,1,1000062
BRDA:496,43,0,35
BRDA:500,44,0,1000012
BRDA:504,45,0,1
BRDA:509,46,0,1
BRDA:509,47,0,14
BRDA:509,47,1,14
BRDA:513,48,0,3
BRDA:522,49,0,10
BRDA:548,50,0,0
BRDA:553,51,0,0
BRDA:553,51,1,0
BRDA:566,52,0,8
BRDA:566,53,0,50026
BRDA:566,53,1,9
BRDA:598,54,0,21
BRDA:598,54,1,1
BRDA:620,55,0,55
BRF:93
BRH:85
end_of_record
