TN:
SF:src/tools/PythonDecoderAnalyzer.ts
FN:98,(anonymous_0)
FN:105,(anonymous_1)
FN:119,(anonymous_2)
FN:150,(anonymous_3)
FN:206,(anonymous_4)
FN:253,(anonymous_5)
FN:281,(anonymous_6)
FN:288,(anonymous_7)
FN:305,(anonymous_8)
FN:335,(anonymous_9)
FN:339,(anonymous_10)
FN:342,(anonymous_11)
FN:367,(anonymous_12)
FN:371,(anonymous_13)
FN:374,(anonymous_14)
FN:375,(anonymous_15)
FN:393,(anonymous_16)
FN:408,(anonymous_17)
FN:431,(anonymous_18)
FN:449,(anonymous_19)
FN:450,(anonymous_20)
FN:474,(anonymous_21)
FN:498,(anonymous_22)
FN:529,(anonymous_23)
FN:539,(anonymous_24)
FN:570,(anonymous_25)
FN:578,(anonymous_26)
FN:584,(anonymous_27)
FN:585,(anonymous_28)
FN:586,(anonymous_29)
FN:590,(anonymous_30)
FN:591,(anonymous_31)
FN:592,(anonymous_32)
FN:595,(anonymous_33)
FN:599,(anonymous_34)
FN:609,(anonymous_35)
FN:621,(anonymous_36)
FN:621,(anonymous_37)
FN:622,(anonymous_38)
FN:636,(anonymous_39)
FNF:40
FNH:40
FNDA:36,(anonymous_0)
FNDA:36,(anonymous_1)
FNDA:42,(anonymous_2)
FNDA:42,(anonymous_3)
FNDA:175,(anonymous_4)
FNDA:136,(anonymous_5)
FNDA:136,(anonymous_6)
FNDA:272,(anonymous_7)
FNDA:41,(anonymous_8)
FNDA:41,(anonymous_9)
FNDA:127,(anonymous_10)
FNDA:35,(anonymous_11)
FNDA:41,(anonymous_12)
FNDA:95,(anonymous_13)
FNDA:24,(anonymous_14)
FNDA:35,(anonymous_15)
FNDA:14,(anonymous_16)
FNDA:41,(anonymous_17)
FNDA:41,(anonymous_18)
FNDA:136,(anonymous_19)
FNDA:136,(anonymous_20)
FNDA:14,(anonymous_21)
FNDA:41,(anonymous_22)
FNDA:136,(anonymous_23)
FNDA:136,(anonymous_24)
FNDA:41,(anonymous_25)
FNDA:5,(anonymous_26)
FNDA:8,(anonymous_27)
FNDA:8,(anonymous_28)
FNDA:8,(anonymous_29)
FNDA:8,(anonymous_30)
FNDA:8,(anonymous_31)
FNDA:8,(anonymous_32)
FNDA:15,(anonymous_33)
FNDA:8,(anonymous_34)
FNDA:52,(anonymous_35)
FNDA:8,(anonymous_36)
FNDA:52,(anonymous_37)
FNDA:8,(anonymous_38)
FNDA:4,(anonymous_39)
DA:94,1
DA:95,36
DA:96,36
DA:99,36
DA:106,36
DA:107,36
DA:108,36
DA:109,36
DA:110,36
DA:111,36
DA:112,36
DA:113,36
DA:120,42
DA:123,42
DA:126,41
DA:129,41
DA:132,41
DA:134,41
DA:143,41
DA:144,41
DA:151,42
DA:152,41
DA:159,41
DA:160,41
DA:161,41
DA:162,41
DA:163,41
DA:165,41
DA:166,1138
DA:167,1138
DA:170,1138
DA:171,1138
DA:172,14
DA:173,14
DA:177,1124
DA:178,1124
DA:179,115
DA:180,115
DA:181,115
DA:184,115
DA:185,113
DA:186,113
DA:187,6
DA:190,115
DA:193,1009
DA:196,961
DA:197,961
DA:199,136
DA:200,104
DA:204,136
DA:206,175
DA:213,136
DA:214,136
DA:215,136
DA:216,136
DA:220,825
DA:221,583
DA:222,583
DA:223,583
DA:226,0
DA:227,0
DA:228,0
DA:229,0
DA:234,825
DA:235,242
DA:236,242
DA:237,0
DA:243,41
DA:244,32
DA:247,41
DA:258,136
DA:259,136
DA:260,136
DA:262,136
DA:275,136
DA:282,136
DA:283,136
DA:288,136
DA:290,272
DA:291,410
DA:292,410
DA:294,16
DA:299,136
DA:307,41
DA:310,41
DA:314,41
DA:317,41
DA:320,41
DA:322,41
DA:336,41
DA:339,127
DA:340,41
DA:342,25
DA:343,35
DA:344,10
DA:354,41
DA:355,38
DA:361,41
DA:368,41
DA:371,95
DA:372,41
DA:374,12
DA:375,35
DA:376,24
DA:377,11
DA:378,11
DA:380,11
DA:381,1
DA:382,1
DA:383,10
DA:384,7
DA:385,7
DA:386,3
DA:387,0
DA:388,0
DA:391,11
DA:393,14
DA:402,41
DA:409,41
DA:410,41
DA:413,41
DA:414,31
DA:415,31
DA:416,1
DA:417,25
DA:418,2
DA:419,1
DA:420,1
DA:421,1
DA:425,41
DA:432,41
DA:433,41
DA:436,41
DA:437,41
DA:438,6
DA:439,6
DA:440,35
DA:441,2
DA:442,2
DA:444,33
DA:445,33
DA:449,136
DA:450,136
DA:452,41
DA:453,6
DA:454,6
DA:455,35
DA:456,0
DA:457,0
DA:459,35
DA:460,35
DA:464,41
DA:465,41
DA:466,1
DA:467,1
DA:468,40
DA:469,1
DA:470,1
DA:474,41
DA:475,14
DA:477,41
DA:478,9
DA:479,9
DA:484,41
DA:485,34
DA:486,7
DA:487,7
DA:489,0
DA:492,41
DA:502,41
DA:503,41
DA:506,41
DA:513,41
DA:521,41
DA:529,136
DA:530,39
DA:539,136
DA:540,41
DA:541,15
DA:550,41
DA:557,41
DA:564,41
DA:571,41
DA:572,41
DA:579,5
DA:582,5
DA:583,5
DA:584,8
DA:585,8
DA:586,8
DA:589,5
DA:590,8
DA:591,8
DA:592,8
DA:595,5
DA:596,15
DA:598,8
DA:599,8
DA:600,8
DA:601,8
DA:602,8
DA:603,8
DA:604,8
DA:605,8
DA:606,8
DA:607,8
DA:608,8
DA:609,52
DA:614,5
DA:615,5
DA:616,5
DA:617,5
DA:618,5
DA:621,52
DA:622,8
DA:623,5
DA:625,5
DA:626,5
DA:627,5
DA:628,5
DA:630,5
DA:637,4
DA:639,4
DA:641,4
DA:642,6
DA:643,6
DA:644,5
DA:646,1
DA:650,4
DA:651,4
LF:230
LH:220
BRDA:171,0,0,14
BRDA:171,1,0,1138
BRDA:171,1,1,14
BRDA:178,2,0,115
BRDA:184,3,0,113
BRDA:186,4,0,6
BRDA:193,5,0,48
BRDA:197,6,0,136
BRDA:199,7,0,104
BRDA:206,8,0,136
BRDA:206,8,1,0
BRDA:220,9,0,583
BRDA:220,10,0,825
BRDA:220,10,1,583
BRDA:222,11,0,583
BRDA:222,11,1,0
BRDA:222,12,0,583
BRDA:222,12,1,57
BRDA:234,13,0,242
BRDA:234,14,0,825
BRDA:234,14,1,825
BRDA:236,15,0,0
BRDA:243,16,0,32
BRDA:259,17,0,136
BRDA:259,17,1,125
BRDA:260,18,0,136
BRDA:260,18,1,127
BRDA:292,19,0,16
BRDA:292,20,0,410
BRDA:292,20,1,24
BRDA:310,21,0,41
BRDA:310,21,1,35
BRDA:325,22,0,41
BRDA:325,22,1,35
BRDA:340,23,0,25
BRDA:343,24,0,10
BRDA:343,25,0,35
BRDA:343,25,1,10
BRDA:354,26,0,38
BRDA:372,27,0,12
BRDA:376,28,0,11
BRDA:376,29,0,24
BRDA:376,29,1,11
BRDA:380,30,0,1
BRDA:380,30,1,10
BRDA:380,31,0,11
BRDA:380,31,1,11
BRDA:383,32,0,7
BRDA:383,32,1,3
BRDA:386,33,0,0
BRDA:415,34,0,1
BRDA:415,34,1,25
BRDA:415,34,2,2
BRDA:415,34,3,1
BRDA:415,34,4,1
BRDA:415,34,5,1
BRDA:437,35,0,6
BRDA:437,35,1,35
BRDA:440,36,0,2
BRDA:440,36,1,33
BRDA:452,37,0,6
BRDA:452,37,1,35
BRDA:452,38,0,41
BRDA:452,38,1,35
BRDA:455,39,0,0
BRDA:455,39,1,35
BRDA:455,40,0,35
BRDA:455,40,1,35
BRDA:465,41,0,1
BRDA:465,41,1,40
BRDA:468,42,0,1
BRDA:475,43,0,14
BRDA:475,43,1,14
BRDA:477,44,0,9
BRDA:484,45,0,34
BRDA:484,45,1,7
BRDA:486,46,0,7
BRDA:486,46,1,0
BRDA:540,47,0,15
BRDA:596,48,0,7
BRF:80
BRH:74
end_of_record
TN:
SF:src/tools/TypeScriptCodeGenerator.ts
FN:45,(anonymous_0)
FN:59,(anonymous_1)
FN:86,(anonymous_2)
FN:132,(anonymous_3)
FN:139,(anonymous_4)
FN:149,(anonymous_5)
FN:166,(anonymous_6)
FN:187,(anonymous_7)
FN:207,(anonymous_8)
FN:229,(anonymous_9)
FN:255,(anonymous_10)
FN:283,(anonymous_11)
FN:294,(anonymous_12)
FN:304,(anonymous_13)
FN:305,(anonymous_14)
FN:306,(anonymous_15)
FN:317,(anonymous_16)
FN:332,(anonymous_17)
FN:382,(anonymous_18)
FN:401,(anonymous_19)
FN:427,(anonymous_20)
FN:434,(anonymous_21)
FN:445,(anonymous_22)
FN:478,(anonymous_23)
FN:512,(anonymous_24)
FN:522,(anonymous_25)
FN:537,(anonymous_26)
FNF:27
FNH:27
FNDA:50,(anonymous_0)
FNDA:54,(anonymous_1)
FNDA:52,(anonymous_2)
FNDA:50,(anonymous_3)
FNDA:144,(anonymous_4)
FNDA:52,(anonymous_5)
FNDA:4,(anonymous_6)
FNDA:52,(anonymous_7)
FNDA:51,(anonymous_8)
FNDA:51,(anonymous_9)
FNDA:191,(anonymous_10)
FNDA:667,(anonymous_11)
FNDA:144,(anonymous_12)
FNDA:290,(anonymous_13)
FNDA:193,(anonymous_14)
FNDA:291,(anonymous_15)
FNDA:144,(anonymous_16)
FNDA:144,(anonymous_17)
FNDA:47,(anonymous_18)
FNDA:193,(anonymous_19)
FNDA:236,(anonymous_20)
FNDA:94,(anonymous_21)
FNDA:47,(anonymous_22)
FNDA:5,(anonymous_23)
FNDA:51,(anonymous_24)
FNDA:51,(anonymous_25)
FNDA:4,(anonymous_26)
DA:41,1
DA:43,50
DA:46,50
DA:60,54
DA:62,52
DA:63,51
DA:64,51
DA:66,51
DA:73,51
DA:75,51
DA:87,52
DA:88,52
DA:91,52
DA:92,50
DA:96,52
DA:97,52
DA:100,52
DA:101,4
DA:102,4
DA:106,52
DA:107,51
DA:110,51
DA:111,51
DA:114,51
DA:115,51
DA:118,51
DA:119,191
DA:120,191
DA:124,51
DA:126,51
DA:133,50
DA:139,144
DA:143,50
DA:150,52
DA:156,52
DA:157,48
DA:160,52
DA:167,4
DA:169,3
DA:171,3
DA:172,12
DA:173,8
DA:176,12
DA:177,12
DA:180,3
DA:181,3
DA:188,52
DA:189,52
DA:191,52
DA:192,50
DA:193,50
DA:194,50
DA:195,49
DA:198,51
DA:199,51
DA:201,51
DA:208,51
DA:209,51
DA:212,51
DA:213,51
DA:214,51
DA:215,51
DA:216,51
DA:219,51
DA:220,245
DA:223,51
DA:230,51
DA:231,51
DA:233,51
DA:234,49
DA:235,49
DA:236,49
DA:239,51
DA:240,51
DA:243,51
DA:244,245
DA:247,51
DA:249,51
DA:256,191
DA:257,191
DA:260,191
DA:262,144
DA:263,138
DA:264,138
DA:265,138
DA:266,136
DA:268,138
DA:272,144
DA:273,144
DA:274,144
DA:276,144
DA:277,144
DA:279,144
DA:282,144
DA:283,667
DA:284,144
DA:286,144
DA:288,144
DA:295,144
DA:296,47
DA:303,97
DA:304,290
DA:306,291
DA:307,193
DA:308,193
DA:309,193
DA:318,144
DA:319,47
DA:322,97
DA:323,48
DA:326,49
DA:333,144
DA:334,47
DA:338,97
DA:341,97
DA:342,97
DA:345,97
DA:346,97
DA:347,97
DA:348,97
DA:351,97
DA:352,97
DA:353,97
DA:354,97
DA:355,97
DA:356,97
DA:359,97
DA:360,97
DA:361,97
DA:364,97
DA:365,97
DA:366,97
DA:369,97
DA:370,97
DA:373,97
DA:374,97
DA:376,97
DA:383,47
DA:395,47
DA:402,193
DA:404,98
DA:406,1
DA:409,97
DA:410,1
DA:413,96
DA:414,95
DA:417,1
DA:418,1
DA:421,0
DA:428,236
DA:429,94
DA:430,47
DA:431,47
DA:433,48
DA:434,94
DA:435,47
DA:437,1
DA:438,0
DA:446,47
DA:448,47
DA:449,47
DA:452,47
DA:453,44
DA:455,44
DA:456,177
DA:457,177
DA:458,177
DA:461,44
DA:465,47
DA:466,47
DA:467,135
DA:468,135
DA:470,47
DA:472,47
DA:479,5
DA:481,5
DA:482,5
DA:483,5
DA:484,5
DA:486,5
DA:487,5
DA:489,5
DA:490,5
DA:491,5
DA:493,5
DA:494,5
DA:495,5
DA:496,5
DA:498,5
DA:499,5
DA:500,5
DA:501,5
DA:502,5
DA:504,5
DA:506,5
DA:513,51
DA:514,51
DA:515,51
DA:516,51
DA:523,51
DA:525,49
DA:531,2
DA:538,4
DA:540,4
DA:542,4
DA:543,8
DA:544,8
DA:545,5
DA:547,3
DA:548,3
DA:552,4
DA:553,4
LF:212
LH:210
BRDA:45,0,0,35
BRDA:63,1,0,47
BRDA:63,1,1,4
BRDA:64,2,0,5
BRDA:64,2,1,46
BRDA:91,3,0,50
BRDA:100,4,0,4
BRDA:156,5,0,48
BRDA:167,6,0,1
BRDA:172,7,0,8
BRDA:191,8,0,50
BRDA:233,9,0,49
BRDA:260,10,0,47
BRDA:262,11,0,138
BRDA:265,12,0,136
BRDA:265,13,0,138
BRDA:265,13,1,47
BRDA:272,14,0,47
BRDA:272,14,1,97
BRDA:276,15,0,47
BRDA:276,15,1,97
BRDA:277,16,0,95
BRDA:277,16,1,49
BRDA:283,17,0,526
BRDA:283,17,1,141
BRDA:295,18,0,47
BRDA:308,19,0,98
BRDA:308,19,1,95
BRDA:318,20,0,47
BRDA:322,21,0,48
BRDA:326,22,0,47
BRDA:326,22,1,2
BRDA:333,23,0,47
BRDA:376,24,0,97
BRDA:376,24,1,1
BRDA:402,25,0,95
BRDA:404,26,0,1
BRDA:404,27,0,98
BRDA:404,27,1,98
BRDA:404,27,2,98
BRDA:404,27,3,97
BRDA:409,28,0,1
BRDA:413,29,0,95
BRDA:413,30,0,96
BRDA:413,30,1,1
BRDA:417,31,0,1
BRDA:428,32,0,94
BRDA:428,32,1,47
BRDA:428,32,2,47
BRDA:428,32,3,48
BRDA:428,32,4,0
BRDA:433,33,0,47
BRDA:433,34,0,48
BRDA:433,34,1,47
BRDA:434,35,0,94
BRDA:434,35,1,0
BRDA:452,36,0,44
BRDA:468,37,0,45
BRDA:468,37,1,90
BRDA:514,38,0,47
BRDA:523,39,0,49
BRDA:547,40,0,3
BRDA:547,40,1,2
BRF:63
BRH:61
end_of_record
