TN:
SF:src/utils/MemoryManager.ts
FN:70,(anonymous_0)
FN:78,(anonymous_1)
FN:109,(anonymous_2)
FN:128,(anonymous_3)
FN:180,(anonymous_4)
FN:197,(anonymous_5)
FN:224,(anonymous_6)
FN:241,(anonymous_7)
FN:246,(anonymous_8)
FN:273,(anonymous_9)
FN:276,(anonymous_10)
FN:280,(anonymous_11)
FN:284,(anonymous_12)
FN:289,(anonymous_13)
FN:301,(anonymous_14)
FN:326,(anonymous_15)
FN:346,(anonymous_16)
FN:369,(anonymous_17)
FN:377,(anonymous_18)
FN:397,(anonymous_19)
FN:433,(anonymous_20)
FN:444,(anonymous_21)
FN:445,(anonymous_22)
FN:461,(anonymous_23)
FN:474,(anonymous_24)
FN:477,(anonymous_25)
FN:489,(anonymous_26)
FN:516,(anonymous_27)
FN:525,(anonymous_28)
FN:539,(anonymous_29)
FN:541,(anonymous_30)
FN:544,(anonymous_31)
FN:589,(anonymous_32)
FN:591,(anonymous_33)
FN:597,(anonymous_34)
FN:604,(anonymous_35)
FN:611,(anonymous_36)
FN:619,(anonymous_37)
FNF:38
FNH:37
FNDA:83,(anonymous_0)
FNDA:83,(anonymous_1)
FNDA:360,(anonymous_2)
FNDA:1874,(anonymous_3)
FNDA:31,(anonymous_4)
FNDA:45,(anonymous_5)
FNDA:8,(anonymous_6)
FNDA:7,(anonymous_7)
FNDA:17,(anonymous_8)
FNDA:6,(anonymous_9)
FNDA:3,(anonymous_10)
FNDA:3,(anonymous_11)
FNDA:2,(anonymous_12)
FNDA:5,(anonymous_13)
FNDA:352,(anonymous_14)
FNDA:16,(anonymous_15)
FNDA:15,(anonymous_16)
FNDA:15,(anonymous_17)
FNDA:123,(anonymous_18)
FNDA:41,(anonymous_19)
FNDA:221,(anonymous_20)
FNDA:83,(anonymous_21)
FNDA:48,(anonymous_22)
FNDA:0,(anonymous_23)
FNDA:315,(anonymous_24)
FNDA:1260,(anonymous_25)
FNDA:1004404,(anonymous_26)
FNDA:1001014,(anonymous_27)
FNDA:759,(anonymous_28)
FNDA:194,(anonymous_29)
FNDA:769,(anonymous_30)
FNDA:769,(anonymous_31)
FNDA:194,(anonymous_32)
FNDA:769,(anonymous_33)
FNDA:26,(anonymous_34)
FNDA:2,(anonymous_35)
FNDA:12,(anonymous_36)
FNDA:85,(anonymous_37)
DA:61,3
DA:62,83
DA:63,83
DA:64,83
DA:65,83
DA:66,83
DA:67,83
DA:68,83
DA:71,83
DA:72,83
DA:80,83
DA:86,83
DA:92,83
DA:98,83
DA:103,83
DA:113,360
DA:121,360
DA:122,360
DA:137,1874
DA:138,1874
DA:139,1
DA:140,1
DA:144,1873
DA:147,1872
DA:148,7
DA:149,7
DA:153,1872
DA:154,1
DA:155,1
DA:158,1871
DA:159,1871
DA:170,1871
DA:171,1871
DA:173,1871
DA:174,1871
DA:181,31
DA:182,31
DA:184,30
DA:185,30
DA:188,26
DA:189,26
DA:191,26
DA:198,45
DA:199,45
DA:201,44
DA:202,44
DA:204,43
DA:205,43
DA:208,43
DA:209,43
DA:210,1
DA:211,42
DA:221,34
DA:223,8
DA:224,8
DA:225,8
DA:229,2
DA:234,43
DA:235,43
DA:242,7
DA:243,7
DA:245,7
DA:246,17
DA:248,7
DA:249,1
DA:250,1
DA:254,6
DA:256,6
DA:257,6
DA:259,6
DA:260,11
DA:262,6
DA:263,6
DA:264,6
DA:267,6
DA:274,6
DA:276,3
DA:277,2
DA:280,3
DA:281,1
DA:284,2
DA:285,1
DA:288,2
DA:289,2
DA:290,5
DA:291,5
DA:292,3
DA:294,2
DA:302,352
DA:303,352
DA:305,351
DA:306,351
DA:309,351
DA:310,1827
DA:311,1804
DA:312,3
DA:313,1801
DA:323,1787
DA:325,14
DA:326,14
DA:327,16
DA:331,2
DA:337,351
DA:338,351
DA:340,351
DA:347,15
DA:349,15
DA:352,15
DA:355,15
DA:356,3
DA:357,3
DA:360,15
DA:361,15
DA:363,15
DA:370,15
DA:371,15
DA:373,15
DA:375,15
DA:376,60
DA:378,123
DA:383,60
DA:384,12
DA:385,12
DA:389,15
DA:390,2
DA:404,41
DA:405,41
DA:412,41
DA:414,41
DA:415,164
DA:416,301
DA:419,301
DA:420,221
DA:431,41
DA:432,9
DA:433,9
DA:434,221
DA:438,41
DA:445,83
DA:446,48
DA:448,48
DA:449,48
DA:451,48
DA:452,11
DA:453,11
DA:457,48
DA:458,36
DA:459,36
DA:460,0
DA:461,0
DA:462,0
DA:468,83
DA:475,315
DA:476,315
DA:477,1260
DA:479,315
DA:481,315
DA:482,20
DA:490,1004404
DA:492,1004400
DA:493,1818
DA:496,1002582
DA:497,788
DA:500,1001794
DA:501,1001729
DA:504,65
DA:505,1
DA:509,64
DA:510,4
DA:513,60
DA:514,15
DA:515,15
DA:516,1001014
DA:518,15
DA:522,45
DA:523,42
DA:524,42
DA:525,42
DA:526,759
DA:529,42
DA:533,3
DA:540,194
DA:541,769
DA:543,194
DA:544,769
DA:547,194
DA:548,194
DA:549,68
DA:550,68
DA:551,68
DA:552,68
DA:553,68
DA:557,194
DA:558,194
DA:559,194
DA:561,194
DA:562,769
DA:563,50478
DA:564,50478
DA:566,50478
DA:567,84
DA:572,194
DA:590,194
DA:591,769
DA:598,26
DA:605,2
DA:612,12
DA:613,12
DA:620,85
DA:621,80
DA:622,80
DA:626,85
DA:627,348
DA:630,85
DA:631,85
DA:633,85
DA:638,3
LF:217
LH:214
BRDA:109,0,0,3
BRDA:115,1,0,360
BRDA:115,1,1,3
BRDA:118,2,0,360
BRDA:118,2,1,6
BRDA:132,3,0,1863
BRDA:138,4,0,1
BRDA:147,5,0,7
BRDA:153,6,0,1
BRDA:166,7,0,1871
BRDA:166,7,1,1862
BRDA:182,8,0,1
BRDA:185,9,0,4
BRDA:199,10,0,1
BRDA:202,11,0,1
BRDA:208,12,0,43
BRDA:208,13,0,43
BRDA:208,13,1,43
BRDA:209,14,0,1
BRDA:209,14,1,42
BRDA:211,15,0,34
BRDA:211,15,1,8
BRDA:211,16,0,42
BRDA:211,16,1,19
BRDA:211,16,2,18
BRDA:211,16,3,17
BRDA:211,16,4,16
BRDA:211,16,5,15
BRDA:211,16,6,14
BRDA:211,16,7,13
BRDA:211,16,8,12
BRDA:243,17,0,0
BRDA:248,18,0,1
BRDA:260,19,0,5
BRDA:274,20,0,2
BRDA:274,20,1,1
BRDA:274,20,2,1
BRDA:274,20,3,2
BRDA:291,21,0,2
BRDA:303,22,0,1
BRDA:310,23,0,1804
BRDA:310,24,0,1827
BRDA:310,24,1,1823
BRDA:311,25,0,3
BRDA:311,25,1,1801
BRDA:313,26,0,1787
BRDA:313,26,1,14
BRDA:313,27,0,1801
BRDA:313,27,1,15
BRDA:313,27,2,15
BRDA:313,27,3,15
BRDA:313,27,4,15
BRDA:313,27,5,15
BRDA:313,27,6,15
BRDA:313,27,7,15
BRDA:313,27,8,15
BRDA:355,28,0,3
BRDA:378,29,0,123
BRDA:378,29,1,123
BRDA:378,29,2,13
BRDA:389,30,0,2
BRDA:419,31,0,221
BRDA:419,32,0,301
BRDA:419,32,1,222
BRDA:431,33,0,9
BRDA:451,34,0,11
BRDA:457,35,0,36
BRDA:459,36,0,0
BRDA:481,37,0,20
BRDA:489,38,0,1873
BRDA:490,39,0,4
BRDA:490,40,0,1004404
BRDA:490,40,1,1004402
BRDA:492,41,0,1818
BRDA:492,42,0,1004400
BRDA:492,42,1,1002588
BRDA:496,43,0,788
BRDA:500,44,0,1001729
BRDA:504,45,0,1
BRDA:509,46,0,4
BRDA:509,47,0,64
BRDA:509,47,1,61
BRDA:513,48,0,15
BRDA:522,49,0,42
BRDA:548,50,0,68
BRDA:553,51,0,67
BRDA:553,51,1,1
BRDA:566,52,0,84
BRDA:566,53,0,50478
BRDA:566,53,1,85
BRDA:598,54,0,26
BRDA:598,54,1,1
BRDA:620,55,0,80
BRF:93
BRH:91
end_of_record
