TN:
SF:src/webview/main.ts
FNF:0
FNH:0
DA:1,1
DA:2,1
DA:3,1
DA:4,1
DA:5,0
DA:6,0
DA:22,0
DA:25,0
DA:26,0
DA:29,0
DA:32,0
DA:35,0
DA:38,0
DA:39,0
LF:14
LH:4
BRDA:38,0,0,0
BRF:1
BRH:0
end_of_record
TN:
SF:src/webview/shims-vue.d.ts
FNF:0
FNH:0
LF:0
LH:0
BRF:0
BRH:0
end_of_record
TN:
SF:src/webview/engines/AnnotationRenderer.ts
FN:37,(anonymous_0)
FN:55,(anonymous_1)
FN:63,(anonymous_2)
FN:79,(anonymous_3)
FN:104,(anonymous_4)
FN:111,(anonymous_5)
FN:159,(anonymous_6)
FN:170,(anonymous_7)
FN:191,(anonymous_8)
FN:203,(anonymous_9)
FN:214,(anonymous_10)
FN:223,(anonymous_11)
FN:232,(anonymous_12)
FN:239,(anonymous_13)
FN:247,(anonymous_14)
FN:249,(anonymous_15)
FN:262,(anonymous_16)
FN:264,(anonymous_17)
FN:344,(anonymous_18)
FN:361,(anonymous_19)
FN:419,(anonymous_20)
FN:435,(anonymous_21)
FN:482,(anonymous_22)
FN:540,(anonymous_23)
FN:562,(anonymous_24)
FN:576,(anonymous_25)
FN:606,(anonymous_26)
FN:622,(anonymous_27)
FNF:28
FNH:6
FNDA:1,(anonymous_0)
FNDA:1,(anonymous_1)
FNDA:0,(anonymous_2)
FNDA:0,(anonymous_3)
FNDA:0,(anonymous_4)
FNDA:0,(anonymous_5)
FNDA:1,(anonymous_6)
FNDA:0,(anonymous_7)
FNDA:1,(anonymous_8)
FNDA:0,(anonymous_9)
FNDA:0,(anonymous_10)
FNDA:0,(anonymous_11)
FNDA:0,(anonymous_12)
FNDA:0,(anonymous_13)
FNDA:0,(anonymous_14)
FNDA:0,(anonymous_15)
FNDA:2,(anonymous_16)
FNDA:0,(anonymous_17)
FNDA:0,(anonymous_18)
FNDA:0,(anonymous_19)
FNDA:0,(anonymous_20)
FNDA:0,(anonymous_21)
FNDA:0,(anonymous_22)
FNDA:0,(anonymous_23)
FNDA:0,(anonymous_24)
FNDA:0,(anonymous_25)
FNDA:0,(anonymous_26)
FNDA:1,(anonymous_27)
DA:6,1
DA:19,1
DA:27,1
DA:28,1
DA:29,1
DA:30,1
DA:31,1
DA:34,1
DA:35,1
DA:38,1
DA:39,1
DA:40,1
DA:41,0
DA:43,1
DA:45,1
DA:46,1
DA:47,1
DA:49,1
DA:56,1
DA:57,1
DA:64,0
DA:66,0
DA:67,0
DA:68,0
DA:70,0
DA:71,0
DA:72,0
DA:75,0
DA:76,0
DA:77,0
DA:78,0
DA:79,0
DA:80,0
DA:84,0
DA:85,0
DA:91,0
DA:94,0
DA:98,0
DA:105,0
DA:112,0
DA:114,0
DA:117,0
DA:119,0
DA:120,0
DA:121,0
DA:122,0
DA:139,0
DA:140,0
DA:141,0
DA:143,0
DA:150,0
DA:152,0
DA:153,0
DA:160,1
DA:161,1
DA:162,0
DA:164,1
DA:171,0
DA:174,0
DA:175,0
DA:177,0
DA:178,0
DA:179,0
DA:180,0
DA:181,0
DA:182,0
DA:184,0
DA:192,1
DA:193,1
DA:195,1
DA:196,1
DA:204,0
DA:206,0
DA:207,0
DA:215,0
DA:216,0
DA:217,0
DA:224,0
DA:225,0
DA:226,0
DA:233,0
DA:240,0
DA:241,0
DA:248,0
DA:249,0
DA:251,0
DA:253,0
DA:254,0
DA:255,0
DA:263,2
DA:264,0
DA:267,2
DA:268,2
DA:269,2
DA:272,0
DA:274,0
DA:275,0
DA:278,0
DA:281,0
DA:282,0
DA:283,0
DA:286,0
DA:287,0
DA:290,0
DA:291,0
DA:294,0
DA:295,0
DA:296,0
DA:297,0
DA:300,0
DA:303,0
DA:304,0
DA:305,0
DA:306,0
DA:308,0
DA:315,0
DA:322,0
DA:323,0
DA:328,0
DA:329,0
DA:330,0
DA:331,0
DA:332,0
DA:333,0
DA:334,0
DA:335,0
DA:336,0
DA:337,0
DA:352,0
DA:355,0
DA:366,0
DA:369,0
DA:372,0
DA:373,0
DA:376,0
DA:377,0
DA:378,0
DA:380,0
DA:381,0
DA:382,0
DA:384,0
DA:385,0
DA:386,0
DA:387,0
DA:390,0
DA:391,0
DA:393,0
DA:394,0
DA:395,0
DA:396,0
DA:398,0
DA:399,0
DA:402,0
DA:403,0
DA:406,0
DA:407,0
DA:410,0
DA:413,0
DA:424,0
DA:427,0
DA:430,0
DA:431,0
DA:434,0
DA:435,0
DA:436,0
DA:440,0
DA:441,0
DA:442,0
DA:443,0
DA:448,0
DA:449,0
DA:450,0
DA:457,0
DA:458,0
DA:465,0
DA:466,0
DA:468,0
DA:472,0
DA:476,0
DA:486,0
DA:487,0
DA:488,0
DA:490,0
DA:491,0
DA:492,0
DA:493,0
DA:495,0
DA:498,0
DA:499,0
DA:500,0
DA:502,0
DA:504,0
DA:505,0
DA:506,0
DA:509,0
DA:510,0
DA:511,0
DA:512,0
DA:515,0
DA:516,0
DA:517,0
DA:520,0
DA:521,0
DA:527,0
DA:528,0
DA:529,0
DA:530,0
DA:534,0
DA:547,0
DA:548,0
DA:549,0
DA:550,0
DA:551,0
DA:552,0
DA:553,0
DA:554,0
DA:555,0
DA:556,0
DA:567,0
DA:568,0
DA:569,0
DA:570,0
DA:582,0
DA:583,0
DA:585,0
DA:588,0
DA:589,0
DA:592,0
DA:593,0
DA:594,0
DA:595,0
DA:597,0
DA:598,0
DA:600,0
DA:607,0
DA:608,0
DA:610,0
DA:611,0
DA:612,0
DA:616,0
DA:623,1
DA:624,1
DA:625,1
LF:243
LH:33
BRDA:40,0,0,0
BRDA:64,1,0,0
BRDA:78,2,0,0
BRDA:80,3,0,0
BRDA:80,3,1,0
BRDA:80,3,2,0
BRDA:84,4,0,0
BRDA:112,5,0,0
BRDA:112,6,0,0
BRDA:112,6,1,0
BRDA:139,7,0,0
BRDA:139,7,1,0
BRDA:161,8,0,0
BRDA:171,9,0,0
BRDA:177,10,0,0
BRDA:177,10,1,0
BRDA:179,11,0,0
BRDA:179,11,1,0
BRDA:181,12,0,0
BRDA:181,12,1,0
BRDA:195,13,0,1
BRDA:206,14,0,0
BRDA:253,15,0,0
BRDA:267,16,0,2
BRDA:328,17,0,0
BRDA:402,18,0,0
BRDA:402,18,1,0
BRDA:406,19,0,0
BRDA:436,20,0,0
BRDA:436,20,1,0
BRDA:448,21,0,0
BRDA:448,21,1,0
BRDA:465,22,0,0
BRDA:465,22,1,0
BRDA:502,23,0,0
BRDA:502,23,1,0
BRDA:502,23,2,0
BRDA:502,23,3,0
BRDA:585,24,0,0
BRDA:589,25,0,0
BRDA:611,26,0,0
BRF:41
BRH:2
end_of_record
TN:
SF:src/webview/engines/AnnotationTypes.ts
FN:28,(anonymous_0)
FN:88,(anonymous_1)
FN:90,(anonymous_2)
FN:100,(anonymous_3)
FN:109,(anonymous_4)
FN:121,(anonymous_5)
FNF:6
FNH:6
FNDA:1,(anonymous_0)
FNDA:1,(anonymous_1)
FNDA:3,(anonymous_2)
FNDA:2,(anonymous_3)
FNDA:1,(anonymous_4)
FNDA:1,(anonymous_5)
DA:28,1
DA:29,1
DA:30,1
DA:31,1
DA:32,1
DA:69,1
DA:73,1
DA:91,3
DA:92,1
DA:94,3
DA:102,2
DA:103,2
DA:111,1
DA:112,1
DA:114,1
DA:115,1
DA:122,1
DA:123,1
DA:132,1
DA:141,1
LF:20
LH:20
BRDA:28,0,0,1
BRDA:28,0,1,1
BRDA:91,1,0,1
BRDA:112,2,0,0
BRDA:115,3,0,0
BRDA:115,3,1,1
BRDA:123,4,0,1
BRDA:123,4,1,0
BRF:8
BRH:5
end_of_record
TN:
SF:src/webview/engines/ChannelLayoutManager.ts
FN:58,(anonymous_0)
FN:74,(anonymous_1)
FN:82,(anonymous_2)
FN:91,(anonymous_3)
FN:114,(anonymous_4)
FN:117,(anonymous_5)
FN:141,(anonymous_6)
FN:149,(anonymous_7)
FN:150,(anonymous_8)
FN:156,(anonymous_9)
FN:163,(anonymous_10)
FN:175,(anonymous_11)
FN:176,(anonymous_12)
FN:182,(anonymous_13)
FN:192,(anonymous_14)
FN:199,(anonymous_15)
FN:200,(anonymous_16)
FN:206,(anonymous_17)
FNF:18
FNH:0
FNDA:0,(anonymous_0)
FNDA:0,(anonymous_1)
FNDA:0,(anonymous_2)
FNDA:0,(anonymous_3)
FNDA:0,(anonymous_4)
FNDA:0,(anonymous_5)
FNDA:0,(anonymous_6)
FNDA:0,(anonymous_7)
FNDA:0,(anonymous_8)
FNDA:0,(anonymous_9)
FNDA:0,(anonymous_10)
FNDA:0,(anonymous_11)
FNDA:0,(anonymous_12)
FNDA:0,(anonymous_13)
FNDA:0,(anonymous_14)
FNDA:0,(anonymous_15)
FNDA:0,(anonymous_16)
FNDA:0,(anonymous_17)
DA:43,0
DA:44,0
DA:45,0
DA:47,0
DA:50,0
DA:51,0
DA:52,0
DA:55,0
DA:56,0
DA:59,0
DA:75,0
DA:76,0
DA:83,0
DA:85,0
DA:86,0
DA:87,0
DA:91,0
DA:92,0
DA:95,0
DA:96,0
DA:98,0
DA:102,0
DA:108,0
DA:115,0
DA:117,0
DA:118,0
DA:119,0
DA:121,0
DA:131,0
DA:132,0
DA:135,0
DA:143,0
DA:150,0
DA:157,0
DA:164,0
DA:165,0
DA:166,0
DA:169,0
DA:176,0
DA:183,0
DA:184,0
DA:185,0
DA:193,0
DA:200,0
DA:207,0
DA:208,0
DA:209,0
DA:210,0
DA:211,0
LF:49
LH:0
BRDA:85,0,0,0
BRDA:95,1,0,0
BRDA:95,1,1,0
BRDA:119,2,0,0
BRDA:119,2,1,0
BRDA:128,3,0,0
BRDA:128,3,1,0
BRDA:165,4,0,0
BRDA:165,5,0,0
BRDA:165,5,1,0
BRDA:176,6,0,0
BRDA:176,6,1,0
BRDA:183,7,0,0
BRDA:183,8,0,0
BRDA:183,8,1,0
BRF:15
BRH:0
end_of_record
TN:
SF:src/webview/engines/EnhancedWaveformRenderer.ts
FN:45,(anonymous_0)
FN:66,(anonymous_1)
FN:78,(anonymous_2)
FN:106,(anonymous_3)
FN:126,(anonymous_4)
FN:134,(anonymous_5)
FN:154,(anonymous_6)
FN:164,(anonymous_7)
FN:177,(anonymous_8)
FN:204,(anonymous_9)
FN:234,(anonymous_10)
FN:244,(anonymous_11)
FN:258,(anonymous_12)
FN:271,(anonymous_13)
FN:283,(anonymous_14)
FN:295,(anonymous_15)
FN:309,(anonymous_16)
FN:365,(anonymous_17)
FN:376,(anonymous_18)
FN:407,(anonymous_19)
FN:423,(anonymous_20)
FN:444,(anonymous_21)
FN:473,(anonymous_22)
FNF:23
FNH:5
FNDA:1,(anonymous_0)
FNDA:1,(anonymous_1)
FNDA:1,(anonymous_2)
FNDA:0,(anonymous_3)
FNDA:0,(anonymous_4)
FNDA:1,(anonymous_5)
FNDA:0,(anonymous_6)
FNDA:0,(anonymous_7)
FNDA:1,(anonymous_8)
FNDA:0,(anonymous_9)
FNDA:0,(anonymous_10)
FNDA:0,(anonymous_11)
FNDA:0,(anonymous_12)
FNDA:0,(anonymous_13)
FNDA:0,(anonymous_14)
FNDA:0,(anonymous_15)
FNDA:0,(anonymous_16)
FNDA:0,(anonymous_17)
FNDA:0,(anonymous_18)
FNDA:0,(anonymous_19)
FNDA:0,(anonymous_20)
FNDA:0,(anonymous_21)
FNDA:0,(anonymous_22)
DA:6,1
DA:7,1
DA:8,1
DA:39,1
DA:40,1
DA:41,1
DA:42,1
DA:49,1
DA:51,1
DA:60,1
DA:67,1
DA:69,1
DA:71,1
DA:79,1
DA:80,1
DA:83,0
DA:84,0
DA:85,0
DA:94,0
DA:97,0
DA:100,0
DA:107,0
DA:109,0
DA:110,0
DA:112,0
DA:113,0
DA:114,0
DA:115,0
DA:117,0
DA:118,0
DA:119,0
DA:127,0
DA:128,0
DA:135,1
DA:138,1
DA:141,1
DA:142,1
DA:146,1
DA:148,1
DA:155,0
DA:156,0
DA:157,0
DA:165,0
DA:167,0
DA:168,0
DA:171,0
DA:178,1
DA:180,0
DA:181,0
DA:184,0
DA:185,0
DA:187,0
DA:188,0
DA:195,0
DA:198,0
DA:205,0
DA:208,0
DA:209,0
DA:210,0
DA:211,0
DA:214,0
DA:222,0
DA:226,0
DA:227,0
DA:229,0
DA:230,0
DA:234,0
DA:238,0
DA:246,0
DA:247,0
DA:248,0
DA:249,0
DA:250,0
DA:252,0
DA:259,0
DA:260,0
DA:261,0
DA:262,0
DA:264,0
DA:272,0
DA:275,0
DA:276,0
DA:284,0
DA:287,0
DA:288,0
DA:296,0
DA:299,0
DA:300,0
DA:303,0
DA:310,0
DA:311,0
DA:312,0
DA:315,0
DA:316,0
DA:318,0
DA:321,0
DA:322,0
DA:323,0
DA:325,0
DA:327,0
DA:329,0
DA:330,0
DA:333,0
DA:334,0
DA:335,0
DA:336,0
DA:339,0
DA:340,0
DA:343,0
DA:344,0
DA:345,0
DA:348,0
DA:349,0
DA:350,0
DA:351,0
DA:352,0
DA:356,0
DA:359,0
DA:366,0
DA:372,0
DA:373,0
DA:376,0
DA:386,0
DA:389,0
DA:391,0
DA:394,0
DA:397,0
DA:400,0
DA:408,0
DA:410,0
DA:411,0
DA:412,0
DA:413,0
DA:417,0
DA:424,0
DA:425,0
DA:426,0
DA:428,0
DA:429,0
DA:431,0
DA:432,0
DA:435,0
DA:438,0
DA:450,0
DA:457,0
DA:458,0
DA:459,0
DA:461,0
DA:462,0
DA:463,0
DA:467,0
DA:474,0
DA:476,0
DA:477,0
DA:480,0
DA:481,0
LF:156
LH:22
BRDA:67,0,0,0
BRDA:69,1,0,1
BRDA:80,2,0,1
BRDA:107,3,0,0
BRDA:107,4,0,0
BRDA:107,4,1,0
BRDA:110,5,0,0
BRDA:110,5,1,0
BRDA:118,6,0,0
BRDA:155,7,0,0
BRDA:167,8,0,0
BRDA:178,9,0,1
BRDA:210,10,0,0
BRDA:259,11,0,0
BRDA:259,11,1,0
BRDA:261,12,0,0
BRDA:261,12,1,0
BRDA:275,13,0,0
BRDA:287,14,0,0
BRDA:299,15,0,0
BRDA:299,16,0,0
BRDA:299,16,1,0
BRDA:348,17,0,0
BRDA:350,18,0,0
BRDA:350,18,1,0
BRDA:365,19,0,0
BRDA:389,20,0,0
BRDA:389,20,1,0
BRDA:389,20,2,0
BRDA:389,20,3,0
BRDA:463,21,0,0
BRDA:463,21,1,0
BRDA:476,22,0,0
BRDA:480,23,0,0
BRDA:480,24,0,0
BRDA:480,24,1,0
BRF:36
BRH:3
end_of_record
TN:
SF:src/webview/engines/InteractionEngine.ts
FN:51,(anonymous_0)
FN:82,(anonymous_1)
FN:100,(anonymous_2)
FN:106,(anonymous_3)
FN:138,(anonymous_4)
FN:164,(anonymous_5)
FN:178,(anonymous_6)
FN:202,(anonymous_7)
FN:219,(anonymous_8)
FN:254,(anonymous_9)
FN:272,(anonymous_10)
FN:291,(anonymous_11)
FN:298,(anonymous_12)
FN:313,(anonymous_13)
FN:328,(anonymous_14)
FN:345,(anonymous_15)
FN:363,(anonymous_16)
FN:377,(anonymous_17)
FN:408,(anonymous_18)
FN:426,(anonymous_19)
FN:437,(anonymous_20)
FN:444,(anonymous_21)
FN:451,(anonymous_22)
FN:462,(anonymous_23)
FN:472,(anonymous_24)
FN:485,(anonymous_25)
FN:494,(anonymous_26)
FN:501,(anonymous_27)
FN:508,(anonymous_28)
FN:516,(anonymous_29)
FN:523,(anonymous_30)
FN:530,(anonymous_31)
FN:537,(anonymous_32)
FN:550,(anonymous_33)
FN:563,(anonymous_34)
FN:588,(anonymous_35)
FNF:36
FNH:3
FNDA:1,(anonymous_0)
FNDA:1,(anonymous_1)
FNDA:0,(anonymous_2)
FNDA:0,(anonymous_3)
FNDA:0,(anonymous_4)
FNDA:0,(anonymous_5)
FNDA:0,(anonymous_6)
FNDA:0,(anonymous_7)
FNDA:0,(anonymous_8)
FNDA:0,(anonymous_9)
FNDA:0,(anonymous_10)
FNDA:0,(anonymous_11)
FNDA:0,(anonymous_12)
FNDA:0,(anonymous_13)
FNDA:0,(anonymous_14)
FNDA:0,(anonymous_15)
FNDA:0,(anonymous_16)
FNDA:0,(anonymous_17)
FNDA:0,(anonymous_18)
FNDA:0,(anonymous_19)
FNDA:0,(anonymous_20)
FNDA:0,(anonymous_21)
FNDA:0,(anonymous_22)
FNDA:0,(anonymous_23)
FNDA:0,(anonymous_24)
FNDA:0,(anonymous_25)
FNDA:0,(anonymous_26)
FNDA:0,(anonymous_27)
FNDA:0,(anonymous_28)
FNDA:0,(anonymous_29)
FNDA:0,(anonymous_30)
FNDA:0,(anonymous_31)
FNDA:0,(anonymous_32)
FNDA:0,(anonymous_33)
FNDA:1,(anonymous_34)
FNDA:0,(anonymous_35)
DA:31,1
DA:37,1
DA:38,1
DA:39,1
DA:40,1
DA:41,1
DA:42,1
DA:45,1
DA:48,1
DA:49,1
DA:52,1
DA:55,1
DA:67,1
DA:76,1
DA:84,1
DA:85,1
DA:86,1
DA:87,1
DA:88,1
DA:91,1
DA:92,1
DA:95,1
DA:96,1
DA:97,1
DA:100,1
DA:107,0
DA:108,0
DA:109,0
DA:111,0
DA:112,0
DA:113,0
DA:114,0
DA:116,0
DA:117,0
DA:119,0
DA:120,0
DA:124,0
DA:125,0
DA:126,0
DA:132,0
DA:139,0
DA:140,0
DA:141,0
DA:143,0
DA:144,0
DA:146,0
DA:148,0
DA:149,0
DA:151,0
DA:154,0
DA:157,0
DA:158,0
DA:165,0
DA:166,0
DA:167,0
DA:170,0
DA:171,0
DA:179,0
DA:181,0
DA:183,0
DA:184,0
DA:187,0
DA:192,0
DA:196,0
DA:204,0
DA:205,0
DA:206,0
DA:209,0
DA:210,0
DA:211,0
DA:213,0
DA:220,0
DA:222,0
DA:223,0
DA:225,0
DA:226,0
DA:229,0
DA:230,0
DA:231,0
DA:233,0
DA:236,0
DA:237,0
DA:238,0
DA:240,0
DA:243,0
DA:244,0
DA:245,0
DA:247,0
DA:255,0
DA:257,0
DA:259,0
DA:260,0
DA:261,0
DA:263,0
DA:264,0
DA:265,0
DA:273,0
DA:275,0
DA:277,0
DA:278,0
DA:279,0
DA:281,0
DA:282,0
DA:284,0
DA:292,0
DA:299,0
DA:300,0
DA:301,0
DA:303,0
DA:314,0
DA:316,0
DA:318,0
DA:329,0
DA:331,0
DA:333,0
DA:334,0
DA:346,0
DA:348,0
DA:349,0
DA:350,0
DA:352,0
DA:354,0
DA:364,0
DA:367,0
DA:368,0
DA:371,0
DA:378,0
DA:381,0
DA:382,0
DA:385,0
DA:386,0
DA:387,0
DA:390,0
DA:391,0
DA:392,0
DA:393,0
DA:395,0
DA:397,0
DA:409,0
DA:410,0
DA:411,0
DA:412,0
DA:414,0
DA:416,0
DA:427,0
DA:428,0
DA:430,0
DA:431,0
DA:438,0
DA:445,0
DA:452,0
DA:453,0
DA:455,0
DA:463,0
DA:464,0
DA:466,0
DA:473,0
DA:474,0
DA:475,0
DA:476,0
DA:477,0
DA:486,0
DA:487,0
DA:488,0
DA:494,0
DA:502,0
DA:509,0
DA:510,0
DA:517,0
DA:524,0
DA:531,0
DA:538,0
DA:539,0
DA:544,0
DA:551,0
DA:552,0
DA:553,0
DA:555,0
DA:565,1
DA:566,1
DA:567,1
DA:568,1
DA:569,1
DA:570,1
DA:571,1
DA:572,1
DA:573,1
DA:576,1
DA:579,1
DA:580,1
DA:581,1
DA:582,1
DA:589,0
DA:590,0
LF:194
LH:39
BRDA:116,0,0,0
BRDA:117,1,0,0
BRDA:117,1,1,0
BRDA:117,2,0,0
BRDA:117,2,1,0
BRDA:119,3,0,0
BRDA:124,4,0,0
BRDA:146,5,0,0
BRDA:146,5,1,0
BRDA:149,6,0,0
BRDA:149,6,1,0
BRDA:165,7,0,0
BRDA:170,8,0,0
BRDA:179,9,0,0
BRDA:192,10,0,0
BRDA:192,10,1,0
BRDA:210,11,0,0
BRDA:210,11,1,0
BRDA:220,12,0,0
BRDA:220,12,1,0
BRDA:220,12,2,0
BRDA:220,12,3,0
BRDA:220,12,4,0
BRDA:220,12,5,0
BRDA:220,12,6,0
BRDA:220,12,7,0
BRDA:229,13,0,0
BRDA:229,14,0,0
BRDA:229,14,1,0
BRDA:236,15,0,0
BRDA:236,16,0,0
BRDA:236,16,1,0
BRDA:243,17,0,0
BRDA:243,18,0,0
BRDA:243,18,1,0
BRDA:257,19,0,0
BRDA:275,20,0,0
BRDA:275,21,0,0
BRDA:275,21,1,0
BRDA:314,22,0,0
BRDA:314,23,0,0
BRDA:314,23,1,0
BRDA:329,24,0,0
BRDA:333,25,0,0
BRDA:333,26,0,0
BRDA:333,26,1,0
BRDA:367,27,0,0
BRDA:367,28,0,0
BRDA:367,28,1,0
BRDA:381,29,0,0
BRDA:381,30,0,0
BRDA:381,30,1,0
BRDA:399,31,0,0
BRDA:399,31,1,0
BRDA:452,32,0,0
BRDA:452,32,1,0
BRDA:452,33,0,0
BRDA:452,33,1,0
BRDA:463,34,0,0
BRDA:474,35,0,0
BRDA:476,36,0,0
BRDA:487,37,0,0
BRDA:538,38,0,0
BRDA:538,39,0,0
BRDA:538,39,1,0
BRDA:589,40,0,0
BRF:66
BRH:0
end_of_record
TN:
SF:src/webview/engines/MarkerTools.ts
FN:79,(anonymous_0)
FN:99,(anonymous_1)
FN:111,(anonymous_2)
FN:121,(anonymous_3)
FN:146,(anonymous_4)
FN:162,(anonymous_5)
FN:180,(anonymous_6)
FN:205,(anonymous_7)
FN:264,(anonymous_8)
FN:291,(anonymous_9)
FN:326,(anonymous_10)
FN:367,(anonymous_11)
FN:388,(anonymous_12)
FN:404,(anonymous_13)
FN:433,(anonymous_14)
FN:441,(anonymous_15)
FN:454,(anonymous_16)
FN:483,(anonymous_17)
FN:491,(anonymous_18)
FN:502,(anonymous_19)
FN:508,(anonymous_20)
FN:514,(anonymous_21)
FN:530,(anonymous_22)
FN:535,(anonymous_23)
FN:540,(anonymous_24)
FN:555,(anonymous_25)
FN:561,(anonymous_26)
FN:572,(anonymous_27)
FN:584,(anonymous_28)
FN:595,(anonymous_29)
FN:602,(anonymous_30)
FN:610,(anonymous_31)
FN:613,(anonymous_32)
FN:617,(anonymous_33)
FN:624,(anonymous_34)
FN:637,(anonymous_35)
FN:645,(anonymous_36)
FN:650,(anonymous_37)
FN:656,(anonymous_38)
FN:667,(anonymous_39)
FNF:40
FNH:3
FNDA:1,(anonymous_0)
FNDA:0,(anonymous_1)
FNDA:0,(anonymous_2)
FNDA:0,(anonymous_3)
FNDA:0,(anonymous_4)
FNDA:0,(anonymous_5)
FNDA:0,(anonymous_6)
FNDA:0,(anonymous_7)
FNDA:1,(anonymous_8)
FNDA:0,(anonymous_9)
FNDA:0,(anonymous_10)
FNDA:0,(anonymous_11)
FNDA:0,(anonymous_12)
FNDA:0,(anonymous_13)
FNDA:0,(anonymous_14)
FNDA:0,(anonymous_15)
FNDA:0,(anonymous_16)
FNDA:0,(anonymous_17)
FNDA:0,(anonymous_18)
FNDA:0,(anonymous_19)
FNDA:0,(anonymous_20)
FNDA:0,(anonymous_21)
FNDA:0,(anonymous_22)
FNDA:0,(anonymous_23)
FNDA:0,(anonymous_24)
FNDA:0,(anonymous_25)
FNDA:0,(anonymous_26)
FNDA:0,(anonymous_27)
FNDA:0,(anonymous_28)
FNDA:0,(anonymous_29)
FNDA:0,(anonymous_30)
FNDA:0,(anonymous_31)
FNDA:0,(anonymous_32)
FNDA:0,(anonymous_33)
FNDA:0,(anonymous_34)
FNDA:0,(anonymous_35)
FNDA:0,(anonymous_36)
FNDA:0,(anonymous_37)
FNDA:0,(anonymous_38)
FNDA:1,(anonymous_39)
DA:55,1
DA:61,1
DA:62,1
DA:63,1
DA:66,1
DA:67,1
DA:68,1
DA:71,1
DA:72,1
DA:73,1
DA:74,1
DA:77,1
DA:80,1
DA:81,1
DA:82,1
DA:100,0
DA:101,0
DA:102,0
DA:103,0
DA:104,0
DA:105,0
DA:112,0
DA:113,0
DA:114,0
DA:115,0
DA:122,0
DA:123,0
DA:125,0
DA:136,0
DA:137,0
DA:138,0
DA:140,0
DA:147,0
DA:148,0
DA:149,0
DA:152,0
DA:153,0
DA:154,0
DA:156,0
DA:163,0
DA:164,0
DA:165,0
DA:168,0
DA:169,0
DA:171,0
DA:172,0
DA:174,0
DA:181,0
DA:182,0
DA:184,0
DA:185,0
DA:195,0
DA:196,0
DA:197,0
DA:199,0
DA:206,0
DA:207,0
DA:208,0
DA:211,0
DA:212,0
DA:213,0
DA:219,0
DA:221,0
DA:222,0
DA:223,0
DA:224,0
DA:227,0
DA:228,0
DA:229,0
DA:230,0
DA:231,0
DA:234,0
DA:235,0
DA:236,0
DA:237,0
DA:240,0
DA:241,0
DA:242,0
DA:245,0
DA:257,0
DA:258,0
DA:266,1
DA:269,1
DA:270,0
DA:271,0
DA:276,1
DA:277,0
DA:278,0
DA:283,1
DA:284,0
DA:292,0
DA:294,0
DA:295,0
DA:298,0
DA:301,0
DA:302,0
DA:303,0
DA:305,0
DA:306,0
DA:307,0
DA:308,0
DA:311,0
DA:312,0
DA:316,0
DA:317,0
DA:320,0
DA:327,0
DA:328,0
DA:330,0
DA:331,0
DA:334,0
DA:337,0
DA:338,0
DA:340,0
DA:341,0
DA:344,0
DA:345,0
DA:346,0
DA:348,0
DA:349,0
DA:350,0
DA:351,0
DA:352,0
DA:353,0
DA:356,0
DA:357,0
DA:358,0
DA:361,0
DA:368,0
DA:369,0
DA:370,0
DA:371,0
DA:373,0
DA:374,0
DA:377,0
DA:378,0
DA:381,0
DA:382,0
DA:389,0
DA:390,0
DA:391,0
DA:392,0
DA:394,0
DA:395,0
DA:397,0
DA:398,0
DA:405,0
DA:406,0
DA:408,0
DA:409,0
DA:410,0
DA:411,0
DA:413,0
DA:414,0
DA:417,0
DA:418,0
DA:421,0
DA:422,0
DA:423,0
DA:426,0
DA:427,0
DA:442,0
DA:443,0
DA:444,0
DA:446,0
DA:447,0
DA:448,0
DA:449,0
DA:450,0
DA:455,0
DA:456,0
DA:457,0
DA:459,0
DA:461,0
DA:462,0
DA:464,0
DA:465,0
DA:466,0
DA:468,0
DA:471,0
DA:474,0
DA:475,0
DA:476,0
DA:477,0
DA:478,0
DA:484,0
DA:485,0
DA:486,0
DA:487,0
DA:492,0
DA:493,0
DA:494,0
DA:496,0
DA:498,0
DA:503,0
DA:504,0
DA:505,0
DA:508,0
DA:509,0
DA:510,0
DA:515,0
DA:517,0
DA:518,0
DA:519,0
DA:521,0
DA:522,0
DA:523,0
DA:531,0
DA:532,0
DA:536,0
DA:537,0
DA:541,0
DA:543,0
DA:544,0
DA:546,0
DA:547,0
DA:548,0
DA:552,0
DA:558,0
DA:562,0
DA:569,0
DA:573,0
DA:574,0
DA:575,0
DA:576,0
DA:577,0
DA:578,0
DA:580,0
DA:585,0
DA:586,0
DA:587,0
DA:588,0
DA:589,0
DA:590,0
DA:592,0
DA:596,0
DA:597,0
DA:598,0
DA:599,0
DA:604,0
DA:611,0
DA:612,0
DA:613,0
DA:618,0
DA:619,0
DA:621,0
DA:625,0
DA:626,0
DA:627,0
DA:628,0
DA:629,0
DA:638,0
DA:646,0
DA:647,0
DA:649,0
DA:650,0
DA:651,0
DA:655,0
DA:656,0
DA:657,0
DA:661,0
DA:669,1
DA:670,1
DA:671,1
DA:672,1
DA:673,1
DA:674,1
DA:677,1
DA:678,1
DA:679,1
LF:270
LH:28
BRDA:79,0,0,1
BRDA:121,1,0,0
BRDA:127,2,0,0
BRDA:127,2,1,0
BRDA:130,3,0,0
BRDA:130,3,1,0
BRDA:148,4,0,0
BRDA:164,5,0,0
BRDA:164,6,0,0
BRDA:164,6,1,0
BRDA:180,7,0,0
BRDA:207,8,0,0
BRDA:219,9,0,0
BRDA:219,9,1,0
BRDA:219,9,2,0
BRDA:219,9,3,0
BRDA:228,10,0,0
BRDA:228,10,1,0
BRDA:270,11,0,0
BRDA:277,12,0,0
BRDA:283,13,0,0
BRDA:283,14,0,1
BRDA:283,14,1,1
BRDA:294,15,0,0
BRDA:294,16,0,0
BRDA:294,16,1,0
BRDA:303,17,0,0
BRDA:303,17,1,0
BRDA:311,18,0,0
BRDA:316,19,0,0
BRDA:330,20,0,0
BRDA:330,21,0,0
BRDA:330,21,1,0
BRDA:357,22,0,0
BRDA:447,23,0,0
BRDA:447,24,0,0
BRDA:447,24,1,0
BRDA:447,24,2,0
BRDA:459,25,0,0
BRDA:459,25,1,0
BRDA:464,26,0,0
BRDA:464,26,1,0
BRDA:475,27,0,0
BRDA:477,28,0,0
BRDA:477,28,1,0
BRDA:484,29,0,0
BRDA:496,30,0,0
BRDA:496,31,0,0
BRDA:496,31,1,0
BRDA:509,32,0,0
BRDA:522,33,0,0
BRDA:544,34,0,0
BRDA:547,35,0,0
BRDA:569,36,0,0
BRDA:569,36,1,0
BRDA:573,37,0,0
BRDA:573,37,1,0
BRDA:575,38,0,0
BRDA:575,38,1,0
BRDA:577,39,0,0
BRDA:577,39,1,0
BRDA:585,40,0,0
BRDA:585,40,1,0
BRDA:587,41,0,0
BRDA:587,41,1,0
BRDA:589,42,0,0
BRDA:596,43,0,0
BRDA:597,44,0,0
BRDA:598,45,0,0
BRDA:612,46,0,0
BRDA:618,47,0,0
BRDA:626,48,0,0
BRDA:628,49,0,0
BRDA:649,50,0,0
BRDA:655,51,0,0
BRF:75
BRH:3
end_of_record
TN:
SF:src/webview/engines/MeasurementTools.ts
FN:64,(anonymous_0)
FN:79,(anonymous_1)
FN:87,(anonymous_2)
FN:138,(anonymous_3)
FN:161,(anonymous_4)
FN:164,(anonymous_5)
FN:182,(anonymous_6)
FN:207,(anonymous_7)
FN:208,(anonymous_8)
FN:215,(anonymous_9)
FN:216,(anonymous_10)
FN:239,(anonymous_11)
FN:309,(anonymous_12)
FN:317,(anonymous_13)
FN:342,(anonymous_14)
FN:346,(anonymous_15)
FN:350,(anonymous_16)
FN:366,(anonymous_17)
FN:402,(anonymous_18)
FN:408,(anonymous_19)
FN:424,(anonymous_20)
FN:464,(anonymous_21)
FN:479,(anonymous_22)
FN:493,(anonymous_23)
FN:508,(anonymous_24)
FN:515,(anonymous_25)
FNF:26
FNH:1
FNDA:1,(anonymous_0)
FNDA:0,(anonymous_1)
FNDA:0,(anonymous_2)
FNDA:0,(anonymous_3)
FNDA:0,(anonymous_4)
FNDA:0,(anonymous_5)
FNDA:0,(anonymous_6)
FNDA:0,(anonymous_7)
FNDA:0,(anonymous_8)
FNDA:0,(anonymous_9)
FNDA:0,(anonymous_10)
FNDA:0,(anonymous_11)
FNDA:0,(anonymous_12)
FNDA:0,(anonymous_13)
FNDA:0,(anonymous_14)
FNDA:0,(anonymous_15)
FNDA:0,(anonymous_16)
FNDA:0,(anonymous_17)
FNDA:0,(anonymous_18)
FNDA:0,(anonymous_19)
FNDA:0,(anonymous_20)
FNDA:0,(anonymous_21)
FNDA:0,(anonymous_22)
FNDA:0,(anonymous_23)
FNDA:0,(anonymous_24)
FNDA:0,(anonymous_25)
DA:59,1
DA:61,1
DA:62,1
DA:65,1
DA:80,0
DA:81,0
DA:93,0
DA:94,0
DA:97,0
DA:98,0
DA:99,0
DA:102,0
DA:103,0
DA:104,0
DA:106,0
DA:108,0
DA:109,0
DA:112,0
DA:113,0
DA:121,0
DA:122,0
DA:129,0
DA:132,0
DA:143,0
DA:145,0
DA:146,0
DA:149,0
DA:151,0
DA:152,0
DA:153,0
DA:154,0
DA:157,0
DA:158,0
DA:161,0
DA:162,0
DA:164,0
DA:165,0
DA:166,0
DA:168,0
DA:170,0
DA:187,0
DA:188,0
DA:191,0
DA:192,0
DA:193,0
DA:196,0
DA:197,0
DA:200,0
DA:202,0
DA:203,0
DA:207,0
DA:208,0
DA:210,0
DA:211,0
DA:215,0
DA:216,0
DA:217,0
DA:219,0
DA:220,0
DA:223,0
DA:224,0
DA:225,0
DA:227,0
DA:244,0
DA:245,0
DA:248,0
DA:249,0
DA:250,0
DA:253,0
DA:254,0
DA:255,0
DA:257,0
DA:258,0
DA:260,0
DA:261,0
DA:263,0
DA:265,0
DA:266,0
DA:269,0
DA:270,0
DA:272,0
DA:282,0
DA:283,0
DA:288,0
DA:289,0
DA:290,0
DA:291,0
DA:293,0
DA:303,0
DA:310,0
DA:311,0
DA:322,0
DA:323,0
DA:326,0
DA:327,0
DA:328,0
DA:331,0
DA:332,0
DA:333,0
DA:335,0
DA:336,0
DA:340,0
DA:341,0
DA:342,0
DA:343,0
DA:346,0
DA:347,0
DA:350,0
DA:351,0
DA:353,0
DA:372,0
DA:373,0
DA:376,0
DA:377,0
DA:378,0
DA:381,0
DA:382,0
DA:383,0
DA:387,0
DA:388,0
DA:389,0
DA:391,0
DA:392,0
DA:393,0
DA:395,0
DA:402,0
DA:409,0
DA:410,0
DA:412,0
DA:413,0
DA:414,0
DA:415,0
DA:418,0
DA:432,0
DA:434,0
DA:436,0
DA:439,0
DA:442,0
DA:445,0
DA:448,0
DA:451,0
DA:452,0
DA:455,0
DA:458,0
DA:465,0
DA:466,0
DA:467,0
DA:468,0
DA:469,0
DA:470,0
DA:472,0
DA:480,0
DA:481,0
DA:482,0
DA:483,0
DA:484,0
DA:485,0
DA:487,0
DA:494,0
DA:502,0
DA:509,0
DA:516,0
LF:162
LH:4
BRDA:89,0,0,0
BRDA:91,1,0,0
BRDA:93,2,0,0
BRDA:98,3,0,0
BRDA:103,4,0,0
BRDA:103,4,1,0
BRDA:112,5,0,0
BRDA:112,6,0,0
BRDA:112,6,1,0
BRDA:112,6,2,0
BRDA:121,7,0,0
BRDA:121,8,0,0
BRDA:121,8,1,0
BRDA:121,8,2,0
BRDA:140,9,0,0
BRDA:145,10,0,0
BRDA:157,11,0,0
BRDA:184,12,0,0
BRDA:187,13,0,0
BRDA:192,14,0,0
BRDA:197,15,0,0
BRDA:197,15,1,0
BRDA:202,16,0,0
BRDA:210,17,0,0
BRDA:210,18,0,0
BRDA:210,18,1,0
BRDA:219,19,0,0
BRDA:225,20,0,0
BRDA:225,20,1,0
BRDA:241,21,0,0
BRDA:244,22,0,0
BRDA:249,23,0,0
BRDA:254,24,0,0
BRDA:254,24,1,0
BRDA:263,25,0,0
BRDA:269,26,0,0
BRDA:288,27,0,0
BRDA:290,28,0,0
BRDA:319,29,0,0
BRDA:322,30,0,0
BRDA:327,31,0,0
BRDA:332,32,0,0
BRDA:332,32,1,0
BRDA:335,33,0,0
BRDA:368,34,0,0
BRDA:370,35,0,0
BRDA:372,36,0,0
BRDA:377,37,0,0
BRDA:382,38,0,0
BRDA:382,38,1,0
BRDA:424,39,0,0
BRDA:465,40,0,0
BRDA:465,40,1,0
BRDA:467,41,0,0
BRDA:467,41,1,0
BRDA:469,42,0,0
BRDA:469,42,1,0
BRDA:480,43,0,0
BRDA:480,43,1,0
BRDA:482,44,0,0
BRDA:482,44,1,0
BRDA:484,45,0,0
BRF:62
BRH:0
end_of_record
TN:
SF:src/webview/engines/PerformanceOptimizer.ts
FN:99,(anonymous_0)
FN:141,(anonymous_1)
FN:144,(anonymous_2)
FN:163,(anonymous_3)
FN:173,(anonymous_4)
FN:192,(anonymous_5)
FN:209,(anonymous_6)
FN:223,(anonymous_7)
FN:232,(anonymous_8)
FN:243,(anonymous_9)
FN:250,(anonymous_10)
FNF:11
FNH:3
FNDA:1,(anonymous_0)
FNDA:1,(anonymous_1)
FNDA:0,(anonymous_2)
FNDA:0,(anonymous_3)
FNDA:0,(anonymous_4)
FNDA:0,(anonymous_5)
FNDA:0,(anonymous_6)
FNDA:0,(anonymous_7)
FNDA:0,(anonymous_8)
FNDA:0,(anonymous_9)
FNDA:1,(anonymous_10)
DA:66,1
DA:71,1
DA:72,1
DA:73,1
DA:74,1
DA:77,1
DA:78,1
DA:79,1
DA:82,1
DA:83,1
DA:84,1
DA:87,1
DA:88,1
DA:89,1
DA:92,1
DA:93,1
DA:94,1
DA:97,1
DA:100,1
DA:119,1
DA:135,1
DA:142,1
DA:143,1
DA:144,1
DA:145,0
DA:146,0
DA:147,0
DA:148,0
DA:153,1
DA:155,0
DA:164,0
DA:165,0
DA:167,0
DA:174,0
DA:175,0
DA:177,0
DA:178,0
DA:179,0
DA:185,0
DA:186,0
DA:193,0
DA:194,0
DA:197,0
DA:198,0
DA:202,0
DA:203,0
DA:204,0
DA:205,0
DA:208,0
DA:209,0
DA:210,0
DA:213,0
DA:214,0
DA:217,0
DA:224,0
DA:225,0
DA:234,0
DA:235,0
DA:237,0
DA:244,0
DA:252,1
DA:253,1
DA:254,1
DA:258,1
DA:261,1
DA:262,1
DA:265,1
LF:67
LH:32
BRDA:142,0,0,1
BRDA:147,1,0,0
BRDA:164,2,0,0
BRDA:164,3,0,0
BRDA:164,3,1,0
BRDA:177,4,0,0
BRDA:177,5,0,0
BRDA:177,5,1,0
BRDA:197,6,0,0
BRDA:203,7,0,0
BRDA:208,8,0,0
BRDA:224,9,0,0
BRDA:235,10,0,0
BRDA:235,10,1,0
BRDA:252,11,0,1
BRF:15
BRH:2
end_of_record
TN:
SF:src/webview/engines/TimeAxisRenderer.ts
FN:88,(anonymous_0)
FN:119,(anonymous_1)
FN:137,(anonymous_2)
FN:174,(anonymous_3)
FN:213,(anonymous_4)
FN:230,(anonymous_5)
FN:236,(anonymous_6)
FN:254,(anonymous_7)
FN:290,(anonymous_8)
FN:298,(anonymous_9)
FN:325,(anonymous_10)
FN:344,(anonymous_11)
FN:365,(anonymous_12)
FN:389,(anonymous_13)
FN:406,(anonymous_14)
FN:417,(anonymous_15)
FN:432,(anonymous_16)
FN:454,(anonymous_17)
FN:472,(anonymous_18)
FN:479,(anonymous_19)
FN:486,(anonymous_20)
FN:493,(anonymous_21)
FN:517,(anonymous_22)
FN:528,(anonymous_23)
FNF:24
FNH:8
FNDA:1,(anonymous_0)
FNDA:0,(anonymous_1)
FNDA:1,(anonymous_2)
FNDA:1,(anonymous_3)
FNDA:0,(anonymous_4)
FNDA:0,(anonymous_5)
FNDA:1,(anonymous_6)
FNDA:1,(anonymous_7)
FNDA:0,(anonymous_8)
FNDA:0,(anonymous_9)
FNDA:0,(anonymous_10)
FNDA:0,(anonymous_11)
FNDA:1,(anonymous_12)
FNDA:1,(anonymous_13)
FNDA:0,(anonymous_14)
FNDA:0,(anonymous_15)
FNDA:1,(anonymous_16)
FNDA:0,(anonymous_17)
FNDA:0,(anonymous_18)
FNDA:0,(anonymous_19)
FNDA:0,(anonymous_20)
FNDA:0,(anonymous_21)
FNDA:0,(anonymous_22)
FNDA:0,(anonymous_23)
DA:40,1
DA:46,1
DA:47,1
DA:48,1
DA:49,1
DA:52,1
DA:86,1
DA:89,1
DA:90,1
DA:91,1
DA:92,0
DA:94,1
DA:96,1
DA:124,0
DA:125,0
DA:126,0
DA:129,0
DA:130,0
DA:131,0
DA:138,1
DA:141,1
DA:144,1
DA:145,1
DA:146,1
DA:150,1
DA:153,1
DA:154,0
DA:158,1
DA:161,1
DA:162,1
DA:166,1
DA:168,1
DA:175,1
DA:178,1
DA:179,1
DA:182,1
DA:183,1
DA:185,1
DA:188,1
DA:189,0
DA:190,0
DA:192,0
DA:193,0
DA:205,1
DA:206,1
DA:208,1
DA:209,0
DA:210,0
DA:213,0
DA:214,0
DA:217,0
DA:218,0
DA:230,1
DA:237,1
DA:240,1
DA:241,1
DA:242,1
DA:243,1
DA:248,0
DA:255,1
DA:256,1
DA:259,1
DA:262,1
DA:265,1
DA:268,1
DA:269,1
DA:271,1
DA:272,4
DA:273,4
DA:274,4
DA:276,4
DA:279,0
DA:280,0
DA:284,1
DA:291,0
DA:292,0
DA:299,0
DA:301,0
DA:304,0
DA:307,0
DA:308,0
DA:309,0
DA:314,0
DA:315,0
DA:317,0
DA:326,0
DA:329,0
DA:330,0
DA:331,0
DA:332,0
DA:333,0
DA:334,0
DA:335,0
DA:338,0
DA:345,0
DA:346,0
DA:347,0
DA:349,0
DA:351,0
DA:352,0
DA:353,0
DA:354,0
DA:358,0
DA:359,0
DA:366,1
DA:367,1
DA:369,1
DA:371,1
DA:372,0
DA:373,0
DA:374,0
DA:378,0
DA:379,0
DA:383,1
DA:390,1
DA:391,1
DA:392,1
DA:393,1
DA:396,1
DA:398,1
DA:399,0
DA:402,0
DA:403,0
DA:406,0
DA:407,0
DA:410,0
DA:411,0
DA:416,0
DA:417,0
DA:418,0
DA:420,0
DA:423,0
DA:433,1
DA:434,1
DA:436,1
DA:438,1
DA:440,1
DA:441,1
DA:444,0
DA:445,0
DA:448,1
DA:455,0
DA:456,0
DA:457,0
DA:459,0
DA:460,0
DA:462,0
DA:473,0
DA:480,0
DA:487,0
DA:495,0
DA:496,0
DA:499,0
DA:501,0
DA:502,0
DA:503,0
DA:505,0
DA:506,0
DA:509,0
DA:510,0
DA:518,0
DA:529,0
DA:530,0
DA:533,0
DA:534,0
DA:537,0
DA:538,0
LF:167
LH:71
BRDA:91,0,0,0
BRDA:141,1,0,1
BRDA:141,1,1,0
BRDA:144,2,0,1
BRDA:153,3,0,0
BRDA:161,4,0,1
BRDA:192,5,0,0
BRDA:192,6,0,0
BRDA:192,6,1,0
BRDA:205,7,0,1
BRDA:214,8,0,0
BRDA:214,8,1,0
BRDA:217,9,0,0
BRDA:217,10,0,0
BRDA:217,10,1,0
BRDA:217,10,2,0
BRDA:242,11,0,1
BRDA:276,12,0,0
BRDA:276,13,0,4
BRDA:276,13,1,0
BRDA:276,13,2,0
BRDA:299,14,0,0
BRDA:299,14,1,0
BRDA:299,14,2,0
BRDA:299,14,3,0
BRDA:299,14,4,0
BRDA:314,15,0,0
BRDA:314,15,1,0
BRDA:330,16,0,0
BRDA:330,16,1,0
BRDA:332,17,0,0
BRDA:332,17,1,0
BRDA:334,18,0,0
BRDA:352,19,0,0
BRDA:352,20,0,0
BRDA:352,20,1,0
BRDA:352,20,2,0
BRDA:372,21,0,0
BRDA:372,22,0,0
BRDA:372,22,1,0
BRDA:373,23,0,0
BRDA:373,23,1,0
BRDA:374,24,0,0
BRDA:374,24,1,0
BRDA:393,25,0,1
BRDA:393,25,1,0
BRDA:399,26,0,0
BRDA:399,27,0,0
BRDA:399,27,1,0
BRDA:399,27,2,0
BRDA:399,27,3,0
BRDA:410,28,0,0
BRDA:411,29,0,0
BRDA:411,29,1,0
BRDA:419,30,0,0
BRDA:419,30,1,0
BRDA:438,31,0,1
BRDA:438,31,1,0
BRDA:499,32,0,0
BRDA:499,32,1,0
BRDA:503,33,0,0
BRDA:503,33,1,0
BRDA:529,34,0,0
BRDA:533,35,0,0
BRDA:537,36,0,0
BRF:65
BRH:8
end_of_record
TN:
SF:src/webview/engines/VirtualizationRenderer.ts
FN:35,(anonymous_0)
FN:67,(anonymous_1)
FN:68,(anonymous_2)
FN:79,(anonymous_3)
FN:94,(anonymous_4)
FN:179,(anonymous_5)
FN:202,(anonymous_6)
FN:221,(anonymous_7)
FN:259,(anonymous_8)
FN:265,(anonymous_9)
FN:277,(anonymous_10)
FN:304,(anonymous_11)
FN:312,(anonymous_12)
FN:334,(anonymous_13)
FN:353,(anonymous_14)
FN:370,(anonymous_15)
FN:411,(anonymous_16)
FN:418,(anonymous_17)
FN:439,(anonymous_18)
FN:466,(anonymous_19)
FN:484,(anonymous_20)
FN:510,(anonymous_21)
FN:529,(anonymous_22)
FN:536,(anonymous_23)
FN:541,(anonymous_24)
FN:553,(anonymous_25)
FN:582,(anonymous_26)
FN:607,(anonymous_27)
FN:619,(anonymous_28)
FN:640,(anonymous_29)
FN:651,(anonymous_30)
FN:653,(anonymous_31)
FN:669,(anonymous_32)
FN:698,(anonymous_33)
FN:715,(anonymous_34)
FN:727,(anonymous_35)
FN:748,(anonymous_36)
FN:757,(anonymous_37)
FN:769,(anonymous_38)
FN:778,(anonymous_39)
FN:784,(anonymous_40)
FN:796,(anonymous_41)
FN:804,(anonymous_42)
FNF:43
FNH:5
FNDA:1,(anonymous_0)
FNDA:1,(anonymous_1)
FNDA:6,(anonymous_2)
FNDA:6,(anonymous_3)
FNDA:0,(anonymous_4)
FNDA:0,(anonymous_5)
FNDA:0,(anonymous_6)
FNDA:0,(anonymous_7)
FNDA:0,(anonymous_8)
FNDA:0,(anonymous_9)
FNDA:0,(anonymous_10)
FNDA:0,(anonymous_11)
FNDA:0,(anonymous_12)
FNDA:0,(anonymous_13)
FNDA:0,(anonymous_14)
FNDA:0,(anonymous_15)
FNDA:0,(anonymous_16)
FNDA:0,(anonymous_17)
FNDA:0,(anonymous_18)
FNDA:0,(anonymous_19)
FNDA:0,(anonymous_20)
FNDA:0,(anonymous_21)
FNDA:0,(anonymous_22)
FNDA:0,(anonymous_23)
FNDA:0,(anonymous_24)
FNDA:0,(anonymous_25)
FNDA:0,(anonymous_26)
FNDA:0,(anonymous_27)
FNDA:0,(anonymous_28)
FNDA:0,(anonymous_29)
FNDA:0,(anonymous_30)
FNDA:0,(anonymous_31)
FNDA:0,(anonymous_32)
FNDA:0,(anonymous_33)
FNDA:0,(anonymous_34)
FNDA:0,(anonymous_35)
FNDA:0,(anonymous_36)
FNDA:0,(anonymous_37)
FNDA:0,(anonymous_38)
FNDA:0,(anonymous_39)
FNDA:0,(anonymous_40)
FNDA:0,(anonymous_41)
FNDA:1,(anonymous_42)
DA:13,1
DA:19,1
DA:20,1
DA:23,1
DA:24,1
DA:27,1
DA:28,1
DA:31,1
DA:32,1
DA:33,1
DA:36,1
DA:37,1
DA:38,1
DA:39,0
DA:41,1
DA:43,1
DA:57,1
DA:59,1
DA:60,0
DA:68,6
DA:80,6
DA:81,1
DA:82,5
DA:83,1
DA:84,4
DA:85,2
DA:87,2
DA:95,0
DA:97,0
DA:176,0
DA:177,0
DA:179,0
DA:180,0
DA:181,0
DA:183,0
DA:184,0
DA:185,0
DA:186,0
DA:188,0
DA:194,0
DA:195,0
DA:204,0
DA:205,0
DA:206,0
DA:209,0
DA:210,0
DA:211,0
DA:215,0
DA:228,0
DA:231,0
DA:232,0
DA:235,0
DA:240,0
DA:249,0
DA:252,0
DA:253,0
DA:263,0
DA:265,0
DA:266,0
DA:267,0
DA:270,0
DA:284,0
DA:285,0
DA:287,0
DA:289,0
DA:290,0
DA:292,0
DA:304,0
DA:306,0
DA:317,0
DA:320,0
DA:321,0
DA:325,0
DA:326,0
DA:328,0
DA:335,0
DA:336,0
DA:338,0
DA:340,0
DA:341,0
DA:342,0
DA:343,0
DA:344,0
DA:349,0
DA:350,0
DA:353,0
DA:354,0
DA:355,0
DA:356,0
DA:360,0
DA:364,0
DA:371,0
DA:372,0
DA:374,0
DA:375,0
DA:381,0
DA:383,0
DA:384,0
DA:386,0
DA:387,0
DA:389,0
DA:390,0
DA:392,0
DA:393,0
DA:397,0
DA:400,0
DA:401,0
DA:405,0
DA:412,0
DA:423,0
DA:425,0
DA:426,0
DA:432,0
DA:445,0
DA:447,0
DA:448,0
DA:449,0
DA:451,0
DA:452,0
DA:453,0
DA:454,0
DA:457,0
DA:460,0
DA:471,0
DA:472,0
DA:477,0
DA:489,0
DA:490,0
DA:491,0
DA:493,0
DA:494,0
DA:495,0
DA:497,0
DA:498,0
DA:499,0
DA:503,0
DA:504,0
DA:517,0
DA:519,0
DA:522,0
DA:530,0
DA:531,0
DA:534,0
DA:536,0
DA:537,0
DA:538,0
DA:541,0
DA:542,0
DA:543,0
DA:544,0
DA:555,0
DA:556,0
DA:557,0
DA:559,0
DA:560,0
DA:562,0
DA:565,0
DA:567,0
DA:589,0
DA:592,0
DA:594,0
DA:595,0
DA:597,0
DA:600,0
DA:613,0
DA:614,0
DA:615,0
DA:617,0
DA:619,0
DA:620,0
DA:622,0
DA:624,0
DA:625,0
DA:626,0
DA:629,0
DA:630,0
DA:634,0
DA:646,0
DA:647,0
DA:648,0
DA:650,0
DA:651,0
DA:653,0
DA:654,0
DA:655,0
DA:657,0
DA:658,0
DA:660,0
DA:663,0
DA:675,0
DA:676,0
DA:677,0
DA:679,0
DA:681,0
DA:682,0
DA:683,0
DA:685,0
DA:686,0
DA:688,0
DA:692,0
DA:700,0
DA:701,0
DA:703,0
DA:704,0
DA:707,0
DA:708,0
DA:716,0
DA:717,0
DA:718,0
DA:719,0
DA:721,0
DA:728,0
DA:729,0
DA:731,0
DA:732,0
DA:733,0
DA:734,0
DA:738,0
DA:739,0
DA:740,0
DA:741,0
DA:749,0
DA:750,0
DA:758,0
DA:759,0
DA:760,0
DA:762,0
DA:770,0
DA:773,0
DA:774,0
DA:778,0
DA:785,0
DA:798,0
DA:806,1
DA:807,0
DA:808,0
DA:812,1
DA:813,1
DA:816,1
DA:817,1
LF:240
LH:30
BRDA:38,0,0,0
BRDA:59,1,0,0
BRDA:59,2,0,1
BRDA:59,2,1,1
BRDA:80,3,0,1
BRDA:80,3,1,5
BRDA:82,4,0,1
BRDA:82,4,1,4
BRDA:84,5,0,2
BRDA:84,5,1,2
BRDA:183,6,0,0
BRDA:185,7,0,0
BRDA:185,7,1,0
BRDA:204,8,0,0
BRDA:210,9,0,0
BRDA:235,10,0,0
BRDA:235,10,1,0
BRDA:270,11,0,0
BRDA:270,11,1,0
BRDA:320,12,0,0
BRDA:340,13,0,0
BRDA:342,14,0,0
BRDA:342,15,0,0
BRDA:342,15,1,0
BRDA:349,16,0,0
BRDA:355,17,0,0
BRDA:374,18,0,0
BRDA:381,19,0,0
BRDA:381,19,1,0
BRDA:381,19,2,0
BRDA:381,19,3,0
BRDA:400,20,0,0
BRDA:425,21,0,0
BRDA:425,21,1,0
BRDA:453,22,0,0
BRDA:454,23,0,0
BRDA:471,24,0,0
BRDA:471,24,1,0
BRDA:494,25,0,0
BRDA:494,25,1,0
BRDA:517,26,0,0
BRDA:517,26,1,0
BRDA:530,27,0,0
BRDA:542,28,0,0
BRDA:592,29,0,0
BRDA:592,29,1,0
BRDA:592,30,0,0
BRDA:592,30,1,0
BRDA:595,31,0,0
BRDA:595,31,1,0
BRDA:595,32,0,0
BRDA:595,32,1,0
BRDA:622,33,0,0
BRDA:622,33,1,0
BRDA:624,34,0,0
BRDA:624,34,1,0
BRDA:655,35,0,0
BRDA:655,35,1,0
BRDA:683,36,0,0
BRDA:683,36,1,0
BRDA:685,37,0,0
BRDA:685,37,1,0
BRDA:700,38,0,0
BRDA:717,39,0,0
BRDA:732,40,0,0
BRDA:732,41,0,0
BRDA:732,41,1,0
BRDA:738,42,0,0
BRDA:738,43,0,0
BRDA:738,43,1,0
BRDA:749,44,0,0
BRDA:758,45,0,0
BRDA:773,46,0,0
BRDA:798,47,0,0
BRDA:798,47,1,0
BRDA:806,48,0,0
BRF:76
BRH:8
end_of_record
TN:
SF:src/webview/engines/WaveformRenderer.ts
FN:151,(anonymous_0)
FN:166,(anonymous_1)
FN:175,(anonymous_2)
FN:187,(anonymous_3)
FN:207,(anonymous_4)
FN:220,(anonymous_5)
FN:224,(anonymous_6)
FN:231,(anonymous_7)
FN:267,(anonymous_8)
FN:277,(anonymous_9)
FN:292,(anonymous_10)
FN:305,(anonymous_11)
FN:313,(anonymous_12)
FN:322,(anonymous_13)
FN:329,(anonymous_14)
FN:336,(anonymous_15)
FN:389,(anonymous_16)
FN:414,(anonymous_17)
FN:421,(anonymous_18)
FN:429,(anonymous_19)
FN:431,(anonymous_20)
FN:438,(anonymous_21)
FN:446,(anonymous_22)
FN:520,(anonymous_23)
FN:645,(anonymous_24)
FN:711,(anonymous_25)
FN:761,(anonymous_26)
FN:803,(anonymous_27)
FN:820,(anonymous_28)
FN:834,(anonymous_29)
FN:882,(anonymous_30)
FN:906,(anonymous_31)
FN:916,(anonymous_32)
FN:921,(anonymous_33)
FN:926,(anonymous_34)
FN:936,(anonymous_35)
FN:942,(anonymous_36)
FN:954,(anonymous_37)
FN:978,(anonymous_38)
FN:991,(anonymous_39)
FN:999,(anonymous_40)
FN:1007,(anonymous_41)
FN:1015,(anonymous_42)
FN:1022,(anonymous_43)
FN:1040,(anonymous_44)
FNF:45
FNH:11
FNDA:2,(anonymous_0)
FNDA:2,(anonymous_1)
FNDA:0,(anonymous_2)
FNDA:0,(anonymous_3)
FNDA:0,(anonymous_4)
FNDA:0,(anonymous_5)
FNDA:0,(anonymous_6)
FNDA:0,(anonymous_7)
FNDA:1,(anonymous_8)
FNDA:0,(anonymous_9)
FNDA:0,(anonymous_10)
FNDA:0,(anonymous_11)
FNDA:0,(anonymous_12)
FNDA:0,(anonymous_13)
FNDA:0,(anonymous_14)
FNDA:0,(anonymous_15)
FNDA:3,(anonymous_16)
FNDA:1,(anonymous_17)
FNDA:1,(anonymous_18)
FNDA:3,(anonymous_19)
FNDA:0,(anonymous_20)
FNDA:1,(anonymous_21)
FNDA:0,(anonymous_22)
FNDA:0,(anonymous_23)
FNDA:0,(anonymous_24)
FNDA:0,(anonymous_25)
FNDA:0,(anonymous_26)
FNDA:0,(anonymous_27)
FNDA:0,(anonymous_28)
FNDA:0,(anonymous_29)
FNDA:0,(anonymous_30)
FNDA:1,(anonymous_31)
FNDA:0,(anonymous_32)
FNDA:0,(anonymous_33)
FNDA:0,(anonymous_34)
FNDA:0,(anonymous_35)
FNDA:0,(anonymous_36)
FNDA:0,(anonymous_37)
FNDA:0,(anonymous_38)
FNDA:0,(anonymous_39)
FNDA:0,(anonymous_40)
FNDA:0,(anonymous_41)
FNDA:0,(anonymous_42)
FNDA:1,(anonymous_43)
FNDA:1,(anonymous_44)
DA:89,1
DA:95,2
DA:96,2
DA:97,2
DA:100,2
DA:101,2
DA:104,2
DA:107,2
DA:110,2
DA:111,2
DA:114,2
DA:117,2
DA:118,2
DA:135,2
DA:143,2
DA:144,2
DA:145,2
DA:148,2
DA:149,2
DA:152,2
DA:153,2
DA:154,2
DA:155,0
DA:157,2
DA:159,2
DA:160,2
DA:167,2
DA:168,2
DA:169,2
DA:176,0
DA:177,0
DA:180,0
DA:181,0
DA:182,0
DA:184,0
DA:185,0
DA:187,0
DA:188,0
DA:190,0
DA:191,0
DA:194,0
DA:195,0
DA:196,0
DA:197,0
DA:198,0
DA:199,0
DA:203,0
DA:204,0
DA:207,0
DA:209,0
DA:210,0
DA:211,0
DA:212,0
DA:214,0
DA:216,0
DA:225,0
DA:233,0
DA:234,0
DA:235,0
DA:238,0
DA:239,0
DA:240,0
DA:241,0
DA:242,0
DA:243,0
DA:244,0
DA:245,0
DA:246,0
DA:247,0
DA:248,0
DA:249,0
DA:250,0
DA:251,0
DA:254,0
DA:255,0
DA:256,0
DA:259,0
DA:268,1
DA:269,1
DA:270,0
DA:278,0
DA:279,0
DA:280,0
DA:281,0
DA:282,0
DA:283,0
DA:285,0
DA:293,0
DA:294,0
DA:295,0
DA:298,0
DA:299,0
DA:306,0
DA:307,0
DA:314,0
DA:315,0
DA:316,0
DA:323,0
DA:330,0
DA:337,0
DA:339,0
DA:340,0
DA:343,0
DA:344,0
DA:345,0
DA:347,0
DA:348,0
DA:349,0
DA:352,0
DA:353,0
DA:355,0
DA:356,0
DA:358,0
DA:359,0
DA:366,0
DA:368,0
DA:369,0
DA:374,0
DA:381,0
DA:382,0
DA:391,3
DA:392,3
DA:394,3
DA:395,3
DA:398,3
DA:399,3
DA:400,3
DA:403,3
DA:406,3
DA:407,3
DA:408,3
DA:415,1
DA:422,1
DA:423,1
DA:430,3
DA:431,3
DA:439,1
DA:441,1
DA:443,1
DA:446,0
DA:447,0
DA:449,0
DA:450,0
DA:454,0
DA:455,0
DA:456,0
DA:460,0
DA:461,0
DA:462,0
DA:464,0
DA:465,0
DA:468,0
DA:469,0
DA:470,0
DA:472,0
DA:473,0
DA:476,0
DA:477,0
DA:480,0
DA:483,0
DA:484,0
DA:485,0
DA:489,0
DA:490,0
DA:493,0
DA:496,0
DA:499,0
DA:500,0
DA:502,0
DA:506,0
DA:509,0
DA:510,0
DA:511,0
DA:512,0
DA:514,0
DA:528,0
DA:530,0
DA:531,0
DA:534,0
DA:535,0
DA:538,0
DA:539,0
DA:540,0
DA:541,0
DA:542,0
DA:543,0
DA:544,0
DA:546,0
DA:547,0
DA:548,0
DA:549,0
DA:550,0
DA:551,0
DA:556,0
DA:557,0
DA:558,0
DA:559,0
DA:560,0
DA:561,0
DA:562,0
DA:566,0
DA:567,0
DA:568,0
DA:569,0
DA:570,0
DA:571,0
DA:572,0
DA:573,0
DA:574,0
DA:578,0
DA:579,0
DA:580,0
DA:581,0
DA:582,0
DA:583,0
DA:584,0
DA:585,0
DA:586,0
DA:590,0
DA:592,0
DA:593,0
DA:601,0
DA:602,0
DA:604,0
DA:606,0
DA:610,0
DA:616,0
DA:623,0
DA:624,0
DA:629,0
DA:630,0
DA:631,0
DA:632,0
DA:633,0
DA:634,0
DA:635,0
DA:636,0
DA:637,0
DA:638,0
DA:653,0
DA:655,0
DA:658,0
DA:660,0
DA:663,0
DA:664,0
DA:665,0
DA:667,0
DA:668,0
DA:669,0
DA:670,0
DA:672,0
DA:673,0
DA:674,0
DA:676,0
DA:678,0
DA:679,0
DA:680,0
DA:682,0
DA:684,0
DA:686,0
DA:687,0
DA:688,0
DA:689,0
DA:692,0
DA:696,0
DA:699,0
DA:700,0
DA:701,0
DA:705,0
DA:713,0
DA:714,0
DA:715,0
DA:716,0
DA:717,0
DA:718,0
DA:719,0
DA:720,0
DA:724,0
DA:725,0
DA:726,0
DA:727,0
DA:729,0
DA:730,0
DA:731,0
DA:732,0
DA:733,0
DA:734,0
DA:735,0
DA:739,0
DA:743,0
DA:746,0
DA:747,0
DA:748,0
DA:749,0
DA:750,0
DA:751,0
DA:752,0
DA:753,0
DA:754,0
DA:769,0
DA:770,0
DA:772,0
DA:773,0
DA:776,0
DA:778,0
DA:779,0
DA:780,0
DA:783,0
DA:784,0
DA:785,0
DA:787,0
DA:788,0
DA:792,0
DA:793,0
DA:794,0
DA:797,0
DA:804,0
DA:806,0
DA:807,0
DA:808,0
DA:809,0
DA:810,0
DA:814,0
DA:821,0
DA:822,0
DA:823,0
DA:824,0
DA:826,0
DA:827,0
DA:835,0
DA:837,0
DA:838,0
DA:841,0
DA:842,0
DA:845,0
DA:846,0
DA:847,0
DA:848,0
DA:850,0
DA:851,0
DA:852,0
DA:853,0
DA:855,0
DA:856,0
DA:857,0
DA:860,0
DA:861,0
DA:862,0
DA:863,0
DA:866,0
DA:867,0
DA:868,0
DA:872,0
DA:873,0
DA:874,0
DA:875,0
DA:876,0
DA:883,0
DA:884,0
DA:886,0
DA:887,0
DA:889,0
DA:890,0
DA:891,0
DA:892,0
DA:895,0
DA:896,0
DA:899,0
DA:900,0
DA:901,0
DA:907,1
DA:908,1
DA:910,1
DA:911,1
DA:917,0
DA:918,0
DA:922,0
DA:923,0
DA:927,0
DA:928,0
DA:929,0
DA:930,0
DA:931,0
DA:933,0
DA:937,0
DA:938,0
DA:943,0
DA:945,0
DA:946,0
DA:955,0
DA:958,0
DA:959,0
DA:960,0
DA:963,0
DA:964,0
DA:965,0
DA:966,0
DA:968,0
DA:969,0
DA:970,0
DA:979,0
DA:980,0
DA:981,0
DA:982,0
DA:984,0
DA:985,0
DA:992,0
DA:993,0
DA:1000,0
DA:1001,0
DA:1008,0
DA:1009,0
DA:1016,0
DA:1024,1
DA:1025,1
DA:1026,1
DA:1029,1
DA:1032,1
DA:1033,1
DA:1034,1
DA:1041,1
DA:1042,1
LF:422
LH:62
BRDA:154,0,0,0
BRDA:176,1,0,0
BRDA:176,2,0,0
BRDA:176,2,1,0
BRDA:190,3,0,0
BRDA:197,4,0,0
BRDA:203,5,0,0
BRDA:207,6,0,0
BRDA:207,6,1,0
BRDA:209,7,0,0
BRDA:209,7,1,0
BRDA:212,8,0,0
BRDA:212,8,1,0
BRDA:234,9,0,0
BRDA:254,10,0,0
BRDA:254,11,0,0
BRDA:254,11,1,0
BRDA:269,12,0,0
BRDA:278,13,0,0
BRDA:278,13,1,0
BRDA:280,14,0,0
BRDA:280,14,1,0
BRDA:282,15,0,0
BRDA:282,15,1,0
BRDA:294,16,0,0
BRDA:323,17,0,0
BRDA:323,17,1,0
BRDA:339,18,0,0
BRDA:347,19,0,0
BRDA:347,20,0,0
BRDA:347,20,1,0
BRDA:358,21,0,0
BRDA:391,22,0,3
BRDA:391,22,1,0
BRDA:398,23,0,3
BRDA:430,24,0,3
BRDA:441,25,0,1
BRDA:441,26,0,1
BRDA:441,26,1,0
BRDA:441,26,2,0
BRDA:441,26,3,0
BRDA:449,27,0,0
BRDA:455,28,0,0
BRDA:455,29,0,0
BRDA:455,29,1,0
BRDA:455,30,0,0
BRDA:455,30,1,0
BRDA:464,31,0,0
BRDA:464,32,0,0
BRDA:464,32,1,0
BRDA:499,33,0,0
BRDA:499,33,1,0
BRDA:538,34,0,0
BRDA:546,35,0,0
BRDA:556,36,0,0
BRDA:566,37,0,0
BRDA:566,38,0,0
BRDA:566,38,1,0
BRDA:578,39,0,0
BRDA:578,40,0,0
BRDA:578,40,1,0
BRDA:590,41,0,0
BRDA:590,41,1,0
BRDA:604,42,0,0
BRDA:604,42,1,0
BRDA:629,43,0,0
BRDA:629,44,0,0
BRDA:629,44,1,0
BRDA:665,45,0,0
BRDA:665,46,0,0
BRDA:665,46,1,0
BRDA:673,47,0,0
BRDA:673,47,1,0
BRDA:674,48,0,0
BRDA:674,48,1,0
BRDA:680,49,0,0
BRDA:680,49,1,0
BRDA:682,50,0,0
BRDA:686,51,0,0
BRDA:686,51,1,0
BRDA:713,52,0,0
BRDA:713,53,0,0
BRDA:713,53,1,0
BRDA:724,54,0,0
BRDA:730,55,0,0
BRDA:730,56,0,0
BRDA:730,56,1,0
BRDA:743,57,0,0
BRDA:743,58,0,0
BRDA:743,58,1,0
BRDA:743,58,2,0
BRDA:783,59,0,0
BRDA:783,59,1,0
BRDA:792,60,0,0
BRDA:804,61,0,0
BRDA:804,62,0,0
BRDA:804,62,1,0
BRDA:835,63,0,0
BRDA:835,64,0,0
BRDA:835,64,1,0
BRDA:892,65,0,0
BRDA:892,65,1,0
BRDA:910,66,0,1
BRDA:928,67,0,0
BRDA:945,68,0,0
BRDA:955,69,0,0
BRDA:963,70,0,0
BRDA:980,71,0,0
BRF:108
BRH:6
end_of_record
TN:
SF:src/webview/engines/test-infrastructure-integration.ts
FN:17,testAnnotationTypes
FN:68,testAnnotationRenderer
FN:86,testEnhancedWaveformRenderer
FN:117,(anonymous_3)
FN:132,testDecoderStatusMonitor
FN:180,testPerformanceAnalyzer
FN:214,(anonymous_6)
FN:228,testDataExporter
FN:243,(anonymous_8)
FN:277,testMainIntegration
FN:292,(anonymous_10)
FN:307,(anonymous_11)
FN:319,runAllTests
FNF:13
FNH:12
FNDA:1,testAnnotationTypes
FNDA:1,testAnnotationRenderer
FNDA:1,testEnhancedWaveformRenderer
FNDA:2,(anonymous_3)
FNDA:1,testDecoderStatusMonitor
FNDA:1,testPerformanceAnalyzer
FNDA:3,(anonymous_6)
FNDA:1,testDataExporter
FNDA:40,(anonymous_8)
FNDA:1,testMainIntegration
FNDA:5,(anonymous_10)
FNDA:5,(anonymous_11)
FNDA:0,runAllTests
DA:6,1
DA:14,1
DA:18,1
DA:20,1
DA:22,1
DA:23,1
DA:24,1
DA:25,1
DA:27,1
DA:28,1
DA:29,1
DA:30,1
DA:33,1
DA:41,1
DA:48,1
DA:55,1
DA:56,1
DA:57,1
DA:58,1
DA:60,1
DA:62,0
DA:63,0
DA:69,1
DA:71,1
DA:73,1
DA:74,1
DA:75,1
DA:76,1
DA:78,1
DA:80,0
DA:81,0
DA:87,1
DA:89,1
DA:91,1
DA:112,1
DA:113,1
DA:114,1
DA:117,1
DA:118,2
DA:121,1
DA:122,1
DA:124,1
DA:126,0
DA:127,0
DA:133,1
DA:135,1
DA:137,1
DA:154,1
DA:155,1
DA:156,1
DA:157,1
DA:160,1
DA:168,1
DA:169,1
DA:170,1
DA:172,1
DA:174,0
DA:175,0
DA:181,1
DA:183,1
DA:185,1
DA:202,1
DA:203,1
DA:204,1
DA:205,1
DA:208,1
DA:214,3
DA:216,1
DA:217,1
DA:218,1
DA:220,1
DA:222,0
DA:223,0
DA:229,1
DA:231,1
DA:233,1
DA:240,1
DA:241,1
DA:242,10
DA:243,40
DA:244,10
DA:247,1
DA:248,1
DA:249,1
DA:252,1
DA:265,1
DA:266,1
DA:267,1
DA:269,1
DA:271,0
DA:272,0
DA:278,1
DA:280,1
DA:282,1
DA:290,1
DA:291,1
DA:292,1
DA:293,5
DA:297,1
DA:305,1
DA:306,1
DA:307,1
DA:308,5
DA:311,1
DA:313,0
DA:314,0
DA:320,0
DA:321,0
DA:323,0
DA:333,0
DA:334,0
DA:336,0
DA:337,0
DA:338,0
DA:339,0
DA:340,0
DA:341,0
DA:343,0
DA:346,0
DA:348,0
DA:352,0
DA:353,0
DA:354,0
DA:355,0
DA:357,0
DA:358,0
DA:359,0
DA:360,0
DA:361,0
DA:362,0
DA:363,0
DA:364,0
DA:365,0
DA:366,0
DA:367,0
DA:368,0
DA:369,0
DA:371,0
DA:377,1
DA:378,1
DA:379,1
DA:380,1
DA:381,1
DA:382,1
DA:383,1
DA:384,1
DA:388,1
DA:389,0
LF:148
LH:101
BRDA:243,0,0,18
BRDA:243,0,1,22
BRDA:339,1,0,0
BRDA:339,1,1,0
BRDA:357,2,0,0
BRDA:357,2,1,0
BRDA:388,3,0,0
BRF:7
BRH:2
end_of_record
TN:
SF:src/webview/i18n/index.ts
FN:11,(anonymous_0)
FN:48,(anonymous_1)
FN:64,(anonymous_2)
FNF:3
FNH:3
FNDA:1,(anonymous_0)
FNDA:6,(anonymous_1)
FNDA:1,(anonymous_2)
DA:6,1
DA:7,1
DA:8,1
DA:11,1
DA:12,1
DA:14,1
DA:15,1
DA:16,0
DA:19,0
DA:23,1
DA:25,1
DA:26,0
DA:27,1
DA:28,1
DA:32,0
DA:35,1
DA:45,1
DA:48,1
DA:49,6
DA:51,6
DA:52,6
DA:54,0
DA:58,6
DA:59,6
DA:64,1
DA:65,1
DA:69,1
LF:27
LH:22
BRDA:15,0,0,0
BRDA:23,1,0,1
BRDA:23,1,1,0
BRDA:23,1,2,0
BRDA:25,2,0,0
BRDA:25,2,1,1
BRDA:27,3,0,1
BRDA:58,4,0,6
BRDA:58,5,0,6
BRDA:58,5,1,6
BRF:10
BRH:6
end_of_record
TN:
SF:src/webview/i18n/locales/en-US.ts
FNF:0
FNH:0
DA:5,0
LF:1
LH:0
BRF:0
BRH:0
end_of_record
TN:
SF:src/webview/i18n/locales/zh-CN.ts
FNF:0
FNH:0
DA:5,0
LF:1
LH:0
BRF:0
BRH:0
end_of_record
TN:
SF:src/webview/utils/KeyboardShortcutManager.ts
FN:25,(anonymous_0)
FN:34,(anonymous_1)
FN:41,(anonymous_2)
FN:49,(anonymous_3)
FN:57,(anonymous_4)
FN:65,(anonymous_5)
FN:73,(anonymous_6)
FN:81,(anonymous_7)
FN:89,(anonymous_8)
FN:97,(anonymous_9)
FN:105,(anonymous_10)
FN:113,(anonymous_11)
FN:121,(anonymous_12)
FN:129,(anonymous_13)
FN:137,(anonymous_14)
FN:145,(anonymous_15)
FN:153,(anonymous_16)
FN:161,(anonymous_17)
FN:169,(anonymous_18)
FN:177,(anonymous_19)
FN:185,(anonymous_20)
FN:190,(anonymous_21)
FN:198,(anonymous_22)
FN:205,(anonymous_23)
FN:243,(anonymous_24)
FN:256,(anonymous_25)
FN:283,(anonymous_26)
FN:295,(anonymous_27)
FN:301,(anonymous_28)
FN:307,(anonymous_29)
FN:316,(anonymous_30)
FN:323,(anonymous_31)
FN:330,(anonymous_32)
FN:337,(anonymous_33)
FN:344,(anonymous_34)
FN:351,(anonymous_35)
FN:358,(anonymous_36)
FN:368,(anonymous_37)
FN:378,(anonymous_38)
FN:385,(anonymous_39)
FN:395,(anonymous_40)
FN:397,(anonymous_41)
FN:404,(anonymous_42)
FN:416,(anonymous_43)
FN:422,(anonymous_44)
FNF:45
FNH:14
FNDA:3,(anonymous_0)
FNDA:3,(anonymous_1)
FNDA:0,(anonymous_2)
FNDA:0,(anonymous_3)
FNDA:0,(anonymous_4)
FNDA:0,(anonymous_5)
FNDA:0,(anonymous_6)
FNDA:0,(anonymous_7)
FNDA:0,(anonymous_8)
FNDA:0,(anonymous_9)
FNDA:0,(anonymous_10)
FNDA:0,(anonymous_11)
FNDA:0,(anonymous_12)
FNDA:0,(anonymous_13)
FNDA:0,(anonymous_14)
FNDA:0,(anonymous_15)
FNDA:0,(anonymous_16)
FNDA:0,(anonymous_17)
FNDA:0,(anonymous_18)
FNDA:0,(anonymous_19)
FNDA:0,(anonymous_20)
FNDA:57,(anonymous_21)
FNDA:3,(anonymous_22)
FNDA:0,(anonymous_23)
FNDA:0,(anonymous_24)
FNDA:0,(anonymous_25)
FNDA:0,(anonymous_26)
FNDA:0,(anonymous_27)
FNDA:0,(anonymous_28)
FNDA:0,(anonymous_29)
FNDA:0,(anonymous_30)
FNDA:0,(anonymous_31)
FNDA:0,(anonymous_32)
FNDA:0,(anonymous_33)
FNDA:14,(anonymous_34)
FNDA:13,(anonymous_35)
FNDA:32,(anonymous_36)
FNDA:32,(anonymous_37)
FNDA:4,(anonymous_38)
FNDA:1,(anonymous_39)
FNDA:13,(anonymous_40)
FNDA:27,(anonymous_41)
FNDA:32,(anonymous_42)
FNDA:54,(anonymous_43)
FNDA:0,(anonymous_44)
DA:20,1
DA:21,3
DA:23,3
DA:26,3
DA:27,3
DA:28,3
DA:35,3
DA:41,0
DA:49,0
DA:57,0
DA:65,0
DA:73,0
DA:81,0
DA:89,0
DA:97,0
DA:105,0
DA:113,0
DA:121,0
DA:129,0
DA:137,0
DA:145,0
DA:153,0
DA:161,0
DA:169,0
DA:177,0
DA:185,0
DA:190,3
DA:191,57
DA:199,3
DA:206,0
DA:209,0
DA:210,0
DA:214,0
DA:215,0
DA:216,0
DA:217,0
DA:218,0
DA:221,0
DA:222,0
DA:223,0
DA:227,0
DA:228,0
DA:229,0
DA:230,0
DA:232,0
DA:233,0
DA:235,0
DA:244,0
DA:246,0
DA:247,0
DA:249,0
DA:258,0
DA:259,0
DA:260,0
DA:261,0
DA:262,0
DA:263,0
DA:264,0
DA:265,0
DA:266,0
DA:267,0
DA:268,0
DA:269,0
DA:270,0
DA:273,0
DA:274,0
DA:276,0
DA:284,0
DA:285,0
DA:286,0
DA:289,0
DA:296,0
DA:298,0
DA:299,0
DA:301,0
DA:308,0
DA:309,0
DA:317,0
DA:324,0
DA:331,0
DA:338,0
DA:345,14
DA:352,13
DA:359,32
DA:360,32
DA:361,32
DA:369,32
DA:370,32
DA:371,32
DA:379,4
DA:386,1
DA:388,1
DA:389,32
DA:390,13
DA:392,32
DA:395,13
DA:397,27
DA:405,32
DA:416,54
DA:423,0
DA:424,0
DA:429,1
LF:102
LH:29
BRDA:206,0,0,0
BRDA:209,1,0,0
BRDA:215,2,0,0
BRDA:216,3,0,0
BRDA:217,4,0,0
BRDA:218,5,0,0
BRDA:222,6,0,0
BRDA:228,7,0,0
BRDA:228,8,0,0
BRDA:228,8,1,0
BRDA:244,9,0,0
BRDA:249,10,0,0
BRDA:249,10,1,0
BRDA:258,11,0,0
BRDA:258,11,1,0
BRDA:258,11,2,0
BRDA:258,11,3,0
BRDA:258,11,4,0
BRDA:258,11,5,0
BRDA:258,11,6,0
BRDA:258,11,7,0
BRDA:258,11,8,0
BRDA:258,11,9,0
BRDA:258,11,10,0
BRDA:258,11,11,0
BRDA:258,11,12,0
BRDA:263,12,0,0
BRDA:263,12,1,0
BRDA:273,13,0,0
BRDA:273,14,0,0
BRDA:273,14,1,0
BRDA:285,15,0,0
BRDA:296,16,0,0
BRDA:308,17,0,0
BRDA:360,18,0,32
BRDA:370,19,0,32
BRDA:389,20,0,13
BRDA:416,21,0,54
BRDA:416,21,1,26
BRF:39
BRH:5
end_of_record
TN:
SF:src/webview/utils/LayoutManager.ts
FN:99,(anonymous_0)
FN:108,(anonymous_1)
FN:156,(anonymous_2)
FN:189,(anonymous_3)
FN:244,(anonymous_4)
FN:252,(anonymous_5)
FN:254,(anonymous_6)
FN:259,(anonymous_7)
FN:269,(anonymous_8)
FN:274,(anonymous_9)
FN:288,(anonymous_10)
FN:291,(anonymous_11)
FN:302,(anonymous_12)
FN:313,(anonymous_13)
FN:332,(anonymous_14)
FN:349,(anonymous_15)
FN:359,(anonymous_16)
FN:362,(anonymous_17)
FN:373,(anonymous_18)
FN:383,(anonymous_19)
FN:399,(anonymous_20)
FN:423,(anonymous_21)
FN:439,(anonymous_22)
FN:458,(anonymous_23)
FN:471,(anonymous_24)
FN:473,(anonymous_25)
FN:483,(anonymous_26)
FN:491,(anonymous_27)
FN:496,(anonymous_28)
FN:505,(anonymous_29)
FN:515,(anonymous_30)
FN:533,(anonymous_31)
FN:538,(anonymous_32)
FN:546,(anonymous_33)
FN:559,(anonymous_34)
FNF:35
FNH:7
FNDA:2,(anonymous_0)
FNDA:22,(anonymous_1)
FNDA:528,(anonymous_2)
FNDA:2,(anonymous_3)
FNDA:8,(anonymous_4)
FNDA:2,(anonymous_5)
FNDA:0,(anonymous_6)
FNDA:0,(anonymous_7)
FNDA:2,(anonymous_8)
FNDA:0,(anonymous_9)
FNDA:0,(anonymous_10)
FNDA:0,(anonymous_11)
FNDA:0,(anonymous_12)
FNDA:0,(anonymous_13)
FNDA:0,(anonymous_14)
FNDA:0,(anonymous_15)
FNDA:0,(anonymous_16)
FNDA:0,(anonymous_17)
FNDA:0,(anonymous_18)
FNDA:0,(anonymous_19)
FNDA:0,(anonymous_20)
FNDA:0,(anonymous_21)
FNDA:0,(anonymous_22)
FNDA:0,(anonymous_23)
FNDA:0,(anonymous_24)
FNDA:0,(anonymous_25)
FNDA:0,(anonymous_26)
FNDA:0,(anonymous_27)
FNDA:0,(anonymous_28)
FNDA:0,(anonymous_29)
FNDA:0,(anonymous_30)
FNDA:0,(anonymous_31)
FNDA:0,(anonymous_32)
FNDA:0,(anonymous_33)
FNDA:0,(anonymous_34)
DA:89,2
DA:90,2
DA:91,2
DA:92,2
DA:94,2
DA:95,2
DA:96,2
DA:97,2
DA:100,2
DA:101,2
DA:102,2
DA:109,22
DA:156,528
DA:190,2
DA:244,2
DA:245,8
DA:254,2
DA:255,0
DA:259,2
DA:260,0
DA:261,0
DA:270,2
DA:271,2
DA:272,2
DA:273,0
DA:274,0
DA:275,0
DA:276,0
DA:281,0
DA:289,0
DA:290,0
DA:291,0
DA:293,0
DA:295,0
DA:303,0
DA:304,0
DA:307,0
DA:314,0
DA:315,0
DA:318,0
DA:324,0
DA:325,0
DA:333,0
DA:334,0
DA:336,0
DA:337,0
DA:342,0
DA:350,0
DA:351,0
DA:360,0
DA:361,0
DA:362,0
DA:364,0
DA:365,0
DA:366,0
DA:374,0
DA:375,0
DA:384,0
DA:385,0
DA:386,0
DA:387,0
DA:389,0
DA:391,0
DA:392,0
DA:400,0
DA:401,0
DA:402,0
DA:403,0
DA:406,0
DA:407,0
DA:408,0
DA:410,0
DA:414,0
DA:417,0
DA:424,0
DA:425,0
DA:426,0
DA:430,0
DA:431,0
DA:433,0
DA:440,0
DA:441,0
DA:450,0
DA:451,0
DA:452,0
DA:459,0
DA:460,0
DA:461,0
DA:462,0
DA:463,0
DA:465,0
DA:472,0
DA:474,0
DA:475,0
DA:476,0
DA:484,0
DA:485,0
DA:492,0
DA:496,0
DA:499,0
DA:506,0
DA:507,0
DA:509,0
DA:510,0
DA:511,0
DA:514,0
DA:515,0
DA:516,0
DA:517,0
DA:520,0
DA:523,0
DA:525,0
DA:526,0
DA:534,0
DA:535,0
DA:538,0
DA:539,0
DA:547,0
DA:550,0
DA:551,0
DA:560,0
DA:561,0
DA:562,0
DA:565,0
DA:570,2
LF:125
LH:22
BRDA:260,0,0,0
BRDA:260,1,0,0
BRDA:260,1,1,0
BRDA:272,2,0,0
BRDA:275,3,0,0
BRDA:303,4,0,0
BRDA:304,5,0,0
BRDA:304,5,1,0
BRDA:314,6,0,0
BRDA:324,7,0,0
BRDA:336,8,0,0
BRDA:364,9,0,0
BRDA:385,10,0,0
BRDA:402,11,0,0
BRDA:406,12,0,0
BRDA:406,12,1,0
BRDA:425,13,0,0
BRDA:439,14,0,0
BRDA:460,15,0,0
BRDA:460,16,0,0
BRDA:460,16,1,0
BRDA:474,17,0,0
BRDA:474,18,0,0
BRDA:474,18,1,0
BRDA:475,19,0,0
BRDA:475,20,0,0
BRDA:475,20,1,0
BRDA:509,21,0,0
BRDA:514,22,0,0
BRDA:514,23,0,0
BRDA:514,23,1,0
BRDA:516,24,0,0
BRDA:534,25,0,0
BRDA:560,26,0,0
BRF:34
BRH:0
end_of_record
TN:
SF:src/webview/utils/UIOptimizationTester.ts
FN:9,(anonymous_0)
FN:15,(anonymous_1)
FN:45,(anonymous_2)
FN:69,(anonymous_3)
FN:91,(anonymous_4)
FN:142,(anonymous_5)
FN:189,(anonymous_6)
FN:198,(anonymous_7)
FN:212,(anonymous_8)
FN:225,(anonymous_9)
FN:242,(anonymous_10)
FN:292,(anonymous_11)
FN:330,(anonymous_12)
FN:334,(anonymous_13)
FN:357,(anonymous_14)
FNF:15
FNH:0
FNDA:0,(anonymous_0)
FNDA:0,(anonymous_1)
FNDA:0,(anonymous_2)
FNDA:0,(anonymous_3)
FNDA:0,(anonymous_4)
FNDA:0,(anonymous_5)
FNDA:0,(anonymous_6)
FNDA:0,(anonymous_7)
FNDA:0,(anonymous_8)
FNDA:0,(anonymous_9)
FNDA:0,(anonymous_10)
FNDA:0,(anonymous_11)
FNDA:0,(anonymous_12)
FNDA:0,(anonymous_13)
FNDA:0,(anonymous_14)
DA:6,1
DA:7,1
DA:9,0
DA:10,0
DA:16,0
DA:18,0
DA:20,0
DA:23,0
DA:26,0
DA:29,0
DA:32,0
DA:34,0
DA:35,0
DA:37,0
DA:38,0
DA:46,0
DA:47,0
DA:50,0
DA:51,0
DA:52,0
DA:53,0
DA:57,0
DA:58,0
DA:59,0
DA:60,0
DA:64,0
DA:69,0
DA:74,0
DA:75,0
DA:78,0
DA:80,0
DA:81,0
DA:83,0
DA:84,0
DA:92,0
DA:93,0
DA:96,0
DA:97,0
DA:98,0
DA:99,0
DA:103,0
DA:109,0
DA:115,0
DA:122,0
DA:128,0
DA:129,0
DA:130,0
DA:131,0
DA:135,0
DA:136,0
DA:137,0
DA:138,0
DA:142,0
DA:143,0
DA:144,0
DA:145,0
DA:146,0
DA:147,0
DA:152,0
DA:153,0
DA:154,0
DA:155,0
DA:159,0
DA:160,0
DA:161,0
DA:162,0
DA:166,0
DA:167,0
DA:168,0
DA:169,0
DA:172,0
DA:173,0
DA:174,0
DA:175,0
DA:178,0
DA:179,0
DA:181,0
DA:182,0
DA:190,0
DA:191,0
DA:194,0
DA:198,0
DA:212,0
DA:219,0
DA:220,0
DA:221,0
DA:225,0
DA:226,0
DA:227,0
DA:228,0
DA:231,0
DA:232,0
DA:234,0
DA:235,0
DA:243,0
DA:244,0
DA:247,0
DA:257,0
DA:258,0
DA:259,0
DA:263,0
DA:264,0
DA:266,0
DA:267,0
DA:268,0
DA:273,0
DA:274,0
DA:275,0
DA:276,0
DA:277,0
DA:281,0
DA:282,0
DA:284,0
DA:285,0
DA:293,0
DA:294,0
DA:297,0
DA:298,0
DA:299,0
DA:300,0
DA:304,0
DA:305,0
DA:306,0
DA:307,0
DA:311,0
DA:312,0
DA:313,0
DA:314,0
DA:319,0
DA:320,0
DA:322,0
DA:323,0
DA:331,0
DA:333,0
DA:334,0
DA:336,0
DA:337,0
DA:338,0
DA:339,0
DA:341,0
DA:342,0
DA:343,0
DA:344,0
DA:347,0
DA:348,0
DA:350,0
DA:358,0
DA:363,0
LF:148
LH:2
BRDA:51,0,0,0
BRDA:58,1,0,0
BRDA:58,2,0,0
BRDA:58,2,1,0
BRDA:97,3,0,0
BRDA:129,4,0,0
BRDA:136,5,0,0
BRDA:136,6,0,0
BRDA:136,6,1,0
BRDA:143,7,0,0
BRDA:145,8,0,0
BRDA:153,9,0,0
BRDA:160,10,0,0
BRDA:167,11,0,0
BRDA:173,12,0,0
BRDA:219,13,0,0
BRDA:219,14,0,0
BRDA:219,14,1,0
BRDA:226,15,0,0
BRDA:226,16,0,0
BRDA:226,16,1,0
BRDA:226,16,2,0
BRDA:257,17,0,0
BRDA:257,18,0,0
BRDA:257,18,1,0
BRDA:266,19,0,0
BRDA:275,20,0,0
BRDA:298,21,0,0
BRDA:298,22,0,0
BRDA:298,22,1,0
BRDA:305,23,0,0
BRDA:305,24,0,0
BRDA:305,24,1,0
BRDA:312,25,0,0
BRDA:312,26,0,0
BRDA:312,26,1,0
BRDA:312,26,2,0
BRDA:343,27,0,0
BRDA:343,27,1,0
BRDA:347,28,0,0
BRDA:347,28,1,0
BRF:41
BRH:0
end_of_record
