TN:
SF:src/services/SessionManager.ts
FN:119,(anonymous_0)
FN:139,(anonymous_1)
FN:152,(anonymous_2)
FN:178,(anonymous_3)
FN:213,(anonymous_4)
FN:249,(anonymous_5)
FN:256,(anonymous_6)
FN:269,(anonymous_7)
FN:274,(anonymous_8)
FN:288,(anonymous_9)
FN:303,(anonymous_10)
FN:313,(anonymous_11)
FN:397,(anonymous_12)
FN:457,(anonymous_13)
FN:487,(anonymous_14)
FN:508,(anonymous_15)
FN:519,(anonymous_16)
FN:538,(anonymous_17)
FN:543,(anonymous_18)
FN:567,(anonymous_19)
FN:584,(anonymous_20)
FN:591,(anonymous_21)
FN:598,(anonymous_22)
FN:605,(anonymous_23)
FN:612,(anonymous_24)
FN:625,(anonymous_25)
FN:626,(anonymous_26)
FN:651,(anonymous_27)
FN:663,(anonymous_28)
FN:690,(anonymous_29)
FN:725,(anonymous_30)
FN:760,(anonymous_31)
FN:792,(anonymous_32)
FN:799,(anonymous_33)
FN:827,(anonymous_34)
FN:843,(anonymous_35)
FN:848,(anonymous_36)
FN:856,(anonymous_37)
FN:868,(anonymous_38)
FN:876,(anonymous_39)
FN:882,(anonymous_40)
FN:901,(anonymous_41)
FN:902,(anonymous_42)
FN:917,(anonymous_43)
FN:918,(anonymous_44)
FNF:45
FNH:33
FNDA:73,(anonymous_0)
FNDA:0,(anonymous_1)
FNDA:0,(anonymous_2)
FNDA:0,(anonymous_3)
FNDA:0,(anonymous_4)
FNDA:0,(anonymous_5)
FNDA:0,(anonymous_6)
FNDA:0,(anonymous_7)
FNDA:0,(anonymous_8)
FNDA:0,(anonymous_9)
FNDA:0,(anonymous_10)
FNDA:18,(anonymous_11)
FNDA:19,(anonymous_12)
FNDA:5,(anonymous_13)
FNDA:3,(anonymous_14)
FNDA:0,(anonymous_15)
FNDA:1,(anonymous_16)
FNDA:2,(anonymous_17)
FNDA:2,(anonymous_18)
FNDA:2,(anonymous_19)
FNDA:7,(anonymous_20)
FNDA:7,(anonymous_21)
FNDA:4,(anonymous_22)
FNDA:1,(anonymous_23)
FNDA:6,(anonymous_24)
FNDA:8,(anonymous_25)
FNDA:4,(anonymous_26)
FNDA:73,(anonymous_27)
FNDA:17,(anonymous_28)
FNDA:16,(anonymous_29)
FNDA:2,(anonymous_30)
FNDA:14,(anonymous_31)
FNDA:1,(anonymous_32)
FNDA:18,(anonymous_33)
FNDA:2,(anonymous_34)
FNDA:3,(anonymous_35)
FNDA:0,(anonymous_36)
FNDA:42,(anonymous_37)
FNDA:13,(anonymous_38)
FNDA:26,(anonymous_39)
FNDA:11,(anonymous_40)
FNDA:18,(anonymous_41)
FNDA:898,(anonymous_42)
FNDA:17,(anonymous_43)
FNDA:423,(anonymous_44)
DA:11,2
DA:12,2
DA:13,2
DA:14,2
DA:109,2
DA:110,73
DA:111,73
DA:112,73
DA:117,73
DA:120,73
DA:122,73
DA:131,73
DA:132,3
DA:142,0
DA:154,0
DA:155,0
DA:156,0
DA:160,0
DA:161,0
DA:162,0
DA:164,0
DA:165,0
DA:171,0
DA:172,0
DA:183,0
DA:185,0
DA:204,0
DA:205,0
DA:207,0
DA:216,0
DA:217,0
DA:221,0
DA:222,0
DA:226,0
DA:243,0
DA:250,0
DA:260,0
DA:274,0
DA:277,0
DA:279,0
DA:289,0
DA:291,0
DA:296,0
DA:306,0
DA:317,18
DA:319,18
DA:320,2
DA:328,2
DA:329,1
DA:332,1
DA:336,17
DA:358,17
DA:359,17
DA:362,17
DA:363,13
DA:367,17
DA:370,17
DA:373,14
DA:374,14
DA:377,14
DA:379,14
DA:386,3
DA:398,19
DA:400,19
DA:401,2
DA:409,2
DA:410,1
DA:413,1
DA:417,18
DA:418,1
DA:422,17
DA:425,16
DA:428,14
DA:429,14
DA:430,2
DA:434,12
DA:435,12
DA:438,12
DA:440,12
DA:447,3
DA:458,5
DA:459,1
DA:462,4
DA:463,4
DA:464,4
DA:465,1
DA:468,3
DA:469,3
DA:471,2
DA:474,2
DA:477,1
DA:488,3
DA:489,3
DA:490,3
DA:492,2
DA:493,2
DA:494,2
DA:495,2
DA:496,2
DA:497,2
DA:508,2
DA:511,1
DA:512,1
DA:523,1
DA:525,1
DA:538,2
DA:543,2
DA:558,1
DA:559,1
DA:561,1
DA:568,2
DA:569,1
DA:572,1
DA:578,1
DA:585,7
DA:592,7
DA:599,4
DA:606,1
DA:613,6
DA:614,6
DA:615,6
DA:617,5
DA:619,5
DA:620,1
DA:623,4
DA:624,3
DA:625,8
DA:626,4
DA:628,3
DA:629,3
DA:630,4
DA:631,4
DA:632,4
DA:633,3
DA:634,3
DA:636,1
DA:640,3
DA:643,1
DA:644,1
DA:652,73
DA:653,1
DA:654,1
DA:665,17
DA:676,17
DA:679,17
DA:681,16
DA:684,1
DA:691,16
DA:693,16
DA:696,13
DA:697,0
DA:700,13
DA:701,10
DA:702,2
DA:703,8
DA:705,8
DA:709,13
DA:713,3
DA:714,2
DA:717,1
DA:726,2
DA:728,1
DA:729,1
DA:733,0
DA:754,0
DA:761,14
DA:764,14
DA:765,1
DA:768,13
DA:769,1
DA:773,12
DA:774,1
DA:778,12
DA:780,11
DA:783,12
DA:793,1
DA:800,18
DA:801,18
DA:803,18
DA:828,2
DA:837,2
DA:844,3
DA:845,0
DA:848,3
DA:849,0
DA:857,42
DA:858,42
DA:859,36
DA:861,6
DA:869,13
DA:870,13
DA:877,26
DA:878,26
DA:879,26
DA:882,24
DA:885,24
DA:888,24
DA:889,24
DA:891,24
DA:894,2
DA:902,18
DA:904,898
DA:905,1
DA:910,897
DA:918,17
DA:920,423
DA:921,1
DA:923,422
DA:929,2
LF:209
LH:173
BRDA:119,0,0,65
BRDA:131,1,0,3
BRDA:154,2,0,0
BRDA:160,3,0,0
BRDA:160,4,0,0
BRDA:160,4,1,0
BRDA:164,5,0,0
BRDA:194,6,0,0
BRDA:194,6,1,0
BRDA:216,7,0,0
BRDA:221,8,0,0
BRDA:221,9,0,0
BRDA:221,9,1,0
BRDA:289,10,0,0
BRDA:306,11,0,0
BRDA:306,11,1,0
BRDA:319,12,0,2
BRDA:328,13,0,1
BRDA:339,14,0,17
BRDA:339,14,1,0
BRDA:340,15,0,17
BRDA:340,15,1,0
BRDA:342,16,0,17
BRDA:342,16,1,1
BRDA:345,17,0,17
BRDA:345,17,1,17
BRDA:362,18,0,13
BRDA:362,19,0,17
BRDA:362,19,1,17
BRDA:388,20,0,3
BRDA:388,20,1,0
BRDA:400,21,0,2
BRDA:409,22,0,1
BRDA:409,23,0,2
BRDA:409,23,1,1
BRDA:417,24,0,1
BRDA:429,25,0,2
BRDA:449,26,0,3
BRDA:449,26,1,0
BRDA:458,27,0,1
BRDA:458,28,0,5
BRDA:458,28,1,4
BRDA:464,29,0,1
BRDA:479,30,0,1
BRDA:479,30,1,0
BRDA:490,31,0,3
BRDA:490,31,1,0
BRDA:494,32,0,2
BRDA:529,33,0,1
BRDA:529,33,1,0
BRDA:568,34,0,1
BRDA:615,35,0,1
BRDA:619,36,0,1
BRDA:629,37,0,3
BRDA:629,37,1,0
BRDA:652,38,0,1
BRDA:667,39,0,1
BRDA:667,39,1,16
BRDA:669,40,0,16
BRDA:669,40,1,1
BRDA:671,41,0,16
BRDA:671,41,1,0
BRDA:679,42,0,16
BRDA:696,43,0,0
BRDA:696,44,0,13
BRDA:696,44,1,1
BRDA:700,45,0,10
BRDA:701,46,0,2
BRDA:701,46,1,8
BRDA:703,47,0,8
BRDA:713,48,0,2
BRDA:728,49,0,1
BRDA:740,50,0,0
BRDA:740,50,1,0
BRDA:764,51,0,1
BRDA:768,52,0,1
BRDA:773,53,0,1
BRDA:778,54,0,11
BRDA:778,55,0,12
BRDA:778,55,1,2
BRDA:785,56,0,11
BRDA:785,56,1,1
BRDA:818,57,0,18
BRDA:818,57,1,18
BRDA:818,57,2,0
BRDA:819,58,0,18
BRDA:819,58,1,18
BRDA:819,58,2,18
BRDA:844,59,0,0
BRDA:850,60,0,3
BRDA:850,60,1,0
BRDA:879,61,0,26
BRDA:879,61,1,13
BRDA:904,62,0,1
BRDA:920,63,0,1
BRDA:920,64,0,423
BRDA:920,64,1,363
BRF:97
BRH:68
end_of_record
