<?xml version="1.0" encoding="UTF-8"?>
<coverage generated="1754220589466" clover="3.2.0">
  <project timestamp="1754220589466" name="All files">
    <metrics statements="184" coveredstatements="184" conditionals="61" coveredconditionals="61" methods="33" coveredmethods="33" elements="278" coveredelements="278" complexity="0" loc="184" ncloc="184" packages="1" files="1" classes="1"/>
    <file name="InteractionEngine.ts" path="/home/share/samba/vscode-extension/pico-logicanalyzer/src/webview/engines/InteractionEngine.ts">
      <metrics statements="184" coveredstatements="184" conditionals="61" coveredconditionals="61" methods="33" coveredmethods="33"/>
      <line num="31" count="2" type="stmt"/>
      <line num="37" count="70" type="stmt"/>
      <line num="38" count="70" type="stmt"/>
      <line num="39" count="70" type="stmt"/>
      <line num="40" count="70" type="stmt"/>
      <line num="41" count="70" type="stmt"/>
      <line num="42" count="70" type="stmt"/>
      <line num="45" count="70" type="stmt"/>
      <line num="48" count="70" type="stmt"/>
      <line num="49" count="70" type="stmt"/>
      <line num="52" count="70" type="stmt"/>
      <line num="55" count="70" type="stmt"/>
      <line num="67" count="70" type="stmt"/>
      <line num="76" count="70" type="stmt"/>
      <line num="84" count="70" type="stmt"/>
      <line num="85" count="70" type="stmt"/>
      <line num="86" count="70" type="stmt"/>
      <line num="87" count="70" type="stmt"/>
      <line num="88" count="70" type="stmt"/>
      <line num="91" count="70" type="stmt"/>
      <line num="92" count="70" type="stmt"/>
      <line num="95" count="70" type="stmt"/>
      <line num="96" count="70" type="stmt"/>
      <line num="97" count="70" type="stmt"/>
      <line num="100" count="70" type="stmt"/>
      <line num="107" count="13" type="stmt"/>
      <line num="108" count="13" type="stmt"/>
      <line num="109" count="13" type="stmt"/>
      <line num="111" count="13" type="stmt"/>
      <line num="112" count="13" type="stmt"/>
      <line num="113" count="13" type="stmt"/>
      <line num="114" count="13" type="stmt"/>
      <line num="116" count="13" type="cond" truecount="1" falsecount="0"/>
      <line num="117" count="13" type="cond" truecount="4" falsecount="0"/>
      <line num="119" count="9" type="cond" truecount="1" falsecount="0"/>
      <line num="120" count="9" type="stmt"/>
      <line num="124" count="4" type="cond" truecount="1" falsecount="0"/>
      <line num="125" count="4" type="stmt"/>
      <line num="126" count="4" type="stmt"/>
      <line num="132" count="13" type="stmt"/>
      <line num="139" count="5" type="stmt"/>
      <line num="140" count="5" type="stmt"/>
      <line num="141" count="5" type="stmt"/>
      <line num="143" count="5" type="stmt"/>
      <line num="144" count="5" type="stmt"/>
      <line num="146" count="5" type="cond" truecount="2" falsecount="0"/>
      <line num="148" count="1" type="stmt"/>
      <line num="149" count="4" type="cond" truecount="2" falsecount="0"/>
      <line num="151" count="2" type="stmt"/>
      <line num="154" count="2" type="stmt"/>
      <line num="157" count="5" type="stmt"/>
      <line num="158" count="5" type="stmt"/>
      <line num="165" count="4" type="cond" truecount="1" falsecount="0"/>
      <line num="166" count="1" type="stmt"/>
      <line num="167" count="1" type="stmt"/>
      <line num="170" count="4" type="cond" truecount="1" falsecount="0"/>
      <line num="171" count="3" type="stmt"/>
      <line num="179" count="6" type="cond" truecount="1" falsecount="0"/>
      <line num="181" count="5" type="stmt"/>
      <line num="183" count="5" type="stmt"/>
      <line num="184" count="5" type="stmt"/>
      <line num="187" count="5" type="stmt"/>
      <line num="190" count="5" type="cond" truecount="2" falsecount="0"/>
      <line num="194" count="5" type="stmt"/>
      <line num="202" count="1" type="stmt"/>
      <line num="209" count="18" type="cond" truecount="8" falsecount="0"/>
      <line num="211" count="1" type="stmt"/>
      <line num="212" count="1" type="stmt"/>
      <line num="214" count="1" type="stmt"/>
      <line num="215" count="1" type="stmt"/>
      <line num="218" count="4" type="cond" truecount="3" falsecount="0"/>
      <line num="219" count="3" type="stmt"/>
      <line num="220" count="3" type="stmt"/>
      <line num="222" count="4" type="stmt"/>
      <line num="225" count="6" type="cond" truecount="3" falsecount="0"/>
      <line num="226" count="6" type="stmt"/>
      <line num="227" count="6" type="stmt"/>
      <line num="229" count="6" type="stmt"/>
      <line num="232" count="6" type="cond" truecount="3" falsecount="0"/>
      <line num="233" count="6" type="stmt"/>
      <line num="234" count="6" type="stmt"/>
      <line num="236" count="6" type="stmt"/>
      <line num="244" count="3" type="stmt"/>
      <line num="246" count="3" type="cond" truecount="1" falsecount="0"/>
      <line num="248" count="2" type="stmt"/>
      <line num="249" count="2" type="stmt"/>
      <line num="250" count="2" type="stmt"/>
      <line num="252" count="2" type="stmt"/>
      <line num="253" count="2" type="stmt"/>
      <line num="254" count="2" type="stmt"/>
      <line num="262" count="1" type="stmt"/>
      <line num="264" count="1" type="cond" truecount="3" falsecount="0"/>
      <line num="266" count="1" type="stmt"/>
      <line num="267" count="1" type="stmt"/>
      <line num="268" count="1" type="stmt"/>
      <line num="270" count="1" type="stmt"/>
      <line num="271" count="1" type="stmt"/>
      <line num="273" count="1" type="stmt"/>
      <line num="281" count="2" type="stmt"/>
      <line num="288" count="9" type="stmt"/>
      <line num="289" count="9" type="stmt"/>
      <line num="290" count="9" type="stmt"/>
      <line num="292" count="9" type="stmt"/>
      <line num="303" count="6" type="cond" truecount="3" falsecount="0"/>
      <line num="305" count="4" type="stmt"/>
      <line num="307" count="4" type="stmt"/>
      <line num="318" count="4" type="cond" truecount="1" falsecount="0"/>
      <line num="320" count="3" type="stmt"/>
      <line num="322" count="3" type="cond" truecount="3" falsecount="0"/>
      <line num="323" count="3" type="stmt"/>
      <line num="335" count="11" type="stmt"/>
      <line num="337" count="11" type="stmt"/>
      <line num="338" count="11" type="stmt"/>
      <line num="339" count="11" type="stmt"/>
      <line num="341" count="11" type="stmt"/>
      <line num="343" count="11" type="stmt"/>
      <line num="353" count="25" type="stmt"/>
      <line num="356" count="25" type="cond" truecount="3" falsecount="0"/>
      <line num="357" count="4" type="stmt"/>
      <line num="360" count="21" type="stmt"/>
      <line num="367" count="29" type="stmt"/>
      <line num="370" count="29" type="cond" truecount="3" falsecount="0"/>
      <line num="371" count="2" type="stmt"/>
      <line num="374" count="27" type="stmt"/>
      <line num="375" count="27" type="stmt"/>
      <line num="376" count="27" type="stmt"/>
      <line num="379" count="27" type="stmt"/>
      <line num="380" count="27" type="stmt"/>
      <line num="381" count="27" type="stmt"/>
      <line num="382" count="27" type="stmt"/>
      <line num="384" count="27" type="stmt"/>
      <line num="386" count="27" type="stmt"/>
      <line num="397" count="8" type="stmt"/>
      <line num="398" count="8" type="stmt"/>
      <line num="399" count="8" type="stmt"/>
      <line num="400" count="8" type="stmt"/>
      <line num="402" count="8" type="stmt"/>
      <line num="404" count="8" type="stmt"/>
      <line num="415" count="50" type="stmt"/>
      <line num="416" count="50" type="stmt"/>
      <line num="418" count="50" type="stmt"/>
      <line num="419" count="50" type="stmt"/>
      <line num="426" count="18" type="stmt"/>
      <line num="433" count="4" type="stmt"/>
      <line num="440" count="2" type="cond" truecount="4" falsecount="0"/>
      <line num="441" count="1" type="stmt"/>
      <line num="443" count="1" type="stmt"/>
      <line num="451" count="1014" type="cond" truecount="1" falsecount="0"/>
      <line num="452" count="14" type="stmt"/>
      <line num="454" count="1014" type="stmt"/>
      <line num="461" count="4" type="stmt"/>
      <line num="462" count="4" type="cond" truecount="1" falsecount="0"/>
      <line num="463" count="3" type="stmt"/>
      <line num="464" count="3" type="cond" truecount="1" falsecount="0"/>
      <line num="465" count="2" type="stmt"/>
      <line num="474" count="63" type="stmt"/>
      <line num="475" count="63" type="cond" truecount="1" falsecount="0"/>
      <line num="476" count="12" type="stmt"/>
      <line num="482" count="1011" type="stmt"/>
      <line num="490" count="44" type="stmt"/>
      <line num="497" count="3" type="stmt"/>
      <line num="498" count="3" type="stmt"/>
      <line num="505" count="1" type="stmt"/>
      <line num="512" count="7" type="cond" truecount="3" falsecount="0"/>
      <line num="513" count="3" type="stmt"/>
      <line num="518" count="4" type="stmt"/>
      <line num="525" count="1" type="stmt"/>
      <line num="526" count="1" type="stmt"/>
      <line num="527" count="1" type="stmt"/>
      <line num="529" count="1" type="stmt"/>
      <line num="539" count="67" type="stmt"/>
      <line num="540" count="67" type="stmt"/>
      <line num="541" count="67" type="stmt"/>
      <line num="542" count="67" type="stmt"/>
      <line num="543" count="67" type="stmt"/>
      <line num="544" count="67" type="stmt"/>
      <line num="545" count="67" type="stmt"/>
      <line num="546" count="67" type="stmt"/>
      <line num="547" count="67" type="stmt"/>
      <line num="550" count="67" type="stmt"/>
      <line num="553" count="67" type="stmt"/>
      <line num="554" count="67" type="stmt"/>
      <line num="555" count="67" type="stmt"/>
      <line num="556" count="67" type="stmt"/>
    </file>
  </project>
</coverage>
