TN:
SF:src/webview/engines/InteractionEngine.ts
FN:51,(anonymous_0)
FN:82,(anonymous_1)
FN:100,(anonymous_2)
FN:106,(anonymous_3)
FN:138,(anonymous_4)
FN:164,(anonymous_5)
FN:178,(anonymous_6)
FN:200,(anonymous_7)
FN:208,(anonymous_8)
FN:243,(anonymous_9)
FN:261,(anonymous_10)
FN:280,(anonymous_11)
FN:287,(anonymous_12)
FN:302,(anonymous_13)
FN:317,(anonymous_14)
FN:334,(anonymous_15)
FN:352,(anonymous_16)
FN:366,(anonymous_17)
FN:396,(anonymous_18)
FN:414,(anonymous_19)
FN:425,(anonymous_20)
FN:432,(anonymous_21)
FN:439,(anonymous_22)
FN:450,(anonymous_23)
FN:460,(anonymous_24)
FN:473,(anonymous_25)
FN:482,(anonymous_26)
FN:489,(anonymous_27)
FN:496,(anonymous_28)
FN:504,(anonymous_29)
FN:511,(anonymous_30)
FN:524,(anonymous_31)
FN:537,(anonymous_32)
FNF:33
FNH:33
FNDA:70,(anonymous_0)
FNDA:70,(anonymous_1)
FNDA:1,(anonymous_2)
FNDA:13,(anonymous_3)
FNDA:5,(anonymous_4)
FNDA:4,(anonymous_5)
FNDA:6,(anonymous_6)
FNDA:1,(anonymous_7)
FNDA:18,(anonymous_8)
FNDA:3,(anonymous_9)
FNDA:1,(anonymous_10)
FNDA:2,(anonymous_11)
FNDA:9,(anonymous_12)
FNDA:6,(anonymous_13)
FNDA:4,(anonymous_14)
FNDA:11,(anonymous_15)
FNDA:25,(anonymous_16)
FNDA:29,(anonymous_17)
FNDA:8,(anonymous_18)
FNDA:50,(anonymous_19)
FNDA:18,(anonymous_20)
FNDA:4,(anonymous_21)
FNDA:2,(anonymous_22)
FNDA:1014,(anonymous_23)
FNDA:4,(anonymous_24)
FNDA:63,(anonymous_25)
FNDA:1011,(anonymous_26)
FNDA:44,(anonymous_27)
FNDA:3,(anonymous_28)
FNDA:1,(anonymous_29)
FNDA:7,(anonymous_30)
FNDA:1,(anonymous_31)
FNDA:67,(anonymous_32)
DA:31,2
DA:37,70
DA:38,70
DA:39,70
DA:40,70
DA:41,70
DA:42,70
DA:45,70
DA:48,70
DA:49,70
DA:52,70
DA:55,70
DA:67,70
DA:76,70
DA:84,70
DA:85,70
DA:86,70
DA:87,70
DA:88,70
DA:91,70
DA:92,70
DA:95,70
DA:96,70
DA:97,70
DA:100,70
DA:107,13
DA:108,13
DA:109,13
DA:111,13
DA:112,13
DA:113,13
DA:114,13
DA:116,13
DA:117,13
DA:119,9
DA:120,9
DA:124,4
DA:125,4
DA:126,4
DA:132,13
DA:139,5
DA:140,5
DA:141,5
DA:143,5
DA:144,5
DA:146,5
DA:148,1
DA:149,4
DA:151,2
DA:154,2
DA:157,5
DA:158,5
DA:165,4
DA:166,1
DA:167,1
DA:170,4
DA:171,3
DA:179,6
DA:181,5
DA:183,5
DA:184,5
DA:187,5
DA:190,5
DA:194,5
DA:202,1
DA:209,18
DA:211,1
DA:212,1
DA:214,1
DA:215,1
DA:218,4
DA:219,3
DA:220,3
DA:222,4
DA:225,6
DA:226,6
DA:227,6
DA:229,6
DA:232,6
DA:233,6
DA:234,6
DA:236,6
DA:244,3
DA:246,3
DA:248,2
DA:249,2
DA:250,2
DA:252,2
DA:253,2
DA:254,2
DA:262,1
DA:264,1
DA:266,1
DA:267,1
DA:268,1
DA:270,1
DA:271,1
DA:273,1
DA:281,2
DA:288,9
DA:289,9
DA:290,9
DA:292,9
DA:303,6
DA:305,4
DA:307,4
DA:318,4
DA:320,3
DA:322,3
DA:323,3
DA:335,11
DA:337,11
DA:338,11
DA:339,11
DA:341,11
DA:343,11
DA:353,25
DA:356,25
DA:357,4
DA:360,21
DA:367,29
DA:370,29
DA:371,2
DA:374,27
DA:375,27
DA:376,27
DA:379,27
DA:380,27
DA:381,27
DA:382,27
DA:384,27
DA:386,27
DA:397,8
DA:398,8
DA:399,8
DA:400,8
DA:402,8
DA:404,8
DA:415,50
DA:416,50
DA:418,50
DA:419,50
DA:426,18
DA:433,4
DA:440,2
DA:441,1
DA:443,1
DA:451,1014
DA:452,14
DA:454,1014
DA:461,4
DA:462,4
DA:463,3
DA:464,3
DA:465,2
DA:474,63
DA:475,63
DA:476,12
DA:482,1011
DA:490,44
DA:497,3
DA:498,3
DA:505,1
DA:512,7
DA:513,3
DA:518,4
DA:525,1
DA:526,1
DA:527,1
DA:529,1
DA:539,67
DA:540,67
DA:541,67
DA:542,67
DA:543,67
DA:544,67
DA:545,67
DA:546,67
DA:547,67
DA:550,67
DA:553,67
DA:554,67
DA:555,67
DA:556,67
LF:184
LH:184
BRDA:116,0,0,13
BRDA:117,1,0,9
BRDA:117,1,1,4
BRDA:117,2,0,13
BRDA:117,2,1,4
BRDA:119,3,0,9
BRDA:124,4,0,4
BRDA:146,5,0,1
BRDA:146,5,1,4
BRDA:149,6,0,2
BRDA:149,6,1,2
BRDA:165,7,0,1
BRDA:170,8,0,3
BRDA:179,9,0,1
BRDA:190,10,0,4
BRDA:190,10,1,1
BRDA:209,11,0,1
BRDA:209,11,1,1
BRDA:209,11,2,3
BRDA:209,11,3,4
BRDA:209,11,4,3
BRDA:209,11,5,6
BRDA:209,11,6,3
BRDA:209,11,7,6
BRDA:218,12,0,3
BRDA:218,13,0,4
BRDA:218,13,1,1
BRDA:225,14,0,6
BRDA:225,15,0,6
BRDA:225,15,1,2
BRDA:232,16,0,6
BRDA:232,17,0,6
BRDA:232,17,1,2
BRDA:246,18,0,2
BRDA:264,19,0,1
BRDA:264,20,0,1
BRDA:264,20,1,1
BRDA:303,21,0,2
BRDA:303,22,0,6
BRDA:303,22,1,5
BRDA:318,23,0,1
BRDA:322,24,0,3
BRDA:322,25,0,3
BRDA:322,25,1,3
BRDA:356,26,0,4
BRDA:356,27,0,25
BRDA:356,27,1,23
BRDA:370,28,0,2
BRDA:370,29,0,29
BRDA:370,29,1,28
BRDA:440,30,0,1
BRDA:440,30,1,1
BRDA:440,31,0,2
BRDA:440,31,1,1
BRDA:451,32,0,14
BRDA:462,33,0,3
BRDA:464,34,0,2
BRDA:475,35,0,12
BRDA:512,36,0,3
BRDA:512,37,0,7
BRDA:512,37,1,3
BRF:61
BRH:61
end_of_record
