TN:
SF:src/decoders/StreamingDecoder.ts
FN:104,(anonymous_0)
FN:117,(anonymous_1)
FN:133,(anonymous_2)
FN:162,(anonymous_3)
FN:233,(anonymous_4)
FN:241,(anonymous_5)
FN:248,(anonymous_6)
FN:250,(anonymous_7)
FN:260,(anonymous_8)
FN:280,(anonymous_9)
FN:335,(anonymous_10)
FN:343,(anonymous_11)
FN:350,(anonymous_12)
FN:351,(anonymous_13)
FN:368,(anonymous_14)
FN:395,(anonymous_15)
FN:402,(anonymous_16)
FN:411,(anonymous_17)
FN:421,(anonymous_18)
FN:432,(anonymous_19)
FN:442,(anonymous_20)
FN:443,(anonymous_21)
FNF:22
FNH:20
FNDA:37,(anonymous_0)
FNDA:14,(anonymous_1)
FNDA:13,(anonymous_2)
FNDA:29,(anonymous_3)
FNDA:1,(anonymous_4)
FNDA:4,(anonymous_5)
FNDA:12,(anonymous_6)
FNDA:12,(anonymous_7)
FNDA:29,(anonymous_8)
FNDA:2,(anonymous_9)
FNDA:12,(anonymous_10)
FNDA:12,(anonymous_11)
FNDA:12,(anonymous_12)
FNDA:49,(anonymous_13)
FNDA:29,(anonymous_14)
FNDA:8,(anonymous_15)
FNDA:8,(anonymous_16)
FNDA:22,(anonymous_17)
FNDA:8,(anonymous_18)
FNDA:20,(anonymous_19)
FNDA:0,(anonymous_20)
FNDA:0,(anonymous_21)
DA:90,1
DA:92,37
DA:93,37
DA:94,37
DA:95,37
DA:96,37
DA:105,37
DA:123,14
DA:124,1
DA:127,13
DA:128,13
DA:129,13
DA:130,13
DA:133,13
DA:135,13
DA:136,13
DA:145,13
DA:147,13
DA:150,12
DA:152,12
DA:155,12
DA:160,12
DA:163,29
DA:164,10
DA:168,19
DA:176,18
DA:177,2
DA:180,18
DA:181,18
DA:182,18
DA:185,18
DA:186,2
DA:187,2
DA:191,18
DA:192,0
DA:198,18
DA:203,9
DA:204,9
DA:205,9
DA:206,9
DA:208,9
DA:210,9
DA:217,3
DA:218,3
DA:225,12
DA:226,12
DA:234,1
DA:235,1
DA:242,4
DA:249,12
DA:250,12
DA:253,12
DA:255,12
DA:256,29
DA:257,29
DA:260,29
DA:265,29
DA:274,12
DA:281,2
DA:282,2
DA:283,2
DA:284,2
DA:285,2
DA:286,2
DA:288,2
DA:333,12
DA:336,12
DA:337,12
DA:347,12
DA:348,12
DA:350,12
DA:351,12
DA:352,49
DA:353,20
DA:354,15
DA:356,20
DA:359,29
DA:360,0
DA:363,29
DA:364,29
DA:366,29
DA:368,29
DA:370,29
DA:371,18
DA:374,11
DA:375,11
DA:377,29
DA:380,29
DA:385,12
DA:386,20
DA:395,1
DA:396,8
DA:397,8
DA:403,8
DA:404,8
DA:405,8
DA:412,22
DA:413,22
DA:415,22
DA:430,8
DA:432,20
DA:440,8
DA:441,0
DA:442,0
DA:443,0
DA:445,0
DA:446,0
DA:454,8
LF:108
LH:101
BRDA:104,0,0,33
BRDA:123,1,0,1
BRDA:133,2,0,13
BRDA:133,2,1,1
BRDA:163,3,0,10
BRDA:176,4,0,2
BRDA:176,5,0,18
BRDA:176,5,1,2
BRDA:185,6,0,2
BRDA:185,7,0,18
BRDA:185,7,1,17
BRDA:191,8,0,0
BRDA:220,9,0,3
BRDA:220,9,1,0
BRDA:250,10,0,12
BRDA:250,10,1,1
BRDA:262,11,0,29
BRDA:262,11,1,0
BRDA:270,12,0,18
BRDA:270,12,1,11
BRDA:296,13,0,2
BRDA:296,13,1,0
BRDA:352,14,0,20
BRDA:353,15,0,15
BRDA:359,16,0,0
BRDA:435,17,0,13
BRDA:435,17,1,7
BRDA:440,18,0,0
BRDA:445,19,0,0
BRF:29
BRH:22
end_of_record
