TN:
SF:src/webview/engines/InteractionEngine.ts
FN:51,(anonymous_0)
FN:82,(anonymous_1)
FN:100,(anonymous_2)
FN:106,(anonymous_3)
FN:138,(anonymous_4)
FN:164,(anonymous_5)
FN:178,(anonymous_6)
FN:200,(anonymous_7)
FN:208,(anonymous_8)
FN:243,(anonymous_9)
FN:261,(anonymous_10)
FN:280,(anonymous_11)
FN:287,(anonymous_12)
FN:302,(anonymous_13)
FN:317,(anonymous_14)
FN:334,(anonymous_15)
FN:352,(anonymous_16)
FN:366,(anonymous_17)
FN:396,(anonymous_18)
FN:414,(anonymous_19)
FN:425,(anonymous_20)
FN:432,(anonymous_21)
FN:439,(anonymous_22)
FN:450,(anonymous_23)
FN:460,(anonymous_24)
FN:473,(anonymous_25)
FN:482,(anonymous_26)
FN:489,(anonymous_27)
FN:496,(anonymous_28)
FN:504,(anonymous_29)
FN:511,(anonymous_30)
FN:524,(anonymous_31)
FN:537,(anonymous_32)
FNF:33
FNH:33
FNDA:58,(anonymous_0)
FNDA:58,(anonymous_1)
FNDA:1,(anonymous_2)
FNDA:14,(anonymous_3)
FNDA:110,(anonymous_4)
FNDA:3,(anonymous_5)
FNDA:3,(anonymous_6)
FNDA:1,(anonymous_7)
FNDA:5,(anonymous_8)
FNDA:2,(anonymous_9)
FNDA:1,(anonymous_10)
FNDA:1,(anonymous_11)
FNDA:8,(anonymous_12)
FNDA:4,(anonymous_13)
FNDA:2,(anonymous_14)
FNDA:13,(anonymous_15)
FNDA:61,(anonymous_16)
FNDA:64,(anonymous_17)
FNDA:3,(anonymous_18)
FNDA:84,(anonymous_19)
FNDA:14,(anonymous_20)
FNDA:3,(anonymous_21)
FNDA:103,(anonymous_22)
FNDA:19,(anonymous_23)
FNDA:1,(anonymous_24)
FNDA:93,(anonymous_25)
FNDA:20,(anonymous_26)
FNDA:23,(anonymous_27)
FNDA:6,(anonymous_28)
FNDA:1,(anonymous_29)
FNDA:3,(anonymous_30)
FNDA:1,(anonymous_31)
FNDA:61,(anonymous_32)
DA:31,1
DA:37,58
DA:38,58
DA:39,58
DA:40,58
DA:41,58
DA:42,58
DA:45,58
DA:48,58
DA:49,58
DA:52,58
DA:55,58
DA:67,58
DA:76,58
DA:84,58
DA:85,58
DA:86,58
DA:87,58
DA:88,58
DA:91,58
DA:92,58
DA:95,58
DA:96,58
DA:97,58
DA:100,58
DA:107,14
DA:108,14
DA:109,14
DA:111,14
DA:112,14
DA:113,14
DA:114,14
DA:116,14
DA:117,14
DA:119,9
DA:120,8
DA:124,5
DA:125,4
DA:126,4
DA:132,14
DA:139,110
DA:140,110
DA:141,110
DA:143,110
DA:144,110
DA:146,110
DA:148,3
DA:149,107
DA:151,4
DA:154,103
DA:157,110
DA:158,110
DA:165,3
DA:166,1
DA:167,1
DA:170,3
DA:171,2
DA:179,3
DA:181,2
DA:183,2
DA:184,2
DA:187,2
DA:190,2
DA:194,2
DA:202,1
DA:209,5
DA:211,1
DA:212,1
DA:214,1
DA:215,1
DA:218,1
DA:219,1
DA:220,1
DA:222,1
DA:225,1
DA:226,1
DA:227,1
DA:229,1
DA:232,1
DA:233,1
DA:234,1
DA:236,1
DA:244,2
DA:246,2
DA:248,2
DA:249,2
DA:250,2
DA:252,2
DA:253,2
DA:254,2
DA:262,1
DA:264,1
DA:266,1
DA:267,1
DA:268,1
DA:270,1
DA:271,1
DA:273,1
DA:281,1
DA:288,8
DA:289,8
DA:290,8
DA:292,8
DA:303,4
DA:305,4
DA:307,4
DA:318,2
DA:320,2
DA:322,2
DA:323,2
DA:335,13
DA:337,13
DA:338,13
DA:339,13
DA:341,13
DA:343,13
DA:353,61
DA:356,61
DA:357,2
DA:360,59
DA:367,64
DA:370,64
DA:371,2
DA:374,62
DA:375,62
DA:376,62
DA:379,62
DA:380,62
DA:381,62
DA:382,62
DA:384,62
DA:386,62
DA:397,3
DA:398,3
DA:399,3
DA:400,3
DA:402,3
DA:404,3
DA:415,84
DA:416,84
DA:418,84
DA:419,84
DA:426,14
DA:433,3
DA:440,103
DA:441,1
DA:443,102
DA:451,19
DA:452,19
DA:454,19
DA:461,1
DA:462,1
DA:463,1
DA:464,1
DA:465,1
DA:474,93
DA:475,93
DA:476,21
DA:482,21
DA:490,23
DA:497,6
DA:498,6
DA:505,1
DA:512,3
DA:513,2
DA:518,1
DA:525,1
DA:526,1
DA:527,1
DA:529,1
DA:539,61
DA:540,61
DA:541,61
DA:542,61
DA:543,61
DA:544,61
DA:545,61
DA:546,61
DA:547,61
DA:550,61
DA:553,61
DA:554,61
DA:555,61
DA:556,61
LF:184
LH:184
BRDA:116,0,0,14
BRDA:117,1,0,9
BRDA:117,1,1,5
BRDA:117,2,0,14
BRDA:117,2,1,5
BRDA:119,3,0,8
BRDA:124,4,0,4
BRDA:146,5,0,3
BRDA:146,5,1,107
BRDA:149,6,0,4
BRDA:149,6,1,103
BRDA:165,7,0,1
BRDA:170,8,0,2
BRDA:179,9,0,1
BRDA:190,10,0,2
BRDA:190,10,1,0
BRDA:209,11,0,1
BRDA:209,11,1,1
BRDA:209,11,2,1
BRDA:209,11,3,1
BRDA:209,11,4,1
BRDA:209,11,5,1
BRDA:209,11,6,1
BRDA:209,11,7,1
BRDA:218,12,0,1
BRDA:218,13,0,1
BRDA:218,13,1,0
BRDA:225,14,0,1
BRDA:225,15,0,1
BRDA:225,15,1,0
BRDA:232,16,0,1
BRDA:232,17,0,1
BRDA:232,17,1,0
BRDA:246,18,0,2
BRDA:264,19,0,1
BRDA:264,20,0,1
BRDA:264,20,1,1
BRDA:303,21,0,0
BRDA:303,22,0,4
BRDA:303,22,1,4
BRDA:318,23,0,0
BRDA:322,24,0,2
BRDA:322,25,0,2
BRDA:322,25,1,2
BRDA:356,26,0,2
BRDA:356,27,0,61
BRDA:356,27,1,60
BRDA:370,28,0,2
BRDA:370,29,0,64
BRDA:370,29,1,63
BRDA:440,30,0,1
BRDA:440,30,1,102
BRDA:440,31,0,103
BRDA:440,31,1,102
BRDA:451,32,0,19
BRDA:462,33,0,1
BRDA:464,34,0,1
BRDA:475,35,0,21
BRDA:512,36,0,2
BRDA:512,37,0,3
BRDA:512,37,1,2
BRF:61
BRH:55
end_of_record
