<?xml version="1.0" encoding="UTF-8"?>
<coverage generated="1754394006034" clover="3.2.0">
  <project timestamp="1754394006034" name="All files">
    <metrics statements="212" coveredstatements="210" conditionals="63" coveredconditionals="61" methods="27" coveredmethods="27" elements="302" coveredelements="298" complexity="0" loc="212" ncloc="212" packages="1" files="1" classes="1"/>
    <file name="TypeScriptCodeGenerator.ts" path="/home/share/samba/vscode-extension/pico-logicanalyzer/src/tools/TypeScriptCodeGenerator.ts">
      <metrics statements="212" coveredstatements="210" conditionals="63" coveredconditionals="61" methods="27" coveredmethods="27"/>
      <line num="41" count="1" type="stmt"/>
      <line num="43" count="50" type="stmt"/>
      <line num="46" count="50" type="stmt"/>
      <line num="60" count="54" type="stmt"/>
      <line num="62" count="52" type="stmt"/>
      <line num="63" count="51" type="cond" truecount="2" falsecount="0"/>
      <line num="64" count="51" type="cond" truecount="2" falsecount="0"/>
      <line num="66" count="51" type="stmt"/>
      <line num="73" count="51" type="stmt"/>
      <line num="75" count="51" type="stmt"/>
      <line num="87" count="52" type="stmt"/>
      <line num="88" count="52" type="stmt"/>
      <line num="91" count="52" type="cond" truecount="1" falsecount="0"/>
      <line num="92" count="50" type="stmt"/>
      <line num="96" count="52" type="stmt"/>
      <line num="97" count="52" type="stmt"/>
      <line num="100" count="52" type="cond" truecount="1" falsecount="0"/>
      <line num="101" count="4" type="stmt"/>
      <line num="102" count="4" type="stmt"/>
      <line num="106" count="52" type="stmt"/>
      <line num="107" count="51" type="stmt"/>
      <line num="110" count="51" type="stmt"/>
      <line num="111" count="51" type="stmt"/>
      <line num="114" count="51" type="stmt"/>
      <line num="115" count="51" type="stmt"/>
      <line num="118" count="51" type="stmt"/>
      <line num="119" count="191" type="stmt"/>
      <line num="120" count="191" type="stmt"/>
      <line num="124" count="51" type="stmt"/>
      <line num="126" count="51" type="stmt"/>
      <line num="133" count="50" type="stmt"/>
      <line num="139" count="144" type="stmt"/>
      <line num="143" count="50" type="stmt"/>
      <line num="150" count="52" type="stmt"/>
      <line num="156" count="52" type="cond" truecount="1" falsecount="0"/>
      <line num="157" count="48" type="stmt"/>
      <line num="160" count="52" type="stmt"/>
      <line num="167" count="4" type="cond" truecount="1" falsecount="0"/>
      <line num="169" count="3" type="stmt"/>
      <line num="171" count="3" type="stmt"/>
      <line num="172" count="12" type="cond" truecount="1" falsecount="0"/>
      <line num="173" count="8" type="stmt"/>
      <line num="176" count="12" type="stmt"/>
      <line num="177" count="12" type="stmt"/>
      <line num="180" count="3" type="stmt"/>
      <line num="181" count="3" type="stmt"/>
      <line num="188" count="52" type="stmt"/>
      <line num="189" count="52" type="stmt"/>
      <line num="191" count="52" type="cond" truecount="1" falsecount="0"/>
      <line num="192" count="50" type="stmt"/>
      <line num="193" count="50" type="stmt"/>
      <line num="194" count="50" type="stmt"/>
      <line num="195" count="49" type="stmt"/>
      <line num="198" count="51" type="stmt"/>
      <line num="199" count="51" type="stmt"/>
      <line num="201" count="51" type="stmt"/>
      <line num="208" count="51" type="stmt"/>
      <line num="209" count="51" type="stmt"/>
      <line num="212" count="51" type="stmt"/>
      <line num="213" count="51" type="stmt"/>
      <line num="214" count="51" type="stmt"/>
      <line num="215" count="51" type="stmt"/>
      <line num="216" count="51" type="stmt"/>
      <line num="219" count="51" type="stmt"/>
      <line num="220" count="245" type="stmt"/>
      <line num="223" count="51" type="stmt"/>
      <line num="230" count="51" type="stmt"/>
      <line num="231" count="51" type="stmt"/>
      <line num="233" count="51" type="cond" truecount="1" falsecount="0"/>
      <line num="234" count="49" type="stmt"/>
      <line num="235" count="49" type="stmt"/>
      <line num="236" count="49" type="stmt"/>
      <line num="239" count="51" type="stmt"/>
      <line num="240" count="51" type="stmt"/>
      <line num="243" count="51" type="stmt"/>
      <line num="244" count="245" type="stmt"/>
      <line num="247" count="51" type="stmt"/>
      <line num="249" count="51" type="stmt"/>
      <line num="256" count="191" type="stmt"/>
      <line num="257" count="191" type="stmt"/>
      <line num="260" count="191" type="cond" truecount="1" falsecount="0"/>
      <line num="262" count="144" type="cond" truecount="1" falsecount="0"/>
      <line num="263" count="138" type="stmt"/>
      <line num="264" count="138" type="stmt"/>
      <line num="265" count="138" type="cond" truecount="3" falsecount="0"/>
      <line num="266" count="136" type="stmt"/>
      <line num="268" count="138" type="stmt"/>
      <line num="272" count="144" type="cond" truecount="2" falsecount="0"/>
      <line num="273" count="144" type="stmt"/>
      <line num="274" count="144" type="stmt"/>
      <line num="276" count="144" type="cond" truecount="2" falsecount="0"/>
      <line num="277" count="144" type="cond" truecount="2" falsecount="0"/>
      <line num="279" count="144" type="stmt"/>
      <line num="282" count="144" type="stmt"/>
      <line num="283" count="667" type="cond" truecount="2" falsecount="0"/>
      <line num="284" count="144" type="stmt"/>
      <line num="286" count="144" type="stmt"/>
      <line num="288" count="144" type="stmt"/>
      <line num="295" count="144" type="cond" truecount="1" falsecount="0"/>
      <line num="296" count="47" type="stmt"/>
      <line num="303" count="97" type="stmt"/>
      <line num="304" count="290" type="stmt"/>
      <line num="306" count="291" type="stmt"/>
      <line num="307" count="193" type="stmt"/>
      <line num="308" count="193" type="cond" truecount="2" falsecount="0"/>
      <line num="309" count="193" type="stmt"/>
      <line num="318" count="144" type="cond" truecount="1" falsecount="0"/>
      <line num="319" count="47" type="stmt"/>
      <line num="322" count="97" type="cond" truecount="1" falsecount="0"/>
      <line num="323" count="48" type="stmt"/>
      <line num="326" count="49" type="cond" truecount="2" falsecount="0"/>
      <line num="333" count="144" type="cond" truecount="1" falsecount="0"/>
      <line num="334" count="47" type="stmt"/>
      <line num="338" count="97" type="stmt"/>
      <line num="341" count="97" type="stmt"/>
      <line num="342" count="97" type="stmt"/>
      <line num="345" count="97" type="stmt"/>
      <line num="346" count="97" type="stmt"/>
      <line num="347" count="97" type="stmt"/>
      <line num="348" count="97" type="stmt"/>
      <line num="351" count="97" type="stmt"/>
      <line num="352" count="97" type="stmt"/>
      <line num="353" count="97" type="stmt"/>
      <line num="354" count="97" type="stmt"/>
      <line num="355" count="97" type="stmt"/>
      <line num="356" count="97" type="stmt"/>
      <line num="359" count="97" type="stmt"/>
      <line num="360" count="97" type="stmt"/>
      <line num="361" count="97" type="stmt"/>
      <line num="364" count="97" type="stmt"/>
      <line num="365" count="97" type="stmt"/>
      <line num="366" count="97" type="stmt"/>
      <line num="369" count="97" type="stmt"/>
      <line num="370" count="97" type="stmt"/>
      <line num="373" count="97" type="stmt"/>
      <line num="374" count="97" type="stmt"/>
      <line num="376" count="97" type="cond" truecount="2" falsecount="0"/>
      <line num="383" count="47" type="stmt"/>
      <line num="395" count="47" type="stmt"/>
      <line num="402" count="193" type="cond" truecount="1" falsecount="0"/>
      <line num="404" count="98" type="cond" truecount="5" falsecount="0"/>
      <line num="406" count="1" type="stmt"/>
      <line num="409" count="97" type="cond" truecount="1" falsecount="0"/>
      <line num="410" count="1" type="stmt"/>
      <line num="413" count="96" type="cond" truecount="3" falsecount="0"/>
      <line num="414" count="95" type="stmt"/>
      <line num="417" count="1" type="cond" truecount="1" falsecount="0"/>
      <line num="418" count="1" type="stmt"/>
      <line num="421" count="0" type="stmt"/>
      <line num="428" count="236" type="cond" truecount="4" falsecount="1"/>
      <line num="429" count="94" type="stmt"/>
      <line num="430" count="47" type="stmt"/>
      <line num="431" count="47" type="stmt"/>
      <line num="433" count="48" type="cond" truecount="3" falsecount="0"/>
      <line num="434" count="94" type="cond" truecount="1" falsecount="1"/>
      <line num="435" count="47" type="stmt"/>
      <line num="437" count="1" type="stmt"/>
      <line num="438" count="0" type="stmt"/>
      <line num="446" count="47" type="stmt"/>
      <line num="448" count="47" type="stmt"/>
      <line num="449" count="47" type="stmt"/>
      <line num="452" count="47" type="cond" truecount="1" falsecount="0"/>
      <line num="453" count="44" type="stmt"/>
      <line num="455" count="44" type="stmt"/>
      <line num="456" count="177" type="stmt"/>
      <line num="457" count="177" type="stmt"/>
      <line num="458" count="177" type="stmt"/>
      <line num="461" count="44" type="stmt"/>
      <line num="465" count="47" type="stmt"/>
      <line num="466" count="47" type="stmt"/>
      <line num="467" count="135" type="stmt"/>
      <line num="468" count="135" type="cond" truecount="2" falsecount="0"/>
      <line num="470" count="47" type="stmt"/>
      <line num="472" count="47" type="stmt"/>
      <line num="479" count="5" type="stmt"/>
      <line num="481" count="5" type="stmt"/>
      <line num="482" count="5" type="stmt"/>
      <line num="483" count="5" type="stmt"/>
      <line num="484" count="5" type="stmt"/>
      <line num="486" count="5" type="stmt"/>
      <line num="487" count="5" type="stmt"/>
      <line num="489" count="5" type="stmt"/>
      <line num="490" count="5" type="stmt"/>
      <line num="491" count="5" type="stmt"/>
      <line num="493" count="5" type="stmt"/>
      <line num="494" count="5" type="stmt"/>
      <line num="495" count="5" type="stmt"/>
      <line num="496" count="5" type="stmt"/>
      <line num="498" count="5" type="stmt"/>
      <line num="499" count="5" type="stmt"/>
      <line num="500" count="5" type="stmt"/>
      <line num="501" count="5" type="stmt"/>
      <line num="502" count="5" type="stmt"/>
      <line num="504" count="5" type="stmt"/>
      <line num="506" count="5" type="stmt"/>
      <line num="513" count="51" type="stmt"/>
      <line num="514" count="51" type="cond" truecount="1" falsecount="0"/>
      <line num="515" count="51" type="stmt"/>
      <line num="516" count="51" type="stmt"/>
      <line num="523" count="51" type="cond" truecount="1" falsecount="0"/>
      <line num="525" count="49" type="stmt"/>
      <line num="531" count="2" type="stmt"/>
      <line num="538" count="4" type="stmt"/>
      <line num="540" count="4" type="stmt"/>
      <line num="542" count="4" type="stmt"/>
      <line num="543" count="8" type="stmt"/>
      <line num="544" count="8" type="stmt"/>
      <line num="545" count="5" type="stmt"/>
      <line num="547" count="3" type="cond" truecount="2" falsecount="0"/>
      <line num="548" count="3" type="stmt"/>
      <line num="552" count="4" type="stmt"/>
      <line num="553" count="4" type="stmt"/>
    </file>
  </project>
</coverage>
