TN:
SF:src/tools/TypeScriptCodeGenerator.ts
FN:45,(anonymous_0)
FN:59,(anonymous_1)
FN:86,(anonymous_2)
FN:132,(anonymous_3)
FN:139,(anonymous_4)
FN:149,(anonymous_5)
FN:166,(anonymous_6)
FN:187,(anonymous_7)
FN:207,(anonymous_8)
FN:229,(anonymous_9)
FN:255,(anonymous_10)
FN:283,(anonymous_11)
FN:294,(anonymous_12)
FN:304,(anonymous_13)
FN:305,(anonymous_14)
FN:306,(anonymous_15)
FN:317,(anonymous_16)
FN:332,(anonymous_17)
FN:382,(anonymous_18)
FN:401,(anonymous_19)
FN:427,(anonymous_20)
FN:434,(anonymous_21)
FN:445,(anonymous_22)
FN:478,(anonymous_23)
FN:512,(anonymous_24)
FN:522,(anonymous_25)
FN:537,(anonymous_26)
FNF:27
FNH:27
FNDA:50,(anonymous_0)
FNDA:54,(anonymous_1)
FNDA:52,(anonymous_2)
FNDA:50,(anonymous_3)
FNDA:144,(anonymous_4)
FNDA:52,(anonymous_5)
FNDA:4,(anonymous_6)
FNDA:52,(anonymous_7)
FNDA:51,(anonymous_8)
FNDA:51,(anonymous_9)
FNDA:191,(anonymous_10)
FNDA:667,(anonymous_11)
FNDA:144,(anonymous_12)
FNDA:290,(anonymous_13)
FNDA:193,(anonymous_14)
FNDA:291,(anonymous_15)
FNDA:144,(anonymous_16)
FNDA:144,(anonymous_17)
FNDA:47,(anonymous_18)
FNDA:193,(anonymous_19)
FNDA:236,(anonymous_20)
FNDA:94,(anonymous_21)
FNDA:47,(anonymous_22)
FNDA:5,(anonymous_23)
FNDA:51,(anonymous_24)
FNDA:51,(anonymous_25)
FNDA:4,(anonymous_26)
DA:41,1
DA:43,50
DA:46,50
DA:60,54
DA:62,52
DA:63,51
DA:64,51
DA:66,51
DA:73,51
DA:75,51
DA:87,52
DA:88,52
DA:91,52
DA:92,50
DA:96,52
DA:97,52
DA:100,52
DA:101,4
DA:102,4
DA:106,52
DA:107,51
DA:110,51
DA:111,51
DA:114,51
DA:115,51
DA:118,51
DA:119,191
DA:120,191
DA:124,51
DA:126,51
DA:133,50
DA:139,144
DA:143,50
DA:150,52
DA:156,52
DA:157,48
DA:160,52
DA:167,4
DA:169,3
DA:171,3
DA:172,12
DA:173,8
DA:176,12
DA:177,12
DA:180,3
DA:181,3
DA:188,52
DA:189,52
DA:191,52
DA:192,50
DA:193,50
DA:194,50
DA:195,49
DA:198,51
DA:199,51
DA:201,51
DA:208,51
DA:209,51
DA:212,51
DA:213,51
DA:214,51
DA:215,51
DA:216,51
DA:219,51
DA:220,245
DA:223,51
DA:230,51
DA:231,51
DA:233,51
DA:234,49
DA:235,49
DA:236,49
DA:239,51
DA:240,51
DA:243,51
DA:244,245
DA:247,51
DA:249,51
DA:256,191
DA:257,191
DA:260,191
DA:262,144
DA:263,138
DA:264,138
DA:265,138
DA:266,136
DA:268,138
DA:272,144
DA:273,144
DA:274,144
DA:276,144
DA:277,144
DA:279,144
DA:282,144
DA:283,667
DA:284,144
DA:286,144
DA:288,144
DA:295,144
DA:296,47
DA:303,97
DA:304,290
DA:306,291
DA:307,193
DA:308,193
DA:309,193
DA:318,144
DA:319,47
DA:322,97
DA:323,48
DA:326,49
DA:333,144
DA:334,47
DA:338,97
DA:341,97
DA:342,97
DA:345,97
DA:346,97
DA:347,97
DA:348,97
DA:351,97
DA:352,97
DA:353,97
DA:354,97
DA:355,97
DA:356,97
DA:359,97
DA:360,97
DA:361,97
DA:364,97
DA:365,97
DA:366,97
DA:369,97
DA:370,97
DA:373,97
DA:374,97
DA:376,97
DA:383,47
DA:395,47
DA:402,193
DA:404,98
DA:406,1
DA:409,97
DA:410,1
DA:413,96
DA:414,95
DA:417,1
DA:418,1
DA:421,0
DA:428,236
DA:429,94
DA:430,47
DA:431,47
DA:433,48
DA:434,94
DA:435,47
DA:437,1
DA:438,0
DA:446,47
DA:448,47
DA:449,47
DA:452,47
DA:453,44
DA:455,44
DA:456,177
DA:457,177
DA:458,177
DA:461,44
DA:465,47
DA:466,47
DA:467,135
DA:468,135
DA:470,47
DA:472,47
DA:479,5
DA:481,5
DA:482,5
DA:483,5
DA:484,5
DA:486,5
DA:487,5
DA:489,5
DA:490,5
DA:491,5
DA:493,5
DA:494,5
DA:495,5
DA:496,5
DA:498,5
DA:499,5
DA:500,5
DA:501,5
DA:502,5
DA:504,5
DA:506,5
DA:513,51
DA:514,51
DA:515,51
DA:516,51
DA:523,51
DA:525,49
DA:531,2
DA:538,4
DA:540,4
DA:542,4
DA:543,8
DA:544,8
DA:545,5
DA:547,3
DA:548,3
DA:552,4
DA:553,4
LF:212
LH:210
BRDA:45,0,0,35
BRDA:63,1,0,47
BRDA:63,1,1,4
BRDA:64,2,0,5
BRDA:64,2,1,46
BRDA:91,3,0,50
BRDA:100,4,0,4
BRDA:156,5,0,48
BRDA:167,6,0,1
BRDA:172,7,0,8
BRDA:191,8,0,50
BRDA:233,9,0,49
BRDA:260,10,0,47
BRDA:262,11,0,138
BRDA:265,12,0,136
BRDA:265,13,0,138
BRDA:265,13,1,47
BRDA:272,14,0,47
BRDA:272,14,1,97
BRDA:276,15,0,47
BRDA:276,15,1,97
BRDA:277,16,0,95
BRDA:277,16,1,49
BRDA:283,17,0,526
BRDA:283,17,1,141
BRDA:295,18,0,47
BRDA:308,19,0,98
BRDA:308,19,1,95
BRDA:318,20,0,47
BRDA:322,21,0,48
BRDA:326,22,0,47
BRDA:326,22,1,2
BRDA:333,23,0,47
BRDA:376,24,0,97
BRDA:376,24,1,1
BRDA:402,25,0,95
BRDA:404,26,0,1
BRDA:404,27,0,98
BRDA:404,27,1,98
BRDA:404,27,2,98
BRDA:404,27,3,97
BRDA:409,28,0,1
BRDA:413,29,0,95
BRDA:413,30,0,96
BRDA:413,30,1,1
BRDA:417,31,0,1
BRDA:428,32,0,94
BRDA:428,32,1,47
BRDA:428,32,2,47
BRDA:428,32,3,48
BRDA:428,32,4,0
BRDA:433,33,0,47
BRDA:433,34,0,48
BRDA:433,34,1,47
BRDA:434,35,0,94
BRDA:434,35,1,0
BRDA:452,36,0,44
BRDA:468,37,0,45
BRDA:468,37,1,90
BRDA:514,38,0,47
BRDA:523,39,0,49
BRDA:547,40,0,3
BRDA:547,40,1,2
BRF:63
BRH:61
end_of_record
