TN:
SF:src/utils/MemoryManager.ts
FN:70,(anonymous_0)
FN:78,(anonymous_1)
FN:109,(anonymous_2)
FN:128,(anonymous_3)
FN:180,(anonymous_4)
FN:197,(anonymous_5)
FN:224,(anonymous_6)
FN:241,(anonymous_7)
FN:246,(anonymous_8)
FN:273,(anonymous_9)
FN:276,(anonymous_10)
FN:280,(anonymous_11)
FN:284,(anonymous_12)
FN:289,(anonymous_13)
FN:301,(anonymous_14)
FN:326,(anonymous_15)
FN:346,(anonymous_16)
FN:369,(anonymous_17)
FN:377,(anonymous_18)
FN:397,(anonymous_19)
FN:433,(anonymous_20)
FN:444,(anonymous_21)
FN:445,(anonymous_22)
FN:461,(anonymous_23)
FN:474,(anonymous_24)
FN:477,(anonymous_25)
FN:489,(anonymous_26)
FN:516,(anonymous_27)
FN:525,(anonymous_28)
FN:539,(anonymous_29)
FN:541,(anonymous_30)
FN:544,(anonymous_31)
FN:589,(anonymous_32)
FN:591,(anonymous_33)
FN:597,(anonymous_34)
FN:604,(anonymous_35)
FN:611,(anonymous_36)
FN:619,(anonymous_37)
FNF:38
FNH:28
FNDA:9,(anonymous_0)
FNDA:9,(anonymous_1)
FNDA:36,(anonymous_2)
FNDA:23,(anonymous_3)
FNDA:0,(anonymous_4)
FNDA:16,(anonymous_5)
FNDA:4,(anonymous_6)
FNDA:0,(anonymous_7)
FNDA:0,(anonymous_8)
FNDA:0,(anonymous_9)
FNDA:0,(anonymous_10)
FNDA:0,(anonymous_11)
FNDA:0,(anonymous_12)
FNDA:0,(anonymous_13)
FNDA:33,(anonymous_14)
FNDA:2,(anonymous_15)
FNDA:11,(anonymous_16)
FNDA:11,(anonymous_17)
FNDA:121,(anonymous_18)
FNDA:37,(anonymous_19)
FNDA:18,(anonymous_20)
FNDA:9,(anonymous_21)
FNDA:48,(anonymous_22)
FNDA:0,(anonymous_23)
FNDA:83,(anonymous_24)
FNDA:332,(anonymous_25)
FNDA:47,(anonymous_26)
FNDA:3,(anonymous_27)
FNDA:11,(anonymous_28)
FNDA:70,(anonymous_29)
FNDA:280,(anonymous_30)
FNDA:280,(anonymous_31)
FNDA:70,(anonymous_32)
FNDA:280,(anonymous_33)
FNDA:1,(anonymous_34)
FNDA:0,(anonymous_35)
FNDA:2,(anonymous_36)
FNDA:8,(anonymous_37)
DA:61,1
DA:62,9
DA:63,9
DA:64,9
DA:65,9
DA:66,9
DA:67,9
DA:68,9
DA:71,9
DA:72,9
DA:80,9
DA:86,9
DA:92,9
DA:98,9
DA:103,9
DA:113,36
DA:121,36
DA:122,36
DA:137,23
DA:138,23
DA:139,0
DA:140,0
DA:144,23
DA:147,22
DA:148,0
DA:149,0
DA:153,22
DA:154,0
DA:155,0
DA:158,22
DA:159,22
DA:170,22
DA:171,22
DA:173,22
DA:174,22
DA:181,0
DA:182,0
DA:184,0
DA:185,0
DA:188,0
DA:189,0
DA:191,0
DA:198,16
DA:199,16
DA:201,16
DA:202,16
DA:204,16
DA:205,16
DA:208,16
DA:209,16
DA:210,0
DA:211,16
DA:221,11
DA:223,5
DA:224,5
DA:225,4
DA:229,2
DA:234,16
DA:235,16
DA:242,0
DA:243,0
DA:245,0
DA:246,0
DA:248,0
DA:249,0
DA:250,0
DA:254,0
DA:256,0
DA:257,0
DA:259,0
DA:260,0
DA:262,0
DA:263,0
DA:264,0
DA:267,0
DA:274,0
DA:276,0
DA:277,0
DA:280,0
DA:281,0
DA:284,0
DA:285,0
DA:288,0
DA:289,0
DA:290,0
DA:291,0
DA:292,0
DA:294,0
DA:302,33
DA:303,33
DA:305,33
DA:306,33
DA:309,33
DA:310,6
DA:311,6
DA:312,0
DA:313,6
DA:323,4
DA:325,2
DA:326,2
DA:327,2
DA:331,2
DA:337,33
DA:338,33
DA:340,33
DA:347,11
DA:349,11
DA:352,11
DA:355,11
DA:356,0
DA:357,0
DA:360,11
DA:361,11
DA:363,11
DA:370,11
DA:371,11
DA:373,11
DA:375,11
DA:376,44
DA:378,121
DA:383,44
DA:384,11
DA:385,11
DA:389,11
DA:390,1
DA:404,37
DA:405,37
DA:412,37
DA:414,37
DA:415,148
DA:416,96
DA:419,96
DA:420,18
DA:431,37
DA:432,6
DA:433,6
DA:434,18
DA:438,37
DA:445,9
DA:446,48
DA:448,48
DA:449,48
DA:451,48
DA:452,11
DA:453,11
DA:457,48
DA:458,36
DA:459,36
DA:460,0
DA:461,0
DA:462,0
DA:468,9
DA:475,83
DA:476,83
DA:477,332
DA:479,83
DA:481,83
DA:482,0
DA:490,47
DA:492,47
DA:493,17
DA:496,30
DA:497,15
DA:500,15
DA:501,4
DA:504,11
DA:505,0
DA:509,11
DA:510,1
DA:513,10
DA:514,1
DA:515,1
DA:516,3
DA:518,1
DA:522,9
DA:523,9
DA:524,9
DA:525,9
DA:526,11
DA:529,9
DA:533,0
DA:540,70
DA:541,280
DA:543,70
DA:544,280
DA:547,70
DA:548,70
DA:549,66
DA:550,66
DA:551,66
DA:552,66
DA:553,66
DA:557,70
DA:558,70
DA:559,70
DA:561,70
DA:562,280
DA:563,446
DA:564,446
DA:566,446
DA:567,76
DA:572,70
DA:590,70
DA:591,280
DA:598,1
DA:605,0
DA:612,2
DA:613,2
DA:620,8
DA:621,8
DA:622,8
DA:626,8
DA:627,32
DA:630,8
DA:631,8
DA:633,8
DA:638,1
LF:217
LH:164
BRDA:109,0,0,0
BRDA:115,1,0,36
BRDA:115,1,1,0
BRDA:118,2,0,36
BRDA:118,2,1,0
BRDA:132,3,0,23
BRDA:138,4,0,0
BRDA:147,5,0,0
BRDA:153,6,0,0
BRDA:166,7,0,22
BRDA:166,7,1,22
BRDA:182,8,0,0
BRDA:185,9,0,0
BRDA:199,10,0,0
BRDA:202,11,0,0
BRDA:208,12,0,16
BRDA:208,13,0,16
BRDA:208,13,1,16
BRDA:209,14,0,0
BRDA:209,14,1,16
BRDA:211,15,0,11
BRDA:211,15,1,5
BRDA:211,16,0,16
BRDA:211,16,1,8
BRDA:211,16,2,8
BRDA:211,16,3,8
BRDA:211,16,4,8
BRDA:211,16,5,8
BRDA:211,16,6,8
BRDA:211,16,7,8
BRDA:211,16,8,8
BRDA:243,17,0,0
BRDA:248,18,0,0
BRDA:260,19,0,0
BRDA:274,20,0,0
BRDA:274,20,1,0
BRDA:274,20,2,0
BRDA:274,20,3,0
BRDA:291,21,0,0
BRDA:303,22,0,0
BRDA:310,23,0,6
BRDA:310,24,0,6
BRDA:310,24,1,6
BRDA:311,25,0,0
BRDA:311,25,1,6
BRDA:313,26,0,4
BRDA:313,26,1,2
BRDA:313,27,0,6
BRDA:313,27,1,2
BRDA:313,27,2,2
BRDA:313,27,3,2
BRDA:313,27,4,2
BRDA:313,27,5,2
BRDA:313,27,6,2
BRDA:313,27,7,2
BRDA:313,27,8,2
BRDA:355,28,0,0
BRDA:378,29,0,121
BRDA:378,29,1,121
BRDA:378,29,2,11
BRDA:389,30,0,1
BRDA:419,31,0,18
BRDA:419,32,0,96
BRDA:419,32,1,18
BRDA:431,33,0,6
BRDA:451,34,0,11
BRDA:457,35,0,36
BRDA:459,36,0,0
BRDA:481,37,0,0
BRDA:489,38,0,23
BRDA:490,39,0,0
BRDA:490,40,0,47
BRDA:490,40,1,47
BRDA:492,41,0,17
BRDA:492,42,0,47
BRDA:492,42,1,34
BRDA:496,43,0,15
BRDA:500,44,0,4
BRDA:504,45,0,0
BRDA:509,46,0,1
BRDA:509,47,0,11
BRDA:509,47,1,11
BRDA:513,48,0,1
BRDA:522,49,0,9
BRDA:548,50,0,66
BRDA:553,51,0,66
BRDA:553,51,1,0
BRDA:566,52,0,76
BRDA:566,53,0,446
BRDA:566,53,1,76
BRDA:598,54,0,1
BRDA:598,54,1,0
BRDA:620,55,0,8
BRF:93
BRH:65
end_of_record
