<?xml version="1.0" encoding="UTF-8"?>
<coverage generated="1754067548779" clover="3.2.0">
  <project timestamp="1754067548779" name="All files">
    <metrics statements="113" coveredstatements="101" conditionals="46" coveredconditionals="42" methods="21" coveredmethods="19" elements="180" coveredelements="162" complexity="0" loc="113" ncloc="113" packages="1" files="1" classes="1"/>
    <file name="HardwareDescriptorStandard.ts" path="/home/share/samba/vscode-extension/pico-logicanalyzer/src/drivers/standards/HardwareDescriptorStandard.ts">
      <metrics statements="113" coveredstatements="101" conditionals="46" coveredconditionals="42" methods="21" coveredmethods="19"/>
      <line num="6" count="1" type="stmt"/>
      <line num="195" count="1" type="cond" truecount="2" falsecount="0"/>
      <line num="196" count="1" type="stmt"/>
      <line num="197" count="1" type="stmt"/>
      <line num="198" count="1" type="stmt"/>
      <line num="199" count="1" type="stmt"/>
      <line num="200" count="1" type="stmt"/>
      <line num="201" count="1" type="stmt"/>
      <line num="202" count="1" type="stmt"/>
      <line num="203" count="1" type="stmt"/>
      <line num="204" count="1" type="stmt"/>
      <line num="210" count="1" type="cond" truecount="2" falsecount="0"/>
      <line num="211" count="1" type="stmt"/>
      <line num="212" count="1" type="stmt"/>
      <line num="213" count="1" type="stmt"/>
      <line num="214" count="1" type="stmt"/>
      <line num="215" count="1" type="stmt"/>
      <line num="252" count="1" type="cond" truecount="2" falsecount="0"/>
      <line num="253" count="1" type="stmt"/>
      <line num="254" count="1" type="stmt"/>
      <line num="255" count="1" type="stmt"/>
      <line num="256" count="1" type="stmt"/>
      <line num="355" count="1" type="stmt"/>
      <line num="356" count="1" type="stmt"/>
      <line num="357" count="1" type="stmt"/>
      <line num="363" count="5" type="stmt"/>
      <line num="364" count="5" type="cond" truecount="2" falsecount="0"/>
      <line num="367" count="3" type="stmt"/>
      <line num="369" count="2" type="stmt"/>
      <line num="371" count="3" type="stmt"/>
      <line num="380" count="69" type="cond" truecount="3" falsecount="0"/>
      <line num="381" count="3" type="stmt"/>
      <line num="385" count="66" type="stmt"/>
      <line num="394" count="66" type="stmt"/>
      <line num="395" count="362" type="cond" truecount="1" falsecount="0"/>
      <line num="396" count="10" type="stmt"/>
      <line num="401" count="56" type="cond" truecount="1" falsecount="0"/>
      <line num="402" count="1" type="stmt"/>
      <line num="406" count="55" type="stmt"/>
      <line num="409" count="48" type="stmt"/>
      <line num="412" count="46" type="stmt"/>
      <line num="419" count="55" type="stmt"/>
      <line num="420" count="55" type="stmt"/>
      <line num="421" count="258" type="cond" truecount="3" falsecount="0"/>
      <line num="422" count="7" type="stmt"/>
      <line num="432" count="48" type="cond" truecount="3" falsecount="0"/>
      <line num="433" count="1" type="stmt"/>
      <line num="437" count="47" type="cond" truecount="3" falsecount="0"/>
      <line num="438" count="1" type="stmt"/>
      <line num="446" count="46" type="cond" truecount="1" falsecount="0"/>
      <line num="447" count="1" type="stmt"/>
      <line num="450" count="45" type="cond" truecount="1" falsecount="0"/>
      <line num="451" count="1" type="stmt"/>
      <line num="464" count="39" type="stmt"/>
      <line num="566" count="6" type="stmt"/>
      <line num="574" count="6" type="cond" truecount="1" falsecount="0"/>
      <line num="575" count="2" type="stmt"/>
      <line num="576" count="2" type="stmt"/>
      <line num="577" count="2" type="stmt"/>
      <line num="580" count="6" type="cond" truecount="1" falsecount="0"/>
      <line num="581" count="2" type="stmt"/>
      <line num="582" count="2" type="stmt"/>
      <line num="586" count="6" type="stmt"/>
      <line num="587" count="6" type="stmt"/>
      <line num="588" count="7" type="stmt"/>
      <line num="590" count="6" type="cond" truecount="1" falsecount="0"/>
      <line num="591" count="1" type="stmt"/>
      <line num="592" count="1" type="stmt"/>
      <line num="595" count="6" type="stmt"/>
      <line num="613" count="1" type="stmt"/>
      <line num="614" count="23" type="stmt"/>
      <line num="615" count="23" type="stmt"/>
      <line num="622" count="38" type="stmt"/>
      <line num="625" count="36" type="stmt"/>
      <line num="628" count="36" type="stmt"/>
      <line num="629" count="36" type="cond" truecount="1" falsecount="0"/>
      <line num="630" count="36" type="stmt"/>
      <line num="632" count="36" type="stmt"/>
      <line num="639" count="5" type="stmt"/>
      <line num="646" count="11" type="stmt"/>
      <line num="648" count="11" type="stmt"/>
      <line num="649" count="19" type="cond" truecount="1" falsecount="0"/>
      <line num="650" count="9" type="stmt"/>
      <line num="654" count="11" type="stmt"/>
      <line num="655" count="0" type="stmt"/>
      <line num="667" count="19" type="cond" truecount="1" falsecount="0"/>
      <line num="671" count="4" type="stmt"/>
      <line num="674" count="15" type="cond" truecount="1" falsecount="0"/>
      <line num="678" count="3" type="stmt"/>
      <line num="681" count="12" type="cond" truecount="1" falsecount="0"/>
      <line num="685" count="3" type="stmt"/>
      <line num="688" count="9" type="stmt"/>
      <line num="698" count="0" type="stmt"/>
      <line num="701" count="0" type="cond" truecount="0" falsecount="1"/>
      <line num="702" count="0" type="stmt"/>
      <line num="706" count="0" type="cond" truecount="0" falsecount="1"/>
      <line num="707" count="0" type="stmt"/>
      <line num="711" count="0" type="cond" truecount="0" falsecount="1"/>
      <line num="712" count="0" type="stmt"/>
      <line num="713" count="0" type="stmt"/>
      <line num="714" count="0" type="cond" truecount="0" falsecount="1"/>
      <line num="715" count="0" type="stmt"/>
      <line num="719" count="0" type="stmt"/>
      <line num="726" count="6" type="stmt"/>
      <line num="733" count="4" type="stmt"/>
      <line num="735" count="4" type="stmt"/>
      <line num="736" count="12" type="cond" truecount="1" falsecount="0"/>
      <line num="737" count="7" type="cond" truecount="3" falsecount="0"/>
      <line num="738" count="6" type="stmt"/>
      <line num="743" count="4" type="stmt"/>
      <line num="750" count="4" type="stmt"/>
      <line num="751" count="4" type="stmt"/>
      <line num="756" count="1" type="stmt"/>
    </file>
  </project>
</coverage>
