TN:
SF:src/drivers/standards/HardwareDescriptorStandard.ts
FN:195,(anonymous_0)
FN:210,(anonymous_1)
FN:252,(anonymous_2)
FN:362,(anonymous_3)
FN:378,(anonymous_4)
FN:418,(anonymous_5)
FN:430,(anonymous_6)
FN:445,(anonymous_7)
FN:458,(anonymous_8)
FN:562,(anonymous_9)
FN:588,(anonymous_10)
FN:613,(anonymous_11)
FN:620,(anonymous_12)
FN:638,(anonymous_13)
FN:645,(anonymous_14)
FN:655,(anonymous_15)
FN:662,(anonymous_16)
FN:694,(anonymous_17)
FN:725,(anonymous_18)
FN:732,(anonymous_19)
FN:749,(anonymous_20)
FNF:21
FNH:19
FNDA:1,(anonymous_0)
FNDA:1,(anonymous_1)
FNDA:1,(anonymous_2)
FNDA:5,(anonymous_3)
FNDA:69,(anonymous_4)
FNDA:55,(anonymous_5)
FNDA:48,(anonymous_6)
FNDA:46,(anonymous_7)
FNDA:39,(anonymous_8)
FNDA:6,(anonymous_9)
FNDA:7,(anonymous_10)
FNDA:23,(anonymous_11)
FNDA:38,(anonymous_12)
FNDA:5,(anonymous_13)
FNDA:11,(anonymous_14)
FNDA:0,(anonymous_15)
FNDA:19,(anonymous_16)
FNDA:0,(anonymous_17)
FNDA:6,(anonymous_18)
FNDA:4,(anonymous_19)
FNDA:4,(anonymous_20)
DA:6,1
DA:195,1
DA:196,1
DA:197,1
DA:198,1
DA:199,1
DA:200,1
DA:201,1
DA:202,1
DA:203,1
DA:204,1
DA:210,1
DA:211,1
DA:212,1
DA:213,1
DA:214,1
DA:215,1
DA:252,1
DA:253,1
DA:254,1
DA:255,1
DA:256,1
DA:355,1
DA:356,1
DA:357,1
DA:363,5
DA:364,5
DA:367,3
DA:369,2
DA:371,3
DA:380,69
DA:381,3
DA:385,66
DA:394,66
DA:395,362
DA:396,10
DA:401,56
DA:402,1
DA:406,55
DA:409,48
DA:412,46
DA:419,55
DA:420,55
DA:421,258
DA:422,7
DA:432,48
DA:433,1
DA:437,47
DA:438,1
DA:446,46
DA:447,1
DA:450,45
DA:451,1
DA:464,39
DA:566,6
DA:574,6
DA:575,2
DA:576,2
DA:577,2
DA:580,6
DA:581,2
DA:582,2
DA:586,6
DA:587,6
DA:588,7
DA:590,6
DA:591,1
DA:592,1
DA:595,6
DA:613,1
DA:614,23
DA:615,23
DA:622,38
DA:625,36
DA:628,36
DA:629,36
DA:630,36
DA:632,36
DA:639,5
DA:646,11
DA:648,11
DA:649,19
DA:650,9
DA:654,11
DA:655,0
DA:667,19
DA:671,4
DA:674,15
DA:678,3
DA:681,12
DA:685,3
DA:688,9
DA:698,0
DA:701,0
DA:702,0
DA:706,0
DA:707,0
DA:711,0
DA:712,0
DA:713,0
DA:714,0
DA:715,0
DA:719,0
DA:726,6
DA:733,4
DA:735,4
DA:736,12
DA:737,7
DA:738,6
DA:743,4
DA:750,4
DA:751,4
DA:756,1
LF:113
LH:101
BRDA:195,0,0,1
BRDA:195,0,1,1
BRDA:210,1,0,1
BRDA:210,1,1,1
BRDA:252,2,0,1
BRDA:252,2,1,1
BRDA:364,3,0,3
BRDA:364,3,1,2
BRDA:380,4,0,3
BRDA:380,5,0,69
BRDA:380,5,1,67
BRDA:395,6,0,10
BRDA:401,7,0,1
BRDA:421,8,0,7
BRDA:421,9,0,258
BRDA:421,9,1,252
BRDA:432,10,0,1
BRDA:432,11,0,48
BRDA:432,11,1,47
BRDA:437,12,0,1
BRDA:437,13,0,47
BRDA:437,13,1,47
BRDA:446,14,0,1
BRDA:450,15,0,1
BRDA:574,16,0,2
BRDA:580,17,0,2
BRDA:590,18,0,1
BRDA:629,19,0,36
BRDA:649,20,0,9
BRDA:667,21,0,4
BRDA:668,22,0,19
BRDA:668,22,1,8
BRDA:674,23,0,3
BRDA:675,24,0,15
BRDA:675,24,1,6
BRDA:681,25,0,3
BRDA:682,26,0,12
BRDA:682,26,1,5
BRDA:701,27,0,0
BRDA:706,28,0,0
BRDA:711,29,0,0
BRDA:714,30,0,0
BRDA:736,31,0,7
BRDA:737,32,0,6
BRDA:737,33,0,7
BRDA:737,33,1,2
BRF:46
BRH:42
end_of_record
