<?xml version="1.0" encoding="UTF-8"?>
<coverage generated="1753715698926" clover="3.2.0">
  <project timestamp="1753715698926" name="All files">
    <metrics statements="0" coveredstatements="0" conditionals="0" coveredconditionals="0" methods="0" coveredmethods="0" elements="0" coveredelements="0" complexity="0" loc="0" ncloc="0" packages="2" files="3" classes="3"/>
    <package name="database">
      <metrics statements="0" coveredstatements="0" conditionals="0" coveredconditionals="0" methods="0" coveredmethods="0"/>
      <file name="index.ts" path="/home/share/samba/vscode-extension/pico-logicanalyzer/src/database/index.ts">
        <metrics statements="0" coveredstatements="0" conditionals="0" coveredconditionals="0" methods="0" coveredmethods="0"/>
      </file>
    </package>
    <package name="webview.i18n.locales">
      <metrics statements="0" coveredstatements="0" conditionals="0" coveredconditionals="0" methods="0" coveredmethods="0"/>
      <file name="en-US.ts" path="/home/share/samba/vscode-extension/pico-logicanalyzer/src/webview/i18n/locales/en-US.ts">
        <metrics statements="0" coveredstatements="0" conditionals="0" coveredconditionals="0" methods="0" coveredmethods="0"/>
      </file>
      <file name="zh-CN.ts" path="/home/share/samba/vscode-extension/pico-logicanalyzer/src/webview/i18n/locales/zh-CN.ts">
        <metrics statements="0" coveredstatements="0" conditionals="0" coveredconditionals="0" methods="0" coveredmethods="0"/>
      </file>
    </package>
  </project>
</coverage>
