<?xml version="1.0" encoding="UTF-8"?>
<coverage generated="1754237935531" clover="3.2.0">
  <project timestamp="1754237935531" name="All files">
    <metrics statements="462" coveredstatements="159" conditionals="232" coveredconditionals="117" methods="73" coveredmethods="30" elements="767" coveredelements="306" complexity="0" loc="462" ncloc="462" packages="1" files="1" classes="1"/>
    <file name="LogicAnalyzerDriver.ts" path="/home/share/samba/vscode-extension/pico-logicanalyzer/src/drivers/LogicAnalyzerDriver.ts">
      <metrics statements="462" coveredstatements="159" conditionals="232" coveredconditionals="117" methods="73" coveredmethods="30"/>
      <line num="1" count="2" type="stmt"/>
      <line num="2" count="2" type="stmt"/>
      <line num="3" count="2" type="stmt"/>
      <line num="4" count="2" type="stmt"/>
      <line num="5" count="2" type="stmt"/>
      <line num="6" count="2" type="stmt"/>
      <line num="18" count="2" type="stmt"/>
      <line num="24" count="2" type="stmt"/>
      <line num="26" count="2" type="stmt"/>
      <line num="27" count="2" type="stmt"/>
      <line num="28" count="2" type="stmt"/>
      <line num="29" count="2" type="stmt"/>
      <line num="30" count="2" type="stmt"/>
      <line num="34" count="2" type="stmt"/>
      <line num="37" count="1" type="stmt"/>
      <line num="40" count="14" type="stmt"/>
      <line num="43" count="1" type="stmt"/>
      <line num="46" count="1" type="stmt"/>
      <line num="49" count="3" type="stmt"/>
      <line num="52" count="3" type="stmt"/>
      <line num="55" count="3" type="cond" truecount="2" falsecount="0"/>
      <line num="59" count="51" type="stmt"/>
      <line num="60" count="51" type="stmt"/>
      <line num="61" count="51" type="stmt"/>
      <line num="62" count="51" type="stmt"/>
      <line num="63" count="51" type="stmt"/>
      <line num="64" count="51" type="stmt"/>
      <line num="65" count="51" type="stmt"/>
      <line num="70" count="51" type="stmt"/>
      <line num="71" count="51" type="stmt"/>
      <line num="72" count="51" type="stmt"/>
      <line num="73" count="51" type="stmt"/>
      <line num="74" count="51" type="stmt"/>
      <line num="76" count="51" type="stmt"/>
      <line num="77" count="51" type="stmt"/>
      <line num="79" count="51" type="cond" truecount="1" falsecount="0"/>
      <line num="80" count="3" type="stmt"/>
      <line num="88" count="1" type="stmt"/>
      <line num="89" count="1" type="cond" truecount="1" falsecount="1"/>
      <line num="90" count="1" type="stmt"/>
      <line num="92" count="0" type="stmt"/>
      <line num="95" count="0" type="stmt"/>
      <line num="97" count="0" type="stmt"/>
      <line num="109" count="1" type="stmt"/>
      <line num="120" count="2" type="stmt"/>
      <line num="122" count="2" type="cond" truecount="0" falsecount="1"/>
      <line num="123" count="0" type="stmt"/>
      <line num="126" count="2" type="cond" truecount="1" falsecount="0"/>
      <line num="127" count="1" type="stmt"/>
      <line num="130" count="2" type="stmt"/>
      <line num="131" count="2" type="stmt"/>
      <line num="132" count="2" type="stmt"/>
      <line num="133" count="2" type="stmt"/>
      <line num="140" count="1" type="stmt"/>
      <line num="154" count="3" type="cond" truecount="1" falsecount="0"/>
      <line num="155" count="1" type="stmt"/>
      <line num="158" count="2" type="cond" truecount="3" falsecount="0"/>
      <line num="159" count="2" type="stmt"/>
      <line num="162" count="0" type="stmt"/>
      <line num="163" count="0" type="stmt"/>
      <line num="166" count="0" type="stmt"/>
      <line num="167" count="0" type="stmt"/>
      <line num="170" count="0" type="cond" truecount="0" falsecount="1"/>
      <line num="171" count="0" type="stmt"/>
      <line num="172" count="0" type="stmt"/>
      <line num="175" count="0" type="stmt"/>
      <line num="178" count="0" type="stmt"/>
      <line num="179" count="0" type="stmt"/>
      <line num="180" count="0" type="stmt"/>
      <line num="182" count="0" type="stmt"/>
      <line num="183" count="0" type="stmt"/>
      <line num="186" count="0" type="cond" truecount="0" falsecount="1"/>
      <line num="187" count="0" type="stmt"/>
      <line num="191" count="0" type="stmt"/>
      <line num="193" count="0" type="stmt"/>
      <line num="195" count="0" type="stmt"/>
      <line num="196" count="0" type="stmt"/>
      <line num="205" count="1" type="cond" truecount="1" falsecount="0"/>
      <line num="206" count="1" type="stmt"/>
      <line num="209" count="0" type="stmt"/>
      <line num="211" count="0" type="stmt"/>
      <line num="212" count="0" type="stmt"/>
      <line num="214" count="0" type="stmt"/>
      <line num="217" count="0" type="stmt"/>
      <line num="220" count="0" type="stmt"/>
      <line num="222" count="0" type="stmt"/>
      <line num="224" count="0" type="stmt"/>
      <line num="225" count="0" type="stmt"/>
      <line num="233" count="2" type="stmt"/>
      <line num="235" count="2" type="cond" truecount="3" falsecount="0"/>
      <line num="236" count="2" type="stmt"/>
      <line num="239" count="0" type="stmt"/>
      <line num="240" count="0" type="stmt"/>
      <line num="242" count="0" type="stmt"/>
      <line num="243" count="0" type="stmt"/>
      <line num="246" count="0" type="stmt"/>
      <line num="247" count="0" type="stmt"/>
      <line num="249" count="0" type="stmt"/>
      <line num="257" count="2" type="cond" truecount="3" falsecount="0"/>
      <line num="258" count="1" type="stmt"/>
      <line num="261" count="1" type="stmt"/>
      <line num="263" count="1" type="cond" truecount="1" falsecount="0"/>
      <line num="265" count="1" type="stmt"/>
      <line num="268" count="0" type="stmt"/>
      <line num="269" count="0" type="stmt"/>
      <line num="271" count="0" type="stmt"/>
      <line num="272" count="0" type="stmt"/>
      <line num="275" count="0" type="stmt"/>
      <line num="276" count="0" type="stmt"/>
      <line num="277" count="0" type="stmt"/>
      <line num="280" count="0" type="stmt"/>
      <line num="281" count="0" type="stmt"/>
      <line num="282" count="0" type="stmt"/>
      <line num="286" count="0" type="stmt"/>
      <line num="300" count="1" type="cond" truecount="1" falsecount="0"/>
      <line num="301" count="1" type="stmt"/>
      <line num="304" count="0" type="stmt"/>
      <line num="305" count="0" type="stmt"/>
      <line num="306" count="0" type="stmt"/>
      <line num="309" count="0" type="stmt"/>
      <line num="311" count="0" type="stmt"/>
      <line num="312" count="0" type="stmt"/>
      <line num="313" count="0" type="stmt"/>
      <line num="316" count="0" type="stmt"/>
      <line num="317" count="0" type="stmt"/>
      <line num="318" count="0" type="cond" truecount="0" falsecount="2"/>
      <line num="322" count="0" type="stmt"/>
      <line num="323" count="0" type="stmt"/>
      <line num="324" count="0" type="cond" truecount="0" falsecount="2"/>
      <line num="328" count="0" type="stmt"/>
      <line num="329" count="0" type="stmt"/>
      <line num="330" count="0" type="cond" truecount="0" falsecount="2"/>
      <line num="334" count="0" type="stmt"/>
      <line num="336" count="0" type="stmt"/>
      <line num="340" count="0" type="stmt"/>
      <line num="342" count="0" type="stmt"/>
      <line num="343" count="0" type="stmt"/>
      <line num="346" count="0" type="stmt"/>
      <line num="347" count="0" type="stmt"/>
      <line num="349" count="0" type="stmt"/>
      <line num="357" count="0" type="stmt"/>
      <line num="358" count="0" type="stmt"/>
      <line num="364" count="0" type="stmt"/>
      <line num="365" count="0" type="cond" truecount="0" falsecount="1"/>
      <line num="366" count="0" type="stmt"/>
      <line num="367" count="0" type="stmt"/>
      <line num="370" count="0" type="stmt"/>
      <line num="371" count="0" type="stmt"/>
      <line num="372" count="0" type="stmt"/>
      <line num="374" count="0" type="stmt"/>
      <line num="377" count="0" type="stmt"/>
      <line num="386" count="1" type="stmt"/>
      <line num="388" count="1" type="cond" truecount="2" falsecount="1"/>
      <line num="389" count="0" type="stmt"/>
      <line num="392" count="1" type="stmt"/>
      <line num="393" count="1" type="stmt"/>
      <line num="394" count="1" type="stmt"/>
      <line num="396" count="1" type="cond" truecount="3" falsecount="1"/>
      <line num="397" count="0" type="stmt"/>
      <line num="400" count="1" type="stmt"/>
      <line num="401" count="1" type="stmt"/>
      <line num="403" count="1" type="stmt"/>
      <line num="404" count="0" type="stmt"/>
      <line num="405" count="0" type="stmt"/>
      <line num="406" count="0" type="stmt"/>
      <line num="408" count="0" type="stmt"/>
      <line num="411" count="0" type="stmt"/>
      <line num="414" count="1" type="stmt"/>
      <line num="415" count="1" type="stmt"/>
      <line num="424" count="0" type="cond" truecount="0" falsecount="3"/>
      <line num="425" count="0" type="stmt"/>
      <line num="429" count="0" type="stmt"/>
      <line num="430" count="0" type="stmt"/>
      <line num="432" count="0" type="stmt"/>
      <line num="433" count="0" type="stmt"/>
      <line num="436" count="0" type="stmt"/>
      <line num="439" count="0" type="stmt"/>
      <line num="446" count="0" type="stmt"/>
      <line num="447" count="0" type="stmt"/>
      <line num="448" count="0" type="stmt"/>
      <line num="449" count="0" type="stmt"/>
      <line num="452" count="0" type="stmt"/>
      <line num="453" count="0" type="stmt"/>
      <line num="456" count="0" type="cond" truecount="0" falsecount="1"/>
      <line num="457" count="0" type="stmt"/>
      <line num="458" count="0" type="stmt"/>
      <line num="459" count="0" type="stmt"/>
      <line num="463" count="0" type="stmt"/>
      <line num="472" count="5" type="cond" truecount="1" falsecount="0"/>
      <line num="473" count="1" type="stmt"/>
      <line num="477" count="4" type="stmt"/>
      <line num="480" count="4" type="stmt"/>
      <line num="481" count="4" type="cond" truecount="1" falsecount="0"/>
      <line num="482" count="1" type="stmt"/>
      <line num="484" count="3" type="stmt"/>
      <line num="485" count="3" type="cond" truecount="3" falsecount="0"/>
      <line num="486" count="1" type="stmt"/>
      <line num="490" count="2" type="stmt"/>
      <line num="491" count="2" type="cond" truecount="0" falsecount="1"/>
      <line num="492" count="0" type="stmt"/>
      <line num="494" count="2" type="stmt"/>
      <line num="495" count="2" type="cond" truecount="2" falsecount="1"/>
      <line num="496" count="0" type="stmt"/>
      <line num="500" count="2" type="stmt"/>
      <line num="501" count="2" type="cond" truecount="0" falsecount="1"/>
      <line num="502" count="0" type="stmt"/>
      <line num="504" count="2" type="stmt"/>
      <line num="505" count="2" type="cond" truecount="2" falsecount="1"/>
      <line num="506" count="0" type="stmt"/>
      <line num="510" count="2" type="stmt"/>
      <line num="511" count="2" type="cond" truecount="0" falsecount="1"/>
      <line num="512" count="0" type="stmt"/>
      <line num="514" count="2" type="stmt"/>
      <line num="515" count="2" type="cond" truecount="4" falsecount="0"/>
      <line num="516" count="1" type="stmt"/>
      <line num="520" count="1" type="stmt"/>
      <line num="521" count="1" type="cond" truecount="0" falsecount="1"/>
      <line num="522" count="0" type="stmt"/>
      <line num="533" count="0" type="stmt"/>
      <line num="534" count="0" type="cond" truecount="0" falsecount="1"/>
      <line num="535" count="0" type="stmt"/>
      <line num="536" count="0" type="stmt"/>
      <line num="539" count="0" type="stmt"/>
      <line num="540" count="0" type="cond" truecount="0" falsecount="2"/>
      <line num="541" count="0" type="stmt"/>
      <line num="543" count="0" type="stmt"/>
      <line num="554" count="0" type="stmt"/>
      <line num="555" count="0" type="cond" truecount="0" falsecount="1"/>
      <line num="556" count="0" type="stmt"/>
      <line num="560" count="0" type="stmt"/>
      <line num="561" count="0" type="cond" truecount="0" falsecount="1"/>
      <line num="562" count="0" type="stmt"/>
      <line num="566" count="0" type="stmt"/>
      <line num="569" count="0" type="stmt"/>
      <line num="571" count="0" type="stmt"/>
      <line num="573" count="0" type="stmt"/>
      <line num="578" count="0" type="stmt"/>
      <line num="580" count="0" type="stmt"/>
      <line num="582" count="0" type="stmt"/>
      <line num="587" count="0" type="stmt"/>
      <line num="595" count="0" type="stmt"/>
      <line num="596" count="0" type="stmt"/>
      <line num="597" count="0" type="stmt"/>
      <line num="598" count="0" type="stmt"/>
      <line num="601" count="0" type="stmt"/>
      <line num="602" count="0" type="stmt"/>
      <line num="603" count="0" type="cond" truecount="0" falsecount="1"/>
      <line num="604" count="0" type="stmt"/>
      <line num="605" count="0" type="stmt"/>
      <line num="606" count="0" type="stmt"/>
      <line num="610" count="0" type="stmt"/>
      <line num="623" count="0" type="stmt"/>
      <line num="624" count="0" type="cond" truecount="0" falsecount="1"/>
      <line num="625" count="0" type="stmt"/>
      <line num="626" count="0" type="stmt"/>
      <line num="629" count="0" type="stmt"/>
      <line num="630" count="0" type="stmt"/>
      <line num="633" count="0" type="cond" truecount="0" falsecount="2"/>
      <line num="634" count="0" type="stmt"/>
      <line num="636" count="0" type="stmt"/>
      <line num="652" count="0" type="stmt"/>
      <line num="653" count="0" type="stmt"/>
      <line num="654" count="0" type="stmt"/>
      <line num="656" count="0" type="stmt"/>
      <line num="657" count="0" type="stmt"/>
      <line num="660" count="0" type="cond" truecount="0" falsecount="3"/>
      <line num="661" count="0" type="stmt"/>
      <line num="662" count="0" type="stmt"/>
      <line num="665" count="0" type="cond" truecount="0" falsecount="3"/>
      <line num="667" count="0" type="cond" truecount="0" falsecount="4"/>
      <line num="668" count="0" type="cond" truecount="0" falsecount="4"/>
      <line num="670" count="0" type="stmt"/>
      <line num="672" count="0" type="cond" truecount="0" falsecount="1"/>
      <line num="673" count="0" type="stmt"/>
      <line num="674" count="0" type="stmt"/>
      <line num="675" count="0" type="stmt"/>
      <line num="676" count="0" type="stmt"/>
      <line num="678" count="0" type="stmt"/>
      <line num="685" count="0" type="stmt"/>
      <line num="686" count="0" type="stmt"/>
      <line num="687" count="0" type="stmt"/>
      <line num="690" count="0" type="stmt"/>
      <line num="705" count="0" type="cond" truecount="0" falsecount="4"/>
      <line num="706" count="0" type="stmt"/>
      <line num="709" count="0" type="cond" truecount="0" falsecount="4"/>
      <line num="710" count="0" type="stmt"/>
      <line num="712" count="0" type="stmt"/>
      <line num="715" count="0" type="stmt"/>
      <line num="716" count="0" type="stmt"/>
      <line num="717" count="0" type="stmt"/>
      <line num="718" count="0" type="stmt"/>
      <line num="720" count="0" type="stmt"/>
      <line num="722" count="0" type="cond" truecount="0" falsecount="1"/>
      <line num="723" count="0" type="stmt"/>
      <line num="724" count="0" type="stmt"/>
      <line num="725" count="0" type="stmt"/>
      <line num="726" count="0" type="stmt"/>
      <line num="728" count="0" type="cond" truecount="0" falsecount="1"/>
      <line num="729" count="0" type="stmt"/>
      <line num="731" count="0" type="cond" truecount="0" falsecount="1"/>
      <line num="732" count="0" type="stmt"/>
      <line num="735" count="0" type="stmt"/>
      <line num="739" count="0" type="stmt"/>
      <line num="742" count="0" type="cond" truecount="0" falsecount="3"/>
      <line num="743" count="0" type="stmt"/>
      <line num="745" count="0" type="stmt"/>
      <line num="747" count="0" type="stmt"/>
      <line num="748" count="0" type="stmt"/>
      <line num="749" count="0" type="stmt"/>
      <line num="751" count="0" type="stmt"/>
      <line num="757" count="0" type="stmt"/>
      <line num="758" count="0" type="stmt"/>
      <line num="759" count="0" type="stmt"/>
      <line num="762" count="0" type="stmt"/>
      <line num="779" count="0" type="stmt"/>
      <line num="780" count="0" type="stmt"/>
      <line num="783" count="0" type="cond" truecount="0" falsecount="3"/>
      <line num="785" count="0" type="stmt"/>
      <line num="786" count="0" type="stmt"/>
      <line num="787" count="0" type="stmt"/>
      <line num="789" count="0" type="stmt"/>
      <line num="791" count="0" type="stmt"/>
      <line num="792" count="0" type="stmt"/>
      <line num="793" count="0" type="stmt"/>
      <line num="795" count="0" type="stmt"/>
      <line num="797" count="0" type="stmt"/>
      <line num="798" count="0" type="stmt"/>
      <line num="799" count="0" type="stmt"/>
      <line num="801" count="0" type="stmt"/>
      <line num="805" count="0" type="stmt"/>
      <line num="806" count="0" type="stmt"/>
      <line num="809" count="0" type="cond" truecount="0" falsecount="4"/>
      <line num="810" count="0" type="stmt"/>
      <line num="811" count="0" type="stmt"/>
      <line num="814" count="0" type="cond" truecount="0" falsecount="3"/>
      <line num="815" count="0" type="stmt"/>
      <line num="816" count="0" type="cond" truecount="0" falsecount="2"/>
      <line num="817" count="0" type="stmt"/>
      <line num="818" count="0" type="stmt"/>
      <line num="820" count="0" type="stmt"/>
      <line num="825" count="0" type="stmt"/>
      <line num="828" count="0" type="stmt"/>
      <line num="840" count="0" type="cond" truecount="0" falsecount="1"/>
      <line num="843" count="0" type="cond" truecount="0" falsecount="1"/>
      <line num="847" count="0" type="stmt"/>
      <line num="848" count="0" type="stmt"/>
      <line num="849" count="0" type="stmt"/>
      <line num="854" count="0" type="stmt"/>
      <line num="855" count="0" type="stmt"/>
      <line num="856" count="0" type="stmt"/>
      <line num="857" count="0" type="stmt"/>
      <line num="861" count="0" type="stmt"/>
      <line num="863" count="0" type="cond" truecount="0" falsecount="2"/>
      <line num="867" count="0" type="cond" truecount="0" falsecount="1"/>
      <line num="868" count="0" type="stmt"/>
      <line num="871" count="0" type="stmt"/>
      <line num="872" count="0" type="stmt"/>
      <line num="879" count="0" type="stmt"/>
      <line num="880" count="0" type="stmt"/>
      <line num="882" count="0" type="cond" truecount="0" falsecount="2"/>
      <line num="886" count="0" type="stmt"/>
      <line num="891" count="0" type="stmt"/>
      <line num="892" count="0" type="stmt"/>
      <line num="893" count="0" type="cond" truecount="0" falsecount="2"/>
      <line num="895" count="0" type="stmt"/>
      <line num="896" count="0" type="cond" truecount="0" falsecount="2"/>
      <line num="897" count="0" type="cond" truecount="0" falsecount="2"/>
      <line num="898" count="0" type="stmt"/>
      <line num="910" count="0" type="stmt"/>
      <line num="912" count="0" type="stmt"/>
      <line num="913" count="0" type="stmt"/>
      <line num="914" count="0" type="stmt"/>
      <line num="916" count="0" type="stmt"/>
      <line num="917" count="0" type="stmt"/>
      <line num="918" count="0" type="cond" truecount="0" falsecount="2"/>
      <line num="923" count="0" type="cond" truecount="0" falsecount="1"/>
      <line num="924" count="0" type="stmt"/>
      <line num="932" count="1" type="stmt"/>
      <line num="968" count="0" type="stmt"/>
      <line num="969" count="0" type="cond" truecount="0" falsecount="6"/>
      <line num="971" count="0" type="stmt"/>
      <line num="972" count="0" type="stmt"/>
      <line num="974" count="0" type="stmt"/>
      <line num="975" count="0" type="stmt"/>
      <line num="976" count="0" type="stmt"/>
      <line num="977" count="0" type="stmt"/>
      <line num="978" count="0" type="stmt"/>
      <line num="979" count="0" type="stmt"/>
      <line num="980" count="0" type="stmt"/>
      <line num="983" count="0" type="stmt"/>
      <line num="984" count="0" type="stmt"/>
      <line num="988" count="0" type="cond" truecount="0" falsecount="3"/>
      <line num="990" count="0" type="cond" truecount="0" falsecount="1"/>
      <line num="991" count="0" type="stmt"/>
      <line num="994" count="0" type="stmt"/>
      <line num="996" count="0" type="stmt"/>
      <line num="997" count="0" type="stmt"/>
      <line num="998" count="0" type="cond" truecount="0" falsecount="1"/>
      <line num="999" count="0" type="stmt"/>
      <line num="1000" count="0" type="stmt"/>
      <line num="1003" count="0" type="stmt"/>
      <line num="1004" count="0" type="stmt"/>
      <line num="1005" count="0" type="stmt"/>
      <line num="1006" count="0" type="stmt"/>
      <line num="1011" count="0" type="stmt"/>
      <line num="1020" count="7" type="stmt"/>
      <line num="1022" count="7" type="cond" truecount="4" falsecount="0"/>
      <line num="1024" count="5" type="stmt"/>
      <line num="1025" count="5" type="stmt"/>
      <line num="1026" count="5" type="cond" truecount="2" falsecount="0"/>
      <line num="1027" count="5" type="stmt"/>
      <line num="1028" count="5" type="stmt"/>
      <line num="1029" count="5" type="stmt"/>
      <line num="1030" count="5" type="stmt"/>
      <line num="1031" count="5" type="stmt"/>
      <line num="1032" count="5" type="stmt"/>
      <line num="1033" count="5" type="cond" truecount="1" falsecount="1"/>
      <line num="1034" count="5" type="stmt"/>
      <line num="1037" count="5" type="cond" truecount="2" falsecount="0"/>
      <line num="1038" count="12" type="stmt"/>
      <line num="1042" count="2" type="stmt"/>
      <line num="1043" count="2" type="cond" truecount="2" falsecount="0"/>
      <line num="1044" count="2" type="stmt"/>
      <line num="1045" count="2" type="stmt"/>
      <line num="1047" count="2" type="stmt"/>
      <line num="1048" count="2" type="stmt"/>
      <line num="1049" count="2" type="cond" truecount="1" falsecount="1"/>
      <line num="1050" count="2" type="cond" truecount="1" falsecount="1"/>
      <line num="1051" count="2" type="stmt"/>
      <line num="1052" count="2" type="stmt"/>
      <line num="1053" count="2" type="stmt"/>
      <line num="1054" count="2" type="stmt"/>
      <line num="1055" count="2" type="stmt"/>
      <line num="1056" count="2" type="stmt"/>
      <line num="1057" count="2" type="stmt"/>
      <line num="1060" count="2" type="cond" truecount="2" falsecount="0"/>
      <line num="1061" count="4" type="stmt"/>
      <line num="1065" count="7" type="stmt"/>
      <line num="1073" count="19" type="stmt"/>
      <line num="1074" count="11" type="stmt"/>
      <line num="1077" count="11" type="cond" truecount="1" falsecount="1"/>
      <line num="1078" count="11" type="cond" truecount="1" falsecount="1"/>
      <line num="1079" count="11" type="cond" truecount="1" falsecount="1"/>
      <line num="1080" count="11" type="cond" truecount="2" falsecount="0"/>
      <line num="1082" count="11" type="cond" truecount="2" falsecount="0"/>
      <line num="1083" count="5" type="stmt"/>
      <line num="1084" count="7" type="cond" truecount="13" falsecount="0"/>
      <line num="1096" count="6" type="cond" truecount="2" falsecount="0"/>
      <line num="1097" count="1" type="stmt"/>
      <line num="1098" count="2" type="cond" truecount="14" falsecount="0"/>
      <line num="1112" count="5" type="cond" truecount="2" falsecount="0"/>
      <line num="1113" count="5" type="cond" truecount="2" falsecount="0"/>
      <line num="1115" count="5" type="stmt"/>
      <line num="1116" count="10" type="cond" truecount="15" falsecount="0"/>
      <line num="1144" count="17" type="stmt"/>
      <line num="1146" count="17" type="cond" truecount="2" falsecount="0"/>
      <line num="1147" count="17" type="cond" truecount="4" falsecount="0"/>
      <line num="1150" count="17" type="stmt"/>
      <line num="1151" count="17" type="stmt"/>
      <line num="1153" count="17" type="stmt"/>
      <line num="1166" count="1" type="stmt"/>
      <line num="1167" count="1" type="stmt"/>
    </file>
  </project>
</coverage>
