TN:
SF:src/drivers/LogicAnalyzerDriver.ts
FN:33,(anonymous_0)
FN:36,(anonymous_1)
FN:39,(anonymous_2)
FN:42,(anonymous_3)
FN:45,(anonymous_4)
FN:48,(anonymous_5)
FN:51,(anonymous_6)
FN:54,(anonymous_7)
FN:76,(anonymous_8)
FN:87,(anonymous_9)
FN:119,(anonymous_10)
FN:139,(anonymous_11)
FN:150,(anonymous_12)
FN:166,(anonymous_13)
FN:204,(anonymous_14)
FN:217,(anonymous_15)
FN:232,(anonymous_16)
FN:256,(anonymous_17)
FN:275,(anonymous_18)
FN:276,(anonymous_19)
FN:280,(anonymous_20)
FN:293,(anonymous_21)
FN:310,(anonymous_22)
FN:356,(anonymous_23)
FN:357,(anonymous_24)
FN:364,(anonymous_25)
FN:385,(anonymous_26)
FN:400,(anonymous_27)
FN:403,(anonymous_28)
FN:414,(anonymous_29)
FN:423,(anonymous_30)
FN:445,(anonymous_31)
FN:446,(anonymous_32)
FN:448,(anonymous_33)
FN:452,(anonymous_34)
FN:471,(anonymous_35)
FN:532,(anonymous_36)
FN:533,(anonymous_37)
FN:539,(anonymous_38)
FN:553,(anonymous_39)
FN:594,(anonymous_40)
FN:595,(anonymous_41)
FN:596,(anonymous_42)
FN:601,(anonymous_43)
FN:618,(anonymous_44)
FN:623,(anonymous_45)
FN:629,(anonymous_46)
FN:645,(anonymous_47)
FN:656,(anonymous_48)
FN:685,(anonymous_49)
FN:697,(anonymous_50)
FN:720,(anonymous_51)
FN:757,(anonymous_52)
FN:769,(anonymous_53)
FN:835,(anonymous_54)
FN:906,(anonymous_55)
FN:931,(anonymous_56)
FN:967,(anonymous_57)
FN:972,(anonymous_58)
FN:975,(anonymous_59)
FN:976,(anonymous_60)
FN:983,(anonymous_61)
FN:994,(anonymous_62)
FN:996,(anonymous_63)
FN:997,(anonymous_64)
FN:1019,(anonymous_65)
FN:1072,(anonymous_66)
FN:1073,(anonymous_67)
FN:1084,(anonymous_68)
FN:1098,(anonymous_69)
FN:1116,(anonymous_70)
FN:1137,(anonymous_71)
FN:1165,(anonymous_72)
FNF:73
FNH:30
FNDA:2,(anonymous_0)
FNDA:1,(anonymous_1)
FNDA:14,(anonymous_2)
FNDA:1,(anonymous_3)
FNDA:1,(anonymous_4)
FNDA:3,(anonymous_5)
FNDA:3,(anonymous_6)
FNDA:3,(anonymous_7)
FNDA:51,(anonymous_8)
FNDA:1,(anonymous_9)
FNDA:2,(anonymous_10)
FNDA:1,(anonymous_11)
FNDA:3,(anonymous_12)
FNDA:0,(anonymous_13)
FNDA:1,(anonymous_14)
FNDA:0,(anonymous_15)
FNDA:2,(anonymous_16)
FNDA:2,(anonymous_17)
FNDA:0,(anonymous_18)
FNDA:0,(anonymous_19)
FNDA:0,(anonymous_20)
FNDA:1,(anonymous_21)
FNDA:0,(anonymous_22)
FNDA:0,(anonymous_23)
FNDA:0,(anonymous_24)
FNDA:0,(anonymous_25)
FNDA:1,(anonymous_26)
FNDA:1,(anonymous_27)
FNDA:0,(anonymous_28)
FNDA:1,(anonymous_29)
FNDA:0,(anonymous_30)
FNDA:0,(anonymous_31)
FNDA:0,(anonymous_32)
FNDA:0,(anonymous_33)
FNDA:0,(anonymous_34)
FNDA:5,(anonymous_35)
FNDA:0,(anonymous_36)
FNDA:0,(anonymous_37)
FNDA:0,(anonymous_38)
FNDA:0,(anonymous_39)
FNDA:0,(anonymous_40)
FNDA:0,(anonymous_41)
FNDA:0,(anonymous_42)
FNDA:0,(anonymous_43)
FNDA:0,(anonymous_44)
FNDA:0,(anonymous_45)
FNDA:0,(anonymous_46)
FNDA:0,(anonymous_47)
FNDA:0,(anonymous_48)
FNDA:0,(anonymous_49)
FNDA:0,(anonymous_50)
FNDA:0,(anonymous_51)
FNDA:0,(anonymous_52)
FNDA:0,(anonymous_53)
FNDA:0,(anonymous_54)
FNDA:0,(anonymous_55)
FNDA:1,(anonymous_56)
FNDA:0,(anonymous_57)
FNDA:0,(anonymous_58)
FNDA:0,(anonymous_59)
FNDA:0,(anonymous_60)
FNDA:0,(anonymous_61)
FNDA:0,(anonymous_62)
FNDA:0,(anonymous_63)
FNDA:0,(anonymous_64)
FNDA:7,(anonymous_65)
FNDA:11,(anonymous_66)
FNDA:19,(anonymous_67)
FNDA:7,(anonymous_68)
FNDA:2,(anonymous_69)
FNDA:10,(anonymous_70)
FNDA:17,(anonymous_71)
FNDA:1,(anonymous_72)
DA:1,2
DA:2,2
DA:3,2
DA:4,2
DA:5,2
DA:6,2
DA:18,2
DA:24,2
DA:26,2
DA:27,2
DA:28,2
DA:29,2
DA:30,2
DA:34,2
DA:37,1
DA:40,14
DA:43,1
DA:46,1
DA:49,3
DA:52,3
DA:55,3
DA:59,51
DA:60,51
DA:61,51
DA:62,51
DA:63,51
DA:64,51
DA:65,51
DA:70,51
DA:71,51
DA:72,51
DA:73,51
DA:74,51
DA:76,51
DA:77,51
DA:79,51
DA:80,3
DA:88,1
DA:89,1
DA:90,1
DA:92,0
DA:95,0
DA:97,0
DA:109,1
DA:120,2
DA:122,2
DA:123,0
DA:126,2
DA:127,1
DA:130,2
DA:131,2
DA:132,2
DA:133,2
DA:140,1
DA:154,3
DA:155,1
DA:158,2
DA:159,2
DA:162,0
DA:163,0
DA:166,0
DA:167,0
DA:170,0
DA:171,0
DA:172,0
DA:175,0
DA:178,0
DA:179,0
DA:180,0
DA:182,0
DA:183,0
DA:186,0
DA:187,0
DA:191,0
DA:193,0
DA:195,0
DA:196,0
DA:205,1
DA:206,1
DA:209,0
DA:211,0
DA:212,0
DA:214,0
DA:217,0
DA:220,0
DA:222,0
DA:224,0
DA:225,0
DA:233,2
DA:235,2
DA:236,2
DA:239,0
DA:240,0
DA:242,0
DA:243,0
DA:246,0
DA:247,0
DA:249,0
DA:257,2
DA:258,1
DA:261,1
DA:263,1
DA:265,1
DA:268,0
DA:269,0
DA:271,0
DA:272,0
DA:275,0
DA:276,0
DA:277,0
DA:280,0
DA:281,0
DA:282,0
DA:286,0
DA:300,1
DA:301,1
DA:304,0
DA:305,0
DA:306,0
DA:309,0
DA:311,0
DA:312,0
DA:313,0
DA:316,0
DA:317,0
DA:318,0
DA:322,0
DA:323,0
DA:324,0
DA:328,0
DA:329,0
DA:330,0
DA:334,0
DA:336,0
DA:340,0
DA:342,0
DA:343,0
DA:346,0
DA:347,0
DA:349,0
DA:357,0
DA:358,0
DA:364,0
DA:365,0
DA:366,0
DA:367,0
DA:370,0
DA:371,0
DA:372,0
DA:374,0
DA:377,0
DA:386,1
DA:388,1
DA:389,0
DA:392,1
DA:393,1
DA:394,1
DA:396,1
DA:397,0
DA:400,1
DA:401,1
DA:403,1
DA:404,0
DA:405,0
DA:406,0
DA:408,0
DA:411,0
DA:414,1
DA:415,1
DA:424,0
DA:425,0
DA:429,0
DA:430,0
DA:432,0
DA:433,0
DA:436,0
DA:439,0
DA:446,0
DA:447,0
DA:448,0
DA:449,0
DA:452,0
DA:453,0
DA:456,0
DA:457,0
DA:458,0
DA:459,0
DA:463,0
DA:472,5
DA:473,1
DA:477,4
DA:480,4
DA:481,4
DA:482,1
DA:484,3
DA:485,3
DA:486,1
DA:490,2
DA:491,2
DA:492,0
DA:494,2
DA:495,2
DA:496,0
DA:500,2
DA:501,2
DA:502,0
DA:504,2
DA:505,2
DA:506,0
DA:510,2
DA:511,2
DA:512,0
DA:514,2
DA:515,2
DA:516,1
DA:520,1
DA:521,1
DA:522,0
DA:533,0
DA:534,0
DA:535,0
DA:536,0
DA:539,0
DA:540,0
DA:541,0
DA:543,0
DA:554,0
DA:555,0
DA:556,0
DA:560,0
DA:561,0
DA:562,0
DA:566,0
DA:569,0
DA:571,0
DA:573,0
DA:578,0
DA:580,0
DA:582,0
DA:587,0
DA:595,0
DA:596,0
DA:597,0
DA:598,0
DA:601,0
DA:602,0
DA:603,0
DA:604,0
DA:605,0
DA:606,0
DA:610,0
DA:623,0
DA:624,0
DA:625,0
DA:626,0
DA:629,0
DA:630,0
DA:633,0
DA:634,0
DA:636,0
DA:652,0
DA:653,0
DA:654,0
DA:656,0
DA:657,0
DA:660,0
DA:661,0
DA:662,0
DA:665,0
DA:667,0
DA:668,0
DA:670,0
DA:672,0
DA:673,0
DA:674,0
DA:675,0
DA:676,0
DA:678,0
DA:685,0
DA:686,0
DA:687,0
DA:690,0
DA:705,0
DA:706,0
DA:709,0
DA:710,0
DA:712,0
DA:715,0
DA:716,0
DA:717,0
DA:718,0
DA:720,0
DA:722,0
DA:723,0
DA:724,0
DA:725,0
DA:726,0
DA:728,0
DA:729,0
DA:731,0
DA:732,0
DA:735,0
DA:739,0
DA:742,0
DA:743,0
DA:745,0
DA:747,0
DA:748,0
DA:749,0
DA:751,0
DA:757,0
DA:758,0
DA:759,0
DA:762,0
DA:779,0
DA:780,0
DA:783,0
DA:785,0
DA:786,0
DA:787,0
DA:789,0
DA:791,0
DA:792,0
DA:793,0
DA:795,0
DA:797,0
DA:798,0
DA:799,0
DA:801,0
DA:805,0
DA:806,0
DA:809,0
DA:810,0
DA:811,0
DA:814,0
DA:815,0
DA:816,0
DA:817,0
DA:818,0
DA:820,0
DA:825,0
DA:828,0
DA:840,0
DA:843,0
DA:847,0
DA:848,0
DA:849,0
DA:854,0
DA:855,0
DA:856,0
DA:857,0
DA:861,0
DA:863,0
DA:867,0
DA:868,0
DA:871,0
DA:872,0
DA:879,0
DA:880,0
DA:882,0
DA:886,0
DA:891,0
DA:892,0
DA:893,0
DA:895,0
DA:896,0
DA:897,0
DA:898,0
DA:910,0
DA:912,0
DA:913,0
DA:914,0
DA:916,0
DA:917,0
DA:918,0
DA:923,0
DA:924,0
DA:932,1
DA:968,0
DA:969,0
DA:971,0
DA:972,0
DA:974,0
DA:975,0
DA:976,0
DA:977,0
DA:978,0
DA:979,0
DA:980,0
DA:983,0
DA:984,0
DA:988,0
DA:990,0
DA:991,0
DA:994,0
DA:996,0
DA:997,0
DA:998,0
DA:999,0
DA:1000,0
DA:1003,0
DA:1004,0
DA:1005,0
DA:1006,0
DA:1011,0
DA:1020,7
DA:1022,7
DA:1024,5
DA:1025,5
DA:1026,5
DA:1027,5
DA:1028,5
DA:1029,5
DA:1030,5
DA:1031,5
DA:1032,5
DA:1033,5
DA:1034,5
DA:1037,5
DA:1038,12
DA:1042,2
DA:1043,2
DA:1044,2
DA:1045,2
DA:1047,2
DA:1048,2
DA:1049,2
DA:1050,2
DA:1051,2
DA:1052,2
DA:1053,2
DA:1054,2
DA:1055,2
DA:1056,2
DA:1057,2
DA:1060,2
DA:1061,4
DA:1065,7
DA:1073,19
DA:1074,11
DA:1077,11
DA:1078,11
DA:1079,11
DA:1080,11
DA:1082,11
DA:1083,5
DA:1084,7
DA:1096,6
DA:1097,1
DA:1098,2
DA:1112,5
DA:1113,5
DA:1115,5
DA:1116,10
DA:1144,17
DA:1146,17
DA:1147,17
DA:1150,17
DA:1151,17
DA:1153,17
DA:1166,1
DA:1167,1
LF:462
LH:159
BRDA:55,0,0,1
BRDA:55,0,1,2
BRDA:79,1,0,3
BRDA:89,2,0,1
BRDA:89,2,1,0
BRDA:100,3,0,0
BRDA:100,3,1,0
BRDA:101,4,0,0
BRDA:101,4,1,0
BRDA:111,5,0,1
BRDA:111,5,1,0
BRDA:122,6,0,0
BRDA:126,7,0,1
BRDA:154,8,0,1
BRDA:158,9,0,2
BRDA:158,10,0,2
BRDA:158,10,1,1
BRDA:170,11,0,0
BRDA:186,12,0,0
BRDA:205,13,0,1
BRDA:235,14,0,2
BRDA:235,15,0,2
BRDA:235,15,1,1
BRDA:257,16,0,1
BRDA:257,17,0,2
BRDA:257,17,1,1
BRDA:263,18,0,1
BRDA:300,19,0,1
BRDA:318,20,0,0
BRDA:318,20,1,0
BRDA:324,21,0,0
BRDA:324,21,1,0
BRDA:330,22,0,0
BRDA:330,22,1,0
BRDA:365,23,0,0
BRDA:388,24,0,0
BRDA:388,25,0,1
BRDA:388,25,1,1
BRDA:396,26,0,0
BRDA:396,27,0,1
BRDA:396,27,1,1
BRDA:396,27,2,1
BRDA:424,28,0,0
BRDA:424,29,0,0
BRDA:424,29,1,0
BRDA:456,30,0,0
BRDA:472,31,0,1
BRDA:481,32,0,1
BRDA:485,33,0,1
BRDA:485,34,0,3
BRDA:485,34,1,3
BRDA:491,35,0,0
BRDA:495,36,0,0
BRDA:495,37,0,2
BRDA:495,37,1,2
BRDA:501,38,0,0
BRDA:505,39,0,0
BRDA:505,40,0,2
BRDA:505,40,1,2
BRDA:511,41,0,0
BRDA:515,42,0,1
BRDA:515,43,0,2
BRDA:515,43,1,2
BRDA:515,43,2,2
BRDA:521,44,0,0
BRDA:534,45,0,0
BRDA:540,46,0,0
BRDA:540,46,1,0
BRDA:555,47,0,0
BRDA:561,48,0,0
BRDA:603,49,0,0
BRDA:624,50,0,0
BRDA:633,51,0,0
BRDA:633,51,1,0
BRDA:660,52,0,0
BRDA:660,53,0,0
BRDA:660,53,1,0
BRDA:665,54,0,0
BRDA:665,55,0,0
BRDA:665,55,1,0
BRDA:667,56,0,0
BRDA:667,56,1,0
BRDA:667,57,0,0
BRDA:667,57,1,0
BRDA:668,58,0,0
BRDA:668,58,1,0
BRDA:668,59,0,0
BRDA:668,59,1,0
BRDA:672,60,0,0
BRDA:705,61,0,0
BRDA:705,61,1,0
BRDA:705,62,0,0
BRDA:705,62,1,0
BRDA:709,63,0,0
BRDA:709,63,1,0
BRDA:709,64,0,0
BRDA:709,64,1,0
BRDA:722,65,0,0
BRDA:728,66,0,0
BRDA:731,67,0,0
BRDA:742,68,0,0
BRDA:742,69,0,0
BRDA:742,69,1,0
BRDA:783,70,0,0
BRDA:783,70,1,0
BRDA:783,70,2,0
BRDA:809,71,0,0
BRDA:809,71,1,0
BRDA:809,72,0,0
BRDA:809,72,1,0
BRDA:814,73,0,0
BRDA:814,74,0,0
BRDA:814,74,1,0
BRDA:816,75,0,0
BRDA:816,75,1,0
BRDA:840,76,0,0
BRDA:843,77,0,0
BRDA:863,78,0,0
BRDA:863,78,1,0
BRDA:867,79,0,0
BRDA:882,80,0,0
BRDA:882,80,1,0
BRDA:893,81,0,0
BRDA:893,81,1,0
BRDA:896,82,0,0
BRDA:896,82,1,0
BRDA:897,83,0,0
BRDA:897,83,1,0
BRDA:918,84,0,0
BRDA:918,84,1,0
BRDA:923,85,0,0
BRDA:953,86,0,0
BRDA:953,86,1,1
BRDA:969,87,0,0
BRDA:969,87,1,0
BRDA:969,88,0,0
BRDA:969,88,1,0
BRDA:969,88,2,0
BRDA:969,88,3,0
BRDA:988,89,0,0
BRDA:988,90,0,0
BRDA:988,90,1,0
BRDA:990,91,0,0
BRDA:998,92,0,0
BRDA:1022,93,0,5
BRDA:1022,93,1,2
BRDA:1022,94,0,7
BRDA:1022,94,1,3
BRDA:1026,95,0,1
BRDA:1026,95,1,4
BRDA:1033,96,0,0
BRDA:1033,96,1,5
BRDA:1037,97,0,17
BRDA:1037,97,1,12
BRDA:1043,98,0,1
BRDA:1043,98,1,1
BRDA:1049,99,0,2
BRDA:1049,99,1,0
BRDA:1050,100,0,2
BRDA:1050,100,1,0
BRDA:1060,101,0,6
BRDA:1060,101,1,4
BRDA:1077,102,0,11
BRDA:1077,102,1,0
BRDA:1078,103,0,11
BRDA:1078,103,1,0
BRDA:1079,104,0,11
BRDA:1079,104,1,0
BRDA:1080,105,0,11
BRDA:1080,105,1,11
BRDA:1082,106,0,5
BRDA:1082,106,1,6
BRDA:1084,107,0,5
BRDA:1084,107,1,4
BRDA:1084,107,2,4
BRDA:1084,107,3,4
BRDA:1084,107,4,4
BRDA:1084,107,5,4
BRDA:1084,107,6,4
BRDA:1084,107,7,4
BRDA:1084,107,8,4
BRDA:1084,107,9,4
BRDA:1084,107,10,4
BRDA:1084,108,0,7
BRDA:1084,108,1,7
BRDA:1096,109,0,1
BRDA:1096,109,1,5
BRDA:1098,110,0,1
BRDA:1098,110,1,1
BRDA:1098,110,2,1
BRDA:1098,110,3,1
BRDA:1098,110,4,1
BRDA:1098,110,5,1
BRDA:1098,110,6,1
BRDA:1098,110,7,1
BRDA:1098,110,8,1
BRDA:1098,110,9,1
BRDA:1098,110,10,1
BRDA:1098,110,11,1
BRDA:1098,111,0,2
BRDA:1098,111,1,2
BRDA:1112,112,0,3
BRDA:1112,112,1,2
BRDA:1113,113,0,3
BRDA:1113,113,1,2
BRDA:1116,114,0,5
BRDA:1116,114,1,5
BRDA:1116,114,2,5
BRDA:1116,114,3,4
BRDA:1116,114,4,4
BRDA:1116,114,5,4
BRDA:1116,114,6,4
BRDA:1116,114,7,4
BRDA:1116,114,8,4
BRDA:1116,114,9,4
BRDA:1116,114,10,4
BRDA:1116,114,11,4
BRDA:1116,114,12,4
BRDA:1116,115,0,10
BRDA:1116,115,1,10
BRDA:1117,116,0,5
BRDA:1117,116,1,0
BRDA:1118,117,0,5
BRDA:1118,117,1,0
BRDA:1121,118,0,4
BRDA:1121,118,1,0
BRDA:1146,119,0,17
BRDA:1146,119,1,1
BRDA:1147,120,0,13
BRDA:1147,120,1,4
BRDA:1147,121,0,1
BRDA:1147,121,1,3
BRF:232
BRH:117
end_of_record
