TN:
SF:src/extension.ts
FN:17,activate
FN:28,(anonymous_1)
FN:35,(anonymous_2)
FN:74,(anonymous_3)
FN:124,(anonymous_4)
FN:132,(anonymous_5)
FN:144,(anonymous_6)
FN:172,(anonymous_7)
FN:188,(anonymous_8)
FN:210,(anonymous_9)
FN:242,(anonymous_10)
FN:290,deactivate
FN:300,(anonymous_12)
FN:306,(anonymous_13)
FN:312,connectToDevice
FN:329,connectToNetworkDevice
FN:364,parseNetworkAddress
FNF:17
FNH:0
FNDA:0,activate
FNDA:0,(anonymous_1)
FNDA:0,(anonymous_2)
FNDA:0,(anonymous_3)
FNDA:0,(anonymous_4)
FNDA:0,(anonymous_5)
FNDA:0,(anonymous_6)
FNDA:0,(anonymous_7)
FNDA:0,(anonymous_8)
FNDA:0,(anonymous_9)
FNDA:0,(anonymous_10)
FNDA:0,deactivate
FNDA:0,(anonymous_12)
FNDA:0,(anonymous_13)
FNDA:0,connectToDevice
FNDA:0,connectToNetworkDevice
FNDA:0,parseNetworkAddress
DA:1,0
DA:2,0
DA:3,0
DA:4,0
DA:5,0
DA:17,0
DA:18,0
DA:21,0
DA:22,0
DA:25,0
DA:28,0
DA:29,0
DA:33,0
DA:36,0
DA:38,0
DA:39,0
DA:41,0
DA:42,0
DA:49,0
DA:50,0
DA:55,0
DA:56,0
DA:58,0
DA:59,0
DA:64,0
DA:65,0
DA:70,0
DA:74,0
DA:82,0
DA:109,0
DA:115,0
DA:116,0
DA:119,0
DA:124,0
DA:125,0
DA:130,0
DA:133,0
DA:134,0
DA:136,0
DA:143,0
DA:144,0
DA:151,0
DA:157,0
DA:158,0
DA:161,0
DA:164,0
DA:170,0
DA:173,0
DA:178,0
DA:180,0
DA:181,0
DA:183,0
DA:185,0
DA:188,0
DA:189,0
DA:192,0
DA:199,0
DA:202,0
DA:208,0
DA:212,0
DA:213,0
DA:214,0
DA:215,0
DA:219,0
DA:224,0
DA:226,0
DA:232,0
DA:234,0
DA:239,0
DA:243,0
DA:244,0
DA:245,0
DA:247,0
DA:251,0
DA:253,0
DA:255,0
DA:256,0
DA:258,0
DA:265,0
DA:266,0
DA:270,0
DA:273,0
DA:278,0
DA:287,0
DA:290,0
DA:291,0
DA:294,0
DA:295,0
DA:296,0
DA:299,0
DA:300,0
DA:301,0
DA:306,0
DA:307,0
DA:313,0
DA:314,0
DA:316,0
DA:318,0
DA:319,0
DA:321,0
DA:324,0
DA:330,0
DA:331,0
DA:334,0
DA:336,0
DA:338,0
DA:339,0
DA:343,0
DA:344,0
DA:349,0
DA:350,0
DA:352,0
DA:353,0
DA:356,0
DA:359,0
DA:365,0
DA:366,0
DA:367,0
DA:370,0
DA:371,0
DA:373,0
DA:374,0
DA:377,0
LF:123
LH:0
BRDA:21,0,0,0
BRDA:21,0,1,0
BRDA:22,1,0,0
BRDA:22,1,1,0
BRDA:41,2,0,0
BRDA:49,3,0,0
BRDA:49,3,1,0
BRDA:55,4,0,0
BRDA:58,5,0,0
BRDA:64,6,0,0
BRDA:115,7,0,0
BRDA:143,8,0,0
BRDA:143,8,1,0
BRDA:145,9,0,0
BRDA:145,9,1,0
BRDA:147,10,0,0
BRDA:147,10,1,0
BRDA:157,11,0,0
BRDA:178,12,0,0
BRDA:189,13,0,0
BRDA:189,13,1,0
BRDA:213,14,0,0
BRDA:224,15,0,0
BRDA:232,16,0,0
BRDA:244,17,0,0
BRDA:244,18,0,0
BRDA:244,18,1,0
BRDA:244,18,2,0
BRDA:251,19,0,0
BRDA:261,20,0,0
BRDA:261,20,1,0
BRDA:265,21,0,0
BRDA:265,21,1,0
BRDA:294,22,0,0
BRDA:299,23,0,0
BRDA:318,24,0,0
BRDA:318,24,1,0
BRDA:319,25,0,0
BRDA:319,25,1,0
BRDA:336,26,0,0
BRDA:336,26,1,0
BRDA:343,27,0,0
BRDA:343,27,1,0
BRDA:345,28,0,0
BRDA:345,28,1,0
BRDA:366,29,0,0
BRDA:373,30,0,0
BRDA:373,31,0,0
BRDA:373,31,1,0
BRDA:373,31,2,0
BRDA:373,31,3,0
BRF:51
BRH:0
end_of_record
TN:
SF:src/common/ServiceLifecycle.ts
FN:10,(anonymous_0)
FN:119,(anonymous_1)
FN:134,(anonymous_2)
FN:141,(anonymous_3)
FN:148,(anonymous_4)
FN:155,(anonymous_5)
FN:177,(anonymous_6)
FN:196,(anonymous_7)
FN:206,(anonymous_8)
FN:213,(anonymous_9)
FN:226,(anonymous_10)
FN:232,(anonymous_11)
FN:233,(anonymous_12)
FN:259,(anonymous_13)
FN:265,(anonymous_14)
FN:266,(anonymous_15)
FN:299,(anonymous_16)
FN:308,(anonymous_17)
FN:315,(anonymous_18)
FN:323,(anonymous_19)
FN:330,(anonymous_20)
FN:335,(anonymous_21)
FN:370,(anonymous_22)
FN:387,(anonymous_23)
FNF:24
FNH:0
FNDA:0,(anonymous_0)
FNDA:0,(anonymous_1)
FNDA:0,(anonymous_2)
FNDA:0,(anonymous_3)
FNDA:0,(anonymous_4)
FNDA:0,(anonymous_5)
FNDA:0,(anonymous_6)
FNDA:0,(anonymous_7)
FNDA:0,(anonymous_8)
FNDA:0,(anonymous_9)
FNDA:0,(anonymous_10)
FNDA:0,(anonymous_11)
FNDA:0,(anonymous_12)
FNDA:0,(anonymous_13)
FNDA:0,(anonymous_14)
FNDA:0,(anonymous_15)
FNDA:0,(anonymous_16)
FNDA:0,(anonymous_17)
FNDA:0,(anonymous_18)
FNDA:0,(anonymous_19)
FNDA:0,(anonymous_20)
FNDA:0,(anonymous_21)
FNDA:0,(anonymous_22)
FNDA:0,(anonymous_23)
DA:10,0
DA:11,0
DA:12,0
DA:13,0
DA:14,0
DA:15,0
DA:16,0
DA:112,0
DA:113,0
DA:116,0
DA:123,0
DA:125,0
DA:135,0
DA:142,0
DA:149,0
DA:157,0
DA:158,0
DA:162,0
DA:163,0
DA:170,0
DA:171,0
DA:179,0
DA:180,0
DA:184,0
DA:185,0
DA:189,0
DA:190,0
DA:197,0
DA:198,0
DA:199,0
DA:200,0
DA:207,0
DA:214,0
DA:227,0
DA:228,0
DA:231,0
DA:232,0
DA:233,0
DA:237,0
DA:238,0
DA:240,0
DA:241,0
DA:247,0
DA:248,0
DA:260,0
DA:261,0
DA:264,0
DA:265,0
DA:266,0
DA:270,0
DA:271,0
DA:273,0
DA:274,0
DA:277,0
DA:278,0
DA:279,0
DA:281,0
DA:282,0
DA:300,0
DA:308,0
DA:309,0
DA:310,0
DA:316,0
DA:317,0
DA:324,0
DA:331,0
DA:332,0
DA:335,0
DA:336,0
DA:337,0
DA:340,0
DA:341,0
DA:342,0
DA:346,0
DA:347,0
DA:348,0
DA:352,0
DA:353,0
DA:354,0
DA:356,0
DA:360,0
DA:361,0
DA:364,0
DA:371,0
DA:374,0
DA:375,0
DA:376,0
DA:377,0
DA:378,0
DA:381,0
DA:388,0
DA:390,0
DA:391,0
DA:392,0
DA:393,0
DA:395,0
DA:399,0
DA:404,0
LF:98
LH:0
BRDA:10,0,0,0
BRDA:10,0,1,0
BRDA:155,1,0,0
BRDA:157,2,0,0
BRDA:162,3,0,0
BRDA:177,4,0,0
BRDA:179,5,0,0
BRDA:184,6,0,0
BRDA:196,7,0,0
BRDA:231,8,0,0
BRDA:231,8,1,0
BRDA:251,9,0,0
BRDA:251,9,1,0
BRDA:264,10,0,0
BRDA:264,10,1,0
BRDA:277,11,0,0
BRDA:315,12,0,0
BRDA:330,13,0,0
BRDA:336,14,0,0
BRDA:341,15,0,0
BRDA:346,16,0,0
BRDA:346,16,1,0
BRDA:370,17,0,0
BRDA:392,18,0,0
BRDA:392,18,1,0
BRF:25
BRH:0
end_of_record
TN:
SF:src/database/DatabaseIntegration.ts
FN:16,(anonymous_0)
FN:24,(anonymous_1)
FN:34,(anonymous_2)
FN:55,(anonymous_3)
FN:118,(anonymous_4)
FN:147,(anonymous_5)
FN:159,(anonymous_6)
FN:194,(anonymous_7)
FN:197,(anonymous_8)
FN:204,(anonymous_9)
FN:205,(anonymous_10)
FN:246,(anonymous_11)
FN:278,(anonymous_12)
FN:314,(anonymous_13)
FN:339,(anonymous_14)
FN:344,(anonymous_15)
FN:349,(anonymous_16)
FN:401,(anonymous_17)
FN:415,(anonymous_18)
FN:437,(anonymous_19)
FN:463,(anonymous_20)
FN:501,(anonymous_21)
FN:508,(anonymous_22)
FN:515,(anonymous_23)
FNF:24
FNH:0
FNDA:0,(anonymous_0)
FNDA:0,(anonymous_1)
FNDA:0,(anonymous_2)
FNDA:0,(anonymous_3)
FNDA:0,(anonymous_4)
FNDA:0,(anonymous_5)
FNDA:0,(anonymous_6)
FNDA:0,(anonymous_7)
FNDA:0,(anonymous_8)
FNDA:0,(anonymous_9)
FNDA:0,(anonymous_10)
FNDA:0,(anonymous_11)
FNDA:0,(anonymous_12)
FNDA:0,(anonymous_13)
FNDA:0,(anonymous_14)
FNDA:0,(anonymous_15)
FNDA:0,(anonymous_16)
FNDA:0,(anonymous_17)
FNDA:0,(anonymous_18)
FNDA:0,(anonymous_19)
FNDA:0,(anonymous_20)
FNDA:0,(anonymous_21)
FNDA:0,(anonymous_22)
FNDA:0,(anonymous_23)
DA:1,0
DA:2,0
DA:10,0
DA:11,0
DA:14,0
DA:17,0
DA:18,0
DA:25,0
DA:26,0
DA:28,0
DA:35,0
DA:36,0
DA:39,0
DA:40,0
DA:41,0
DA:42,0
DA:44,0
DA:46,0
DA:47,0
DA:62,0
DA:65,0
DA:67,0
DA:68,0
DA:69,0
DA:70,0
DA:73,0
DA:74,0
DA:75,0
DA:86,0
DA:89,0
DA:93,0
DA:94,0
DA:95,0
DA:100,0
DA:103,0
DA:104,0
DA:106,0
DA:119,0
DA:122,0
DA:124,0
DA:125,0
DA:126,0
DA:127,0
DA:129,0
DA:132,0
DA:133,0
DA:134,0
DA:135,0
DA:138,0
DA:139,0
DA:140,0
DA:141,0
DA:145,0
DA:146,0
DA:147,0
DA:148,0
DA:152,0
DA:172,0
DA:175,0
DA:180,0
DA:181,0
DA:194,0
DA:195,0
DA:197,0
DA:198,0
DA:201,0
DA:202,0
DA:204,0
DA:205,0
DA:206,0
DA:207,0
DA:213,0
DA:214,0
DA:216,0
DA:217,0
DA:221,0
DA:222,0
DA:223,0
DA:224,0
DA:225,0
DA:226,0
DA:227,0
DA:230,0
DA:258,0
DA:260,0
DA:261,0
DA:268,0
DA:270,0
DA:289,0
DA:291,0
DA:292,0
DA:300,0
DA:302,0
DA:305,0
DA:307,0
DA:315,0
DA:317,0
DA:318,0
DA:320,0
DA:321,0
DA:328,0
DA:330,0
DA:331,0
DA:332,0
DA:334,0
DA:335,0
DA:336,0
DA:338,0
DA:339,0
DA:340,0
DA:343,0
DA:344,0
DA:345,0
DA:348,0
DA:349,0
DA:350,0
DA:353,0
DA:357,0
DA:401,0
DA:415,0
DA:437,0
DA:457,0
DA:468,0
DA:470,0
DA:471,0
DA:472,0
DA:474,0
DA:475,0
DA:476,0
DA:478,0
DA:479,0
DA:480,0
DA:481,0
DA:485,0
DA:486,0
DA:488,0
DA:489,0
DA:493,0
DA:495,0
DA:502,0
DA:509,0
DA:516,0
DA:517,0
DA:518,0
LF:144
LH:0
BRDA:25,0,0,0
BRDA:35,1,0,0
BRDA:94,2,0,0
BRDA:122,3,0,0
BRDA:122,3,1,0
BRDA:122,3,2,0
BRDA:126,4,0,0
BRDA:145,5,0,0
BRDA:180,6,0,0
BRDA:206,7,0,0
BRDA:213,8,0,0
BRDA:216,9,0,0
BRDA:222,10,0,0
BRDA:222,10,1,0
BRDA:222,11,0,0
BRDA:222,11,1,0
BRDA:224,12,0,0
BRDA:224,12,1,0
BRDA:224,13,0,0
BRDA:224,13,1,0
BRDA:226,14,0,0
BRDA:226,15,0,0
BRDA:226,15,1,0
BRDA:296,16,0,0
BRDA:296,16,1,0
BRDA:300,17,0,0
BRDA:314,18,0,0
BRDA:320,19,0,0
BRDA:330,20,0,0
BRDA:463,21,0,0
BRDA:476,22,0,0
BRDA:478,23,0,0
BRDA:478,24,0,0
BRDA:478,24,1,0
BRDA:478,24,2,0
BRDA:479,25,0,0
BRDA:479,25,1,0
BRF:37
BRH:0
end_of_record
TN:
SF:src/database/DatabaseManager.ts
FN:15,(anonymous_0)
FN:26,(anonymous_1)
FN:39,(anonymous_2)
FN:63,(anonymous_3)
FN:64,(anonymous_4)
FN:102,(anonymous_5)
FN:105,(anonymous_6)
FN:120,(anonymous_7)
FN:154,(anonymous_8)
FN:222,(anonymous_9)
FN:228,(anonymous_10)
FN:243,(anonymous_11)
FN:263,(anonymous_12)
FN:322,(anonymous_13)
FN:333,(anonymous_14)
FN:355,(anonymous_15)
FN:371,(anonymous_16)
FN:413,(anonymous_17)
FN:435,(anonymous_18)
FN:441,(anonymous_19)
FN:446,(anonymous_20)
FN:469,(anonymous_21)
FN:500,(anonymous_22)
FN:502,(anonymous_23)
FN:515,(anonymous_24)
FN:525,(anonymous_25)
FN:532,(anonymous_26)
FN:539,(anonymous_27)
FN:546,(anonymous_28)
FNF:29
FNH:0
FNDA:0,(anonymous_0)
FNDA:0,(anonymous_1)
FNDA:0,(anonymous_2)
FNDA:0,(anonymous_3)
FNDA:0,(anonymous_4)
FNDA:0,(anonymous_5)
FNDA:0,(anonymous_6)
FNDA:0,(anonymous_7)
FNDA:0,(anonymous_8)
FNDA:0,(anonymous_9)
FNDA:0,(anonymous_10)
FNDA:0,(anonymous_11)
FNDA:0,(anonymous_12)
FNDA:0,(anonymous_13)
FNDA:0,(anonymous_14)
FNDA:0,(anonymous_15)
FNDA:0,(anonymous_16)
FNDA:0,(anonymous_17)
FNDA:0,(anonymous_18)
FNDA:0,(anonymous_19)
FNDA:0,(anonymous_20)
FNDA:0,(anonymous_21)
FNDA:0,(anonymous_22)
FNDA:0,(anonymous_23)
FNDA:0,(anonymous_24)
FNDA:0,(anonymous_25)
FNDA:0,(anonymous_26)
FNDA:0,(anonymous_27)
FNDA:0,(anonymous_28)
DA:1,0
DA:2,0
DA:10,0
DA:13,0
DA:19,0
DA:20,0
DA:27,0
DA:30,0
DA:32,0
DA:45,0
DA:46,0
DA:47,0
DA:50,0
DA:51,0
DA:52,0
DA:56,0
DA:57,0
DA:63,0
DA:64,0
DA:66,0
DA:70,0
DA:71,0
DA:74,0
DA:78,0
DA:79,0
DA:82,0
DA:83,0
DA:84,0
DA:85,0
DA:86,0
DA:87,0
DA:88,0
DA:91,0
DA:103,0
DA:105,0
DA:106,0
DA:107,0
DA:111,0
DA:113,0
DA:121,0
DA:124,0
DA:126,0
DA:129,0
DA:131,0
DA:134,0
DA:135,0
DA:138,0
DA:140,0
DA:144,0
DA:145,0
DA:148,0
DA:159,0
DA:161,0
DA:162,0
DA:163,0
DA:165,0
DA:167,0
DA:169,0
DA:170,0
DA:172,0
DA:182,0
DA:184,0
DA:185,0
DA:186,0
DA:188,0
DA:189,0
DA:191,0
DA:193,0
DA:194,0
DA:197,0
DA:198,0
DA:203,0
DA:204,0
DA:207,0
DA:211,0
DA:213,0
DA:216,0
DA:224,0
DA:226,0
DA:228,0
DA:229,0
DA:234,0
DA:237,0
DA:249,0
DA:252,0
DA:254,0
DA:257,0
DA:267,0
DA:269,0
DA:316,0
DA:323,0
DA:324,0
DA:325,0
DA:327,0
DA:334,0
DA:336,0
DA:337,0
DA:339,0
DA:340,0
DA:342,0
DA:343,0
DA:345,0
DA:346,0
DA:349,0
DA:356,0
DA:357,0
DA:358,0
DA:360,0
DA:361,0
DA:365,0
DA:374,0
DA:418,0
DA:420,0
DA:421,0
DA:422,0
DA:424,0
DA:426,0
DA:428,0
DA:429,0
DA:430,0
DA:434,0
DA:435,0
DA:436,0
DA:437,0
DA:440,0
DA:441,0
DA:443,0
DA:444,0
DA:445,0
DA:446,0
DA:448,0
DA:449,0
DA:454,0
DA:455,0
DA:456,0
DA:457,0
DA:461,0
DA:463,0
DA:470,0
DA:473,0
DA:474,0
DA:476,0
DA:477,0
DA:478,0
DA:482,0
DA:489,0
DA:490,0
DA:494,0
DA:502,0
DA:503,0
DA:504,0
DA:505,0
DA:507,0
DA:516,0
DA:517,0
DA:518,0
DA:526,0
DA:533,0
DA:540,0
DA:547,0
DA:548,0
LF:161
LH:0
BRDA:20,0,0,0
BRDA:20,0,1,0
BRDA:50,1,0,0
BRDA:56,2,0,0
BRDA:56,3,0,0
BRDA:56,3,1,0
BRDA:70,4,0,0
BRDA:70,5,0,0
BRDA:70,5,1,0
BRDA:83,6,0,0
BRDA:83,6,1,0
BRDA:84,7,0,0
BRDA:84,7,1,0
BRDA:85,8,0,0
BRDA:85,8,1,0
BRDA:87,9,0,0
BRDA:106,10,0,0
BRDA:124,11,0,0
BRDA:124,12,0,0
BRDA:124,12,1,0
BRDA:129,13,0,0
BRDA:129,14,0,0
BRDA:129,14,1,0
BRDA:134,15,0,0
BRDA:138,16,0,0
BRDA:138,17,0,0
BRDA:138,17,1,0
BRDA:144,18,0,0
BRDA:184,19,0,0
BRDA:184,20,0,0
BRDA:184,20,1,0
BRDA:191,21,0,0
BRDA:191,21,1,0
BRDA:203,22,0,0
BRDA:203,23,0,0
BRDA:203,23,1,0
BRDA:226,24,0,0
BRDA:229,25,0,0
BRDA:229,25,1,0
BRDA:229,25,2,0
BRDA:229,25,3,0
BRDA:234,26,0,0
BRDA:234,26,1,0
BRDA:252,27,0,0
BRDA:252,28,0,0
BRDA:252,28,1,0
BRDA:271,29,0,0
BRDA:271,29,1,0
BRDA:272,30,0,0
BRDA:272,30,1,0
BRDA:273,31,0,0
BRDA:273,31,1,0
BRDA:276,32,0,0
BRDA:276,32,1,0
BRDA:323,33,0,0
BRDA:323,33,1,0
BRDA:324,34,0,0
BRDA:324,34,1,0
BRDA:325,35,0,0
BRDA:325,35,1,0
BRDA:336,36,0,0
BRDA:336,37,0,0
BRDA:336,37,1,0
BRDA:339,38,0,0
BRDA:339,39,0,0
BRDA:339,39,1,0
BRDA:339,39,2,0
BRDA:342,40,0,0
BRDA:342,41,0,0
BRDA:342,41,1,0
BRDA:345,42,0,0
BRDA:345,43,0,0
BRDA:345,43,1,0
BRDA:356,44,0,0
BRDA:357,45,0,0
BRDA:360,46,0,0
BRDA:428,47,0,0
BRDA:428,48,0,0
BRDA:428,48,1,0
BRDA:428,48,2,0
BRDA:436,49,0,0
BRDA:443,50,0,0
BRDA:454,51,0,0
BRDA:478,52,0,0
BRDA:478,53,0,0
BRDA:478,53,1,0
BRDA:516,54,0,0
BRDA:532,55,0,0
BRDA:539,56,0,0
BRDA:539,57,0,0
BRF:90
BRH:0
end_of_record
TN:
SF:src/database/HardwareCompatibilityDatabase.ts
FN:102,(anonymous_0)
FN:109,(anonymous_1)
FN:141,(anonymous_2)
FN:167,(anonymous_3)
FN:444,(anonymous_4)
FN:486,(anonymous_5)
FN:497,(anonymous_6)
FN:560,(anonymous_7)
FN:561,(anonymous_8)
FN:574,(anonymous_9)
FN:602,(anonymous_10)
FN:611,(anonymous_11)
FN:630,(anonymous_12)
FN:647,(anonymous_13)
FN:664,(anonymous_14)
FN:689,(anonymous_15)
FN:735,(anonymous_16)
FN:752,(anonymous_17)
FN:766,(anonymous_18)
FN:773,(anonymous_19)
FN:807,(anonymous_20)
FN:820,(anonymous_21)
FN:833,(anonymous_22)
FNF:23
FNH:0
FNDA:0,(anonymous_0)
FNDA:0,(anonymous_1)
FNDA:0,(anonymous_2)
FNDA:0,(anonymous_3)
FNDA:0,(anonymous_4)
FNDA:0,(anonymous_5)
FNDA:0,(anonymous_6)
FNDA:0,(anonymous_7)
FNDA:0,(anonymous_8)
FNDA:0,(anonymous_9)
FNDA:0,(anonymous_10)
FNDA:0,(anonymous_11)
FNDA:0,(anonymous_12)
FNDA:0,(anonymous_13)
FNDA:0,(anonymous_14)
FNDA:0,(anonymous_15)
FNDA:0,(anonymous_16)
FNDA:0,(anonymous_17)
FNDA:0,(anonymous_18)
FNDA:0,(anonymous_19)
FNDA:0,(anonymous_20)
FNDA:0,(anonymous_21)
FNDA:0,(anonymous_22)
DA:1,0
DA:96,0
DA:98,0
DA:99,0
DA:100,0
DA:103,0
DA:110,0
DA:111,0
DA:114,0
DA:116,0
DA:117,0
DA:120,0
DA:123,0
DA:124,0
DA:128,0
DA:130,0
DA:131,0
DA:133,0
DA:134,0
DA:142,0
DA:143,0
DA:144,0
DA:146,0
DA:147,0
DA:149,0
DA:150,0
DA:151,0
DA:153,0
DA:158,0
DA:159,0
DA:168,0
DA:433,0
DA:434,0
DA:438,0
DA:445,0
DA:447,0
DA:449,0
DA:452,0
DA:455,0
DA:458,0
DA:461,0
DA:464,0
DA:467,0
DA:470,0
DA:471,0
DA:472,0
DA:474,0
DA:475,0
DA:477,0
DA:478,0
DA:487,0
DA:488,0
DA:489,0
DA:491,0
DA:498,0
DA:500,0
DA:501,0
DA:504,0
DA:505,0
DA:506,0
DA:507,0
DA:510,0
DA:511,0
DA:512,0
DA:513,0
DA:516,0
DA:517,0
DA:518,0
DA:519,0
DA:522,0
DA:523,0
DA:524,0
DA:525,0
DA:528,0
DA:529,0
DA:530,0
DA:531,0
DA:534,0
DA:535,0
DA:536,0
DA:537,0
DA:540,0
DA:541,0
DA:542,0
DA:543,0
DA:546,0
DA:547,0
DA:548,0
DA:549,0
DA:550,0
DA:554,0
DA:555,0
DA:559,0
DA:560,0
DA:562,0
DA:563,0
DA:565,0
DA:568,0
DA:575,0
DA:578,0
DA:579,0
DA:582,0
DA:583,0
DA:586,0
DA:588,0
DA:589,0
DA:590,0
DA:591,0
DA:592,0
DA:599,0
DA:600,0
DA:601,0
DA:602,0
DA:605,0
DA:612,0
DA:615,0
DA:616,0
DA:617,0
DA:620,0
DA:621,0
DA:622,0
DA:624,0
DA:631,0
DA:633,0
DA:634,0
DA:635,0
DA:636,0
DA:637,0
DA:638,0
DA:641,0
DA:648,0
DA:650,0
DA:651,0
DA:652,0
DA:653,0
DA:654,0
DA:656,0
DA:657,0
DA:665,0
DA:667,0
DA:668,0
DA:670,0
DA:671,0
DA:675,0
DA:676,0
DA:677,0
DA:679,0
DA:680,0
DA:682,0
DA:696,0
DA:698,0
DA:706,0
DA:707,0
DA:709,0
DA:711,0
DA:714,0
DA:717,0
DA:721,0
DA:722,0
DA:723,0
DA:727,0
DA:729,0
DA:736,0
DA:738,0
DA:739,0
DA:746,0
DA:752,0
DA:766,0
DA:774,0
DA:775,0
DA:776,0
DA:777,0
DA:778,0
DA:781,0
DA:783,0
DA:784,0
DA:786,0
DA:787,0
DA:789,0
DA:790,0
DA:793,0
DA:796,0
DA:797,0
DA:798,0
DA:808,0
DA:814,0
DA:821,0
DA:822,0
DA:823,0
DA:824,0
DA:827,0
DA:834,0
DA:835,0
DA:836,0
LF:194
LH:0
BRDA:102,0,0,0
BRDA:110,1,0,0
BRDA:123,2,0,0
BRDA:146,3,0,0
BRDA:146,4,0,0
BRDA:146,4,1,0
BRDA:158,5,0,0
BRDA:471,6,0,0
BRDA:474,7,0,0
BRDA:477,8,0,0
BRDA:488,9,0,0
BRDA:504,10,0,0
BRDA:505,11,0,0
BRDA:505,11,1,0
BRDA:506,12,0,0
BRDA:506,12,1,0
BRDA:510,13,0,0
BRDA:511,14,0,0
BRDA:511,14,1,0
BRDA:512,15,0,0
BRDA:512,15,1,0
BRDA:516,16,0,0
BRDA:517,17,0,0
BRDA:517,17,1,0
BRDA:518,18,0,0
BRDA:518,18,1,0
BRDA:522,19,0,0
BRDA:523,20,0,0
BRDA:523,20,1,0
BRDA:524,21,0,0
BRDA:524,21,1,0
BRDA:528,22,0,0
BRDA:529,23,0,0
BRDA:529,23,1,0
BRDA:530,24,0,0
BRDA:530,24,1,0
BRDA:534,25,0,0
BRDA:535,26,0,0
BRDA:535,26,1,0
BRDA:536,27,0,0
BRDA:536,27,1,0
BRDA:540,28,0,0
BRDA:541,29,0,0
BRDA:541,29,1,0
BRDA:542,30,0,0
BRDA:542,30,1,0
BRDA:546,31,0,0
BRDA:546,32,0,0
BRDA:546,32,1,0
BRDA:548,33,0,0
BRDA:548,33,1,0
BRDA:549,34,0,0
BRDA:549,34,1,0
BRDA:554,35,0,0
BRDA:562,36,0,0
BRDA:562,37,0,0
BRDA:562,37,1,0
BRDA:578,38,0,0
BRDA:582,39,0,0
BRDA:586,40,0,0
BRDA:589,41,0,0
BRDA:591,42,0,0
BRDA:616,43,0,0
BRDA:633,44,0,0
BRDA:651,45,0,0
BRDA:664,46,0,0
BRDA:668,47,0,0
BRDA:711,48,0,0
BRDA:711,48,1,0
BRDA:714,49,0,0
BRDA:714,49,1,0
BRDA:718,50,0,0
BRDA:718,50,1,0
BRDA:721,51,0,0
BRDA:727,52,0,0
BRDA:727,52,1,0
BRDA:735,53,0,0
BRDA:738,54,0,0
BRDA:738,54,1,0
BRDA:773,55,0,0
BRDA:773,56,0,0
BRDA:774,57,0,0
BRDA:776,58,0,0
BRDA:776,59,0,0
BRDA:776,59,1,0
BRDA:777,60,0,0
BRDA:783,61,0,0
BRDA:786,62,0,0
BRDA:789,63,0,0
BRDA:823,64,0,0
BRF:90
BRH:0
end_of_record
TN:
SF:src/database/index.ts
FN:8,(anonymous_0)
FN:9,(anonymous_1)
FN:10,(anonymous_2)
FN:14,(anonymous_3)
FN:17,(anonymous_4)
FN:20,(anonymous_5)
FNF:6
FNH:0
FNDA:0,(anonymous_0)
FNDA:0,(anonymous_1)
FNDA:0,(anonymous_2)
FNDA:0,(anonymous_3)
FNDA:0,(anonymous_4)
FNDA:0,(anonymous_5)
DA:7,0
DA:8,0
DA:9,0
DA:10,0
DA:14,0
DA:17,0
DA:20,0
LF:7
LH:0
BRF:0
BRH:0
end_of_record
TN:
SF:src/decoders/ChannelMapping.ts
FN:64,(anonymous_0)
FN:78,(anonymous_1)
FN:92,(anonymous_2)
FN:125,(anonymous_3)
FN:126,(anonymous_4)
FN:157,(anonymous_5)
FN:194,(anonymous_6)
FN:207,(anonymous_7)
FN:208,(anonymous_8)
FN:221,(anonymous_9)
FN:230,(anonymous_10)
FN:245,(anonymous_11)
FN:268,(anonymous_12)
FN:289,(anonymous_13)
FN:297,(anonymous_14)
FN:298,(anonymous_15)
FN:307,(anonymous_16)
FN:314,(anonymous_17)
FN:323,(anonymous_18)
FN:324,(anonymous_19)
FN:344,(anonymous_20)
FN:395,(anonymous_21)
FN:396,(anonymous_22)
FN:407,(anonymous_23)
FNF:24
FNH:0
FNDA:0,(anonymous_0)
FNDA:0,(anonymous_1)
FNDA:0,(anonymous_2)
FNDA:0,(anonymous_3)
FNDA:0,(anonymous_4)
FNDA:0,(anonymous_5)
FNDA:0,(anonymous_6)
FNDA:0,(anonymous_7)
FNDA:0,(anonymous_8)
FNDA:0,(anonymous_9)
FNDA:0,(anonymous_10)
FNDA:0,(anonymous_11)
FNDA:0,(anonymous_12)
FNDA:0,(anonymous_13)
FNDA:0,(anonymous_14)
FNDA:0,(anonymous_15)
FNDA:0,(anonymous_16)
FNDA:0,(anonymous_17)
FNDA:0,(anonymous_18)
FNDA:0,(anonymous_19)
FNDA:0,(anonymous_20)
FNDA:0,(anonymous_21)
FNDA:0,(anonymous_22)
FNDA:0,(anonymous_23)
DA:64,0
DA:66,0
DA:69,0
DA:83,0
DA:92,0
DA:93,0
DA:94,0
DA:95,0
DA:96,0
DA:97,0
DA:102,0
DA:103,0
DA:104,0
DA:105,0
DA:106,0
DA:111,0
DA:112,0
DA:114,0
DA:115,0
DA:116,0
DA:118,0
DA:122,0
DA:123,0
DA:124,0
DA:125,0
DA:126,0
DA:128,0
DA:133,0
DA:136,0
DA:141,0
DA:142,0
DA:143,0
DA:144,0
DA:148,0
DA:161,0
DA:164,0
DA:165,0
DA:173,0
DA:174,0
DA:175,0
DA:176,0
DA:181,0
DA:186,0
DA:204,0
DA:206,0
DA:207,0
DA:208,0
DA:226,0
DA:227,0
DA:230,0
DA:231,0
DA:233,0
DA:234,0
DA:237,0
DA:238,0
DA:239,0
DA:240,0
DA:245,0
DA:246,0
DA:248,0
DA:249,0
DA:252,0
DA:253,0
DA:254,0
DA:255,0
DA:259,0
DA:269,0
DA:270,0
DA:272,0
DA:280,0
DA:281,0
DA:290,0
DA:298,0
DA:299,0
DA:308,0
DA:315,0
DA:316,0
DA:324,0
DA:332,0
DA:345,0
DA:346,0
DA:348,0
DA:349,0
DA:352,0
DA:353,0
DA:354,0
DA:356,0
DA:357,0
DA:360,0
DA:369,0
DA:370,0
DA:373,0
DA:374,0
DA:376,0
DA:380,0
DA:382,0
DA:396,0
DA:408,0
DA:409,0
DA:410,0
DA:412,0
DA:417,0
LF:102
LH:0
BRDA:94,0,0,0
BRDA:104,1,0,0
BRDA:104,2,0,0
BRDA:104,2,1,0
BRDA:115,3,0,0
BRDA:115,3,1,0
BRDA:122,4,0,0
BRDA:143,5,0,0
BRDA:143,6,0,0
BRDA:143,6,1,0
BRDA:143,6,2,0
BRDA:159,7,0,0
BRDA:175,8,0,0
BRDA:175,9,0,0
BRDA:175,9,1,0
BRDA:223,10,0,0
BRDA:224,11,0,0
BRDA:233,12,0,0
BRDA:233,12,1,0
BRDA:237,13,0,0
BRDA:248,14,0,0
BRDA:248,14,1,0
BRDA:252,15,0,0
BRDA:276,16,0,0
BRDA:276,16,1,0
BRDA:290,17,0,0
BRDA:290,17,1,0
BRDA:348,18,0,0
BRDA:348,19,0,0
BRDA:348,19,1,0
BRDA:356,20,0,0
BRDA:356,21,0,0
BRDA:356,21,1,0
BRDA:356,21,2,0
BRDA:369,22,0,0
BRDA:369,23,0,0
BRDA:369,23,1,0
BRDA:384,24,0,0
BRDA:384,24,1,0
BRF:39
BRH:0
end_of_record
TN:
SF:src/decoders/DecoderBase.ts
FN:26,(anonymous_0)
FN:67,(anonymous_1)
FN:80,(anonymous_2)
FN:93,(anonymous_3)
FN:105,(anonymous_4)
FN:134,(anonymous_5)
FN:163,(anonymous_6)
FN:180,(anonymous_7)
FN:188,(anonymous_8)
FN:189,(anonymous_9)
FN:199,(anonymous_10)
FN:217,(anonymous_11)
FN:249,(anonymous_12)
FN:259,(anonymous_13)
FN:275,(anonymous_14)
FN:286,(anonymous_15)
FN:336,(anonymous_16)
FN:340,(anonymous_17)
FN:360,(anonymous_18)
FN:384,(anonymous_19)
FN:390,(anonymous_20)
FN:392,(anonymous_21)
FNF:22
FNH:0
FNDA:0,(anonymous_0)
FNDA:0,(anonymous_1)
FNDA:0,(anonymous_2)
FNDA:0,(anonymous_3)
FNDA:0,(anonymous_4)
FNDA:0,(anonymous_5)
FNDA:0,(anonymous_6)
FNDA:0,(anonymous_7)
FNDA:0,(anonymous_8)
FNDA:0,(anonymous_9)
FNDA:0,(anonymous_10)
FNDA:0,(anonymous_11)
FNDA:0,(anonymous_12)
FNDA:0,(anonymous_13)
FNDA:0,(anonymous_14)
FNDA:0,(anonymous_15)
FNDA:0,(anonymous_16)
FNDA:0,(anonymous_17)
FNDA:0,(anonymous_18)
FNDA:0,(anonymous_19)
FNDA:0,(anonymous_20)
FNDA:0,(anonymous_21)
DA:7,0
DA:26,0
DA:42,0
DA:43,0
DA:44,0
DA:45,0
DA:46,0
DA:47,0
DA:48,0
DA:69,0
DA:70,0
DA:73,0
DA:81,0
DA:82,0
DA:83,0
DA:84,0
DA:94,0
DA:95,0
DA:96,0
DA:106,0
DA:107,0
DA:110,0
DA:113,0
DA:116,0
DA:119,0
DA:120,0
DA:127,0
DA:129,0
DA:132,0
DA:133,0
DA:134,0
DA:136,0
DA:137,0
DA:139,0
DA:149,0
DA:153,0
DA:164,0
DA:173,0
DA:181,0
DA:189,0
DA:190,0
DA:200,0
DA:202,0
DA:203,0
DA:204,0
DA:205,0
DA:208,0
DA:218,0
DA:219,0
DA:222,0
DA:224,0
DA:226,0
DA:228,0
DA:230,0
DA:232,0
DA:234,0
DA:236,0
DA:238,0
DA:240,0
DA:242,0
DA:250,0
DA:251,0
DA:252,0
DA:260,0
DA:261,0
DA:263,0
DA:265,0
DA:266,0
DA:276,0
DA:277,0
DA:287,0
DA:288,0
DA:289,0
DA:290,0
DA:293,0
DA:294,0
DA:296,0
DA:297,0
DA:299,0
DA:300,0
DA:302,0
DA:303,0
DA:305,0
DA:306,0
DA:308,0
DA:309,0
DA:311,0
DA:312,0
DA:314,0
DA:315,0
DA:317,0
DA:318,0
DA:320,0
DA:323,0
DA:324,0
DA:328,0
DA:337,0
DA:340,0
DA:341,0
DA:344,0
DA:345,0
DA:349,0
DA:350,0
DA:351,0
DA:361,0
DA:390,0
DA:391,0
DA:392,0
DA:393,0
DA:394,0
DA:399,0
DA:400,0
DA:401,0
DA:406,0
LF:114
LH:0
BRDA:106,0,0,0
BRDA:116,1,0,0
BRDA:116,1,1,0
BRDA:119,2,0,0
BRDA:119,3,0,0
BRDA:119,3,1,0
BRDA:134,4,0,0
BRDA:167,5,0,0
BRDA:167,5,1,0
BRDA:181,6,0,0
BRDA:181,6,1,0
BRDA:190,7,0,0
BRDA:190,7,1,0
BRDA:218,8,0,0
BRDA:222,9,0,0
BRDA:222,9,1,0
BRDA:224,10,0,0
BRDA:224,10,1,0
BRDA:226,11,0,0
BRDA:226,11,1,0
BRDA:226,11,2,0
BRDA:226,11,3,0
BRDA:226,11,4,0
BRDA:226,11,5,0
BRDA:226,11,6,0
BRDA:226,11,7,0
BRDA:232,12,0,0
BRDA:232,12,1,0
BRDA:234,13,0,0
BRDA:234,13,1,0
BRDA:265,14,0,0
BRDA:265,14,1,0
BRDA:277,15,0,0
BRDA:277,15,1,0
BRDA:277,15,2,0
BRDA:289,16,0,0
BRDA:294,17,0,0
BRDA:294,17,1,0
BRDA:297,18,0,0
BRDA:297,18,1,0
BRDA:297,18,2,0
BRDA:297,18,3,0
BRDA:297,18,4,0
BRDA:297,18,5,0
BRDA:297,18,6,0
BRDA:297,18,7,0
BRDA:305,19,0,0
BRDA:305,19,1,0
BRDA:308,20,0,0
BRDA:308,20,1,0
BRDA:323,21,0,0
BRDA:345,22,0,0
BRDA:345,22,1,0
BRDA:350,23,0,0
BRDA:350,24,0,0
BRDA:350,24,1,0
BRDA:392,25,0,0
BRDA:392,25,1,0
BRDA:393,26,0,0
BRDA:400,27,0,0
BRF:60
BRH:0
end_of_record
TN:
SF:src/decoders/DecoderManager.ts
FN:104,(anonymous_0)
FN:111,(anonymous_1)
FN:133,(anonymous_2)
FN:148,(anonymous_3)
FN:157,(anonymous_4)
FN:171,(anonymous_5)
FN:179,(anonymous_6)
FN:189,(anonymous_7)
FN:207,(anonymous_8)
FN:222,(anonymous_9)
FN:231,(anonymous_10)
FN:240,(anonymous_11)
FN:267,(anonymous_12)
FN:297,(anonymous_13)
FN:326,(anonymous_14)
FN:353,(anonymous_15)
FN:386,(anonymous_16)
FN:417,(anonymous_17)
FN:430,(anonymous_18)
FN:447,(anonymous_19)
FN:483,(anonymous_20)
FN:525,(anonymous_21)
FN:610,(anonymous_22)
FN:628,(anonymous_23)
FN:636,(anonymous_24)
FN:645,(anonymous_25)
FN:646,(anonymous_26)
FN:671,(anonymous_27)
FN:682,(anonymous_28)
FN:687,(anonymous_29)
FN:696,(anonymous_30)
FN:698,(anonymous_31)
FN:700,(anonymous_32)
FN:701,(anonymous_33)
FN:710,(anonymous_34)
FN:714,(anonymous_35)
FN:717,(anonymous_36)
FN:719,(anonymous_37)
FN:721,(anonymous_38)
FN:723,(anonymous_39)
FN:727,(anonymous_40)
FN:735,(anonymous_41)
FN:744,(anonymous_42)
FN:753,(anonymous_43)
FN:794,(anonymous_44)
FNF:45
FNH:0
FNDA:0,(anonymous_0)
FNDA:0,(anonymous_1)
FNDA:0,(anonymous_2)
FNDA:0,(anonymous_3)
FNDA:0,(anonymous_4)
FNDA:0,(anonymous_5)
FNDA:0,(anonymous_6)
FNDA:0,(anonymous_7)
FNDA:0,(anonymous_8)
FNDA:0,(anonymous_9)
FNDA:0,(anonymous_10)
FNDA:0,(anonymous_11)
FNDA:0,(anonymous_12)
FNDA:0,(anonymous_13)
FNDA:0,(anonymous_14)
FNDA:0,(anonymous_15)
FNDA:0,(anonymous_16)
FNDA:0,(anonymous_17)
FNDA:0,(anonymous_18)
FNDA:0,(anonymous_19)
FNDA:0,(anonymous_20)
FNDA:0,(anonymous_21)
FNDA:0,(anonymous_22)
FNDA:0,(anonymous_23)
FNDA:0,(anonymous_24)
FNDA:0,(anonymous_25)
FNDA:0,(anonymous_26)
FNDA:0,(anonymous_27)
FNDA:0,(anonymous_28)
FNDA:0,(anonymous_29)
FNDA:0,(anonymous_30)
FNDA:0,(anonymous_31)
FNDA:0,(anonymous_32)
FNDA:0,(anonymous_33)
FNDA:0,(anonymous_34)
FNDA:0,(anonymous_35)
FNDA:0,(anonymous_36)
FNDA:0,(anonymous_37)
FNDA:0,(anonymous_38)
FNDA:0,(anonymous_39)
FNDA:0,(anonymous_40)
FNDA:0,(anonymous_41)
FNDA:0,(anonymous_42)
FNDA:0,(anonymous_43)
FNDA:0,(anonymous_44)
DA:8,0
DA:79,0
DA:81,0
DA:84,0
DA:87,0
DA:90,0
DA:93,0
DA:96,0
DA:99,0
DA:102,0
DA:105,0
DA:112,0
DA:114,0
DA:115,0
DA:116,0
DA:118,0
DA:119,0
DA:120,0
DA:122,0
DA:124,0
DA:135,0
DA:136,0
DA:139,0
DA:140,0
DA:149,0
DA:150,0
DA:158,0
DA:160,0
DA:161,0
DA:162,0
DA:163,0
DA:164,0
DA:167,0
DA:171,0
DA:180,0
DA:190,0
DA:191,0
DA:192,0
DA:195,0
DA:196,0
DA:197,0
DA:199,0
DA:208,0
DA:209,0
DA:210,0
DA:212,0
DA:213,0
DA:223,0
DA:232,0
DA:242,0
DA:243,0
DA:246,0
DA:247,0
DA:248,0
DA:249,0
DA:252,0
DA:253,0
DA:254,0
DA:255,0
DA:257,0
DA:258,0
DA:269,0
DA:270,0
DA:273,0
DA:274,0
DA:275,0
DA:276,0
DA:279,0
DA:280,0
DA:281,0
DA:282,0
DA:284,0
DA:285,0
DA:302,0
DA:303,0
DA:306,0
DA:307,0
DA:310,0
DA:311,0
DA:314,0
DA:334,0
DA:335,0
DA:336,0
DA:340,0
DA:341,0
DA:343,0
DA:345,0
DA:346,0
DA:347,0
DA:349,0
DA:351,0
DA:353,0
DA:355,0
DA:357,0
DA:365,0
DA:366,0
DA:367,0
DA:371,0
DA:372,0
DA:375,0
DA:390,0
DA:391,0
DA:394,0
DA:397,0
DA:398,0
DA:402,0
DA:403,0
DA:404,0
DA:408,0
DA:418,0
DA:419,0
DA:421,0
DA:431,0
DA:432,0
DA:434,0
DA:454,0
DA:456,0
DA:457,0
DA:458,0
DA:459,0
DA:469,0
DA:470,0
DA:480,0
DA:481,0
DA:483,0
DA:484,0
DA:485,0
DA:487,0
DA:500,0
DA:501,0
DA:503,0
DA:535,0
DA:536,0
DA:538,0
DA:539,0
DA:540,0
DA:542,0
DA:546,0
DA:549,0
DA:550,0
DA:552,0
DA:553,0
DA:557,0
DA:558,0
DA:561,0
DA:568,0
DA:569,0
DA:571,0
DA:572,0
DA:574,0
DA:590,0
DA:591,0
DA:593,0
DA:603,0
DA:611,0
DA:613,0
DA:614,0
DA:615,0
DA:616,0
DA:618,0
DA:622,0
DA:629,0
DA:637,0
DA:646,0
DA:647,0
DA:649,0
DA:650,0
DA:651,0
DA:652,0
DA:653,0
DA:654,0
DA:655,0
DA:656,0
DA:658,0
DA:663,0
DA:672,0
DA:675,0
DA:676,0
DA:679,0
DA:681,0
DA:683,0
DA:687,0
DA:697,0
DA:698,0
DA:700,0
DA:701,0
DA:711,0
DA:712,0
DA:714,0
DA:716,0
DA:717,0
DA:718,0
DA:719,0
DA:720,0
DA:721,0
DA:722,0
DA:723,0
DA:727,0
DA:736,0
DA:745,0
DA:746,0
DA:755,0
DA:758,0
DA:759,0
DA:761,0
DA:762,0
DA:765,0
DA:770,0
DA:771,0
DA:772,0
DA:773,0
DA:776,0
DA:780,0
DA:781,0
DA:782,0
DA:783,0
DA:784,0
DA:785,0
DA:787,0
DA:795,0
DA:807,0
LF:221
LH:0
BRDA:135,0,0,0
BRDA:163,1,0,0
BRDA:191,2,0,0
BRDA:196,3,0,0
BRDA:242,4,0,0
BRDA:247,5,0,0
BRDA:269,6,0,0
BRDA:274,7,0,0
BRDA:302,8,0,0
BRDA:302,9,0,0
BRDA:302,9,1,0
BRDA:302,9,2,0
BRDA:334,10,0,0
BRDA:349,11,0,0
BRDA:349,12,0,0
BRDA:349,12,1,0
BRDA:366,13,0,0
BRDA:390,14,0,0
BRDA:403,15,0,0
BRDA:418,16,0,0
BRDA:418,17,0,0
BRDA:418,17,1,0
BRDA:421,18,0,0
BRDA:421,18,1,0
BRDA:431,19,0,0
BRDA:451,20,0,0
BRDA:452,21,0,0
BRDA:458,22,0,0
BRDA:469,23,0,0
BRDA:483,24,0,0
BRDA:483,24,1,0
BRDA:501,25,0,0
BRDA:501,25,1,0
BRDA:529,26,0,0
BRDA:530,27,0,0
BRDA:531,28,0,0
BRDA:540,29,0,0
BRDA:549,30,0,0
BRDA:552,31,0,0
BRDA:591,32,0,0
BRDA:591,32,1,0
BRDA:651,33,0,0
BRDA:675,34,0,0
BRDA:675,35,0,0
BRDA:675,35,1,0
BRDA:683,36,0,0
BRDA:683,36,1,0
BRDA:683,36,2,0
BRDA:683,36,3,0
BRDA:683,36,4,0
BRDA:683,36,5,0
BRDA:701,37,0,0
BRDA:701,37,1,0
BRDA:716,38,0,0
BRDA:716,38,1,0
BRDA:718,39,0,0
BRDA:718,39,1,0
BRDA:720,40,0,0
BRDA:720,40,1,0
BRDA:722,41,0,0
BRDA:727,42,0,0
BRDA:727,42,1,0
BRDA:746,43,0,0
BRDA:746,43,1,0
BRDA:761,44,0,0
BRDA:772,45,0,0
BRF:66
BRH:0
end_of_record
TN:
SF:src/decoders/DecoderRegistry.ts
FN:12,registerAllDecoders
FN:38,getDecoderRegistryInfo
FN:55,isDecoderRegistered
FN:68,isStreamingSupported
FNF:4
FNH:0
FNDA:0,registerAllDecoders
FNDA:0,getDecoderRegistryInfo
FNDA:0,isDecoderRegistered
FNDA:0,isStreamingSupported
DA:6,0
DA:7,0
DA:12,0
DA:13,0
DA:15,0
DA:17,0
DA:19,0
DA:20,0
DA:23,0
DA:24,0
DA:25,0
DA:26,0
DA:27,0
DA:30,0
DA:31,0
DA:38,0
DA:43,0
DA:45,0
DA:55,0
DA:56,0
DA:57,0
DA:58,0
DA:59,0
DA:61,0
DA:68,0
DA:69,0
LF:26
LH:0
BRDA:59,0,0,0
BRDA:59,0,1,0
BRF:2
BRH:0
end_of_record
TN:
SF:src/decoders/PerformanceOptimizer.ts
FN:78,(anonymous_0)
FN:100,(anonymous_1)
FN:124,(anonymous_2)
FN:132,(anonymous_3)
FN:140,(anonymous_4)
FN:145,(anonymous_5)
FN:171,(anonymous_6)
FN:172,(anonymous_7)
FN:194,(anonymous_8)
FN:217,(anonymous_9)
FN:235,(anonymous_10)
FN:251,(anonymous_11)
FN:268,(anonymous_12)
FN:286,(anonymous_13)
FN:303,(anonymous_14)
FN:336,(anonymous_15)
FN:347,(anonymous_16)
FN:360,(anonymous_17)
FN:372,(anonymous_18)
FN:386,(anonymous_19)
FN:421,(anonymous_20)
FN:425,(anonymous_21)
FN:433,(anonymous_22)
FN:439,(anonymous_23)
FN:446,(anonymous_24)
FN:470,(anonymous_25)
FN:495,(anonymous_26)
FN:502,(anonymous_27)
FN:509,(anonymous_28)
FNF:29
FNH:0
FNDA:0,(anonymous_0)
FNDA:0,(anonymous_1)
FNDA:0,(anonymous_2)
FNDA:0,(anonymous_3)
FNDA:0,(anonymous_4)
FNDA:0,(anonymous_5)
FNDA:0,(anonymous_6)
FNDA:0,(anonymous_7)
FNDA:0,(anonymous_8)
FNDA:0,(anonymous_9)
FNDA:0,(anonymous_10)
FNDA:0,(anonymous_11)
FNDA:0,(anonymous_12)
FNDA:0,(anonymous_13)
FNDA:0,(anonymous_14)
FNDA:0,(anonymous_15)
FNDA:0,(anonymous_16)
FNDA:0,(anonymous_17)
FNDA:0,(anonymous_18)
FNDA:0,(anonymous_19)
FNDA:0,(anonymous_20)
FNDA:0,(anonymous_21)
FNDA:0,(anonymous_22)
FNDA:0,(anonymous_23)
FNDA:0,(anonymous_24)
FNDA:0,(anonymous_25)
FNDA:0,(anonymous_26)
FNDA:0,(anonymous_27)
FNDA:0,(anonymous_28)
DA:72,0
DA:73,0
DA:74,0
DA:82,0
DA:89,0
DA:101,0
DA:102,0
DA:103,0
DA:113,0
DA:125,0
DA:126,0
DA:133,0
DA:134,0
DA:141,0
DA:142,0
DA:145,0
DA:146,0
DA:147,0
DA:150,0
DA:155,0
DA:159,0
DA:172,0
DA:173,0
DA:175,0
DA:176,0
DA:179,0
DA:184,0
DA:195,0
DA:196,0
DA:198,0
DA:199,0
DA:200,0
DA:203,0
DA:204,0
DA:207,0
DA:208,0
DA:211,0
DA:218,0
DA:220,0
DA:221,0
DA:222,0
DA:224,0
DA:225,0
DA:229,0
DA:236,0
DA:238,0
DA:240,0
DA:241,0
DA:242,0
DA:245,0
DA:252,0
DA:254,0
DA:256,0
DA:257,0
DA:258,0
DA:259,0
DA:262,0
DA:269,0
DA:271,0
DA:273,0
DA:276,0
DA:279,0
DA:287,0
DA:289,0
DA:291,0
DA:293,0
DA:296,0
DA:308,0
DA:309,0
DA:311,0
DA:313,0
DA:314,0
DA:315,0
DA:317,0
DA:318,0
DA:319,0
DA:322,0
DA:324,0
DA:325,0
DA:329,0
DA:330,0
DA:331,0
DA:335,0
DA:336,0
DA:340,0
DA:341,0
DA:348,0
DA:350,0
DA:351,0
DA:354,0
DA:361,0
DA:363,0
DA:366,0
DA:367,0
DA:368,0
DA:372,0
DA:374,0
DA:375,0
DA:377,0
DA:387,0
DA:389,0
DA:390,0
DA:392,0
DA:394,0
DA:396,0
DA:397,0
DA:401,0
DA:402,0
DA:403,0
DA:407,0
DA:409,0
DA:410,0
DA:415,0
DA:422,0
DA:425,0
DA:434,0
DA:439,0
DA:453,0
DA:454,0
DA:456,0
DA:471,0
DA:473,0
DA:474,0
DA:477,0
DA:478,0
DA:481,0
DA:482,0
DA:485,0
DA:486,0
DA:489,0
DA:496,0
DA:503,0
DA:510,0
DA:515,0
LF:134
LH:0
BRDA:79,0,0,0
BRDA:80,1,0,0
BRDA:101,2,0,0
BRDA:141,3,0,0
BRDA:146,4,0,0
BRDA:146,5,0,0
BRDA:146,5,1,0
BRDA:175,6,0,0
BRDA:175,7,0,0
BRDA:175,7,1,0
BRDA:181,8,0,0
BRDA:181,8,1,0
BRDA:203,9,0,0
BRDA:203,9,1,0
BRDA:203,9,2,0
BRDA:236,10,0,0
BRDA:252,11,0,0
BRDA:269,12,0,0
BRDA:269,12,1,0
BRDA:269,12,2,0
BRDA:269,12,3,0
BRDA:269,12,4,0
BRDA:287,13,0,0
BRDA:287,13,1,0
BRDA:287,13,2,0
BRDA:287,13,3,0
BRDA:287,13,4,0
BRDA:313,14,0,0
BRDA:313,14,1,0
BRDA:324,15,0,0
BRDA:329,16,0,0
BRDA:335,17,0,0
BRDA:366,18,0,0
BRDA:366,19,0,0
BRDA:366,19,1,0
BRDA:387,20,0,0
BRDA:394,21,0,0
BRDA:394,22,0,0
BRDA:394,22,1,0
BRDA:401,23,0,0
BRDA:409,24,0,0
BRDA:423,25,0,0
BRDA:423,25,1,0
BRDA:423,25,2,0
BRDA:423,25,3,0
BRDA:435,26,0,0
BRDA:435,26,1,0
BRDA:435,26,2,0
BRDA:435,26,3,0
BRDA:435,26,4,0
BRDA:439,27,0,0
BRDA:439,27,1,0
BRDA:473,28,0,0
BRDA:477,29,0,0
BRDA:481,30,0,0
BRDA:485,31,0,0
BRF:56
BRH:0
end_of_record
TN:
SF:src/decoders/StreamingDecoder.ts
FN:104,(anonymous_0)
FN:117,(anonymous_1)
FN:133,(anonymous_2)
FN:162,(anonymous_3)
FN:233,(anonymous_4)
FN:241,(anonymous_5)
FN:248,(anonymous_6)
FN:250,(anonymous_7)
FN:260,(anonymous_8)
FN:280,(anonymous_9)
FN:337,(anonymous_10)
FN:345,(anonymous_11)
FN:352,(anonymous_12)
FN:353,(anonymous_13)
FN:370,(anonymous_14)
FN:397,(anonymous_15)
FN:404,(anonymous_16)
FN:413,(anonymous_17)
FN:423,(anonymous_18)
FN:434,(anonymous_19)
FN:444,(anonymous_20)
FN:445,(anonymous_21)
FNF:22
FNH:0
FNDA:0,(anonymous_0)
FNDA:0,(anonymous_1)
FNDA:0,(anonymous_2)
FNDA:0,(anonymous_3)
FNDA:0,(anonymous_4)
FNDA:0,(anonymous_5)
FNDA:0,(anonymous_6)
FNDA:0,(anonymous_7)
FNDA:0,(anonymous_8)
FNDA:0,(anonymous_9)
FNDA:0,(anonymous_10)
FNDA:0,(anonymous_11)
FNDA:0,(anonymous_12)
FNDA:0,(anonymous_13)
FNDA:0,(anonymous_14)
FNDA:0,(anonymous_15)
FNDA:0,(anonymous_16)
FNDA:0,(anonymous_17)
FNDA:0,(anonymous_18)
FNDA:0,(anonymous_19)
FNDA:0,(anonymous_20)
FNDA:0,(anonymous_21)
DA:90,0
DA:92,0
DA:93,0
DA:94,0
DA:95,0
DA:96,0
DA:105,0
DA:123,0
DA:124,0
DA:127,0
DA:128,0
DA:129,0
DA:130,0
DA:133,0
DA:135,0
DA:136,0
DA:145,0
DA:147,0
DA:150,0
DA:152,0
DA:155,0
DA:160,0
DA:163,0
DA:164,0
DA:168,0
DA:176,0
DA:177,0
DA:180,0
DA:181,0
DA:182,0
DA:185,0
DA:186,0
DA:187,0
DA:191,0
DA:192,0
DA:198,0
DA:203,0
DA:204,0
DA:205,0
DA:206,0
DA:208,0
DA:210,0
DA:217,0
DA:218,0
DA:225,0
DA:226,0
DA:234,0
DA:235,0
DA:242,0
DA:249,0
DA:250,0
DA:253,0
DA:255,0
DA:256,0
DA:257,0
DA:260,0
DA:265,0
DA:274,0
DA:281,0
DA:282,0
DA:285,0
DA:286,0
DA:287,0
DA:288,0
DA:290,0
DA:335,0
DA:338,0
DA:339,0
DA:349,0
DA:350,0
DA:352,0
DA:353,0
DA:354,0
DA:355,0
DA:356,0
DA:358,0
DA:361,0
DA:362,0
DA:365,0
DA:366,0
DA:368,0
DA:370,0
DA:372,0
DA:373,0
DA:376,0
DA:377,0
DA:379,0
DA:382,0
DA:387,0
DA:388,0
DA:397,0
DA:398,0
DA:399,0
DA:405,0
DA:406,0
DA:407,0
DA:414,0
DA:415,0
DA:417,0
DA:432,0
DA:434,0
DA:442,0
DA:443,0
DA:444,0
DA:445,0
DA:447,0
DA:448,0
DA:456,0
LF:108
LH:0
BRDA:104,0,0,0
BRDA:123,1,0,0
BRDA:133,2,0,0
BRDA:133,2,1,0
BRDA:163,3,0,0
BRDA:176,4,0,0
BRDA:176,5,0,0
BRDA:176,5,1,0
BRDA:185,6,0,0
BRDA:185,7,0,0
BRDA:185,7,1,0
BRDA:191,8,0,0
BRDA:220,9,0,0
BRDA:220,9,1,0
BRDA:250,10,0,0
BRDA:250,10,1,0
BRDA:262,11,0,0
BRDA:262,11,1,0
BRDA:270,12,0,0
BRDA:270,12,1,0
BRDA:285,13,0,0
BRDA:285,13,1,0
BRDA:286,14,0,0
BRDA:286,14,1,0
BRDA:288,15,0,0
BRDA:288,15,1,0
BRDA:294,16,0,0
BRDA:294,16,1,0
BRDA:298,17,0,0
BRDA:298,17,1,0
BRDA:354,18,0,0
BRDA:355,19,0,0
BRDA:361,20,0,0
BRDA:437,21,0,0
BRDA:437,21,1,0
BRDA:442,22,0,0
BRDA:447,23,0,0
BRF:37
BRH:0
end_of_record
TN:
SF:src/decoders/index.ts
FN:10,(anonymous_0)
FN:11,(anonymous_1)
FN:11,(anonymous_2)
FN:15,(anonymous_3)
FN:16,(anonymous_4)
FN:17,(anonymous_5)
FN:20,(anonymous_6)
FN:20,(anonymous_7)
FN:27,initializeDecoders
FN:39,getDecoderSystemStats
FN:51,createDecoderTester
FNF:11
FNH:0
FNDA:0,(anonymous_0)
FNDA:0,(anonymous_1)
FNDA:0,(anonymous_2)
FNDA:0,(anonymous_3)
FNDA:0,(anonymous_4)
FNDA:0,(anonymous_5)
FNDA:0,(anonymous_6)
FNDA:0,(anonymous_7)
FNDA:0,initializeDecoders
FNDA:0,getDecoderSystemStats
FNDA:0,createDecoderTester
DA:7,0
DA:10,0
DA:11,0
DA:15,0
DA:16,0
DA:17,0
DA:20,0
DA:27,0
DA:29,0
DA:30,0
DA:31,0
DA:33,0
DA:39,0
DA:40,0
DA:51,0
DA:52,0
DA:56,0
LF:17
LH:0
BRF:0
BRH:0
end_of_record
TN:
SF:src/decoders/self-test-stage6.ts
FN:15,createTestChannelData
FN:28,createI2CTestData
FN:44,createSPITestData
FN:68,createUARTTestData
FN:83,testDecoderRegistration
FN:96,(anonymous_5)
FN:111,(anonymous_6)
FN:125,testI2CDecoder
FN:159,testSPIDecoder
FN:197,testUARTDecoder
FN:239,testDecoderManager
FN:289,runStage6SelfTest
FNF:12
FNH:0
FNDA:0,createTestChannelData
FNDA:0,createI2CTestData
FNDA:0,createSPITestData
FNDA:0,createUARTTestData
FNDA:0,testDecoderRegistration
FNDA:0,(anonymous_5)
FNDA:0,(anonymous_6)
FNDA:0,testI2CDecoder
FNDA:0,testSPIDecoder
FNDA:0,testUARTDecoder
FNDA:0,testDecoderManager
FNDA:0,runStage6SelfTest
DA:6,0
DA:7,0
DA:8,0
DA:9,0
DA:16,0
DA:30,0
DA:33,0
DA:35,0
DA:46,0
DA:49,0
DA:52,0
DA:55,0
DA:57,0
DA:71,0
DA:72,0
DA:74,0
DA:84,0
DA:86,0
DA:88,0
DA:91,0
DA:92,0
DA:95,0
DA:96,0
DA:98,0
DA:99,0
DA:100,0
DA:101,0
DA:102,0
DA:104,0
DA:109,0
DA:110,0
DA:111,0
DA:112,0
DA:115,0
DA:117,0
DA:118,0
DA:126,0
DA:128,0
DA:129,0
DA:130,0
DA:131,0
DA:135,0
DA:136,0
DA:137,0
DA:140,0
DA:141,0
DA:144,0
DA:145,0
DA:146,0
DA:149,0
DA:151,0
DA:152,0
DA:160,0
DA:162,0
DA:163,0
DA:164,0
DA:165,0
DA:173,0
DA:174,0
DA:175,0
DA:178,0
DA:179,0
DA:182,0
DA:183,0
DA:184,0
DA:187,0
DA:189,0
DA:190,0
DA:198,0
DA:200,0
DA:201,0
DA:202,0
DA:203,0
DA:215,0
DA:216,0
DA:217,0
DA:220,0
DA:221,0
DA:224,0
DA:225,0
DA:226,0
DA:229,0
DA:231,0
DA:232,0
DA:240,0
DA:242,0
DA:244,0
DA:245,0
DA:247,0
DA:248,0
DA:251,0
DA:252,0
DA:253,0
DA:258,0
DA:266,0
DA:267,0
DA:268,0
DA:269,0
DA:273,0
DA:274,0
DA:275,0
DA:276,0
DA:277,0
DA:279,0
DA:281,0
DA:282,0
DA:289,0
DA:290,0
DA:291,0
DA:293,0
DA:301,0
DA:302,0
DA:304,0
DA:305,0
DA:306,0
DA:307,0
DA:308,0
DA:309,0
DA:311,0
DA:314,0
DA:318,0
DA:319,0
DA:321,0
DA:322,0
DA:323,0
DA:324,0
DA:325,0
DA:326,0
DA:327,0
DA:328,0
DA:329,0
DA:330,0
DA:332,0
LF:133
LH:0
BRDA:100,0,0,0
BRDA:100,0,1,0
BRDA:266,1,0,0
BRDA:266,1,1,0
BRDA:268,2,0,0
BRDA:268,3,0,0
BRDA:268,3,1,0
BRDA:307,4,0,0
BRDA:307,4,1,0
BRDA:321,5,0,0
BRDA:321,5,1,0
BRF:11
BRH:0
end_of_record
TN:
SF:src/decoders/test-decoder-integration.ts
FN:16,initializeDecoders
FN:33,testGetAvailableDecoders
FN:39,(anonymous_2)
FN:50,testDecoderExecution
FN:99,testChannelMapping
FN:110,(anonymous_5)
FN:139,runDecoderIntegrationTests
FN:183,(anonymous_7)
FNF:8
FNH:0
FNDA:0,initializeDecoders
FNDA:0,testGetAvailableDecoders
FNDA:0,(anonymous_2)
FNDA:0,testDecoderExecution
FNDA:0,testChannelMapping
FNDA:0,(anonymous_5)
FNDA:0,runDecoderIntegrationTests
FNDA:0,(anonymous_7)
DA:6,0
DA:7,0
DA:8,0
DA:9,0
DA:16,0
DA:17,0
DA:20,0
DA:21,0
DA:22,0
DA:24,0
DA:25,0
DA:27,0
DA:33,0
DA:34,0
DA:36,0
DA:37,0
DA:39,0
DA:40,0
DA:41,0
DA:44,0
DA:50,0
DA:51,0
DA:54,0
DA:65,0
DA:67,0
DA:69,0
DA:70,0
DA:81,0
DA:82,0
DA:83,0
DA:84,0
DA:86,0
DA:89,0
DA:91,0
DA:92,0
DA:99,0
DA:100,0
DA:103,0
DA:104,0
DA:105,0
DA:108,0
DA:109,0
DA:110,0
DA:111,0
DA:115,0
DA:120,0
DA:125,0
DA:130,0
DA:131,0
DA:133,0
DA:139,0
DA:140,0
DA:142,0
DA:144,0
DA:145,0
DA:148,0
DA:149,0
DA:152,0
DA:153,0
DA:156,0
DA:157,0
DA:159,0
DA:160,0
DA:161,0
DA:162,0
DA:163,0
DA:165,0
DA:173,0
DA:174,0
DA:182,0
DA:183,0
DA:184,0
LF:72
LH:0
BRDA:81,0,0,0
BRDA:81,0,1,0
BRDA:82,1,0,0
BRDA:82,1,1,0
BRDA:104,2,0,0
BRDA:111,3,0,0
BRDA:111,3,1,0
BRDA:163,4,0,0
BRDA:163,4,1,0
BRDA:176,5,0,0
BRDA:176,5,1,0
BRDA:182,6,0,0
BRDA:184,7,0,0
BRDA:184,7,1,0
BRF:14
BRH:0
end_of_record
TN:
SF:src/decoders/types.ts
FN:108,(anonymous_0)
FNF:1
FNH:0
FNDA:0,(anonymous_0)
DA:108,0
DA:109,0
DA:110,0
DA:111,0
DA:112,0
DA:113,0
LF:6
LH:0
BRDA:108,0,0,0
BRDA:108,0,1,0
BRF:2
BRH:0
end_of_record
TN:
SF:src/decoders/week3-self-test.ts
FN:17,runWeek3SelfTest
FN:33,(anonymous_1)
FN:140,printWeek3Implementation
FNF:3
FNH:0
FNDA:0,runWeek3SelfTest
FNDA:0,(anonymous_1)
FNDA:0,printWeek3Implementation
DA:6,0
DA:17,0
DA:18,0
DA:20,0
DA:22,0
DA:23,0
DA:24,0
DA:27,0
DA:28,0
DA:29,0
DA:31,0
DA:32,0
DA:33,0
DA:34,0
DA:36,0
DA:39,0
DA:40,0
DA:41,0
DA:42,0
DA:43,0
DA:44,0
DA:45,0
DA:46,0
DA:47,0
DA:48,0
DA:50,0
DA:54,0
DA:55,0
DA:66,0
DA:67,0
DA:70,0
DA:71,0
DA:72,0
DA:75,0
DA:76,0
DA:77,0
DA:79,0
DA:80,0
DA:81,0
DA:84,0
DA:85,0
DA:98,0
DA:109,0
DA:110,0
DA:111,0
DA:112,0
DA:113,0
DA:114,0
DA:116,0
DA:119,0
DA:120,0
DA:121,0
DA:122,0
DA:123,0
DA:124,0
DA:125,0
DA:126,0
DA:127,0
DA:129,0
DA:130,0
DA:133,0
DA:140,0
DA:141,0
DA:142,0
DA:144,0
DA:145,0
DA:146,0
DA:147,0
DA:148,0
DA:149,0
DA:150,0
DA:151,0
DA:152,0
DA:153,0
DA:154,0
DA:155,0
DA:156,0
DA:157,0
DA:159,0
DA:160,0
DA:161,0
DA:162,0
DA:163,0
DA:164,0
DA:165,0
DA:166,0
DA:167,0
DA:168,0
DA:169,0
DA:171,0
DA:172,0
DA:173,0
DA:174,0
DA:175,0
DA:176,0
DA:177,0
DA:178,0
DA:182,0
DA:183,0
DA:184,0
LF:100
LH:0
BRDA:41,0,0,0
BRDA:41,0,1,0
BRDA:66,1,0,0
BRDA:66,1,1,0
BRDA:113,2,0,0
BRDA:182,3,0,0
BRF:6
BRH:0
end_of_record
TN:
SF:src/decoders/protocols/I2CDecoder.ts
FN:21,(anonymous_0)
FN:43,(anonymous_1)
FN:110,(anonymous_2)
FN:120,(anonymous_3)
FN:121,(anonymous_4)
FN:212,(anonymous_5)
FN:225,(anonymous_6)
FN:233,(anonymous_7)
FN:241,(anonymous_8)
FN:249,(anonymous_9)
FN:279,(anonymous_10)
FN:322,(anonymous_11)
FN:387,(anonymous_12)
FN:410,(anonymous_13)
FN:432,(anonymous_14)
FN:458,(anonymous_15)
FNF:16
FNH:0
FNDA:0,(anonymous_0)
FNDA:0,(anonymous_1)
FNDA:0,(anonymous_2)
FNDA:0,(anonymous_3)
FNDA:0,(anonymous_4)
FNDA:0,(anonymous_5)
FNDA:0,(anonymous_6)
FNDA:0,(anonymous_7)
FNDA:0,(anonymous_8)
FNDA:0,(anonymous_9)
FNDA:0,(anonymous_10)
FNDA:0,(anonymous_11)
FNDA:0,(anonymous_12)
FNDA:0,(anonymous_13)
FNDA:0,(anonymous_14)
FNDA:0,(anonymous_15)
DA:7,0
DA:8,0
DA:21,0
DA:22,0
DA:23,0
DA:24,0
DA:25,0
DA:26,0
DA:43,0
DA:45,0
DA:46,0
DA:47,0
DA:48,0
DA:49,0
DA:50,0
DA:51,0
DA:52,0
DA:55,0
DA:61,0
DA:72,0
DA:87,0
DA:94,0
DA:95,0
DA:96,0
DA:97,0
DA:98,0
DA:99,0
DA:100,0
DA:101,0
DA:102,0
DA:103,0
DA:104,0
DA:116,0
DA:117,0
DA:120,0
DA:121,0
DA:123,0
DA:124,0
DA:126,0
DA:127,0
DA:131,0
DA:132,0
DA:138,0
DA:141,0
DA:142,0
DA:145,0
DA:146,0
DA:148,0
DA:150,0
DA:151,0
DA:152,0
DA:153,0
DA:154,0
DA:156,0
DA:157,0
DA:158,0
DA:159,0
DA:160,0
DA:161,0
DA:163,0
DA:169,0
DA:170,0
DA:173,0
DA:175,0
DA:176,0
DA:177,0
DA:178,0
DA:179,0
DA:181,0
DA:182,0
DA:183,0
DA:184,0
DA:186,0
DA:187,0
DA:188,0
DA:192,0
DA:193,0
DA:194,0
DA:195,0
DA:196,0
DA:199,0
DA:200,0
DA:202,0
DA:206,0
DA:213,0
DA:214,0
DA:216,0
DA:226,0
DA:234,0
DA:242,0
DA:250,0
DA:251,0
DA:253,0
DA:254,0
DA:255,0
DA:259,0
DA:266,0
DA:267,0
DA:268,0
DA:269,0
DA:270,0
DA:271,0
DA:272,0
DA:280,0
DA:283,0
DA:284,0
DA:286,0
DA:288,0
DA:289,0
DA:293,0
DA:294,0
DA:296,0
DA:301,0
DA:302,0
DA:303,0
DA:307,0
DA:308,0
DA:311,0
DA:312,0
DA:313,0
DA:315,0
DA:323,0
DA:324,0
DA:326,0
DA:327,0
DA:328,0
DA:331,0
DA:332,0
DA:333,0
DA:337,0
DA:338,0
DA:339,0
DA:340,0
DA:341,0
DA:342,0
DA:346,0
DA:347,0
DA:351,0
DA:353,0
DA:354,0
DA:356,0
DA:358,0
DA:361,0
DA:365,0
DA:369,0
DA:388,0
DA:389,0
DA:391,0
DA:411,0
DA:412,0
DA:414,0
DA:421,0
DA:422,0
DA:425,0
DA:434,0
DA:435,0
DA:436,0
DA:437,0
DA:440,0
DA:447,0
DA:448,0
DA:449,0
DA:450,0
DA:451,0
DA:459,0
DA:460,0
DA:461,0
DA:462,0
DA:463,0
DA:464,0
DA:465,0
DA:466,0
DA:467,0
DA:468,0
DA:469,0
LF:175
LH:0
BRDA:21,0,0,0
BRDA:21,0,1,0
BRDA:116,1,0,0
BRDA:120,2,0,0
BRDA:120,2,1,0
BRDA:121,3,0,0
BRDA:121,3,1,0
BRDA:123,4,0,0
BRDA:126,5,0,0
BRDA:148,6,0,0
BRDA:148,6,1,0
BRDA:154,7,0,0
BRDA:154,7,1,0
BRDA:154,8,0,0
BRDA:154,8,1,0
BRDA:161,9,0,0
BRDA:161,9,1,0
BRDA:173,10,0,0
BRDA:173,10,1,0
BRDA:179,11,0,0
BRDA:179,11,1,0
BRDA:184,12,0,0
BRDA:199,13,0,0
BRDA:214,14,0,0
BRDA:234,15,0,0
BRDA:234,15,1,0
BRDA:250,16,0,0
BRDA:250,16,1,0
BRDA:251,17,0,0
BRDA:251,17,1,0
BRDA:253,18,0,0
BRDA:262,19,0,0
BRDA:262,19,1,0
BRDA:283,20,0,0
BRDA:288,21,0,0
BRDA:293,22,0,0
BRDA:312,23,0,0
BRDA:312,23,1,0
BRDA:323,24,0,0
BRDA:324,25,0,0
BRDA:324,25,1,0
BRDA:338,26,0,0
BRDA:338,26,1,0
BRDA:341,27,0,0
BRDA:346,28,0,0
BRDA:346,28,1,0
BRDA:347,29,0,0
BRDA:347,29,1,0
BRDA:351,30,0,0
BRDA:351,30,1,0
BRDA:354,31,0,0
BRDA:354,31,1,0
BRDA:356,32,0,0
BRDA:356,32,1,0
BRDA:373,33,0,0
BRDA:373,33,1,0
BRDA:377,34,0,0
BRDA:377,34,1,0
BRDA:388,35,0,0
BRDA:388,35,1,0
BRDA:389,36,0,0
BRDA:389,36,1,0
BRDA:395,37,0,0
BRDA:395,37,1,0
BRDA:399,38,0,0
BRDA:399,38,1,0
BRDA:411,39,0,0
BRDA:411,39,1,0
BRDA:412,40,0,0
BRDA:412,40,1,0
BRDA:417,41,0,0
BRDA:417,41,1,0
BRDA:421,42,0,0
BRDA:421,43,0,0
BRDA:421,43,1,0
BRDA:434,44,0,0
BRDA:434,45,0,0
BRDA:434,45,1,0
BRF:78
BRH:0
end_of_record
TN:
SF:src/decoders/protocols/SPIDecoder.ts
FN:52,(anonymous_0)
FN:163,(anonymous_1)
FN:264,(anonymous_2)
FN:291,(anonymous_3)
FN:300,(anonymous_4)
FN:387,(anonymous_5)
FN:460,(anonymous_6)
FN:472,(anonymous_7)
FN:487,(anonymous_8)
FN:498,(anonymous_9)
FN:560,(anonymous_10)
FN:572,(anonymous_11)
FN:581,(anonymous_12)
FNF:13
FNH:0
FNDA:0,(anonymous_0)
FNDA:0,(anonymous_1)
FNDA:0,(anonymous_2)
FNDA:0,(anonymous_3)
FNDA:0,(anonymous_4)
FNDA:0,(anonymous_5)
FNDA:0,(anonymous_6)
FNDA:0,(anonymous_7)
FNDA:0,(anonymous_8)
FNDA:0,(anonymous_9)
FNDA:0,(anonymous_10)
FNDA:0,(anonymous_11)
FNDA:0,(anonymous_12)
DA:7,0
DA:8,0
DA:21,0
DA:52,0
DA:54,0
DA:55,0
DA:56,0
DA:57,0
DA:58,0
DA:59,0
DA:60,0
DA:61,0
DA:64,0
DA:72,0
DA:110,0
DA:121,0
DA:132,0
DA:133,0
DA:134,0
DA:136,0
DA:137,0
DA:138,0
DA:139,0
DA:141,0
DA:142,0
DA:143,0
DA:144,0
DA:147,0
DA:148,0
DA:149,0
DA:152,0
DA:153,0
DA:154,0
DA:155,0
DA:156,0
DA:157,0
DA:169,0
DA:172,0
DA:173,0
DA:177,0
DA:178,0
DA:179,0
DA:182,0
DA:183,0
DA:187,0
DA:191,0
DA:192,0
DA:194,0
DA:195,0
DA:197,0
DA:198,0
DA:201,0
DA:204,0
DA:207,0
DA:208,0
DA:211,0
DA:212,0
DA:217,0
DA:221,0
DA:222,0
DA:223,0
DA:224,0
DA:228,0
DA:229,0
DA:230,0
DA:231,0
DA:232,0
DA:233,0
DA:235,0
DA:239,0
DA:240,0
DA:241,0
DA:242,0
DA:244,0
DA:245,0
DA:246,0
DA:247,0
DA:249,0
DA:251,0
DA:252,0
DA:254,0
DA:258,0
DA:265,0
DA:266,0
DA:268,0
DA:269,0
DA:271,0
DA:272,0
DA:274,0
DA:275,0
DA:277,0
DA:278,0
DA:280,0
DA:281,0
DA:282,0
DA:292,0
DA:293,0
DA:302,0
DA:303,0
DA:304,0
DA:308,0
DA:309,0
DA:310,0
DA:312,0
DA:317,0
DA:318,0
DA:319,0
DA:321,0
DA:326,0
DA:327,0
DA:328,0
DA:329,0
DA:330,0
DA:331,0
DA:336,0
DA:337,0
DA:339,0
DA:340,0
DA:344,0
DA:345,0
DA:346,0
DA:348,0
DA:349,0
DA:353,0
DA:356,0
DA:357,0
DA:361,0
DA:364,0
DA:365,0
DA:366,0
DA:371,0
DA:372,0
DA:380,0
DA:389,0
DA:390,0
DA:391,0
DA:392,0
DA:397,0
DA:398,0
DA:399,0
DA:400,0
DA:401,0
DA:402,0
DA:404,0
DA:408,0
DA:409,0
DA:411,0
DA:412,0
DA:416,0
DA:417,0
DA:418,0
DA:426,0
DA:427,0
DA:428,0
DA:437,0
DA:438,0
DA:446,0
DA:447,0
DA:461,0
DA:462,0
DA:463,0
DA:464,0
DA:465,0
DA:474,0
DA:476,0
DA:477,0
DA:479,0
DA:481,0
DA:482,0
DA:483,0
DA:484,0
DA:486,0
DA:487,0
DA:488,0
DA:490,0
DA:497,0
DA:498,0
DA:499,0
DA:501,0
DA:513,0
DA:517,0
DA:518,0
DA:522,0
DA:523,0
DA:527,0
DA:532,0
DA:533,0
DA:535,0
DA:536,0
DA:538,0
DA:539,0
DA:541,0
DA:542,0
DA:544,0
DA:545,0
DA:548,0
DA:549,0
DA:553,0
DA:564,0
DA:565,0
DA:582,0
DA:583,0
DA:584,0
DA:585,0
DA:586,0
DA:587,0
DA:588,0
DA:589,0
DA:590,0
DA:591,0
DA:592,0
DA:593,0
LF:212
LH:0
BRDA:172,0,0,0
BRDA:172,1,0,0
BRDA:172,1,1,0
BRDA:172,1,2,0
BRDA:177,2,0,0
BRDA:177,2,1,0
BRDA:177,2,2,0
BRDA:178,3,0,0
BRDA:178,3,1,0
BRDA:178,3,2,0
BRDA:179,4,0,0
BRDA:179,4,1,0
BRDA:179,4,2,0
BRDA:182,5,0,0
BRDA:182,6,0,0
BRDA:182,6,1,0
BRDA:191,7,0,0
BRDA:194,8,0,0
BRDA:197,9,0,0
BRDA:211,10,0,0
BRDA:222,11,0,0
BRDA:228,12,0,0
BRDA:230,13,0,0
BRDA:230,13,1,0
BRDA:231,14,0,0
BRDA:231,14,1,0
BRDA:232,15,0,0
BRDA:232,15,1,0
BRDA:233,16,0,0
BRDA:233,16,1,0
BRDA:244,17,0,0
BRDA:244,17,1,0
BRDA:245,18,0,0
BRDA:245,18,1,0
BRDA:246,19,0,0
BRDA:246,19,1,0
BRDA:247,20,0,0
BRDA:247,20,1,0
BRDA:251,21,0,0
BRDA:266,22,0,0
BRDA:266,22,1,0
BRDA:266,22,2,0
BRDA:266,22,3,0
BRDA:266,22,4,0
BRDA:293,23,0,0
BRDA:293,23,1,0
BRDA:302,24,0,0
BRDA:304,25,0,0
BRDA:304,25,1,0
BRDA:308,26,0,0
BRDA:309,27,0,0
BRDA:309,27,1,0
BRDA:317,28,0,0
BRDA:318,29,0,0
BRDA:318,29,1,0
BRDA:327,30,0,0
BRDA:328,31,0,0
BRDA:328,31,1,0
BRDA:328,32,0,0
BRDA:328,32,1,0
BRDA:330,33,0,0
BRDA:330,34,0,0
BRDA:330,34,1,0
BRDA:336,35,0,0
BRDA:339,36,0,0
BRDA:344,37,0,0
BRDA:345,38,0,0
BRDA:345,39,0,0
BRDA:345,39,1,0
BRDA:348,40,0,0
BRDA:348,41,0,0
BRDA:348,41,1,0
BRDA:356,42,0,0
BRDA:364,43,0,0
BRDA:371,44,0,0
BRDA:371,45,0,0
BRDA:371,45,1,0
BRDA:389,46,0,0
BRDA:389,46,1,0
BRDA:390,47,0,0
BRDA:390,47,1,0
BRDA:391,48,0,0
BRDA:391,48,1,0
BRDA:392,49,0,0
BRDA:392,49,1,0
BRDA:397,50,0,0
BRDA:397,50,1,0
BRDA:397,51,0,0
BRDA:397,51,1,0
BRDA:400,52,0,0
BRDA:400,52,1,0
BRDA:400,53,0,0
BRDA:400,53,1,0
BRDA:408,54,0,0
BRDA:411,55,0,0
BRDA:416,56,0,0
BRDA:416,57,0,0
BRDA:416,57,1,0
BRDA:426,58,0,0
BRDA:426,59,0,0
BRDA:426,59,1,0
BRDA:437,60,0,0
BRDA:446,61,0,0
BRDA:461,62,0,0
BRDA:461,62,1,0
BRDA:462,63,0,0
BRDA:462,63,1,0
BRDA:474,64,0,0
BRDA:474,65,0,0
BRDA:474,65,1,0
BRDA:474,65,2,0
BRDA:474,65,3,0
BRDA:474,65,4,0
BRDA:476,66,0,0
BRDA:476,66,1,0
BRDA:479,67,0,0
BRDA:479,67,1,0
BRDA:484,68,0,0
BRDA:486,69,0,0
BRDA:486,70,0,0
BRDA:486,70,1,0
BRDA:497,71,0,0
BRDA:497,72,0,0
BRDA:497,72,1,0
BRDA:517,73,0,0
BRDA:517,74,0,0
BRDA:517,74,1,0
BRDA:522,75,0,0
BRDA:522,76,0,0
BRDA:522,76,1,0
BRDA:522,77,0,0
BRDA:522,77,1,0
BRDA:533,78,0,0
BRDA:533,78,1,0
BRDA:533,78,2,0
BRDA:533,78,3,0
BRDA:548,79,0,0
BRDA:565,80,0,0
BRDA:565,80,1,0
BRF:139
BRH:0
end_of_record
TN:
SF:src/decoders/protocols/StreamingI2CDecoder.ts
FN:21,(anonymous_0)
FN:62,(anonymous_1)
FN:78,(anonymous_2)
FN:127,(anonymous_3)
FN:151,(anonymous_4)
FN:216,(anonymous_5)
FN:228,(anonymous_6)
FN:245,(anonymous_7)
FN:246,(anonymous_8)
FN:253,(anonymous_9)
FN:279,(anonymous_10)
FN:303,(anonymous_11)
FN:323,(anonymous_12)
FN:339,(anonymous_13)
FN:371,(anonymous_14)
FN:409,(anonymous_15)
FN:428,(anonymous_16)
FN:456,(anonymous_17)
FN:457,(anonymous_18)
FN:463,createStreamingI2CDecoder
FNF:20
FNH:0
FNDA:0,(anonymous_0)
FNDA:0,(anonymous_1)
FNDA:0,(anonymous_2)
FNDA:0,(anonymous_3)
FNDA:0,(anonymous_4)
FNDA:0,(anonymous_5)
FNDA:0,(anonymous_6)
FNDA:0,(anonymous_7)
FNDA:0,(anonymous_8)
FNDA:0,(anonymous_9)
FNDA:0,(anonymous_10)
FNDA:0,(anonymous_11)
FNDA:0,(anonymous_12)
FNDA:0,(anonymous_13)
FNDA:0,(anonymous_14)
FNDA:0,(anonymous_15)
FNDA:0,(anonymous_16)
FNDA:0,(anonymous_17)
FNDA:0,(anonymous_18)
FNDA:0,createStreamingI2CDecoder
DA:7,0
DA:21,0
DA:22,0
DA:23,0
DA:24,0
DA:25,0
DA:26,0
DA:27,0
DA:57,0
DA:58,0
DA:60,0
DA:63,0
DA:72,0
DA:79,0
DA:133,0
DA:134,0
DA:135,0
DA:136,0
DA:137,0
DA:142,0
DA:143,0
DA:145,0
DA:157,0
DA:160,0
DA:161,0
DA:163,0
DA:164,0
DA:165,0
DA:168,0
DA:169,0
DA:172,0
DA:173,0
DA:174,0
DA:175,0
DA:178,0
DA:180,0
DA:181,0
DA:188,0
DA:189,0
DA:190,0
DA:191,0
DA:196,0
DA:197,0
DA:201,0
DA:204,0
DA:205,0
DA:206,0
DA:210,0
DA:217,0
DA:220,0
DA:221,0
DA:229,0
DA:246,0
DA:247,0
DA:259,0
DA:260,0
DA:264,0
DA:265,0
DA:269,0
DA:270,0
DA:273,0
DA:285,0
DA:287,0
DA:290,0
DA:293,0
DA:296,0
DA:304,0
DA:306,0
DA:307,0
DA:308,0
DA:309,0
DA:311,0
DA:324,0
DA:325,0
DA:327,0
DA:344,0
DA:345,0
DA:348,0
DA:350,0
DA:352,0
DA:355,0
DA:358,0
DA:361,0
DA:364,0
DA:377,0
DA:378,0
DA:379,0
DA:381,0
DA:383,0
DA:384,0
DA:385,0
DA:386,0
DA:388,0
DA:389,0
DA:391,0
DA:403,0
DA:410,0
DA:411,0
DA:412,0
DA:413,0
DA:414,0
DA:416,0
DA:429,0
DA:430,0
DA:432,0
DA:434,0
DA:435,0
DA:436,0
DA:438,0
DA:450,0
DA:457,0
DA:458,0
DA:463,0
DA:464,0
LF:114
LH:0
BRDA:21,0,0,0
BRDA:21,0,1,0
BRDA:62,1,0,0
BRDA:134,2,0,0
BRDA:134,2,1,0
BRDA:136,3,0,0
BRDA:163,4,0,0
BRDA:163,5,0,0
BRDA:163,5,1,0
BRDA:180,6,0,0
BRDA:188,7,0,0
BRDA:204,8,0,0
BRDA:220,9,0,0
BRDA:247,10,0,0
BRDA:247,10,1,0
BRDA:259,11,0,0
BRDA:259,12,0,0
BRDA:259,12,1,0
BRDA:259,12,2,0
BRDA:259,12,3,0
BRDA:264,13,0,0
BRDA:264,14,0,0
BRDA:264,14,1,0
BRDA:264,14,2,0
BRDA:264,14,3,0
BRDA:269,15,0,0
BRDA:269,16,0,0
BRDA:269,16,1,0
BRDA:285,17,0,0
BRDA:285,17,1,0
BRDA:285,17,2,0
BRDA:285,17,3,0
BRDA:314,18,0,0
BRDA:314,18,1,0
BRDA:315,19,0,0
BRDA:315,19,1,0
BRDA:344,20,0,0
BRDA:350,21,0,0
BRDA:350,21,1,0
BRDA:350,21,2,0
BRDA:350,21,3,0
BRDA:350,21,4,0
BRDA:381,22,0,0
BRDA:389,23,0,0
BRDA:389,23,1,0
BRDA:394,24,0,0
BRDA:394,24,1,0
BRDA:397,25,0,0
BRDA:397,25,1,0
BRDA:419,26,0,0
BRDA:419,26,1,0
BRDA:420,27,0,0
BRDA:420,27,1,0
BRDA:432,28,0,0
BRDA:441,29,0,0
BRDA:441,29,1,0
BRDA:458,30,0,0
BRDA:458,30,1,0
BRF:58
BRH:0
end_of_record
TN:
SF:src/decoders/protocols/UARTDecoder.ts
FN:27,(anonymous_0)
FN:53,parityOk
FN:82,(anonymous_2)
FN:241,(anonymous_3)
FN:293,(anonymous_4)
FN:333,(anonymous_5)
FN:354,(anonymous_6)
FN:397,(anonymous_7)
FN:418,(anonymous_8)
FN:436,(anonymous_9)
FN:465,(anonymous_10)
FN:496,(anonymous_11)
FN:509,(anonymous_12)
FN:517,(anonymous_13)
FN:530,(anonymous_14)
FN:543,(anonymous_15)
FN:572,(anonymous_16)
FN:585,(anonymous_17)
FN:623,(anonymous_18)
FN:650,(anonymous_19)
FN:683,(anonymous_20)
FN:718,(anonymous_21)
FN:744,(anonymous_22)
FN:774,(anonymous_23)
FN:835,(anonymous_24)
FN:844,(anonymous_25)
FN:877,(anonymous_26)
FNF:27
FNH:0
FNDA:0,(anonymous_0)
FNDA:0,parityOk
FNDA:0,(anonymous_2)
FNDA:0,(anonymous_3)
FNDA:0,(anonymous_4)
FNDA:0,(anonymous_5)
FNDA:0,(anonymous_6)
FNDA:0,(anonymous_7)
FNDA:0,(anonymous_8)
FNDA:0,(anonymous_9)
FNDA:0,(anonymous_10)
FNDA:0,(anonymous_11)
FNDA:0,(anonymous_12)
FNDA:0,(anonymous_13)
FNDA:0,(anonymous_14)
FNDA:0,(anonymous_15)
FNDA:0,(anonymous_16)
FNDA:0,(anonymous_17)
FNDA:0,(anonymous_18)
FNDA:0,(anonymous_19)
FNDA:0,(anonymous_20)
FNDA:0,(anonymous_21)
FNDA:0,(anonymous_22)
FNDA:0,(anonymous_23)
FNDA:0,(anonymous_24)
FNDA:0,(anonymous_25)
FNDA:0,(anonymous_26)
DA:7,0
DA:8,0
DA:20,0
DA:21,0
DA:27,0
DA:28,0
DA:29,0
DA:30,0
DA:31,0
DA:32,0
DA:54,0
DA:55,0
DA:59,0
DA:60,0
DA:61,0
DA:62,0
DA:66,0
DA:69,0
DA:70,0
DA:71,0
DA:72,0
DA:75,0
DA:82,0
DA:84,0
DA:85,0
DA:86,0
DA:87,0
DA:88,0
DA:89,0
DA:90,0
DA:91,0
DA:94,0
DA:100,0
DA:165,0
DA:187,0
DA:201,0
DA:202,0
DA:203,0
DA:204,0
DA:205,0
DA:206,0
DA:207,0
DA:208,0
DA:209,0
DA:210,0
DA:211,0
DA:212,0
DA:213,0
DA:214,0
DA:215,0
DA:216,0
DA:219,0
DA:220,0
DA:221,0
DA:222,0
DA:225,0
DA:226,0
DA:229,0
DA:230,0
DA:231,0
DA:232,0
DA:233,0
DA:234,0
DA:235,0
DA:246,0
DA:247,0
DA:251,0
DA:252,0
DA:254,0
DA:255,0
DA:259,0
DA:260,0
DA:266,0
DA:269,0
DA:272,0
DA:273,0
DA:274,0
DA:275,0
DA:276,0
DA:277,0
DA:278,0
DA:281,0
DA:282,0
DA:285,0
DA:287,0
DA:294,0
DA:295,0
DA:297,0
DA:298,0
DA:300,0
DA:301,0
DA:303,0
DA:304,0
DA:306,0
DA:307,0
DA:309,0
DA:310,0
DA:312,0
DA:313,0
DA:315,0
DA:316,0
DA:318,0
DA:319,0
DA:321,0
DA:322,0
DA:326,0
DA:334,0
DA:336,0
DA:337,0
DA:339,0
DA:340,0
DA:344,0
DA:345,0
DA:347,0
DA:355,0
DA:356,0
DA:358,0
DA:359,0
DA:361,0
DA:362,0
DA:365,0
DA:366,0
DA:369,0
DA:370,0
DA:371,0
DA:372,0
DA:373,0
DA:374,0
DA:375,0
DA:379,0
DA:380,0
DA:381,0
DA:382,0
DA:383,0
DA:384,0
DA:385,0
DA:389,0
DA:398,0
DA:400,0
DA:401,0
DA:404,0
DA:405,0
DA:406,0
DA:407,0
DA:408,0
DA:411,0
DA:419,0
DA:420,0
DA:423,0
DA:424,0
DA:425,0
DA:428,0
DA:429,0
DA:437,0
DA:438,0
DA:441,0
DA:443,0
DA:444,0
DA:448,0
DA:449,0
DA:452,0
DA:453,0
DA:454,0
DA:455,0
DA:456,0
DA:458,0
DA:466,0
DA:467,0
DA:470,0
DA:472,0
DA:473,0
DA:477,0
DA:478,0
DA:481,0
DA:482,0
DA:483,0
DA:486,0
DA:487,0
DA:488,0
DA:489,0
DA:497,0
DA:502,0
DA:518,0
DA:519,0
DA:521,0
DA:522,0
DA:523,0
DA:531,0
DA:532,0
DA:533,0
DA:534,0
DA:535,0
DA:536,0
DA:544,0
DA:545,0
DA:548,0
DA:549,0
DA:551,0
DA:552,0
DA:554,0
DA:555,0
DA:557,0
DA:558,0
DA:560,0
DA:561,0
DA:563,0
DA:564,0
DA:574,0
DA:575,0
DA:576,0
DA:578,0
DA:586,0
DA:587,0
DA:590,0
DA:591,0
DA:596,0
DA:597,0
DA:598,0
DA:599,0
DA:603,0
DA:604,0
DA:605,0
DA:606,0
DA:607,0
DA:608,0
DA:610,0
DA:616,0
DA:625,0
DA:626,0
DA:629,0
DA:636,0
DA:637,0
DA:642,0
DA:644,0
DA:645,0
DA:646,0
DA:650,0
DA:651,0
DA:652,0
DA:656,0
DA:657,0
DA:658,0
DA:662,0
DA:663,0
DA:664,0
DA:673,0
DA:675,0
DA:676,0
DA:686,0
DA:687,0
DA:689,0
DA:692,0
DA:693,0
DA:694,0
DA:695,0
DA:696,0
DA:697,0
DA:698,0
DA:701,0
DA:702,0
DA:705,0
DA:710,0
DA:719,0
DA:720,0
DA:722,0
DA:723,0
DA:729,0
DA:734,0
DA:737,0
DA:745,0
DA:746,0
DA:749,0
DA:750,0
DA:755,0
DA:758,0
DA:765,0
DA:766,0
DA:775,0
DA:777,0
DA:779,0
DA:782,0
DA:784,0
DA:785,0
DA:790,0
DA:792,0
DA:793,0
DA:796,0
DA:797,0
DA:800,0
DA:801,0
DA:802,0
DA:807,0
DA:808,0
DA:809,0
DA:817,0
DA:818,0
DA:819,0
DA:820,0
DA:821,0
DA:822,0
DA:826,0
DA:827,0
DA:845,0
DA:847,0
DA:849,0
DA:850,0
DA:852,0
DA:853,0
DA:856,0
DA:859,0
DA:860,0
DA:863,0
DA:864,0
DA:867,0
DA:870,0
DA:878,0
DA:879,0
DA:880,0
DA:881,0
DA:882,0
DA:883,0
DA:884,0
DA:885,0
DA:886,0
DA:887,0
DA:888,0
DA:889,0
DA:890,0
DA:891,0
DA:892,0
DA:893,0
DA:894,0
LF:332
LH:0
BRDA:27,0,0,0
BRDA:27,0,1,0
BRDA:54,1,0,0
BRDA:59,2,0,0
BRDA:59,2,1,0
BRDA:61,3,0,0
BRDA:69,4,0,0
BRDA:69,4,1,0
BRDA:71,5,0,0
BRDA:246,6,0,0
BRDA:251,7,0,0
BRDA:251,7,1,0
BRDA:252,8,0,0
BRDA:252,8,1,0
BRDA:254,9,0,0
BRDA:254,10,0,0
BRDA:254,10,1,0
BRDA:274,11,0,0
BRDA:274,11,1,0
BRDA:295,12,0,0
BRDA:295,12,1,0
BRDA:295,12,2,0
BRDA:295,12,3,0
BRDA:295,12,4,0
BRDA:295,12,5,0
BRDA:295,12,6,0
BRDA:295,12,7,0
BRDA:295,12,8,0
BRDA:336,13,0,0
BRDA:339,14,0,0
BRDA:344,15,0,0
BRDA:344,16,0,0
BRDA:344,16,1,0
BRDA:356,17,0,0
BRDA:356,18,0,0
BRDA:356,18,1,0
BRDA:369,19,0,0
BRDA:369,20,0,0
BRDA:369,20,1,0
BRDA:369,20,2,0
BRDA:379,21,0,0
BRDA:381,22,0,0
BRDA:400,23,0,0
BRDA:401,24,0,0
BRDA:401,24,1,0
BRDA:404,25,0,0
BRDA:408,26,0,0
BRDA:408,26,1,0
BRDA:419,27,0,0
BRDA:424,28,0,0
BRDA:429,29,0,0
BRDA:429,29,1,0
BRDA:437,30,0,0
BRDA:438,31,0,0
BRDA:438,31,1,0
BRDA:441,32,0,0
BRDA:448,33,0,0
BRDA:453,34,0,0
BRDA:466,35,0,0
BRDA:467,36,0,0
BRDA:467,36,1,0
BRDA:470,37,0,0
BRDA:477,38,0,0
BRDA:482,39,0,0
BRDA:518,40,0,0
BRDA:518,41,0,0
BRDA:518,41,1,0
BRDA:522,42,0,0
BRDA:522,42,1,0
BRDA:523,43,0,0
BRDA:523,43,1,0
BRDA:531,44,0,0
BRDA:531,44,1,0
BRDA:531,45,0,0
BRDA:531,45,1,0
BRDA:544,46,0,0
BRDA:545,47,0,0
BRDA:545,47,1,0
BRDA:549,48,0,0
BRDA:549,48,1,0
BRDA:549,48,2,0
BRDA:549,48,3,0
BRDA:549,48,4,0
BRDA:590,49,0,0
BRDA:625,50,0,0
BRDA:645,51,0,0
BRDA:651,52,0,0
BRDA:663,53,0,0
BRDA:686,54,0,0
BRDA:692,55,0,0
BRDA:697,56,0,0
BRDA:701,57,0,0
BRDA:701,58,0,0
BRDA:701,58,1,0
BRDA:722,59,0,0
BRDA:722,59,1,0
BRDA:749,60,0,0
BRDA:765,61,0,0
BRDA:774,62,0,0
BRDA:777,63,0,0
BRDA:782,64,0,0
BRDA:790,65,0,0
BRDA:790,65,1,0
BRDA:790,65,2,0
BRDA:790,65,3,0
BRDA:790,65,4,0
BRDA:790,65,5,0
BRDA:801,66,0,0
BRDA:808,67,0,0
BRDA:847,68,0,0
BRDA:847,68,1,0
BRDA:847,68,2,0
BRDA:847,68,3,0
BRDA:847,68,4,0
BRDA:847,68,5,0
BRDA:849,69,0,0
BRDA:849,70,0,0
BRDA:849,70,1,0
BRDA:852,71,0,0
BRDA:852,71,1,0
BRDA:853,72,0,0
BRDA:853,72,1,0
BRF:122
BRH:0
end_of_record
TN:
SF:src/decoders/tests/DecoderTestFramework.ts
FN:57,(anonymous_0)
FN:65,(anonymous_1)
FN:74,(anonymous_2)
FN:75,(anonymous_3)
FN:86,(anonymous_4)
FN:172,(anonymous_5)
FN:194,(anonymous_6)
FN:249,(anonymous_7)
FN:307,(anonymous_8)
FN:323,(anonymous_9)
FN:343,(anonymous_10)
FN:358,(anonymous_11)
FN:364,runDecoderTests
FNF:13
FNH:0
FNDA:0,(anonymous_0)
FNDA:0,(anonymous_1)
FNDA:0,(anonymous_2)
FNDA:0,(anonymous_3)
FNDA:0,(anonymous_4)
FNDA:0,(anonymous_5)
FNDA:0,(anonymous_6)
FNDA:0,(anonymous_7)
FNDA:0,(anonymous_8)
FNDA:0,(anonymous_9)
FNDA:0,(anonymous_10)
FNDA:0,(anonymous_11)
FNDA:0,runDecoderTests
DA:7,0
DA:8,0
DA:54,0
DA:58,0
DA:59,0
DA:66,0
DA:75,0
DA:87,0
DA:88,0
DA:89,0
DA:91,0
DA:94,0
DA:95,0
DA:96,0
DA:97,0
DA:101,0
DA:102,0
DA:103,0
DA:106,0
DA:107,0
DA:109,0
DA:110,0
DA:111,0
DA:114,0
DA:115,0
DA:116,0
DA:120,0
DA:121,0
DA:122,0
DA:123,0
DA:124,0
DA:125,0
DA:128,0
DA:129,0
DA:131,0
DA:132,0
DA:133,0
DA:136,0
DA:137,0
DA:138,0
DA:142,0
DA:143,0
DA:144,0
DA:145,0
DA:146,0
DA:147,0
DA:150,0
DA:151,0
DA:152,0
DA:153,0
DA:154,0
DA:155,0
DA:158,0
DA:159,0
DA:160,0
DA:163,0
DA:173,0
DA:195,0
DA:197,0
DA:198,0
DA:205,0
DA:206,0
DA:208,0
DA:209,0
DA:220,0
DA:222,0
DA:232,0
DA:233,0
DA:235,0
DA:253,0
DA:255,0
DA:256,0
DA:263,0
DA:264,0
DA:265,0
DA:268,0
DA:272,0
DA:278,0
DA:279,0
DA:285,0
DA:286,0
DA:287,0
DA:288,0
DA:289,0
DA:296,0
DA:297,0
DA:308,0
DA:310,0
DA:312,0
DA:313,0
DA:314,0
DA:317,0
DA:324,0
DA:326,0
DA:327,0
DA:329,0
DA:330,0
DA:332,0
DA:333,0
DA:334,0
DA:335,0
DA:336,0
DA:338,0
DA:339,0
DA:340,0
DA:341,0
DA:342,0
DA:343,0
DA:346,0
DA:349,0
DA:350,0
DA:351,0
DA:352,0
DA:359,0
DA:364,0
DA:365,0
DA:367,0
DA:368,0
DA:369,0
DA:370,0
DA:372,0
LF:121
LH:0
BRDA:202,0,0,0
BRDA:202,0,1,0
BRDA:208,1,0,0
BRDA:215,2,0,0
BRDA:215,2,1,0
BRDA:241,3,0,0
BRDA:241,3,1,0
BRDA:255,4,0,0
BRDA:268,5,0,0
BRDA:269,6,0,0
BRDA:269,6,1,0
BRDA:278,7,0,0
BRDA:278,8,0,0
BRDA:278,8,1,0
BRDA:285,9,0,0
BRDA:285,10,0,0
BRDA:285,10,1,0
BRDA:288,11,0,0
BRDA:288,12,0,0
BRDA:288,12,1,0
BRDA:299,13,0,0
BRDA:299,13,1,0
BRDA:300,14,0,0
BRDA:300,14,1,0
BRDA:332,15,0,0
BRDA:332,15,1,0
BRDA:342,16,0,0
BRF:27
BRH:0
end_of_record
TN:
SF:src/driver-sdk/index.ts
FN:7,(anonymous_0)
FN:11,(anonymous_1)
FN:12,(anonymous_2)
FN:13,(anonymous_3)
FN:14,(anonymous_4)
FN:17,(anonymous_5)
FN:18,(anonymous_6)
FN:19,(anonymous_7)
FN:22,(anonymous_8)
FN:23,(anonymous_9)
FN:26,(anonymous_10)
FN:63,(anonymous_11)
FN:76,(anonymous_12)
FNF:13
FNH:0
FNDA:0,(anonymous_0)
FNDA:0,(anonymous_1)
FNDA:0,(anonymous_2)
FNDA:0,(anonymous_3)
FNDA:0,(anonymous_4)
FNDA:0,(anonymous_5)
FNDA:0,(anonymous_6)
FNDA:0,(anonymous_7)
FNDA:0,(anonymous_8)
FNDA:0,(anonymous_9)
FNDA:0,(anonymous_10)
FNDA:0,(anonymous_11)
FNDA:0,(anonymous_12)
DA:7,0
DA:8,0
DA:11,0
DA:12,0
DA:13,0
DA:14,0
DA:17,0
DA:18,0
DA:19,0
DA:22,0
DA:23,0
DA:26,0
DA:29,0
DA:30,0
DA:31,0
DA:32,0
DA:33,0
DA:38,0
DA:39,0
DA:44,0
DA:63,0
DA:64,0
DA:65,0
DA:66,0
DA:67,0
DA:68,0
DA:69,0
DA:70,0
DA:76,0
DA:77,0
DA:78,0
DA:79,0
DA:80,0
LF:33
LH:0
BRDA:63,0,0,0
BRDA:63,0,1,0
BRDA:76,1,0,0
BRDA:76,1,1,0
BRF:4
BRH:0
end_of_record
TN:
SF:src/driver-sdk/examples/ExampleNetworkDriver.ts
FN:22,(anonymous_0)
FN:43,(anonymous_1)
FN:97,(anonymous_2)
FN:107,(anonymous_3)
FN:118,(anonymous_4)
FN:142,(anonymous_5)
FN:148,(anonymous_6)
FN:155,(anonymous_7)
FN:168,(anonymous_8)
FN:175,(anonymous_9)
FN:187,(anonymous_10)
FN:193,(anonymous_11)
FN:215,(anonymous_12)
FN:218,(anonymous_13)
FN:244,(anonymous_14)
FN:261,(anonymous_15)
FN:281,(anonymous_16)
FN:298,(anonymous_17)
FN:311,(anonymous_18)
FN:329,(anonymous_19)
FN:347,(anonymous_20)
FN:361,(anonymous_21)
FN:371,(anonymous_22)
FN:386,(anonymous_23)
FN:401,(anonymous_24)
FN:419,(anonymous_25)
FN:439,(anonymous_26)
FN:456,(anonymous_27)
FNF:28
FNH:0
FNDA:0,(anonymous_0)
FNDA:0,(anonymous_1)
FNDA:0,(anonymous_2)
FNDA:0,(anonymous_3)
FNDA:0,(anonymous_4)
FNDA:0,(anonymous_5)
FNDA:0,(anonymous_6)
FNDA:0,(anonymous_7)
FNDA:0,(anonymous_8)
FNDA:0,(anonymous_9)
FNDA:0,(anonymous_10)
FNDA:0,(anonymous_11)
FNDA:0,(anonymous_12)
FNDA:0,(anonymous_13)
FNDA:0,(anonymous_14)
FNDA:0,(anonymous_15)
FNDA:0,(anonymous_16)
FNDA:0,(anonymous_17)
FNDA:0,(anonymous_18)
FNDA:0,(anonymous_19)
FNDA:0,(anonymous_20)
FNDA:0,(anonymous_21)
FNDA:0,(anonymous_22)
FNDA:0,(anonymous_23)
FNDA:0,(anonymous_24)
FNDA:0,(anonymous_25)
FNDA:0,(anonymous_26)
FNDA:0,(anonymous_27)
DA:1,0
DA:2,0
DA:14,0
DA:28,0
DA:30,0
DA:37,0
DA:44,0
DA:47,0
DA:48,0
DA:49,0
DA:56,0
DA:58,0
DA:60,0
DA:63,0
DA:64,0
DA:65,0
DA:91,0
DA:98,0
DA:99,0
DA:107,0
DA:108,0
DA:110,0
DA:111,0
DA:119,0
DA:121,0
DA:123,0
DA:124,0
DA:127,0
DA:128,0
DA:131,0
DA:133,0
DA:135,0
DA:148,0
DA:149,0
DA:168,0
DA:169,0
DA:187,0
DA:197,0
DA:200,0
DA:201,0
DA:205,0
DA:206,0
DA:209,0
DA:216,0
DA:218,0
DA:253,0
DA:255,0
DA:261,0
DA:263,0
DA:273,0
DA:274,0
DA:282,0
DA:283,0
DA:284,0
DA:287,0
DA:289,0
DA:298,0
DA:300,0
DA:301,0
DA:303,0
DA:304,0
DA:317,0
DA:318,0
DA:321,0
DA:323,0
DA:329,0
DA:332,0
DA:339,0
DA:340,0
DA:350,0
DA:352,0
DA:361,0
DA:362,0
DA:367,0
DA:371,0
DA:372,0
DA:373,0
DA:376,0
DA:378,0
DA:379,0
DA:393,0
DA:395,0
DA:401,0
DA:403,0
DA:411,0
DA:412,0
DA:424,0
DA:426,0
DA:437,0
DA:438,0
DA:439,0
DA:442,0
DA:443,0
DA:445,0
DA:446,0
DA:457,0
DA:463,0
LF:97
LH:0
BRDA:24,0,0,0
BRDA:48,1,0,0
BRDA:58,2,0,0
BRDA:63,3,0,0
BRDA:200,4,0,0
BRDA:232,5,0,0
BRDA:232,5,1,0
BRDA:268,6,0,0
BRDA:268,6,1,0
BRDA:269,7,0,0
BRDA:269,7,1,0
BRDA:270,8,0,0
BRDA:270,8,1,0
BRDA:282,9,0,0
BRDA:317,10,0,0
BRDA:365,11,0,0
BRDA:365,11,1,0
BRDA:448,12,0,0
BRDA:448,12,1,0
BRF:19
BRH:0
end_of_record
TN:
SF:src/driver-sdk/examples/ExampleSerialDriver.ts
FN:22,(anonymous_0)
FN:38,(anonymous_1)
FN:72,(anonymous_2)
FN:96,(anonymous_3)
FN:106,(anonymous_4)
FN:125,(anonymous_5)
FN:132,(anonymous_6)
FN:149,(anonymous_7)
FN:160,(anonymous_8)
FN:164,(anonymous_9)
FN:180,(anonymous_10)
FN:186,(anonymous_11)
FN:193,(anonymous_12)
FN:225,(anonymous_13)
FN:247,(anonymous_14)
FN:254,(anonymous_15)
FN:276,(anonymous_16)
FN:296,(anonymous_17)
FN:302,(anonymous_18)
FN:315,(anonymous_19)
FNF:20
FNH:0
FNDA:0,(anonymous_0)
FNDA:0,(anonymous_1)
FNDA:0,(anonymous_2)
FNDA:0,(anonymous_3)
FNDA:0,(anonymous_4)
FNDA:0,(anonymous_5)
FNDA:0,(anonymous_6)
FNDA:0,(anonymous_7)
FNDA:0,(anonymous_8)
FNDA:0,(anonymous_9)
FNDA:0,(anonymous_10)
FNDA:0,(anonymous_11)
FNDA:0,(anonymous_12)
FNDA:0,(anonymous_13)
FNDA:0,(anonymous_14)
FNDA:0,(anonymous_15)
FNDA:0,(anonymous_16)
FNDA:0,(anonymous_17)
FNDA:0,(anonymous_18)
FNDA:0,(anonymous_19)
DA:1,0
DA:15,0
DA:23,0
DA:26,0
DA:32,0
DA:39,0
DA:42,0
DA:44,0
DA:46,0
DA:49,0
DA:50,0
DA:51,0
DA:66,0
DA:73,0
DA:75,0
DA:77,0
DA:80,0
DA:81,0
DA:85,0
DA:87,0
DA:89,0
DA:100,0
DA:103,0
DA:106,0
DA:108,0
DA:109,0
DA:113,0
DA:114,0
DA:119,0
DA:126,0
DA:129,0
DA:132,0
DA:138,0
DA:139,0
DA:140,0
DA:143,0
DA:150,0
DA:153,0
DA:155,0
DA:156,0
DA:158,0
DA:160,0
DA:164,0
DA:165,0
DA:172,0
DA:183,0
DA:186,0
DA:187,0
DA:199,0
DA:201,0
DA:203,0
DA:205,0
DA:212,0
DA:214,0
DA:226,0
DA:228,0
DA:229,0
DA:230,0
DA:232,0
DA:233,0
DA:234,0
DA:237,0
DA:239,0
DA:240,0
DA:248,0
DA:255,0
DA:257,0
DA:258,0
DA:259,0
DA:262,0
DA:263,0
DA:264,0
DA:266,0
DA:268,0
DA:269,0
DA:284,0
DA:286,0
DA:294,0
DA:295,0
DA:296,0
DA:302,0
DA:304,0
DA:306,0
DA:316,0
DA:322,0
LF:85
LH:0
BRDA:22,0,0,0
BRDA:44,1,0,0
BRDA:49,2,0,0
BRDA:80,3,0,0
BRDA:108,4,0,0
BRDA:113,5,0,0
BRDA:134,6,0,0
BRDA:134,6,1,0
BRDA:138,7,0,0
BRDA:156,8,0,0
BRDA:209,9,0,0
BRDA:209,9,1,0
BRDA:226,10,0,0
BRDA:226,10,1,0
BRDA:229,11,0,0
BRDA:229,11,1,0
BRDA:232,12,0,0
BRDA:257,13,0,0
BRDA:304,14,0,0
BRDA:304,14,1,0
BRF:20
BRH:0
end_of_record
TN:
SF:src/driver-sdk/templates/GenericDriverTemplate.ts
FN:21,(anonymous_0)
FN:25,(anonymous_1)
FN:29,(anonymous_2)
FN:33,(anonymous_3)
FN:37,(anonymous_4)
FN:41,(anonymous_5)
FN:45,(anonymous_6)
FN:49,(anonymous_7)
FN:65,(anonymous_8)
FN:77,(anonymous_9)
FN:96,(anonymous_10)
FN:135,(anonymous_11)
FN:150,(anonymous_12)
FN:156,(anonymous_13)
FN:173,(anonymous_14)
FN:193,(anonymous_15)
FN:212,(anonymous_16)
FN:237,(anonymous_17)
FN:286,(anonymous_18)
FN:313,(anonymous_19)
FN:334,(anonymous_20)
FN:344,(anonymous_21)
FN:350,(anonymous_22)
FN:370,(anonymous_23)
FN:381,(anonymous_24)
FN:387,(anonymous_25)
FN:388,(anonymous_26)
FN:395,(anonymous_27)
FN:434,(anonymous_28)
FN:449,(anonymous_29)
FN:471,(anonymous_30)
FN:489,(anonymous_31)
FN:516,(anonymous_32)
FN:532,(anonymous_33)
FN:569,(anonymous_34)
FN:574,(anonymous_35)
FN:583,(anonymous_36)
FNF:37
FNH:0
FNDA:0,(anonymous_0)
FNDA:0,(anonymous_1)
FNDA:0,(anonymous_2)
FNDA:0,(anonymous_3)
FNDA:0,(anonymous_4)
FNDA:0,(anonymous_5)
FNDA:0,(anonymous_6)
FNDA:0,(anonymous_7)
FNDA:0,(anonymous_8)
FNDA:0,(anonymous_9)
FNDA:0,(anonymous_10)
FNDA:0,(anonymous_11)
FNDA:0,(anonymous_12)
FNDA:0,(anonymous_13)
FNDA:0,(anonymous_14)
FNDA:0,(anonymous_15)
FNDA:0,(anonymous_16)
FNDA:0,(anonymous_17)
FNDA:0,(anonymous_18)
FNDA:0,(anonymous_19)
FNDA:0,(anonymous_20)
FNDA:0,(anonymous_21)
FNDA:0,(anonymous_22)
FNDA:0,(anonymous_23)
FNDA:0,(anonymous_24)
FNDA:0,(anonymous_25)
FNDA:0,(anonymous_26)
FNDA:0,(anonymous_27)
FNDA:0,(anonymous_28)
FNDA:0,(anonymous_29)
FNDA:0,(anonymous_30)
FNDA:0,(anonymous_31)
FNDA:0,(anonymous_32)
FNDA:0,(anonymous_33)
FNDA:0,(anonymous_34)
FNDA:0,(anonymous_35)
FNDA:0,(anonymous_36)
DA:1,0
DA:2,0
DA:19,0
DA:22,0
DA:26,0
DA:30,0
DA:34,0
DA:38,0
DA:42,0
DA:46,0
DA:50,0
DA:54,0
DA:55,0
DA:56,0
DA:57,0
DA:58,0
DA:59,0
DA:60,0
DA:61,0
DA:63,0
DA:66,0
DA:67,0
DA:70,0
DA:79,0
DA:82,0
DA:84,0
DA:85,0
DA:88,0
DA:89,0
DA:97,0
DA:98,0
DA:107,0
DA:108,0
DA:109,0
DA:111,0
DA:113,0
DA:125,0
DA:137,0
DA:139,0
DA:144,0
DA:150,0
DA:157,0
DA:174,0
DA:187,0
DA:194,0
DA:202,0
DA:203,0
DA:206,0
DA:213,0
DA:217,0
DA:225,0
DA:241,0
DA:242,0
DA:245,0
DA:246,0
DA:249,0
DA:250,0
DA:251,0
DA:254,0
DA:255,0
DA:265,0
DA:266,0
DA:267,0
DA:268,0
DA:271,0
DA:272,0
DA:273,0
DA:275,0
DA:277,0
DA:278,0
DA:279,0
DA:294,0
DA:295,0
DA:298,0
DA:299,0
DA:302,0
DA:303,0
DA:304,0
DA:307,0
DA:314,0
DA:335,0
DA:345,0
DA:350,0
DA:351,0
DA:352,0
DA:353,0
DA:354,0
DA:358,0
DA:359,0
DA:360,0
DA:361,0
DA:364,0
DA:365,0
DA:370,0
DA:371,0
DA:372,0
DA:373,0
DA:387,0
DA:388,0
DA:396,0
DA:398,0
DA:405,0
DA:411,0
DA:412,0
DA:413,0
DA:414,0
DA:418,0
DA:420,0
DA:425,0
DA:427,0
DA:435,0
DA:436,0
DA:438,0
DA:443,0
DA:450,0
DA:451,0
DA:454,0
DA:455,0
DA:460,0
DA:461,0
DA:463,0
DA:464,0
DA:472,0
DA:473,0
DA:479,0
DA:481,0
DA:482,0
DA:495,0
DA:496,0
DA:499,0
DA:500,0
DA:506,0
DA:508,0
DA:509,0
DA:517,0
DA:522,0
DA:524,0
DA:525,0
DA:533,0
DA:571,0
DA:574,0
DA:577,0
DA:584,0
DA:592,0
DA:593,0
DA:596,0
LF:146
LH:0
BRDA:82,0,0,0
BRDA:82,0,1,0
BRDA:116,1,0,0
BRDA:116,1,1,0
BRDA:117,2,0,0
BRDA:117,2,1,0
BRDA:127,3,0,0
BRDA:127,3,1,0
BRDA:137,4,0,0
BRDA:137,4,1,0
BRDA:202,5,0,0
BRDA:229,6,0,0
BRDA:229,6,1,0
BRDA:241,7,0,0
BRDA:245,8,0,0
BRDA:254,9,0,0
BRDA:266,10,0,0
BRDA:294,11,0,0
BRDA:298,12,0,0
BRDA:303,13,0,0
BRDA:352,14,0,0
BRDA:359,15,0,0
BRDA:371,16,0,0
BRDA:414,17,0,0
BRDA:414,17,1,0
BRDA:450,18,0,0
BRDA:495,19,0,0
BRDA:554,20,0,0
BRDA:554,20,1,0
BRDA:592,21,0,0
BRF:30
BRH:0
end_of_record
TN:
SF:src/driver-sdk/templates/NetworkDriverTemplate.ts
FN:19,(anonymous_0)
FN:34,(anonymous_1)
FN:38,(anonymous_2)
FN:42,(anonymous_3)
FN:46,(anonymous_4)
FN:50,(anonymous_5)
FN:54,(anonymous_6)
FN:58,(anonymous_7)
FN:62,(anonymous_8)
FN:92,(anonymous_9)
FN:110,(anonymous_10)
FN:164,(anonymous_11)
FN:165,(anonymous_12)
FN:168,(anonymous_13)
FN:173,(anonymous_14)
FN:179,(anonymous_15)
FN:192,(anonymous_16)
FN:193,(anonymous_17)
FN:196,(anonymous_18)
FN:201,(anonymous_19)
FN:213,(anonymous_20)
FN:237,(anonymous_21)
FN:238,(anonymous_22)
FN:266,(anonymous_23)
FN:288,(anonymous_24)
FN:318,(anonymous_25)
FN:321,(anonymous_26)
FN:335,(anonymous_27)
FN:347,(anonymous_28)
FN:367,(anonymous_29)
FN:372,(anonymous_30)
FN:382,(anonymous_31)
FN:419,(anonymous_32)
FN:457,(anonymous_33)
FN:483,(anonymous_34)
FN:518,(anonymous_35)
FN:519,(anonymous_36)
FN:549,(anonymous_37)
FN:560,(anonymous_38)
FN:597,(anonymous_39)
FN:600,(anonymous_40)
FN:618,(anonymous_41)
FN:633,(anonymous_42)
FN:659,(anonymous_43)
FN:680,(anonymous_44)
FN:712,(anonymous_45)
FN:731,(anonymous_46)
FN:732,(anonymous_47)
FN:736,(anonymous_48)
FN:785,(anonymous_49)
FN:810,(anonymous_50)
FN:848,(anonymous_51)
FNF:52
FNH:0
FNDA:0,(anonymous_0)
FNDA:0,(anonymous_1)
FNDA:0,(anonymous_2)
FNDA:0,(anonymous_3)
FNDA:0,(anonymous_4)
FNDA:0,(anonymous_5)
FNDA:0,(anonymous_6)
FNDA:0,(anonymous_7)
FNDA:0,(anonymous_8)
FNDA:0,(anonymous_9)
FNDA:0,(anonymous_10)
FNDA:0,(anonymous_11)
FNDA:0,(anonymous_12)
FNDA:0,(anonymous_13)
FNDA:0,(anonymous_14)
FNDA:0,(anonymous_15)
FNDA:0,(anonymous_16)
FNDA:0,(anonymous_17)
FNDA:0,(anonymous_18)
FNDA:0,(anonymous_19)
FNDA:0,(anonymous_20)
FNDA:0,(anonymous_21)
FNDA:0,(anonymous_22)
FNDA:0,(anonymous_23)
FNDA:0,(anonymous_24)
FNDA:0,(anonymous_25)
FNDA:0,(anonymous_26)
FNDA:0,(anonymous_27)
FNDA:0,(anonymous_28)
FNDA:0,(anonymous_29)
FNDA:0,(anonymous_30)
FNDA:0,(anonymous_31)
FNDA:0,(anonymous_32)
FNDA:0,(anonymous_33)
FNDA:0,(anonymous_34)
FNDA:0,(anonymous_35)
FNDA:0,(anonymous_36)
FNDA:0,(anonymous_37)
FNDA:0,(anonymous_38)
FNDA:0,(anonymous_39)
FNDA:0,(anonymous_40)
FNDA:0,(anonymous_41)
FNDA:0,(anonymous_42)
FNDA:0,(anonymous_43)
FNDA:0,(anonymous_44)
FNDA:0,(anonymous_45)
FNDA:0,(anonymous_46)
FNDA:0,(anonymous_47)
FNDA:0,(anonymous_48)
FNDA:0,(anonymous_49)
FNDA:0,(anonymous_50)
FNDA:0,(anonymous_51)
DA:1,0
DA:2,0
DA:3,0
DA:4,0
DA:14,0
DA:19,0
DA:20,0
DA:21,0
DA:22,0
DA:23,0
DA:31,0
DA:35,0
DA:39,0
DA:43,0
DA:47,0
DA:51,0
DA:55,0
DA:59,0
DA:63,0
DA:67,0
DA:68,0
DA:69,0
DA:70,0
DA:71,0
DA:72,0
DA:76,0
DA:79,0
DA:80,0
DA:81,0
DA:82,0
DA:85,0
DA:86,0
DA:98,0
DA:99,0
DA:100,0
DA:101,0
DA:102,0
DA:104,0
DA:111,0
DA:112,0
DA:115,0
DA:117,0
DA:118,0
DA:120,0
DA:121,0
DA:123,0
DA:124,0
DA:126,0
DA:127,0
DA:129,0
DA:133,0
DA:134,0
DA:138,0
DA:140,0
DA:142,0
DA:154,0
DA:165,0
DA:166,0
DA:168,0
DA:169,0
DA:170,0
DA:173,0
DA:174,0
DA:175,0
DA:176,0
DA:179,0
DA:180,0
DA:181,0
DA:184,0
DA:185,0
DA:193,0
DA:194,0
DA:196,0
DA:197,0
DA:198,0
DA:201,0
DA:202,0
DA:205,0
DA:206,0
DA:215,0
DA:216,0
DA:222,0
DA:228,0
DA:230,0
DA:238,0
DA:239,0
DA:241,0
DA:256,0
DA:258,0
DA:267,0
DA:269,0
DA:275,0
DA:277,0
DA:278,0
DA:281,0
DA:282,0
DA:289,0
DA:290,0
DA:296,0
DA:298,0
DA:299,0
DA:300,0
DA:301,0
DA:302,0
DA:303,0
DA:305,0
DA:306,0
DA:310,0
DA:311,0
DA:319,0
DA:321,0
DA:323,0
DA:324,0
DA:325,0
DA:328,0
DA:336,0
DA:337,0
DA:338,0
DA:340,0
DA:348,0
DA:350,0
DA:351,0
DA:352,0
DA:354,0
DA:356,0
DA:357,0
DA:359,0
DA:368,0
DA:369,0
DA:372,0
DA:373,0
DA:374,0
DA:376,0
DA:383,0
DA:385,0
DA:386,0
DA:390,0
DA:391,0
DA:392,0
DA:398,0
DA:403,0
DA:404,0
DA:405,0
DA:408,0
DA:409,0
DA:410,0
DA:413,0
DA:420,0
DA:421,0
DA:422,0
DA:429,0
DA:435,0
DA:437,0
DA:445,0
DA:461,0
DA:462,0
DA:465,0
DA:466,0
DA:469,0
DA:470,0
DA:471,0
DA:474,0
DA:475,0
DA:479,0
DA:483,0
DA:498,0
DA:500,0
DA:501,0
DA:505,0
DA:507,0
DA:509,0
DA:510,0
DA:511,0
DA:519,0
DA:520,0
DA:521,0
DA:522,0
DA:523,0
DA:526,0
DA:533,0
DA:535,0
DA:536,0
DA:537,0
DA:538,0
DA:539,0
DA:540,0
DA:543,0
DA:544,0
DA:549,0
DA:550,0
DA:551,0
DA:552,0
DA:561,0
DA:562,0
DA:564,0
DA:572,0
DA:574,0
DA:575,0
DA:579,0
DA:581,0
DA:583,0
DA:588,0
DA:590,0
DA:598,0
DA:599,0
DA:600,0
DA:602,0
DA:603,0
DA:604,0
DA:605,0
DA:607,0
DA:608,0
DA:619,0
DA:620,0
DA:622,0
DA:627,0
DA:634,0
DA:635,0
DA:638,0
DA:639,0
DA:641,0
DA:647,0
DA:648,0
DA:649,0
DA:651,0
DA:652,0
DA:660,0
DA:661,0
DA:663,0
DA:669,0
DA:670,0
DA:672,0
DA:673,0
DA:686,0
DA:687,0
DA:689,0
DA:701,0
DA:702,0
DA:704,0
DA:705,0
DA:713,0
DA:714,0
DA:720,0
DA:721,0
DA:723,0
DA:724,0
DA:732,0
DA:733,0
DA:734,0
DA:736,0
DA:737,0
DA:738,0
DA:741,0
DA:747,0
DA:749,0
DA:750,0
DA:752,0
DA:753,0
DA:755,0
DA:757,0
DA:760,0
DA:761,0
DA:763,0
DA:765,0
DA:768,0
DA:769,0
DA:772,0
DA:775,0
DA:776,0
DA:777,0
DA:786,0
DA:804,0
DA:811,0
DA:849,0
DA:851,0
DA:852,0
DA:855,0
LF:277
LH:0
BRDA:19,0,0,0
BRDA:19,0,1,0
BRDA:95,1,0,0
BRDA:102,2,0,0
BRDA:102,2,1,0
BRDA:115,3,0,0
BRDA:115,3,1,0
BRDA:115,3,2,0
BRDA:115,3,3,0
BRDA:115,3,4,0
BRDA:133,4,0,0
BRDA:145,5,0,0
BRDA:145,5,1,0
BRDA:146,6,0,0
BRDA:146,6,1,0
BRDA:156,7,0,0
BRDA:156,7,1,0
BRDA:277,8,0,0
BRDA:281,9,0,0
BRDA:281,9,1,0
BRDA:298,10,0,0
BRDA:298,11,0,0
BRDA:298,11,1,0
BRDA:300,12,0,0
BRDA:300,12,1,0
BRDA:300,12,2,0
BRDA:301,13,0,0
BRDA:301,13,1,0
BRDA:302,14,0,0
BRDA:302,14,1,0
BRDA:303,15,0,0
BRDA:303,15,1,0
BRDA:305,16,0,0
BRDA:348,17,0,0
BRDA:348,17,1,0
BRDA:350,18,0,0
BRDA:350,19,0,0
BRDA:350,19,1,0
BRDA:356,20,0,0
BRDA:356,20,1,0
BRDA:359,21,0,0
BRDA:359,21,1,0
BRDA:385,22,0,0
BRDA:390,23,0,0
BRDA:403,24,0,0
BRDA:408,25,0,0
BRDA:421,26,0,0
BRDA:440,27,0,0
BRDA:440,27,1,0
BRDA:449,28,0,0
BRDA:449,28,1,0
BRDA:461,29,0,0
BRDA:465,30,0,0
BRDA:474,31,0,0
BRDA:500,32,0,0
BRDA:501,33,0,0
BRDA:501,33,1,0
BRDA:521,34,0,0
BRDA:535,35,0,0
BRDA:535,35,1,0
BRDA:538,36,0,0
BRDA:540,37,0,0
BRDA:540,37,1,0
BRDA:550,38,0,0
BRDA:574,39,0,0
BRDA:575,40,0,0
BRDA:575,40,1,0
BRDA:598,41,0,0
BRDA:598,42,0,0
BRDA:598,42,1,0
BRDA:602,43,0,0
BRDA:602,44,0,0
BRDA:602,44,1,0
BRDA:603,45,0,0
BRDA:603,45,1,0
BRDA:605,46,0,0
BRDA:634,47,0,0
BRDA:721,48,0,0
BRDA:721,48,1,0
BRDA:731,49,0,0
BRDA:750,50,0,0
BRDA:750,50,1,0
BRDA:750,50,2,0
BRDA:750,50,3,0
BRDA:752,51,0,0
BRDA:752,51,1,0
BRDA:760,52,0,0
BRDA:760,52,1,0
BRDA:851,53,0,0
BRF:89
BRH:0
end_of_record
TN:
SF:src/driver-sdk/templates/SerialDriverTemplate.ts
FN:21,(anonymous_6)
FN:25,(anonymous_7)
FN:29,(anonymous_8)
FN:33,(anonymous_9)
FN:37,(anonymous_10)
FN:41,(anonymous_11)
FN:45,(anonymous_12)
FN:49,(anonymous_13)
FN:75,(anonymous_14)
FN:88,(anonymous_15)
FN:145,(anonymous_16)
FN:147,(anonymous_17)
FN:156,(anonymous_18)
FN:157,(anonymous_19)
FN:158,(anonymous_20)
FN:172,(anonymous_21)
FN:182,(anonymous_22)
FN:199,(anonymous_23)
FN:213,(anonymous_24)
FN:218,(anonymous_25)
FN:228,(anonymous_26)
FN:236,(anonymous_27)
FN:243,(anonymous_28)
FN:252,(anonymous_29)
FN:269,(anonymous_30)
FN:285,(anonymous_31)
FN:315,(anonymous_32)
FN:323,(anonymous_33)
FN:330,(anonymous_34)
FN:331,(anonymous_35)
FN:345,(anonymous_36)
FN:378,(anonymous_37)
FN:390,(anonymous_38)
FN:431,(anonymous_39)
FN:437,(anonymous_40)
FN:456,(anonymous_41)
FN:457,(anonymous_42)
FN:482,(anonymous_43)
FN:493,(anonymous_44)
FN:522,(anonymous_45)
FN:537,(anonymous_46)
FN:552,(anonymous_47)
FN:571,(anonymous_48)
FN:577,(anonymous_49)
FN:589,(anonymous_50)
FN:590,(anonymous_51)
FN:591,(anonymous_52)
FN:597,(anonymous_53)
FN:601,(anonymous_54)
FN:615,(anonymous_55)
FN:623,(anonymous_56)
FN:636,(anonymous_57)
FN:644,(anonymous_58)
FN:681,(anonymous_59)
FN:694,(anonymous_60)
FN:696,(anonymous_61)
FN:699,(anonymous_62)
FNF:57
FNH:0
FNDA:0,(anonymous_6)
FNDA:0,(anonymous_7)
FNDA:0,(anonymous_8)
FNDA:0,(anonymous_9)
FNDA:0,(anonymous_10)
FNDA:0,(anonymous_11)
FNDA:0,(anonymous_12)
FNDA:0,(anonymous_13)
FNDA:0,(anonymous_14)
FNDA:0,(anonymous_15)
FNDA:0,(anonymous_16)
FNDA:0,(anonymous_17)
FNDA:0,(anonymous_18)
FNDA:0,(anonymous_19)
FNDA:0,(anonymous_20)
FNDA:0,(anonymous_21)
FNDA:0,(anonymous_22)
FNDA:0,(anonymous_23)
FNDA:0,(anonymous_24)
FNDA:0,(anonymous_25)
FNDA:0,(anonymous_26)
FNDA:0,(anonymous_27)
FNDA:0,(anonymous_28)
FNDA:0,(anonymous_29)
FNDA:0,(anonymous_30)
FNDA:0,(anonymous_31)
FNDA:0,(anonymous_32)
FNDA:0,(anonymous_33)
FNDA:0,(anonymous_34)
FNDA:0,(anonymous_35)
FNDA:0,(anonymous_36)
FNDA:0,(anonymous_37)
FNDA:0,(anonymous_38)
FNDA:0,(anonymous_39)
FNDA:0,(anonymous_40)
FNDA:0,(anonymous_41)
FNDA:0,(anonymous_42)
FNDA:0,(anonymous_43)
FNDA:0,(anonymous_44)
FNDA:0,(anonymous_45)
FNDA:0,(anonymous_46)
FNDA:0,(anonymous_47)
FNDA:0,(anonymous_48)
FNDA:0,(anonymous_49)
FNDA:0,(anonymous_50)
FNDA:0,(anonymous_51)
FNDA:0,(anonymous_52)
FNDA:0,(anonymous_53)
FNDA:0,(anonymous_54)
FNDA:0,(anonymous_55)
FNDA:0,(anonymous_56)
FNDA:0,(anonymous_57)
FNDA:0,(anonymous_58)
FNDA:0,(anonymous_59)
FNDA:0,(anonymous_60)
FNDA:0,(anonymous_61)
FNDA:0,(anonymous_62)
DA:1,0
DA:2,0
DA:12,0
DA:19,0
DA:22,0
DA:26,0
DA:30,0
DA:34,0
DA:38,0
DA:42,0
DA:46,0
DA:50,0
DA:54,0
DA:55,0
DA:56,0
DA:57,0
DA:58,0
DA:59,0
DA:61,0
DA:62,0
DA:66,0
DA:72,0
DA:73,0
DA:76,0
DA:77,0
DA:80,0
DA:82,0
DA:89,0
DA:90,0
DA:93,0
DA:96,0
DA:105,0
DA:108,0
DA:111,0
DA:112,0
DA:113,0
DA:116,0
DA:119,0
DA:121,0
DA:123,0
DA:135,0
DA:146,0
DA:147,0
DA:149,0
DA:157,0
DA:158,0
DA:159,0
DA:160,0
DA:162,0
DA:163,0
DA:173,0
DA:176,0
DA:187,0
DA:188,0
DA:189,0
DA:192,0
DA:200,0
DA:201,0
DA:202,0
DA:203,0
DA:206,0
DA:214,0
DA:215,0
DA:218,0
DA:219,0
DA:220,0
DA:222,0
DA:229,0
DA:230,0
DA:237,0
DA:240,0
DA:243,0
DA:246,0
DA:253,0
DA:255,0
DA:256,0
DA:259,0
DA:261,0
DA:262,0
DA:271,0
DA:272,0
DA:273,0
DA:274,0
DA:275,0
DA:278,0
DA:286,0
DA:288,0
DA:289,0
DA:290,0
DA:291,0
DA:295,0
DA:296,0
DA:297,0
DA:298,0
DA:302,0
DA:303,0
DA:304,0
DA:305,0
DA:308,0
DA:316,0
DA:318,0
DA:319,0
DA:323,0
DA:324,0
DA:325,0
DA:327,0
DA:329,0
DA:330,0
DA:331,0
DA:332,0
DA:333,0
DA:334,0
DA:339,0
DA:346,0
DA:347,0
DA:348,0
DA:356,0
DA:357,0
DA:359,0
DA:366,0
DA:379,0
DA:380,0
DA:381,0
DA:383,0
DA:394,0
DA:395,0
DA:398,0
DA:399,0
DA:402,0
DA:403,0
DA:404,0
DA:407,0
DA:408,0
DA:412,0
DA:415,0
DA:418,0
DA:420,0
DA:422,0
DA:423,0
DA:424,0
DA:433,0
DA:434,0
DA:437,0
DA:438,0
DA:439,0
DA:442,0
DA:443,0
DA:444,0
DA:447,0
DA:448,0
DA:449,0
DA:457,0
DA:458,0
DA:459,0
DA:460,0
DA:461,0
DA:465,0
DA:466,0
DA:468,0
DA:469,0
DA:470,0
DA:471,0
DA:472,0
DA:473,0
DA:476,0
DA:477,0
DA:482,0
DA:483,0
DA:484,0
DA:485,0
DA:494,0
DA:495,0
DA:497,0
DA:499,0
DA:500,0
DA:503,0
DA:506,0
DA:508,0
DA:513,0
DA:515,0
DA:526,0
DA:527,0
DA:528,0
DA:531,0
DA:538,0
DA:539,0
DA:541,0
DA:546,0
DA:553,0
DA:554,0
DA:557,0
DA:558,0
DA:559,0
DA:560,0
DA:561,0
DA:563,0
DA:564,0
DA:572,0
DA:573,0
DA:574,0
DA:577,0
DA:579,0
DA:581,0
DA:582,0
DA:590,0
DA:591,0
DA:592,0
DA:595,0
DA:598,0
DA:599,0
DA:602,0
DA:603,0
DA:608,0
DA:616,0
DA:617,0
DA:620,0
DA:621,0
DA:623,0
DA:624,0
DA:626,0
DA:627,0
DA:628,0
DA:629,0
DA:630,0
DA:635,0
DA:636,0
DA:645,0
DA:682,0
DA:684,0
DA:685,0
DA:688,0
DA:695,0
DA:696,0
DA:697,0
DA:699,0
DA:705,0
DA:706,0
LF:237
LH:0
BRDA:75,0,0,0
BRDA:126,1,0,0
BRDA:126,1,1,0
BRDA:127,2,0,0
BRDA:127,2,1,0
BRDA:137,3,0,0
BRDA:137,3,1,0
BRDA:159,4,0,0
BRDA:159,4,1,0
BRDA:200,5,0,0
BRDA:272,6,0,0
BRDA:272,6,1,0
BRDA:274,7,0,0
BRDA:290,8,0,0
BRDA:297,9,0,0
BRDA:304,10,0,0
BRDA:318,11,0,0
BRDA:329,12,0,0
BRDA:329,13,0,0
BRDA:329,13,1,0
BRDA:347,14,0,0
BRDA:363,15,0,0
BRDA:363,15,1,0
BRDA:370,16,0,0
BRDA:370,16,1,0
BRDA:394,17,0,0
BRDA:398,18,0,0
BRDA:407,19,0,0
BRDA:447,20,0,0
BRDA:447,21,0,0
BRDA:447,21,1,0
BRDA:459,22,0,0
BRDA:468,23,0,0
BRDA:468,23,1,0
BRDA:471,24,0,0
BRDA:483,25,0,0
BRDA:528,26,0,0
BRDA:528,26,1,0
BRDA:553,27,0,0
BRDA:589,28,0,0
BRDA:616,29,0,0
BRDA:616,30,0,0
BRDA:616,30,1,0
BRDA:616,30,2,0
BRDA:626,31,0,0
BRDA:628,32,0,0
BRDA:635,33,0,0
BRDA:684,34,0,0
BRF:48
BRH:0
end_of_record
TN:
SF:src/driver-sdk/testing/AutomatedTestRunner.ts
FN:77,(anonymous_6)
FN:113,(anonymous_7)
FN:163,(anonymous_8)
FN:164,(anonymous_9)
FN:186,(anonymous_10)
FN:193,(anonymous_11)
FN:201,(anonymous_12)
FN:215,(anonymous_13)
FN:227,(anonymous_14)
FN:254,(anonymous_15)
FN:298,(anonymous_16)
FN:301,(anonymous_17)
FN:305,(anonymous_18)
FN:331,(anonymous_19)
FN:346,(anonymous_20)
FN:377,(anonymous_21)
FN:383,(anonymous_22)
FN:389,(anonymous_23)
FN:396,(anonymous_24)
FN:412,(anonymous_25)
[...]
FN:151,(anonymous_0)
FN:166,(anonymous_1)
FN:175,(anonymous_2)
FN:187,(anonymous_3)
FN:207,(anonymous_4)
FN:220,(anonymous_5)
FN:224,(anonymous_6)
FN:231,(anonymous_7)
FN:267,(anonymous_8)
FN:277,(anonymous_9)
FN:292,(anonymous_10)
FN:305,(anonymous_11)
FN:313,(anonymous_12)
FN:322,(anonymous_13)
FN:329,(anonymous_14)
FN:336,(anonymous_15)
FN:389,(anonymous_16)
FN:414,(anonymous_17)
FN:421,(anonymous_18)
FN:429,(anonymous_19)
FN:431,(anonymous_20)
FN:438,(anonymous_21)
FN:446,(anonymous_22)
FN:520,(anonymous_23)
FN:645,(anonymous_24)
FN:711,(anonymous_25)
FN:761,(anonymous_26)
FN:803,(anonymous_27)
FN:820,(anonymous_28)
FN:834,(anonymous_29)
FN:882,(anonymous_30)
FN:906,(anonymous_31)
FN:916,(anonymous_32)
FN:921,(anonymous_33)
FN:926,(anonymous_34)
FN:936,(anonymous_35)
FN:942,(anonymous_36)
FN:954,(anonymous_37)
FN:978,(anonymous_38)
FN:991,(anonymous_39)
FN:999,(anonymous_40)
FN:1007,(anonymous_41)
FN:1015,(anonymous_42)
FN:1022,(anonymous_43)
FN:1040,(anonymous_44)
FNF:45
FNH:0
FNDA:0,(anonymous_0)
FNDA:0,(anonymous_1)
FNDA:0,(anonymous_2)
FNDA:0,(anonymous_3)
FNDA:0,(anonymous_4)
FNDA:0,(anonymous_5)
FNDA:0,(anonymous_6)
FNDA:0,(anonymous_7)
FNDA:0,(anonymous_8)
FNDA:0,(anonymous_9)
FNDA:0,(anonymous_10)
FNDA:0,(anonymous_11)
FNDA:0,(anonymous_12)
FNDA:0,(anonymous_13)
FNDA:0,(anonymous_14)
FNDA:0,(anonymous_15)
FNDA:0,(anonymous_16)
FNDA:0,(anonymous_17)
FNDA:0,(anonymous_18)
FNDA:0,(anonymous_19)
FNDA:0,(anonymous_20)
FNDA:0,(anonymous_21)
FNDA:0,(anonymous_22)
FNDA:0,(anonymous_23)
FNDA:0,(anonymous_24)
FNDA:0,(anonymous_25)
FNDA:0,(anonymous_26)
FNDA:0,(anonymous_27)
FNDA:0,(anonymous_28)
FNDA:0,(anonymous_29)
FNDA:0,(anonymous_30)
FNDA:0,(anonymous_31)
FNDA:0,(anonymous_32)
FNDA:0,(anonymous_33)
FNDA:0,(anonymous_34)
FNDA:0,(anonymous_35)
FNDA:0,(anonymous_36)
FNDA:0,(anonymous_37)
FNDA:0,(anonymous_38)
FNDA:0,(anonymous_39)
FNDA:0,(anonymous_40)
FNDA:0,(anonymous_41)
FNDA:0,(anonymous_42)
FNDA:0,(anonymous_43)
FNDA:0,(anonymous_44)
DA:89,0
DA:95,0
DA:96,0
DA:97,0
DA:100,0
DA:101,0
DA:104,0
DA:107,0
DA:110,0
DA:111,0
DA:114,0
DA:117,0
DA:118,0
DA:135,0
DA:143,0
DA:144,0
DA:145,0
DA:148,0
DA:149,0
DA:152,0
DA:153,0
DA:154,0
DA:155,0
DA:157,0
DA:159,0
DA:160,0
DA:167,0
DA:168,0
DA:169,0
DA:176,0
DA:177,0
DA:180,0
DA:181,0
DA:182,0
DA:184,0
DA:185,0
DA:187,0
DA:188,0
DA:190,0
DA:191,0
DA:194,0
DA:195,0
DA:196,0
DA:197,0
DA:198,0
DA:199,0
DA:203,0
DA:204,0
DA:207,0
DA:209,0
DA:210,0
DA:211,0
DA:212,0
DA:214,0
DA:216,0
DA:225,0
DA:233,0
DA:234,0
DA:235,0
DA:238,0
DA:239,0
DA:240,0
DA:241,0
DA:242,0
DA:243,0
DA:244,0
DA:245,0
DA:246,0
DA:247,0
DA:248,0
DA:249,0
DA:250,0
DA:251,0
DA:254,0
DA:255,0
DA:256,0
DA:259,0
DA:268,0
DA:269,0
DA:270,0
DA:278,0
DA:279,0
DA:280,0
DA:281,0
DA:282,0
DA:283,0
DA:285,0
DA:293,0
DA:294,0
DA:295,0
DA:298,0
DA:299,0
DA:306,0
DA:307,0
DA:314,0
DA:315,0
DA:316,0
DA:323,0
DA:330,0
DA:337,0
DA:339,0
DA:340,0
DA:343,0
DA:344,0
DA:345,0
DA:347,0
DA:348,0
DA:349,0
DA:352,0
DA:353,0
DA:355,0
DA:356,0
DA:358,0
DA:359,0
DA:366,0
DA:368,0
DA:369,0
DA:374,0
DA:381,0
DA:382,0
DA:391,0
DA:392,0
DA:394,0
DA:395,0
DA:398,0
DA:399,0
DA:400,0
DA:403,0
DA:406,0
DA:407,0
DA:408,0
DA:415,0
DA:422,0
DA:423,0
DA:430,0
DA:431,0
DA:439,0
DA:441,0
DA:443,0
DA:446,0
DA:447,0
DA:449,0
DA:450,0
DA:454,0
DA:455,0
DA:456,0
DA:460,0
DA:461,0
DA:462,0
DA:464,0
DA:465,0
DA:468,0
DA:469,0
DA:470,0
DA:472,0
DA:473,0
DA:476,0
DA:477,0
DA:480,0
DA:483,0
DA:484,0
DA:485,0
DA:489,0
DA:490,0
DA:493,0
DA:496,0
DA:499,0
DA:500,0
DA:502,0
DA:506,0
DA:509,0
DA:510,0
DA:511,0
DA:512,0
DA:514,0
DA:528,0
DA:530,0
DA:531,0
DA:534,0
DA:535,0
DA:538,0
DA:539,0
DA:540,0
DA:541,0
DA:542,0
DA:543,0
DA:544,0
DA:546,0
DA:547,0
DA:548,0
DA:549,0
DA:550,0
DA:551,0
DA:556,0
DA:557,0
DA:558,0
DA:559,0
DA:560,0
DA:561,0
DA:562,0
DA:566,0
DA:567,0
DA:568,0
DA:569,0
DA:570,0
DA:571,0
DA:572,0
DA:573,0
DA:574,0
DA:578,0
DA:579,0
DA:580,0
DA:581,0
DA:582,0
DA:583,0
DA:584,0
DA:585,0
DA:586,0
DA:590,0
DA:592,0
DA:593,0
DA:601,0
DA:602,0
DA:604,0
DA:606,0
DA:610,0
DA:616,0
DA:623,0
DA:624,0
DA:629,0
DA:630,0
DA:631,0
DA:632,0
DA:633,0
DA:634,0
DA:635,0
DA:636,0
DA:637,0
DA:638,0
DA:653,0
DA:655,0
DA:658,0
DA:660,0
DA:663,0
DA:664,0
DA:665,0
DA:667,0
DA:668,0
DA:669,0
DA:670,0
DA:672,0
DA:673,0
DA:674,0
DA:676,0
DA:678,0
DA:679,0
DA:680,0
DA:682,0
DA:684,0
DA:686,0
DA:687,0
DA:688,0
DA:689,0
DA:692,0
DA:696,0
DA:699,0
DA:700,0
DA:701,0
DA:705,0
DA:713,0
DA:714,0
DA:715,0
DA:716,0
DA:717,0
DA:718,0
DA:719,0
DA:720,0
DA:724,0
DA:725,0
DA:726,0
DA:727,0
DA:729,0
DA:730,0
DA:731,0
DA:732,0
DA:733,0
DA:734,0
DA:735,0
DA:739,0
DA:743,0
DA:746,0
DA:747,0
DA:748,0
DA:749,0
DA:750,0
DA:751,0
DA:752,0
DA:753,0
DA:754,0
DA:769,0
DA:770,0
DA:772,0
DA:773,0
DA:776,0
DA:778,0
DA:779,0
DA:780,0
DA:783,0
DA:784,0
DA:785,0
DA:787,0
DA:788,0
DA:792,0
DA:793,0
DA:794,0
DA:797,0
DA:804,0
DA:806,0
DA:807,0
DA:808,0
DA:809,0
DA:810,0
DA:814,0
DA:821,0
DA:822,0
DA:823,0
DA:824,0
DA:826,0
DA:827,0
DA:835,0
DA:837,0
DA:838,0
DA:841,0
DA:842,0
DA:845,0
DA:846,0
DA:847,0
DA:848,0
DA:850,0
DA:851,0
DA:852,0
DA:853,0
DA:855,0
DA:856,0
DA:857,0
DA:860,0
DA:861,0
DA:862,0
DA:863,0
DA:866,0
DA:867,0
DA:868,0
DA:872,0
DA:873,0
DA:874,0
DA:875,0
DA:876,0
DA:883,0
DA:884,0
DA:886,0
DA:887,0
DA:889,0
DA:890,0
DA:891,0
DA:892,0
DA:895,0
DA:896,0
DA:899,0
DA:900,0
DA:901,0
DA:907,0
DA:908,0
DA:910,0
DA:911,0
DA:917,0
DA:918,0
DA:922,0
DA:923,0
DA:927,0
DA:928,0
DA:929,0
DA:930,0
DA:931,0
DA:933,0
DA:937,0
DA:938,0
DA:943,0
DA:945,0
DA:946,0
DA:955,0
DA:958,0
DA:959,0
DA:960,0
DA:963,0
DA:964,0
DA:965,0
DA:966,0
DA:968,0
DA:969,0
DA:970,0
DA:979,0
DA:980,0
DA:981,0
DA:982,0
DA:984,0
DA:985,0
DA:992,0
DA:993,0
DA:1000,0
DA:1001,0
DA:1008,0
DA:1009,0
DA:1016,0
DA:1024,0
DA:1025,0
DA:1026,0
DA:1029,0
DA:1032,0
DA:1033,0
DA:1034,0
DA:1041,0
DA:1042,0
LF:422
LH:0
BRDA:154,0,0,0
BRDA:176,1,0,0
BRDA:176,2,0,0
BRDA:176,2,1,0
BRDA:190,3,0,0
BRDA:197,4,0,0
BRDA:203,5,0,0
BRDA:207,6,0,0
BRDA:207,6,1,0
BRDA:209,7,0,0
BRDA:209,7,1,0
BRDA:212,8,0,0
BRDA:212,8,1,0
BRDA:234,9,0,0
BRDA:254,10,0,0
BRDA:254,11,0,0
BRDA:254,11,1,0
BRDA:269,12,0,0
BRDA:278,13,0,0
BRDA:278,13,1,0
BRDA:280,14,0,0
BRDA:280,14,1,0
BRDA:282,15,0,0
BRDA:282,15,1,0
BRDA:294,16,0,0
BRDA:323,17,0,0
BRDA:323,17,1,0
BRDA:339,18,0,0
BRDA:347,19,0,0
BRDA:347,20,0,0
BRDA:347,20,1,0
BRDA:358,21,0,0
BRDA:391,22,0,0
BRDA:391,22,1,0
BRDA:398,23,0,0
BRDA:430,24,0,0
BRDA:441,25,0,0
BRDA:441,26,0,0
BRDA:441,26,1,0
BRDA:441,26,2,0
BRDA:441,26,3,0
BRDA:449,27,0,0
BRDA:455,28,0,0
BRDA:455,29,0,0
BRDA:455,29,1,0
BRDA:455,30,0,0
BRDA:455,30,1,0
BRDA:464,31,0,0
BRDA:464,32,0,0
BRDA:464,32,1,0
BRDA:499,33,0,0
BRDA:499,33,1,0
BRDA:538,34,0,0
BRDA:546,35,0,0
BRDA:556,36,0,0
BRDA:566,37,0,0
BRDA:566,38,0,0
BRDA:566,38,1,0
BRDA:578,39,0,0
BRDA:578,40,0,0
BRDA:578,40,1,0
BRDA:590,41,0,0
BRDA:590,41,1,0
BRDA:604,42,0,0
BRDA:604,42,1,0
BRDA:629,43,0,0
BRDA:629,44,0,0
BRDA:629,44,1,0
BRDA:665,45,0,0
BRDA:665,46,0,0
BRDA:665,46,1,0
BRDA:673,47,0,0
BRDA:673,47,1,0
BRDA:674,48,0,0
BRDA:674,48,1,0
BRDA:680,49,0,0
BRDA:680,49,1,0
BRDA:682,50,0,0
BRDA:686,51,0,0
BRDA:686,51,1,0
BRDA:713,52,0,0
BRDA:713,53,0,0
BRDA:713,53,1,0
BRDA:724,54,0,0
BRDA:730,55,0,0
BRDA:730,56,0,0
BRDA:730,56,1,0
BRDA:743,57,0,0
BRDA:743,58,0,0
BRDA:743,58,1,0
BRDA:743,58,2,0
BRDA:783,59,0,0
BRDA:783,59,1,0
BRDA:792,60,0,0
BRDA:804,61,0,0
BRDA:804,62,0,0
BRDA:804,62,1,0
BRDA:835,63,0,0
BRDA:835,64,0,0
BRDA:835,64,1,0
BRDA:892,65,0,0
BRDA:892,65,1,0
BRDA:910,66,0,0
BRDA:928,67,0,0
BRDA:945,68,0,0
BRDA:955,69,0,0
BRDA:963,70,0,0
BRDA:980,71,0,0
BRF:108
BRH:0
end_of_record
TN:
SF:src/webview/engines/test-infrastructure-integration.ts
FN:17,testAnnotationTypes
FN:68,testAnnotationRenderer
FN:86,testEnhancedWaveformRenderer
FN:117,(anonymous_3)
FN:132,testDecoderStatusMonitor
FN:180,testPerformanceAnalyzer
FN:214,(anonymous_6)
FN:228,testDataExporter
FN:243,(anonymous_8)
FN:277,testMainIntegration
FN:292,(anonymous_10)
FN:307,(anonymous_11)
FN:319,runAllTests
FNF:13
FNH:0
FNDA:0,testAnnotationTypes
FNDA:0,testAnnotationRenderer
FNDA:0,testEnhancedWaveformRenderer
FNDA:0,(anonymous_3)
FNDA:0,testDecoderStatusMonitor
FNDA:0,testPerformanceAnalyzer
FNDA:0,(anonymous_6)
FNDA:0,testDataExporter
FNDA:0,(anonymous_8)
FNDA:0,testMainIntegration
FNDA:0,(anonymous_10)
FNDA:0,(anonymous_11)
FNDA:0,runAllTests
DA:6,0
DA:14,0
DA:18,0
DA:20,0
DA:22,0
DA:23,0
DA:24,0
DA:25,0
DA:27,0
DA:28,0
DA:29,0
DA:30,0
DA:33,0
DA:41,0
DA:48,0
DA:55,0
DA:56,0
DA:57,0
DA:58,0
DA:60,0
DA:62,0
DA:63,0
DA:69,0
DA:71,0
DA:73,0
DA:74,0
DA:75,0
DA:76,0
DA:78,0
DA:80,0
DA:81,0
DA:87,0
DA:89,0
DA:91,0
DA:112,0
DA:113,0
DA:114,0
DA:117,0
DA:118,0
DA:121,0
DA:122,0
DA:124,0
DA:126,0
DA:127,0
DA:133,0
DA:135,0
DA:137,0
DA:154,0
DA:155,0
DA:156,0
DA:157,0
DA:160,0
DA:168,0
DA:169,0
DA:170,0
DA:172,0
DA:174,0
DA:175,0
DA:181,0
DA:183,0
DA:185,0
DA:202,0
DA:203,0
DA:204,0
DA:205,0
DA:208,0
DA:214,0
DA:216,0
DA:217,0
DA:218,0
DA:220,0
DA:222,0
DA:223,0
DA:229,0
DA:231,0
DA:233,0
DA:240,0
DA:241,0
DA:242,0
DA:243,0
DA:244,0
DA:247,0
DA:248,0
DA:249,0
DA:252,0
DA:265,0
DA:266,0
DA:267,0
DA:269,0
DA:271,0
DA:272,0
DA:278,0
DA:280,0
DA:282,0
DA:290,0
DA:291,0
DA:292,0
DA:293,0
DA:297,0
DA:305,0
DA:306,0
DA:307,0
DA:308,0
DA:311,0
DA:313,0
DA:314,0
DA:320,0
DA:321,0
DA:323,0
DA:333,0
DA:334,0
DA:336,0
DA:337,0
DA:338,0
DA:339,0
DA:340,0
DA:341,0
DA:343,0
DA:346,0
DA:348,0
DA:352,0
DA:353,0
DA:354,0
DA:355,0
DA:357,0
DA:358,0
DA:359,0
DA:360,0
DA:361,0
DA:362,0
DA:363,0
DA:364,0
DA:365,0
DA:366,0
DA:367,0
DA:368,0
DA:369,0
DA:371,0
DA:377,0
DA:378,0
DA:379,0
DA:380,0
DA:381,0
DA:382,0
DA:383,0
DA:384,0
DA:388,0
DA:389,0
LF:148
LH:0
BRDA:243,0,0,0
BRDA:243,0,1,0
BRDA:339,1,0,0
BRDA:339,1,1,0
BRDA:357,2,0,0
BRDA:357,2,1,0
BRDA:388,3,0,0
BRF:7
BRH:0
end_of_record
TN:
SF:src/webview/i18n/index.ts
FN:11,(anonymous_0)
FN:48,(anonymous_1)
FN:64,(anonymous_2)
FNF:3
FNH:0
FNDA:0,(anonymous_0)
FNDA:0,(anonymous_1)
FNDA:0,(anonymous_2)
DA:6,0
DA:7,0
DA:8,0
DA:11,0
DA:12,0
DA:14,0
DA:15,0
DA:16,0
DA:19,0
DA:23,0
DA:25,0
DA:26,0
DA:27,0
DA:28,0
DA:32,0
DA:35,0
DA:45,0
DA:48,0
DA:49,0
DA:51,0
DA:52,0
DA:54,0
DA:58,0
DA:59,0
DA:64,0
DA:65,0
DA:69,0
LF:27
LH:0
BRDA:15,0,0,0
BRDA:23,1,0,0
BRDA:23,1,1,0
BRDA:23,1,2,0
BRDA:25,2,0,0
BRDA:25,2,1,0
BRDA:27,3,0,0
BRDA:58,4,0,0
BRDA:58,5,0,0
BRDA:58,5,1,0
BRF:10
BRH:0
end_of_record
TN:
SF:src/webview/i18n/locales/en-US.ts
FNF:0
FNH:0
DA:5,0
LF:1
LH:0
BRF:0
BRH:0
end_of_record
TN:
SF:src/webview/i18n/locales/zh-CN.ts
FNF:0
FNH:0
DA:5,0
LF:1
LH:0
BRF:0
BRH:0
end_of_record
TN:
SF:src/webview/utils/KeyboardShortcutManager.ts
FN:25,(anonymous_0)
FN:34,(anonymous_1)
FN:41,(anonymous_2)
FN:49,(anonymous_3)
FN:57,(anonymous_4)
FN:65,(anonymous_5)
FN:73,(anonymous_6)
FN:81,(anonymous_7)
FN:89,(anonymous_8)
FN:97,(anonymous_9)
FN:105,(anonymous_10)
FN:113,(anonymous_11)
FN:121,(anonymous_12)
FN:129,(anonymous_13)
FN:137,(anonymous_14)
FN:145,(anonymous_15)
FN:153,(anonymous_16)
FN:161,(anonymous_17)
FN:169,(anonymous_18)
FN:177,(anonymous_19)
FN:185,(anonymous_20)
FN:190,(anonymous_21)
FN:198,(anonymous_22)
FN:205,(anonymous_23)
FN:243,(anonymous_24)
FN:256,(anonymous_25)
FN:283,(anonymous_26)
FN:295,(anonymous_27)
FN:301,(anonymous_28)
FN:307,(anonymous_29)
FN:316,(anonymous_30)
FN:323,(anonymous_31)
FN:330,(anonymous_32)
FN:337,(anonymous_33)
FN:344,(anonymous_34)
FN:351,(anonymous_35)
FN:358,(anonymous_36)
FN:368,(anonymous_37)
FN:378,(anonymous_38)
FN:385,(anonymous_39)
FN:395,(anonymous_40)
FN:397,(anonymous_41)
FN:404,(anonymous_42)
FN:416,(anonymous_43)
FN:422,(anonymous_44)
FNF:45
FNH:0
FNDA:0,(anonymous_0)
FNDA:0,(anonymous_1)
FNDA:0,(anonymous_2)
FNDA:0,(anonymous_3)
FNDA:0,(anonymous_4)
FNDA:0,(anonymous_5)
FNDA:0,(anonymous_6)
FNDA:0,(anonymous_7)
FNDA:0,(anonymous_8)
FNDA:0,(anonymous_9)
FNDA:0,(anonymous_10)
FNDA:0,(anonymous_11)
FNDA:0,(anonymous_12)
FNDA:0,(anonymous_13)
FNDA:0,(anonymous_14)
FNDA:0,(anonymous_15)
FNDA:0,(anonymous_16)
FNDA:0,(anonymous_17)
FNDA:0,(anonymous_18)
FNDA:0,(anonymous_19)
FNDA:0,(anonymous_20)
FNDA:0,(anonymous_21)
FNDA:0,(anonymous_22)
FNDA:0,(anonymous_23)
FNDA:0,(anonymous_24)
FNDA:0,(anonymous_25)
FNDA:0,(anonymous_26)
FNDA:0,(anonymous_27)
FNDA:0,(anonymous_28)
FNDA:0,(anonymous_29)
FNDA:0,(anonymous_30)
FNDA:0,(anonymous_31)
FNDA:0,(anonymous_32)
FNDA:0,(anonymous_33)
FNDA:0,(anonymous_34)
FNDA:0,(anonymous_35)
FNDA:0,(anonymous_36)
FNDA:0,(anonymous_37)
FNDA:0,(anonymous_38)
FNDA:0,(anonymous_39)
FNDA:0,(anonymous_40)
FNDA:0,(anonymous_41)
FNDA:0,(anonymous_42)
FNDA:0,(anonymous_43)
FNDA:0,(anonymous_44)
DA:20,0
DA:21,0
DA:23,0
DA:26,0
DA:27,0
DA:28,0
DA:35,0
DA:41,0
DA:49,0
DA:57,0
DA:65,0
DA:73,0
DA:81,0
DA:89,0
DA:97,0
DA:105,0
DA:113,0
DA:121,0
DA:129,0
DA:137,0
DA:145,0
DA:153,0
DA:161,0
DA:169,0
DA:177,0
DA:185,0
DA:190,0
DA:191,0
DA:199,0
DA:206,0
DA:209,0
DA:210,0
DA:214,0
DA:215,0
DA:216,0
DA:217,0
DA:218,0
DA:221,0
DA:222,0
DA:223,0
DA:227,0
DA:228,0
DA:229,0
DA:230,0
DA:232,0
DA:233,0
DA:235,0
DA:244,0
DA:246,0
DA:247,0
DA:249,0
DA:258,0
DA:259,0
DA:260,0
DA:261,0
DA:262,0
DA:263,0
DA:264,0
DA:265,0
DA:266,0
DA:267,0
DA:268,0
DA:269,0
DA:270,0
DA:273,0
DA:274,0
DA:276,0
DA:284,0
DA:285,0
DA:286,0
DA:289,0
DA:296,0
DA:298,0
DA:299,0
DA:301,0
DA:308,0
DA:309,0
DA:317,0
DA:324,0
DA:331,0
DA:338,0
DA:345,0
DA:352,0
DA:359,0
DA:360,0
DA:361,0
DA:369,0
DA:370,0
DA:371,0
DA:379,0
DA:386,0
DA:388,0
DA:389,0
DA:390,0
DA:392,0
DA:395,0
DA:397,0
DA:405,0
DA:416,0
DA:423,0
DA:424,0
DA:429,0
LF:102
LH:0
BRDA:206,0,0,0
BRDA:209,1,0,0
BRDA:215,2,0,0
BRDA:216,3,0,0
BRDA:217,4,0,0
BRDA:218,5,0,0
BRDA:222,6,0,0
BRDA:228,7,0,0
BRDA:228,8,0,0
BRDA:228,8,1,0
BRDA:244,9,0,0
BRDA:249,10,0,0
BRDA:249,10,1,0
BRDA:258,11,0,0
BRDA:258,11,1,0
BRDA:258,11,2,0
BRDA:258,11,3,0
BRDA:258,11,4,0
BRDA:258,11,5,0
BRDA:258,11,6,0
BRDA:258,11,7,0
BRDA:258,11,8,0
BRDA:258,11,9,0
BRDA:258,11,10,0
BRDA:258,11,11,0
BRDA:258,11,12,0
BRDA:263,12,0,0
BRDA:263,12,1,0
BRDA:273,13,0,0
BRDA:273,14,0,0
BRDA:273,14,1,0
BRDA:285,15,0,0
BRDA:296,16,0,0
BRDA:308,17,0,0
BRDA:360,18,0,0
BRDA:370,19,0,0
BRDA:389,20,0,0
BRDA:416,21,0,0
BRDA:416,21,1,0
BRF:39
BRH:0
end_of_record
TN:
SF:src/webview/utils/LayoutManager.ts
FN:99,(anonymous_0)
FN:108,(anonymous_1)
FN:156,(anonymous_2)
FN:189,(anonymous_3)
FN:244,(anonymous_4)
FN:252,(anonymous_5)
FN:254,(anonymous_6)
FN:259,(anonymous_7)
FN:269,(anonymous_8)
FN:274,(anonymous_9)
FN:288,(anonymous_10)
FN:291,(anonymous_11)
FN:302,(anonymous_12)
FN:313,(anonymous_13)
FN:332,(anonymous_14)
FN:349,(anonymous_15)
FN:359,(anonymous_16)
FN:362,(anonymous_17)
FN:373,(anonymous_18)
FN:383,(anonymous_19)
FN:399,(anonymous_20)
FN:423,(anonymous_21)
FN:439,(anonymous_22)
FN:458,(anonymous_23)
FN:471,(anonymous_24)
FN:473,(anonymous_25)
FN:483,(anonymous_26)
FN:491,(anonymous_27)
FN:496,(anonymous_28)
FN:505,(anonymous_29)
FN:515,(anonymous_30)
FN:533,(anonymous_31)
FN:538,(anonymous_32)
FN:546,(anonymous_33)
FN:559,(anonymous_34)
FNF:35
FNH:0
FNDA:0,(anonymous_0)
FNDA:0,(anonymous_1)
FNDA:0,(anonymous_2)
FNDA:0,(anonymous_3)
FNDA:0,(anonymous_4)
FNDA:0,(anonymous_5)
FNDA:0,(anonymous_6)
FNDA:0,(anonymous_7)
FNDA:0,(anonymous_8)
FNDA:0,(anonymous_9)
FNDA:0,(anonymous_10)
FNDA:0,(anonymous_11)
FNDA:0,(anonymous_12)
FNDA:0,(anonymous_13)
FNDA:0,(anonymous_14)
FNDA:0,(anonymous_15)
FNDA:0,(anonymous_16)
FNDA:0,(anonymous_17)
FNDA:0,(anonymous_18)
FNDA:0,(anonymous_19)
FNDA:0,(anonymous_20)
FNDA:0,(anonymous_21)
FNDA:0,(anonymous_22)
FNDA:0,(anonymous_23)
FNDA:0,(anonymous_24)
FNDA:0,(anonymous_25)
FNDA:0,(anonymous_26)
FNDA:0,(anonymous_27)
FNDA:0,(anonymous_28)
FNDA:0,(anonymous_29)
FNDA:0,(anonymous_30)
FNDA:0,(anonymous_31)
FNDA:0,(anonymous_32)
FNDA:0,(anonymous_33)
FNDA:0,(anonymous_34)
DA:89,0
DA:90,0
DA:91,0
DA:92,0
DA:94,0
DA:95,0
DA:96,0
DA:97,0
DA:100,0
DA:101,0
DA:102,0
DA:109,0
DA:156,0
DA:190,0
DA:244,0
DA:245,0
DA:254,0
DA:255,0
DA:259,0
DA:260,0
DA:261,0
DA:270,0
DA:271,0
DA:272,0
DA:273,0
DA:274,0
DA:275,0
DA:276,0
DA:281,0
DA:289,0
DA:290,0
DA:291,0
DA:293,0
DA:295,0
DA:303,0
DA:304,0
DA:307,0
DA:314,0
DA:315,0
DA:318,0
DA:324,0
DA:325,0
DA:333,0
DA:334,0
DA:336,0
DA:337,0
DA:342,0
DA:350,0
DA:351,0
DA:360,0
DA:361,0
DA:362,0
DA:364,0
DA:365,0
DA:366,0
DA:374,0
DA:375,0
DA:384,0
DA:385,0
DA:386,0
DA:387,0
DA:389,0
DA:391,0
DA:392,0
DA:400,0
DA:401,0
DA:402,0
DA:403,0
DA:406,0
DA:407,0
DA:408,0
DA:410,0
DA:414,0
DA:417,0
DA:424,0
DA:425,0
DA:426,0
DA:430,0
DA:431,0
DA:433,0
DA:440,0
DA:441,0
DA:450,0
DA:451,0
DA:452,0
DA:459,0
DA:460,0
DA:461,0
DA:462,0
DA:463,0
DA:465,0
DA:472,0
DA:474,0
DA:475,0
DA:476,0
DA:484,0
DA:485,0
DA:492,0
DA:496,0
DA:499,0
DA:506,0
DA:507,0
DA:509,0
DA:510,0
DA:511,0
DA:514,0
DA:515,0
DA:516,0
DA:517,0
DA:520,0
DA:523,0
DA:525,0
DA:526,0
DA:534,0
DA:535,0
DA:538,0
DA:539,0
DA:547,0
DA:550,0
DA:551,0
DA:560,0
DA:561,0
DA:562,0
DA:565,0
DA:570,0
LF:125
LH:0
BRDA:260,0,0,0
BRDA:260,1,0,0
BRDA:260,1,1,0
BRDA:272,2,0,0
BRDA:275,3,0,0
BRDA:303,4,0,0
BRDA:304,5,0,0
BRDA:304,5,1,0
BRDA:314,6,0,0
BRDA:324,7,0,0
BRDA:336,8,0,0
BRDA:364,9,0,0
BRDA:385,10,0,0
BRDA:402,11,0,0
BRDA:406,12,0,0
BRDA:406,12,1,0
BRDA:425,13,0,0
BRDA:439,14,0,0
BRDA:460,15,0,0
BRDA:460,16,0,0
BRDA:460,16,1,0
BRDA:474,17,0,0
BRDA:474,18,0,0
BRDA:474,18,1,0
BRDA:475,19,0,0
BRDA:475,20,0,0
BRDA:475,20,1,0
BRDA:509,21,0,0
BRDA:514,22,0,0
BRDA:514,23,0,0
BRDA:514,23,1,0
BRDA:516,24,0,0
BRDA:534,25,0,0
BRDA:560,26,0,0
BRF:34
BRH:0
end_of_record
TN:
SF:src/webview/utils/UIOptimizationTester.ts
FN:9,(anonymous_0)
FN:15,(anonymous_1)
FN:45,(anonymous_2)
FN:69,(anonymous_3)
FN:91,(anonymous_4)
FN:142,(anonymous_5)
FN:189,(anonymous_6)
FN:198,(anonymous_7)
FN:212,(anonymous_8)
FN:225,(anonymous_9)
FN:242,(anonymous_10)
FN:292,(anonymous_11)
FN:330,(anonymous_12)
FN:334,(anonymous_13)
FN:357,(anonymous_14)
FNF:15
FNH:0
FNDA:0,(anonymous_0)
FNDA:0,(anonymous_1)
FNDA:0,(anonymous_2)
FNDA:0,(anonymous_3)
FNDA:0,(anonymous_4)
FNDA:0,(anonymous_5)
FNDA:0,(anonymous_6)
FNDA:0,(anonymous_7)
FNDA:0,(anonymous_8)
FNDA:0,(anonymous_9)
FNDA:0,(anonymous_10)
FNDA:0,(anonymous_11)
FNDA:0,(anonymous_12)
FNDA:0,(anonymous_13)
FNDA:0,(anonymous_14)
DA:6,0
DA:7,0
DA:9,0
DA:10,0
DA:16,0
DA:18,0
DA:20,0
DA:23,0
DA:26,0
DA:29,0
DA:32,0
DA:34,0
DA:35,0
DA:37,0
DA:38,0
DA:46,0
DA:47,0
DA:50,0
DA:51,0
DA:52,0
DA:53,0
DA:57,0
DA:58,0
DA:59,0
DA:60,0
DA:64,0
DA:69,0
DA:74,0
DA:75,0
DA:78,0
DA:80,0
DA:81,0
DA:83,0
DA:84,0
DA:92,0
DA:93,0
DA:96,0
DA:97,0
DA:98,0
DA:99,0
DA:103,0
DA:109,0
DA:115,0
DA:122,0
DA:128,0
DA:129,0
DA:130,0
DA:131,0
DA:135,0
DA:136,0
DA:137,0
DA:138,0
DA:142,0
DA:143,0
DA:144,0
DA:145,0
DA:146,0
DA:147,0
DA:152,0
DA:153,0
DA:154,0
DA:155,0
DA:159,0
DA:160,0
DA:161,0
DA:162,0
DA:166,0
DA:167,0
DA:168,0
DA:169,0
DA:172,0
DA:173,0
DA:174,0
DA:175,0
DA:178,0
DA:179,0
DA:181,0
DA:182,0
DA:190,0
DA:191,0
DA:194,0
DA:198,0
DA:212,0
DA:219,0
DA:220,0
DA:221,0
DA:225,0
DA:226,0
DA:227,0
DA:228,0
DA:231,0
DA:232,0
DA:234,0
DA:235,0
DA:243,0
DA:244,0
DA:247,0
DA:257,0
DA:258,0
DA:259,0
DA:263,0
DA:264,0
DA:266,0
DA:267,0
DA:268,0
DA:273,0
DA:274,0
DA:275,0
DA:276,0
DA:277,0
DA:281,0
DA:282,0
DA:284,0
DA:285,0
DA:293,0
DA:294,0
DA:297,0
DA:298,0
DA:299,0
DA:300,0
DA:304,0
DA:305,0
DA:306,0
DA:307,0
DA:311,0
DA:312,0
DA:313,0
DA:314,0
DA:319,0
DA:320,0
DA:322,0
DA:323,0
DA:331,0
DA:333,0
DA:334,0
DA:336,0
DA:337,0
DA:338,0
DA:339,0
DA:341,0
DA:342,0
DA:343,0
DA:344,0
DA:347,0
DA:348,0
DA:350,0
DA:358,0
DA:363,0
LF:148
LH:0
BRDA:51,0,0,0
BRDA:58,1,0,0
BRDA:58,2,0,0
BRDA:58,2,1,0
BRDA:97,3,0,0
BRDA:129,4,0,0
BRDA:136,5,0,0
BRDA:136,6,0,0
BRDA:136,6,1,0
BRDA:143,7,0,0
BRDA:145,8,0,0
BRDA:153,9,0,0
BRDA:160,10,0,0
BRDA:167,11,0,0
BRDA:173,12,0,0
BRDA:219,13,0,0
BRDA:219,14,0,0
BRDA:219,14,1,0
BRDA:226,15,0,0
BRDA:226,16,0,0
BRDA:226,16,1,0
BRDA:226,16,2,0
BRDA:257,17,0,0
BRDA:257,18,0,0
BRDA:257,18,1,0
BRDA:266,19,0,0
BRDA:275,20,0,0
BRDA:298,21,0,0
BRDA:298,22,0,0
BRDA:298,22,1,0
BRDA:305,23,0,0
BRDA:305,24,0,0
BRDA:305,24,1,0
BRDA:312,25,0,0
BRDA:312,26,0,0
BRDA:312,26,1,0
BRDA:312,26,2,0
BRDA:343,27,0,0
BRDA:343,27,1,0
BRDA:347,28,0,0
BRDA:347,28,1,0
BRF:41
BRH:0
end_of_record
